[I 2026-02-26 11:58:49,693] Trial 114 finished with value: 0.2786151585987044 and parameters: {'n_estimators': 1922, 'learning_rate': 0.19970579966653754, 'max_depth': 8, 'min_child_weight': 2, 'subsample': 0.7518425956078159, 'colsample_bytree': 0.7046379762992446, 'gamma': 0.0304608817478864, 'reg_alpha': 0.0065626819839303, 'reg_lambda': 0.8683578153469526, 'scale_pos_weight': 12.383198920793589, 'max_delta_step': 10}. Best is trial 111 with value: 0.27648092984335576.
[I 2026-02-26 11:59:23,495] Trial 115 pruned. 
[I 2026-02-26 12:00:09,572] Trial 116 pruned. 
[I 2026-02-26 12:00:32,319] Trial 117 finished with value: 0.28801108046905555 and parameters: {'n_estimators': 1958, 'learning_rate': 0.17901200894304398, 'max_depth': 8, 'min_child_weight': 1, 'subsample': 0.7736306482149615, 'colsample_bytree': 0.7125052562259263, 'gamma': 0.02680681845136915, 'reg_alpha': 0.009154392924290421, 'reg_lambda': 0.7467140381134804, 'scale_pos_weight': 13.078703141838606, 'max_delta_step': 10}. Best is trial 111 with value: 0.27648092984335576.
[I 2026-02-26 12:00:58,754] Trial 118 finished with value: 0.27876085632858205 and parameters: {'n_estimators': 1827, 'learning_rate': 0.1976775341919453, 'max_depth': 8, 'min_child_weight': 3, 'subsample': 0.799277430628639, 'colsample_bytree': 0.6187208894678105, 'gamma': 0.0696866743794083, 'reg_alpha': 0.00999932560337786, 'reg_lambda': 1.0514719445657756, 'scale_pos_weight': 12.008997243150214, 'max_delta_step': 10}. Best is trial 111 with value: 0.27648092984335576.
[I 2026-02-26 12:01:16,683] Trial 119 finished with value: 0.2826037214193592 and parameters: {'n_estimators': 1824, 'learning_rate': 0.18970901826506784, 'max_depth': 8, 'min_child_weight': 3, 'subsample': 0.7782627363350767, 'colsample_bytree': 0.5725210472733067, 'gamma': 0.06543522593429404, 'reg_alpha': 0.010312821510548404, 'reg_lambda': 1.1202184895931473, 'scale_pos_weight': 12.324576922961176, 'max_delta_step': 10}. Best is trial 111 with value: 0.27648092984335576.
[I 2026-02-26 12:01:48,038] Trial 120 finished with value: 0.3013529153479403 and parameters: {'n_estimators': 1892, 'learning_rate': 0.1919748953167362, 'max_depth': 8, 'min_child_weight': 3, 'subsample': 0.8443293676664334, 'colsample_bytree': 0.6215147955771687, 'gamma': 0.042192871374096726, 'reg_alpha': 0.004381638522493164, 'reg_lambda': 1.3940557117464025, 'scale_pos_weight': 13.91931256714199, 'max_delta_step': 10}. Best is trial 111 with value: 0.27648092984335576.
[I 2026-02-26 12:02:17,114] Trial 121 finished with value: 0.29058228463235325 and parameters: {'n_estimators': 1859, 'learning_rate': 0.1826207513726849, 'max_depth': 8, 'min_child_weight': 3, 'subsample': 0.7913918802311757, 'colsample_bytree': 0.6434242030757767, 'gamma': 0.07209680609011061, 'reg_alpha': 0.007779993167820228, 'reg_lambda': 0.9688013624887942, 'scale_pos_weight': 12.869034479047858, 'max_delta_step': 10}. Best is trial 111 with value: 0.27648092984335576.
[I 2026-02-26 12:02:46,366] Trial 122 finished with value: 0.28048405302973567 and parameters: {'n_estimators': 1731, 'learning_rate': 0.19734708423330677, 'max_depth': 7, 'min_child_weight': 2, 'subsample': 0.7538725832848977, 'colsample_bytree': 0.6648992802317222, 'gamma': 0.03581661931419625, 'reg_alpha': 0.0063781988252963, 'reg_lambda': 0.5473486994643537, 'scale_pos_weight': 12.045006246336442, 'max_delta_step': 10}. Best is trial 111 with value: 0.27648092984335576.
[I 2026-02-26 12:03:19,966] Trial 123 finished with value: 0.28150999945165267 and parameters: {'n_estimators': 1724, 'learning_rate': 0.19818643648522047, 'max_depth': 7, 'min_child_weight': 2, 'subsample': 0.757414350805224, 'colsample_bytree': 0.689599059581684, 'gamma': 0.03123581334681873, 'reg_alpha': 0.0060830953165387554, 'reg_lambda': 0.5243589373297549, 'scale_pos_weight': 12.38629378530648, 'max_delta_step': 10}. Best is trial 111 with value: 0.27648092984335576.
[I 2026-02-26 12:03:43,079] Trial 124 finished with value: 0.29298199686945814 and parameters: {'n_estimators': 1757, 'learning_rate': 0.19835121659053842, 'max_depth': 7, 'min_child_weight': 1, 'subsample': 0.7595942402034487, 'colsample_bytree': 0.6590471051755449, 'gamma': 0.017212229485158836, 'reg_alpha': 0.005323051456471304, 'reg_lambda': 0.5123005771497752, 'scale_pos_weight': 13.252964504793269, 'max_delta_step': 2}. Best is trial 111 with value: 0.27648092984335576.
[I 2026-02-26 12:04:16,514] Trial 125 pruned. 
[I 2026-02-26 12:04:34,872] Trial 126 finished with value: 0.2779130176480558 and parameters: {'n_estimators': 1796, 'learning_rate': 0.1993922992244422, 'max_depth': 8, 'min_child_weight': 2, 'subsample': 0.7488232085357319, 'colsample_bytree': 0.6286274563519099, 'gamma': 0.03939499356143808, 'reg_alpha': 0.029825216965526466, 'reg_lambda': 0.4092926282023618, 'scale_pos_weight': 12.051046637565959, 'max_delta_step': 10}. Best is trial 111 with value: 0.27648092984335576.
[I 2026-02-26 12:05:11,410] Trial 127 finished with value: 0.28851255859169944 and parameters: {'n_estimators': 1820, 'learning_rate': 0.17432511144429952, 'max_depth': 8, 'min_child_weight': 2, 'subsample': 0.749622002461382, 'colsample_bytree': 0.6306058459639345, 'gamma': 0.03893452827789963, 'reg_alpha': 0.01226870700404302, 'reg_lambda': 0.419429222859417, 'scale_pos_weight': 12.757527936165134, 'max_delta_step': 10}. Best is trial 111 with value: 0.27648092984335576.
[I 2026-02-26 12:05:37,395] Trial 128 finished with value: 0.2820089777083325 and parameters: {'n_estimators': 1776, 'learning_rate': 0.1884052639117341, 'max_depth': 8, 'min_child_weight': 1, 'subsample': 0.8296602956435866, 'colsample_bytree': 0.5949043346018185, 'gamma': 0.04829392932455222, 'reg_alpha': 0.030784944731531143, 'reg_lambda': 0.18982925705129317, 'scale_pos_weight': 12.286425115568226, 'max_delta_step': 10}. Best is trial 111 with value: 0.27648092984335576.
[I 2026-02-26 12:06:15,908] Trial 129 finished with value: 0.279614488976918 and parameters: {'n_estimators': 1797, 'learning_rate': 0.1995424576854742, 'max_depth': 7, 'min_child_weight': 1, 'subsample': 0.8628739653177465, 'colsample_bytree': 0.6158291678933275, 'gamma': 0.025629765018782013, 'reg_alpha': 0.015443995169163883, 'reg_lambda': 0.3391616174706413, 'scale_pos_weight': 12.024851454740675, 'max_delta_step': 10}. Best is trial 111 with value: 0.27648092984335576.
[I 2026-02-26 12:06:57,028] Trial 130 pruned. 
[I 2026-02-26 12:07:24,812] Trial 131 finished with value: 0.2824975391840257 and parameters: {'n_estimators': 1799, 'learning_rate': 0.17695862812248828, 'max_depth': 7, 'min_child_weight': 2, 'subsample': 0.862479111189537, 'colsample_bytree': 0.6271212208785661, 'gamma': 0.03661684880682174, 'reg_alpha': 0.04491961685857814, 'reg_lambda': 0.055603441885472796, 'scale_pos_weight': 12.119765939379864, 'max_delta_step': 10}. Best is trial 111 with value: 0.27648092984335576.
[I 2026-02-26 12:07:49,806] Trial 132 finished with value: 0.2795031755414466 and parameters: {'n_estimators': 1883, 'learning_rate': 0.18525028226523396, 'max_depth': 8, 'min_child_weight': 2, 'subsample': 0.9315622043337358, 'colsample_bytree': 0.6660980735882722, 'gamma': 0.08329449103276447, 'reg_alpha': 0.008776493798452347, 'reg_lambda': 0.3041930854378776, 'scale_pos_weight': 12.050829929809924, 'max_delta_step': 10}. Best is trial 111 with value: 0.27648092984335576.
[I 2026-02-26 12:08:15,437] Trial 133 finished with value: 0.2876392701300404 and parameters: {'n_estimators': 1896, 'learning_rate': 0.18808172598500866, 'max_depth': 8, 'min_child_weight': 1, 'subsample': 0.9317491674353133, 'colsample_bytree': 0.6666728173627426, 'gamma': 0.0909793871230782, 'reg_alpha': 0.02609403426017516, 'reg_lambda': 0.12823520322460333, 'scale_pos_weight': 12.779319892690111, 'max_delta_step': 10}. Best is trial 111 with value: 0.27648092984335576.
[I 2026-02-26 12:08:48,319] Trial 134 finished with value: 0.29659250960175787 and parameters: {'n_estimators': 1852, 'learning_rate': 0.16911696124911046, 'max_depth': 8, 'min_child_weight': 2, 'subsample': 0.9305884910145783, 'colsample_bytree': 0.5848242712170995, 'gamma': 0.058777477527020505, 'reg_alpha': 0.01567151825446211, 'reg_lambda': 0.32041476028734034, 'scale_pos_weight': 13.293970436260436, 'max_delta_step': 10}. Best is trial 111 with value: 0.27648092984335576.
[I 2026-02-26 12:09:14,590] Trial 135 pruned. 
[I 2026-02-26 12:09:41,557] Trial 136 pruned. 
[I 2026-02-26 12:10:06,498] Trial 137 finished with value: 0.2961202590519786 and parameters: {'n_estimators': 1792, 'learning_rate': 0.19883618516001356, 'max_depth': 8, 'min_child_weight': 3, 'subsample': 0.7451221590027782, 'colsample_bytree': 0.6159084203611436, 'gamma': 0.1183817807596738, 'reg_alpha': 0.0038052108037114666, 'reg_lambda': 0.37903611028170187, 'scale_pos_weight': 13.458157355257908, 'max_delta_step': 10}. Best is trial 111 with value: 0.27648092984335576.
[I 2026-02-26 12:10:41,465] Trial 138 pruned. 
[I 2026-02-26 12:11:19,319] Trial 139 pruned. 
[I 2026-02-26 12:11:45,959] Trial 140 pruned. 
[I 2026-02-26 12:12:11,485] Trial 141 finished with value: 0.2858615091188382 and parameters: {'n_estimators': 1872, 'learning_rate': 0.18534261518588643, 'max_depth': 8, 'min_child_weight': 3, 'subsample': 0.811795163530297, 'colsample_bytree': 0.6785712219063028, 'gamma': 0.04004797170808858, 'reg_alpha': 0.011174597929863602, 'reg_lambda': 1.5476439636619082, 'scale_pos_weight': 12.460464880234408, 'max_delta_step': 10}. Best is trial 111 with value: 0.27648092984335576.
[I 2026-02-26 12:12:45,080] Trial 142 finished with value: 0.28694815561243703 and parameters: {'n_estimators': 1823, 'learning_rate': 0.09422644089057108, 'max_depth': 8, 'min_child_weight': 2, 'subsample': 0.7248323397535422, 'colsample_bytree': 0.7013468247723461, 'gamma': 0.06339861702259564, 'reg_alpha': 0.0065604497695876856, 'reg_lambda': 0.9082365095642503, 'scale_pos_weight': 12.059269090591709, 'max_delta_step': 10}. Best is trial 111 with value: 0.27648092984335576.
[I 2026-02-26 12:13:06,044] Trial 143 finished with value: 0.27725781764787333 and parameters: {'n_estimators': 1781, 'learning_rate': 0.19138625556362102, 'max_depth': 9, 'min_child_weight': 1, 'subsample': 0.7527663485514298, 'colsample_bytree': 0.6432505016876487, 'gamma': 0.027843382508536296, 'reg_alpha': 0.008099022458630766, 'reg_lambda': 0.7640937967868021, 'scale_pos_weight': 12.005084544937255, 'max_delta_step': 10}. Best is trial 111 with value: 0.27648092984335576.
[I 2026-02-26 12:13:27,692] Trial 144 pruned. 
[I 2026-02-26 12:14:01,144] Trial 145 pruned. 
[I 2026-02-26 12:14:27,519] Trial 146 finished with value: 0.29642152364965757 and parameters: {'n_estimators': 1848, 'learning_rate': 0.179161445287987, 'max_depth': 9, 'min_child_weight': 1, 'subsample': 0.8989946973307459, 'colsample_bytree': 0.6512853633148119, 'gamma': 0.013174162973089732, 'reg_alpha': 0.002800293485351798, 'reg_lambda': 0.36400074238928787, 'scale_pos_weight': 13.607847472249048, 'max_delta_step': 10}. Best is trial 111 with value: 0.27648092984335576.
[I 2026-02-26 12:14:45,422] Trial 147 finished with value: 0.2857858578050616 and parameters: {'n_estimators': 1887, 'learning_rate': 0.17032041412821186, 'max_depth': 9, 'min_child_weight': 2, 'subsample': 0.8008506942206148, 'colsample_bytree': 0.5734520352025102, 'gamma': 0.04849152300101614, 'reg_alpha': 0.004856518012680612, 'reg_lambda': 0.2090665743177093, 'scale_pos_weight': 12.6781088933349, 'max_delta_step': 9}. Best is trial 111 with value: 0.27648092984335576.
[I 2026-02-26 12:15:05,320] Trial 148 finished with value: 0.2932674070138207 and parameters: {'n_estimators': 1799, 'learning_rate': 0.16185631606092624, 'max_depth': 9, 'min_child_weight': 3, 'subsample': 0.7711260152879656, 'colsample_bytree': 0.6339949016413449, 'gamma': 0.02987263345344473, 'reg_alpha': 0.012844393030875987, 'reg_lambda': 0.2982526391785056, 'scale_pos_weight': 13.15619239631664, 'max_delta_step': 6}. Best is trial 111 with value: 0.27648092984335576.
[I 2026-02-26 12:15:43,010] Trial 149 pruned. 
[I 2026-02-26 12:16:26,573] Trial 150 pruned. 
[I 2026-02-26 12:16:51,851] Trial 151 pruned. 
[I 2026-02-26 12:17:19,400] Trial 152 pruned. 
[I 2026-02-26 12:17:44,906] Trial 153 finished with value: 0.28586267401479476 and parameters: {'n_estimators': 1974, 'learning_rate': 0.18448101971888367, 'max_depth': 7, 'min_child_weight': 1, 'subsample': 0.7357449285716366, 'colsample_bytree': 0.6251715220741819, 'gamma': 0.05697231453345393, 'reg_alpha': 0.004072841851317399, 'reg_lambda': 0.6063784743891365, 'scale_pos_weight': 12.401537364408489, 'max_delta_step': 10}. Best is trial 111 with value: 0.27648092984335576.
[I 2026-02-26 12:18:07,513] Trial 154 finished with value: 0.27930080100353316 and parameters: {'n_estimators': 1866, 'learning_rate': 0.1696857368878477, 'max_depth': 9, 'min_child_weight': 2, 'subsample': 0.7571558071340547, 'colsample_bytree': 0.44781149794298686, 'gamma': 0.031838587005307235, 'reg_alpha': 0.010273798647046514, 'reg_lambda': 1.7915703865322405, 'scale_pos_weight': 12.016309679907648, 'max_delta_step': 10}. Best is trial 111 with value: 0.27648092984335576.
[I 2026-02-26 12:18:25,077] Trial 155 finished with value: 0.29381162913605435 and parameters: {'n_estimators': 1870, 'learning_rate': 0.17051958839582146, 'max_depth': 9, 'min_child_weight': 2, 'subsample': 0.7499759520483508, 'colsample_bytree': 0.4973058687022847, 'gamma': 0.019870139770442597, 'reg_alpha': 0.009971110544151313, 'reg_lambda': 0.6853777647771904, 'scale_pos_weight': 13.323951728983708, 'max_delta_step': 10}. Best is trial 111 with value: 0.27648092984335576.
[I 2026-02-26 12:18:50,319] Trial 156 finished with value: 0.29930855097881026 and parameters: {'n_estimators': 1757, 'learning_rate': 0.176536125753649, 'max_depth': 9, 'min_child_weight': 3, 'subsample': 0.997650765060011, 'colsample_bytree': 0.5189969753921886, 'gamma': 0.029187919638495992, 'reg_alpha': 0.011300685225914098, 'reg_lambda': 1.841966764981108, 'scale_pos_weight': 13.830681802313235, 'max_delta_step': 10}. Best is trial 111 with value: 0.27648092984335576.
[I 2026-02-26 12:19:18,411] Trial 157 finished with value: 0.28970976183267316 and parameters: {'n_estimators': 1895, 'learning_rate': 0.1641387440375329, 'max_depth': 9, 'min_child_weight': 2, 'subsample': 0.7679612289830218, 'colsample_bytree': 0.4458896191591847, 'gamma': 0.03458316904480993, 'reg_alpha': 0.00765492737893209, 'reg_lambda': 0.8870554213763964, 'scale_pos_weight': 12.907485760232882, 'max_delta_step': 10}. Best is trial 111 with value: 0.27648092984335576.
[I 2026-02-26 12:19:36,592] Trial 158 finished with value: 0.28331893438274147 and parameters: {'n_estimators': 1721, 'learning_rate': 0.18495785814456786, 'max_depth': 9, 'min_child_weight': 2, 'subsample': 0.7951898579515749, 'colsample_bytree': 0.4313271916488161, 'gamma': 0.01755426337904512, 'reg_alpha': 0.003158911694695652, 'reg_lambda': 1.2046742101390129, 'scale_pos_weight': 12.482384140624218, 'max_delta_step': 10}. Best is trial 111 with value: 0.27648092984335576.
[I 2026-02-26 12:19:54,843] Trial 159 pruned. 
[I 2026-02-26 12:20:22,493] Trial 160 finished with value: 0.2813722480730191 and parameters: {'n_estimators': 1844, 'learning_rate': 0.17276395697538197, 'max_depth': 8, 'min_child_weight': 2, 'subsample': 0.7295954244488819, 'colsample_bytree': 0.48002888606988164, 'gamma': 0.051686478047276496, 'reg_alpha': 0.00461214368771603, 'reg_lambda': 0.49913929818285185, 'scale_pos_weight': 12.022336165980958, 'max_delta_step': 10}. Best is trial 111 with value: 0.27648092984335576.
[I 2026-02-26 12:20:57,277] Trial 161 finished with value: 0.2824774890533669 and parameters: {'n_estimators': 1841, 'learning_rate': 0.18084574118814634, 'max_depth': 8, 'min_child_weight': 2, 'subsample': 0.7293946547179218, 'colsample_bytree': 0.45297692962636127, 'gamma': 0.05318090259430713, 'reg_alpha': 0.004423012791264212, 'reg_lambda': 0.5275882911837038, 'scale_pos_weight': 12.082518839572764, 'max_delta_step': 10}. Best is trial 111 with value: 0.27648092984335576.
[I 2026-02-26 12:21:26,114] Trial 162 pruned. 
[I 2026-02-26 12:21:50,478] Trial 163 finished with value: 0.28954887047069167 and parameters: {'n_estimators': 1918, 'learning_rate': 0.17263960185231209, 'max_depth': 8, 'min_child_weight': 1, 'subsample': 0.7391448923109489, 'colsample_bytree': 0.6674373173697351, 'gamma': 0.025687430702926627, 'reg_alpha': 0.005367066310982601, 'reg_lambda': 0.2553582883642569, 'scale_pos_weight': 12.794108821671498, 'max_delta_step': 10}. Best is trial 111 with value: 0.27648092984335576.
[I 2026-02-26 12:22:17,925] Trial 164 finished with value: 0.2883447637077598 and parameters: {'n_estimators': 1801, 'learning_rate': 0.18753319459431791, 'max_depth': 8, 'min_child_weight': 2, 'subsample': 0.7659705498174072, 'colsample_bytree': 0.40454410246634015, 'gamma': 0.06066005510279706, 'reg_alpha': 0.003462995230785899, 'reg_lambda': 0.4643470840543748, 'scale_pos_weight': 12.394240535674305, 'max_delta_step': 5}. Best is trial 111 with value: 0.27648092984335576.
[I 2026-02-26 12:22:45,210] Trial 165 finished with value: 0.278091224609641 and parameters: {'n_estimators': 1766, 'learning_rate': 0.16927443667985567, 'max_depth': 9, 'min_child_weight': 1, 'subsample': 0.7171535519680432, 'colsample_bytree': 0.4667360809448067, 'gamma': 0.03409157458057835, 'reg_alpha': 0.0019226424590978453, 'reg_lambda': 0.7667616225379267, 'scale_pos_weight': 12.066962337334262, 'max_delta_step': 10}. Best is trial 111 with value: 0.27648092984335576.
[I 2026-02-26 12:24:09,026] Trial 166 finished with value: 0.3114027996057291 and parameters: {'n_estimators': 1762, 'learning_rate': 0.05650052912639422, 'max_depth': 7, 'min_child_weight': 1, 'subsample': 0.723303840537912, 'colsample_bytree': 0.4695386178963663, 'gamma': 0.032141422210739595, 'reg_alpha': 0.002190179643518273, 'reg_lambda': 1.0420797710795884, 'scale_pos_weight': 13.504058513783047, 'max_delta_step': 10}. Best is trial 111 with value: 0.27648092984335576.
[I 2026-02-26 12:24:43,730] Trial 167 finished with value: 0.28314173866371645 and parameters: {'n_estimators': 1831, 'learning_rate': 0.16033718837038713, 'max_depth': 8, 'min_child_weight': 1, 'subsample': 0.7535743134975775, 'colsample_bytree': 0.47312729781050533, 'gamma': 0.0461840099583377, 'reg_alpha': 0.001783476440564165, 'reg_lambda': 0.7320673991599872, 'scale_pos_weight': 12.036142278029473, 'max_delta_step': 10}. Best is trial 111 with value: 0.27648092984335576.
[I 2026-02-26 12:25:17,180] Trial 168 finished with value: 0.29025164600319264 and parameters: {'n_estimators': 1932, 'learning_rate': 0.1677441927111281, 'max_depth': 8, 'min_child_weight': 1, 'subsample': 0.7078648611723541, 'colsample_bytree': 0.4939204912310247, 'gamma': 0.06952913067383552, 'reg_alpha': 0.00146241777457828, 'reg_lambda': 0.5935090581797409, 'scale_pos_weight': 12.948669839201942, 'max_delta_step': 10}. Best is trial 111 with value: 0.27648092984335576.
[I 2026-02-26 12:25:51,063] Trial 169 finished with value: 0.28589197025840407 and parameters: {'n_estimators': 1737, 'learning_rate': 0.19221823855609663, 'max_depth': 9, 'min_child_weight': 10, 'subsample': 0.7135857065542845, 'colsample_bytree': 0.42537312938404215, 'gamma': 0.02513277656312493, 'reg_alpha': 0.00247522692072565, 'reg_lambda': 0.8148917149489182, 'scale_pos_weight': 12.467172966429121, 'max_delta_step': 9}. Best is trial 111 with value: 0.27648092984335576.
[I 2026-02-26 12:26:16,619] Trial 170 finished with value: 0.2969341639953151 and parameters: {'n_estimators': 1877, 'learning_rate': 0.19969075769677372, 'max_depth': 9, 'min_child_weight': 2, 'subsample': 0.731264352059075, 'colsample_bytree': 0.5345081184647907, 'gamma': 0.034549957923100186, 'reg_alpha': 0.0036741559016057307, 'reg_lambda': 1.4571365831203544, 'scale_pos_weight': 13.881866397935857, 'max_delta_step': 10}. Best is trial 111 with value: 0.27648092984335576.
[I 2026-02-26 12:26:43,426] Trial 171 finished with value: 0.2855748313024008 and parameters: {'n_estimators': 1813, 'learning_rate': 0.17844571773074108, 'max_depth': 9, 'min_child_weight': 2, 'subsample': 0.7401246294211881, 'colsample_bytree': 0.45408772526718666, 'gamma': 0.039360517110800165, 'reg_alpha': 0.009597130823386351, 'reg_lambda': 0.5562145972161762, 'scale_pos_weight': 12.512445143708714, 'max_delta_step': 10}. Best is trial 111 with value: 0.27648092984335576.
[I 2026-02-26 12:27:01,932] Trial 172 finished with value: 0.2749603377728609 and parameters: {'n_estimators': 1998, 'learning_rate': 0.18337199348161032, 'max_depth': 9, 'min_child_weight': 1, 'subsample': 0.7757602034577514, 'colsample_bytree': 0.6898731963926489, 'gamma': 0.029313736850315672, 'reg_alpha': 0.007180316918908883, 'reg_lambda': 0.9997404420334933, 'scale_pos_weight': 12.03744456690956, 'max_delta_step': 10}. Best is trial 172 with value: 0.2749603377728609.
[I 2026-02-26 12:27:21,260] Trial 173 pruned. 
[I 2026-02-26 12:27:55,368] Trial 174 finished with value: 0.298680315062246 and parameters: {'n_estimators': 1944, 'learning_rate': 0.10888103505089387, 'max_depth': 8, 'min_child_weight': 1, 'subsample': 0.7829655015235043, 'colsample_bytree': 0.4853445466579356, 'gamma': 0.021394941488167007, 'reg_alpha': 0.004961602934346197, 'reg_lambda': 0.6800279195722452, 'scale_pos_weight': 13.079524340107596, 'max_delta_step': 10}. Best is trial 172 with value: 0.2749603377728609.
[I 2026-02-26 12:28:18,510] Trial 175 finished with value: 0.2744480256219578 and parameters: {'n_estimators': 1999, 'learning_rate': 0.17277152658351594, 'max_depth': 9, 'min_child_weight': 1, 'subsample': 0.7614274649622329, 'colsample_bytree': 0.7313432727594977, 'gamma': 0.028195710335012333, 'reg_alpha': 0.006493809495569396, 'reg_lambda': 0.8446356519969401, 'scale_pos_weight': 12.011974026390401, 'max_delta_step': 10}. Best is trial 175 with value: 0.2744480256219578.
