[I 2026-02-26 13:00:57,666] Trial 261 finished with value: 0.2782706235887839 and parameters: {'n_estimators': 1885, 'learning_rate': 0.18033035193644342, 'max_depth': 9, 'min_child_weight': 1, 'subsample': 0.7443958100760137, 'colsample_bytree': 0.7179619977776202, 'gamma': 0.005238344997631483, 'reg_alpha': 0.034364346173603615, 'reg_lambda': 0.9536142480408656, 'scale_pos_weight': 12.372402674251303, 'max_delta_step': 10}. Best is trial 206 with value: 0.27276296952259277.
[I 2026-02-26 13:01:15,385] Trial 262 pruned. 
[I 2026-02-26 13:01:36,717] Trial 263 pruned. 
[I 2026-02-26 13:01:58,982] Trial 264 finished with value: 0.27392739931117593 and parameters: {'n_estimators': 1902, 'learning_rate': 0.18184268137690118, 'max_depth': 9, 'min_child_weight': 1, 'subsample': 0.8157204727962446, 'colsample_bytree': 0.7152789930550345, 'gamma': 0.024580326218533784, 'reg_alpha': 0.031066421484195597, 'reg_lambda': 0.6940585986917915, 'scale_pos_weight': 12.065944862452971, 'max_delta_step': 10}. Best is trial 206 with value: 0.27276296952259277.
[I 2026-02-26 13:02:20,728] Trial 265 pruned. 
[I 2026-02-26 13:02:45,820] Trial 266 pruned. 
[I 2026-02-26 13:03:06,850] Trial 267 pruned. 
[I 2026-02-26 13:03:30,515] Trial 268 finished with value: 0.27538932422023243 and parameters: {'n_estimators': 1895, 'learning_rate': 0.1761398912494226, 'max_depth': 9, 'min_child_weight': 1, 'subsample': 0.7843330860222693, 'colsample_bytree': 0.7175076013856279, 'gamma': 0.01820843223437101, 'reg_alpha': 0.02630838986495452, 'reg_lambda': 0.7996456337659992, 'scale_pos_weight': 12.031204795345332, 'max_delta_step': 10}. Best is trial 206 with value: 0.27276296952259277.
[I 2026-02-26 13:03:56,198] Trial 269 pruned. 
[I 2026-02-26 13:04:12,691] Trial 270 finished with value: 0.2854173502164586 and parameters: {'n_estimators': 1788, 'learning_rate': 0.17544547377976139, 'max_depth': 10, 'min_child_weight': 2, 'subsample': 0.7938655683696793, 'colsample_bytree': 0.5422834350781621, 'gamma': 0.021553193974444957, 'reg_alpha': 0.17774444537462436, 'reg_lambda': 0.6773646000500294, 'scale_pos_weight': 12.749109193882855, 'max_delta_step': 10}. Best is trial 206 with value: 0.27276296952259277.
[I 2026-02-26 13:04:35,603] Trial 271 pruned. 
[I 2026-02-26 13:05:07,445] Trial 272 pruned. 
[I 2026-02-26 13:05:27,944] Trial 273 pruned. 
[I 2026-02-26 13:07:15,148] Trial 274 pruned. 
[I 2026-02-26 13:07:43,059] Trial 275 pruned. 
[I 2026-02-26 13:08:01,861] Trial 276 finished with value: 0.29896530111774294 and parameters: {'n_estimators': 1859, 'learning_rate': 0.11563330305643091, 'max_depth': 10, 'min_child_weight': 1, 'subsample': 0.7683350605931477, 'colsample_bytree': 0.7287288601559536, 'gamma': 0.04057668293648977, 'reg_alpha': 0.021173739047990102, 'reg_lambda': 0.8653972796778, 'scale_pos_weight': 13.634176435950593, 'max_delta_step': 10}. Best is trial 206 with value: 0.27276296952259277.
[I 2026-02-26 13:08:21,220] Trial 277 pruned. 
[I 2026-02-26 13:08:46,885] Trial 278 pruned. 
[I 2026-02-26 13:09:05,335] Trial 279 pruned. 
[I 2026-02-26 13:09:24,622] Trial 280 pruned. 
[I 2026-02-26 13:09:43,020] Trial 281 pruned. 
[I 2026-02-26 13:10:00,422] Trial 282 pruned. 
[I 2026-02-26 13:10:25,508] Trial 283 pruned. 
[I 2026-02-26 13:10:54,399] Trial 284 pruned. 
[I 2026-02-26 13:11:30,721] Trial 285 finished with value: 0.2892081861393203 and parameters: {'n_estimators': 1915, 'learning_rate': 0.06449522684380479, 'max_depth': 10, 'min_child_weight': 1, 'subsample': 0.759896402257108, 'colsample_bytree': 0.6726723858487449, 'gamma': 0.019687045332134265, 'reg_alpha': 0.07778762163885458, 'reg_lambda': 1.5469245298684013, 'scale_pos_weight': 12.001454915151225, 'max_delta_step': 10}. Best is trial 206 with value: 0.27276296952259277.
[I 2026-02-26 13:11:55,161] Trial 286 finished with value: 0.28316934917485465 and parameters: {'n_estimators': 1972, 'learning_rate': 0.18451278793618103, 'max_depth': 9, 'min_child_weight': 1, 'subsample': 0.7175077579253472, 'colsample_bytree': 0.7192178456915309, 'gamma': 0.003995655357289713, 'reg_alpha': 0.0022449879177785298, 'reg_lambda': 1.2626003326835975, 'scale_pos_weight': 12.980855823625749, 'max_delta_step': 10}. Best is trial 206 with value: 0.27276296952259277.
[I 2026-02-26 13:12:21,472] Trial 287 pruned. 
[I 2026-02-26 13:12:44,828] Trial 288 pruned. 
[I 2026-02-26 13:13:14,080] Trial 289 pruned. 
[I 2026-02-26 13:13:39,892] Trial 290 finished with value: 0.2812467055229352 and parameters: {'n_estimators': 547, 'learning_rate': 0.18515343321479827, 'max_depth': 9, 'min_child_weight': 1, 'subsample': 0.781099191694507, 'colsample_bytree': 0.7053809703440899, 'gamma': 0.03173097464592784, 'reg_alpha': 0.1794360287793783, 'reg_lambda': 0.505972726550964, 'scale_pos_weight': 12.790566963027178, 'max_delta_step': 10}. Best is trial 206 with value: 0.27276296952259277.
[I 2026-02-26 13:14:21,879] Trial 291 pruned. 
[I 2026-02-26 13:14:57,477] Trial 292 finished with value: 0.29198289982586445 and parameters: {'n_estimators': 1848, 'learning_rate': 0.0878159628296011, 'max_depth': 9, 'min_child_weight': 1, 'subsample': 0.8058691881714221, 'colsample_bytree': 0.5616214489091489, 'gamma': 0.015368978856677025, 'reg_alpha': 0.09377403143874224, 'reg_lambda': 0.8600324971037855, 'scale_pos_weight': 12.43568432589049, 'max_delta_step': 10}. Best is trial 206 with value: 0.27276296952259277.
[I 2026-02-26 13:16:03,907] Trial 293 finished with value: 0.2974635335197092 and parameters: {'n_estimators': 1910, 'learning_rate': 0.0365615432583978, 'max_depth': 10, 'min_child_weight': 2, 'subsample': 0.7477057472745043, 'colsample_bytree': 0.7332796644391884, 'gamma': 0.002437611112785633, 'reg_alpha': 0.0016906165096071566, 'reg_lambda': 1.2899541280947484, 'scale_pos_weight': 12.435669853898377, 'max_delta_step': 10}. Best is trial 206 with value: 0.27276296952259277.
[I 2026-02-26 13:16:24,454] Trial 294 finished with value: 0.27781854997659644 and parameters: {'n_estimators': 1967, 'learning_rate': 0.1768524573381527, 'max_depth': 9, 'min_child_weight': 1, 'subsample': 0.8143473977965409, 'colsample_bytree': 0.6224735987132577, 'gamma': 0.004266385188998417, 'reg_alpha': 0.0020390210855593927, 'reg_lambda': 0.6882232675084907, 'scale_pos_weight': 12.022703885141059, 'max_delta_step': 10}. Best is trial 206 with value: 0.27276296952259277.
[I 2026-02-26 13:16:50,368] Trial 295 pruned. 
[I 2026-02-26 13:17:13,379] Trial 296 pruned. 
[I 2026-02-26 13:17:38,312] Trial 297 finished with value: 0.27984174935705297 and parameters: {'n_estimators': 1948, 'learning_rate': 0.1988087596561254, 'max_depth': 9, 'min_child_weight': 1, 'subsample': 0.8158989236225304, 'colsample_bytree': 0.619887832154274, 'gamma': 0.004739498773111873, 'reg_alpha': 0.1541674718724778, 'reg_lambda': 1.7397578936721791, 'scale_pos_weight': 12.446715363327058, 'max_delta_step': 10}. Best is trial 206 with value: 0.27276296952259277.
[I 2026-02-26 13:17:59,010] Trial 298 pruned. 
[I 2026-02-26 13:18:59,422] Trial 299 finished with value: 0.29558863126071666 and parameters: {'n_estimators': 1901, 'learning_rate': 0.05145198334715034, 'max_depth': 10, 'min_child_weight': 2, 'subsample': 0.773208068766643, 'colsample_bytree': 0.594858658674067, 'gamma': 0.006153932318706003, 'reg_alpha': 0.07700148570082051, 'reg_lambda': 0.9144810679428682, 'scale_pos_weight': 12.4486591089461, 'max_delta_step': 10}. Best is trial 206 with value: 0.27276296952259277.
[I 2026-02-26 13:19:19,106] Trial 300 pruned. 
[I 2026-02-26 13:19:42,825] Trial 301 pruned. 
[I 2026-02-26 13:20:01,258] Trial 302 finished with value: 0.29580018401003383 and parameters: {'n_estimators': 1904, 'learning_rate': 0.1743487163477802, 'max_depth': 10, 'min_child_weight': 1, 'subsample': 0.7873932986234344, 'colsample_bytree': 0.5998389707619006, 'gamma': 0.0021592796408545544, 'reg_alpha': 0.04220276796379599, 'reg_lambda': 1.5129722034330704, 'scale_pos_weight': 13.801012496809012, 'max_delta_step': 10}. Best is trial 206 with value: 0.27276296952259277.
[I 2026-02-26 13:20:26,748] Trial 303 pruned. 
[I 2026-02-26 13:20:53,399] Trial 304 pruned. 
[I 2026-02-26 13:21:15,367] Trial 305 pruned. 
[I 2026-02-26 13:21:33,015] Trial 306 finished with value: 0.27495199114519453 and parameters: {'n_estimators': 1965, 'learning_rate': 0.19267349684283794, 'max_depth': 10, 'min_child_weight': 1, 'subsample': 0.7779945245720068, 'colsample_bytree': 0.6372385418199966, 'gamma': 0.018610235829199184, 'reg_alpha': 0.002642051270926625, 'reg_lambda': 1.266308750797835, 'scale_pos_weight': 12.006434682291333, 'max_delta_step': 10}. Best is trial 206 with value: 0.27276296952259277.
[I 2026-02-26 13:21:57,286] Trial 307 pruned. 
[I 2026-02-26 13:22:15,871] Trial 308 pruned. 
[I 2026-02-26 13:22:33,937] Trial 309 pruned. 
[I 2026-02-26 13:23:08,891] Trial 310 pruned. 
[I 2026-02-26 13:23:50,446] Trial 311 pruned. 
[I 2026-02-26 13:24:10,904] Trial 312 finished with value: 0.2798552679168803 and parameters: {'n_estimators': 1895, 'learning_rate': 0.17633502837102422, 'max_depth': 10, 'min_child_weight': 1, 'subsample': 0.7763377877121311, 'colsample_bytree': 0.6794423133944641, 'gamma': 0.01968367690493619, 'reg_alpha': 0.002737057514747511, 'reg_lambda': 1.9289026859306384, 'scale_pos_weight': 12.438224855989203, 'max_delta_step': 4}. Best is trial 206 with value: 0.27276296952259277.
[I 2026-02-26 13:24:38,647] Trial 313 pruned. 
[I 2026-02-26 13:24:56,640] Trial 314 finished with value: 0.2784326826826654 and parameters: {'n_estimators': 1919, 'learning_rate': 0.18168719767963107, 'max_depth': 10, 'min_child_weight': 1, 'subsample': 0.813213117431056, 'colsample_bytree': 0.6941415481289888, 'gamma': 0.0043679510445597146, 'reg_alpha': 0.003752388361903728, 'reg_lambda': 0.8154781842256491, 'scale_pos_weight': 12.4710051055477, 'max_delta_step': 10}. Best is trial 206 with value: 0.27276296952259277.
[I 2026-02-26 13:25:09,948] Trial 315 pruned. 
[I 2026-02-26 13:25:35,167] Trial 316 pruned. 
[I 2026-02-26 13:25:53,028] Trial 317 pruned. 
[I 2026-02-26 13:26:16,249] Trial 318 finished with value: 0.27282515719848444 and parameters: {'n_estimators': 1932, 'learning_rate': 0.19992610299603508, 'max_depth': 9, 'min_child_weight': 1, 'subsample': 0.76544725281206, 'colsample_bytree': 0.70257850283903, 'gamma': 0.01704952285312316, 'reg_alpha': 1.9802409929099842, 'reg_lambda': 0.9306765773045911, 'scale_pos_weight': 12.041184224861064, 'max_delta_step': 10}. Best is trial 206 with value: 0.27276296952259277.
[I 2026-02-26 13:26:38,426] Trial 319 finished with value: 0.28479043544673843 and parameters: {'n_estimators': 1852, 'learning_rate': 0.1995424074052937, 'max_depth': 10, 'min_child_weight': 1, 'subsample': 0.7659414976306681, 'colsample_bytree': 0.7031950435088585, 'gamma': 0.018176028350124843, 'reg_alpha': 0.4462215807339403, 'reg_lambda': 1.0423528322679387, 'scale_pos_weight': 13.4492008142488, 'max_delta_step': 10}. Best is trial 206 with value: 0.27276296952259277.
[I 2026-02-26 13:27:05,322] Trial 320 pruned. 
[I 2026-02-26 13:27:33,261] Trial 321 finished with value: 0.2791690691828218 and parameters: {'n_estimators': 1895, 'learning_rate': 0.19967292904616468, 'max_depth': 9, 'min_child_weight': 1, 'subsample': 0.7581661426498719, 'colsample_bytree': 0.6821392649960883, 'gamma': 0.014118186644936056, 'reg_alpha': 3.616788791875277, 'reg_lambda': 0.898338865682106, 'scale_pos_weight': 12.422926940133973, 'max_delta_step': 10}. Best is trial 206 with value: 0.27276296952259277.
[I 2026-02-26 13:27:57,105] Trial 322 pruned. 
[I 2026-02-26 13:28:22,343] Trial 323 finished with value: 0.2810872662332425 and parameters: {'n_estimators': 1871, 'learning_rate': 0.19208519603030846, 'max_depth': 9, 'min_child_weight': 1, 'subsample': 0.7904382509416314, 'colsample_bytree': 0.7313357314297252, 'gamma': 0.02169432333370501, 'reg_alpha': 0.6918576685729354, 'reg_lambda': 1.1734417823177579, 'scale_pos_weight': 12.800249256903701, 'max_delta_step': 10}. Best is trial 206 with value: 0.27276296952259277.
[I 2026-02-26 13:28:44,511] Trial 324 finished with value: 0.27326656936209337 and parameters: {'n_estimators': 1939, 'learning_rate': 0.18598720667946878, 'max_depth': 9, 'min_child_weight': 1, 'subsample': 0.7808957975962246, 'colsample_bytree': 0.710096089967009, 'gamma': 0.015170322064546958, 'reg_alpha': 0.08484428190135908, 'reg_lambda': 0.8366730102354999, 'scale_pos_weight': 12.025408776996212, 'max_delta_step': 9}. Best is trial 206 with value: 0.27276296952259277.
[I 2026-02-26 13:29:06,918] Trial 325 pruned. 
[I 2026-02-26 13:29:24,645] Trial 326 finished with value: 0.27674535599467054 and parameters: {'n_estimators': 1835, 'learning_rate': 0.18594014543126564, 'max_depth': 10, 'min_child_weight': 1, 'subsample': 0.7767532209225719, 'colsample_bytree': 0.7052568351484236, 'gamma': 0.010628108582641118, 'reg_alpha': 0.9993887752409935, 'reg_lambda': 0.9367549063702605, 'scale_pos_weight': 12.418483441928009, 'max_delta_step': 9}. Best is trial 206 with value: 0.27276296952259277.
[I 2026-02-26 13:29:43,092] Trial 327 finished with value: 0.27115690058646374 and parameters: {'n_estimators': 1849, 'learning_rate': 0.18325211028778698, 'max_depth': 10, 'min_child_weight': 1, 'subsample': 0.7803178101351688, 'colsample_bytree': 0.7119199891325093, 'gamma': 0.02570825355297084, 'reg_alpha': 0.08630950719443266, 'reg_lambda': 0.8127379597508604, 'scale_pos_weight': 12.023037185883362, 'max_delta_step': 9}. Best is trial 327 with value: 0.27115690058646374.
[I 2026-02-26 13:30:06,214] Trial 328 pruned. 
[I 2026-02-26 13:30:32,151] Trial 329 pruned. 
[I 2026-02-26 13:30:54,225] Trial 330 pruned. 
[I 2026-02-26 13:31:17,140] Trial 331 pruned. 
[I 2026-02-26 13:31:38,875] Trial 332 pruned. 
[I 2026-02-26 13:31:56,390] Trial 333 finished with value: 0.2750847536790397 and parameters: {'n_estimators': 1894, 'learning_rate': 0.19353538803929862, 'max_depth': 10, 'min_child_weight': 1, 'subsample': 0.7650288383986564, 'colsample_bytree': 0.657519684365043, 'gamma': 0.017742498621394962, 'reg_alpha': 0.05876555863094225, 'reg_lambda': 0.9744445028994299, 'scale_pos_weight': 12.054473556274404, 'max_delta_step': 9}. Best is trial 327 with value: 0.27115690058646374.
[I 2026-02-26 13:32:14,487] Trial 334 finished with value: 0.2737705194593914 and parameters: {'n_estimators': 1881, 'learning_rate': 0.19417328744502707, 'max_depth': 10, 'min_child_weight': 1, 'subsample': 0.738492795242249, 'colsample_bytree': 0.6585236881010268, 'gamma': 0.019091499093192275, 'reg_alpha': 0.0636624800137254, 'reg_lambda': 1.0065743228627788, 'scale_pos_weight': 12.026781270707975, 'max_delta_step': 9}. Best is trial 327 with value: 0.27115690058646374.
[I 2026-02-26 13:32:50,095] Trial 335 pruned. 
[I 2026-02-26 13:33:14,139] Trial 336 pruned. 
[I 2026-02-26 13:33:33,534] Trial 337 pruned. 
[I 2026-02-26 13:33:51,374] Trial 338 pruned. 
[I 2026-02-26 13:34:13,606] Trial 339 finished with value: 0.283705560221278 and parameters: {'n_estimators': 1894, 'learning_rate': 0.18211942148785948, 'max_depth': 10, 'min_child_weight': 1, 'subsample': 0.7288624866574895, 'colsample_bytree': 0.6657391994922548, 'gamma': 0.022251288481194044, 'reg_alpha': 0.9852324444958571, 'reg_lambda': 1.072427399584777, 'scale_pos_weight': 12.790549820612638, 'max_delta_step': 9}. Best is trial 327 with value: 0.27115690058646374.
[I 2026-02-26 13:34:36,781] Trial 340 finished with value: 0.2757720615180935 and parameters: {'n_estimators': 1932, 'learning_rate': 0.19273893402662892, 'max_depth': 10, 'min_child_weight': 1, 'subsample': 0.7557795587795456, 'colsample_bytree': 0.6557932799091011, 'gamma': 0.018289813195728245, 'reg_alpha': 0.06408540303567734, 'reg_lambda': 0.8220578886205127, 'scale_pos_weight': 12.020232827037775, 'max_delta_step': 9}. Best is trial 327 with value: 0.27115690058646374.
[I 2026-02-26 13:34:55,194] Trial 341 finished with value: 0.27455155918495333 and parameters: {'n_estimators': 1816, 'learning_rate': 0.19351839530060194, 'max_depth': 10, 'min_child_weight': 1, 'subsample': 0.7563208374876925, 'colsample_bytree': 0.6485998308092484, 'gamma': 0.017069148649159736, 'reg_alpha': 0.05522945994518665, 'reg_lambda': 0.8242993756754274, 'scale_pos_weight': 12.042505753787536, 'max_delta_step': 9}. Best is trial 327 with value: 0.27115690058646374.
[I 2026-02-26 13:35:14,553] Trial 342 pruned. 
[I 2026-02-26 13:35:34,740] Trial 343 finished with value: 0.28442993687854895 and parameters: {'n_estimators': 1928, 'learning_rate': 0.10557624193547198, 'max_depth': 10, 'min_child_weight': 1, 'subsample': 0.7564949192609943, 'colsample_bytree': 0.6617975676960542, 'gamma': 0.01528804927781612, 'reg_alpha': 0.06654377378507743, 'reg_lambda': 0.7694501849326231, 'scale_pos_weight': 12.013832909929238, 'max_delta_step': 9}. Best is trial 327 with value: 0.27115690058646374.
[I 2026-02-26 13:35:58,927] Trial 344 pruned. 
[I 2026-02-26 13:36:17,331] Trial 345 pruned. 
[I 2026-02-26 13:36:34,767] Trial 346 pruned. 
[I 2026-02-26 13:36:52,790] Trial 347 finished with value: 0.2738535795360774 and parameters: {'n_estimators': 1939, 'learning_rate': 0.19260930060367593, 'max_depth': 10, 'min_child_weight': 1, 'subsample': 0.7696119483892734, 'colsample_bytree': 0.6840572851994197, 'gamma': 0.023547589975778143, 'reg_alpha': 0.043422049245440304, 'reg_lambda': 0.7996640062420929, 'scale_pos_weight': 12.00237856047353, 'max_delta_step': 9}. Best is trial 327 with value: 0.27115690058646374.
[I 2026-02-26 13:37:10,515] Trial 348 pruned. 
[I 2026-02-26 13:37:29,791] Trial 349 pruned. 
[I 2026-02-26 13:37:47,344] Trial 350 pruned. 
[I 2026-02-26 13:38:05,254] Trial 351 pruned. 
[I 2026-02-26 13:38:32,826] Trial 352 pruned. 
[I 2026-02-26 13:38:54,713] Trial 353 pruned. 
[I 2026-02-26 13:39:12,713] Trial 354 finished with value: 0.2784625618079305 and parameters: {'n_estimators': 1997, 'learning_rate': 0.16175998111405837, 'max_depth': 10, 'min_child_weight': 1, 'subsample': 0.7730692376417921, 'colsample_bytree': 0.730190923626449, 'gamma': 0.017284375958330905, 'reg_alpha': 0.09039998963957788, 'reg_lambda': 1.064485097818396, 'scale_pos_weight': 12.375810982314059, 'max_delta_step': 9}. Best is trial 327 with value: 0.27115690058646374.
[I 2026-02-26 13:39:30,239] Trial 355 pruned. 
[I 2026-02-26 13:39:47,292] Trial 356 pruned. 
[I 2026-02-26 13:40:04,887] Trial 357 pruned. 
[I 2026-02-26 13:40:23,337] Trial 358 finished with value: 0.287144548008484 and parameters: {'n_estimators': 1869, 'learning_rate': 0.19294600058648903, 'max_depth': 10, 'min_child_weight': 1, 'subsample': 0.767831754526402, 'colsample_bytree': 0.7199141753826844, 'gamma': 0.013047830981109728, 'reg_alpha': 0.03146706715191309, 'reg_lambda': 0.9569073903981812, 'scale_pos_weight': 13.583008983228728, 'max_delta_step': 9}. Best is trial 327 with value: 0.27115690058646374.
[I 2026-02-26 13:40:48,743] Trial 359 pruned. 
[I 2026-02-26 13:41:24,694] Trial 360 finished with value: 0.2938413149537175 and parameters: {'n_estimators': 1943, 'learning_rate': 0.0971828703906243, 'max_depth': 10, 'min_child_weight': 1, 'subsample': 0.7629748345192561, 'colsample_bytree': 0.7058224005755378, 'gamma': 0.02085292074024887, 'reg_alpha': 0.10264347400576737, 'reg_lambda': 1.1153436582877958, 'scale_pos_weight': 12.90348059705499, 'max_delta_step': 8}. Best is trial 327 with value: 0.27115690058646374.
[I 2026-02-26 13:41:43,184] Trial 361 finished with value: 0.2800586258216127 and parameters: {'n_estimators': 1897, 'learning_rate': 0.16673853637084102, 'max_depth': 10, 'min_child_weight': 1, 'subsample': 0.7379082811141771, 'colsample_bytree': 0.6857361208409031, 'gamma': 0.01630426144696955, 'reg_alpha': 0.0710520906336121, 'reg_lambda': 1.5545846230164182, 'scale_pos_weight': 12.41400137660093, 'max_delta_step': 9}. Best is trial 327 with value: 0.27115690058646374.
[I 2026-02-26 13:42:07,981] Trial 362 pruned. 
[I 2026-02-26 13:42:26,486] Trial 363 finished with value: 0.280727085026788 and parameters: {'n_estimators': 1854, 'learning_rate': 0.18551001434729442, 'max_depth': 10, 'min_child_weight': 2, 'subsample': 0.773086148205228, 'colsample_bytree': 0.653729261554057, 'gamma': 0.002779008310362025, 'reg_alpha': 0.053542968290573825, 'reg_lambda': 0.9471496405572336, 'scale_pos_weight': 12.475800735767665, 'max_delta_step': 9}. Best is trial 327 with value: 0.27115690058646374.
[I 2026-02-26 13:42:43,882] Trial 364 finished with value: 0.28304390883256725 and parameters: {'n_estimators': 1922, 'learning_rate': 0.19969579184426514, 'max_depth': 10, 'min_child_weight': 1, 'subsample': 0.7644788019376667, 'colsample_bytree': 0.666962362321084, 'gamma': 0.010609399496056675, 'reg_alpha': 0.04225605919560293, 'reg_lambda': 1.2648413603423345, 'scale_pos_weight': 12.927051432864529, 'max_delta_step': 9}. Best is trial 327 with value: 0.27115690058646374.
[I 2026-02-26 13:43:07,009] Trial 365 pruned. 
[I 2026-02-26 13:43:30,067] Trial 366 pruned. 
[I 2026-02-26 13:44:10,006] Trial 367 pruned. 
[I 2026-02-26 13:44:27,758] Trial 368 pruned. 
[I 2026-02-26 13:44:45,129] Trial 369 pruned. 
[I 2026-02-26 13:45:04,613] Trial 370 finished with value: 0.282567066575173 and parameters: {'n_estimators': 1856, 'learning_rate': 0.18618420306836683, 'max_depth': 10, 'min_child_weight': 1, 'subsample': 0.7646106021979396, 'colsample_bytree': 0.6451509410289669, 'gamma': 0.0019990965641935353, 'reg_alpha': 0.06186563993056579, 'reg_lambda': 0.004051173868586684, 'scale_pos_weight': 12.729583231549448, 'max_delta_step': 9}. Best is trial 327 with value: 0.27115690058646374.
[I 2026-02-26 13:45:21,698] Trial 371 pruned. 
