Job started on tiger-02 at Thu 26 Feb 10:30:12 GMT 2026
CPUs: 16  MEM: 64000
CMD: python -m src.utils.tune_8_optuna --stage2 --data_stage2 data/processed/output2.csv --task multiclass --model xgb --n_splits 5 --max_races 80 --n_trials 600 --seed 42 --early_stopping_rounds 50 --n_jobs 16 --timeout_sec 170000 --outdir runs/tuning_8_final
[load_stage2_dataset] Dropped 36 rows with missing y_compound.
[I 2026-02-26 10:30:17,332] Trial 0 finished with value: 1.4504644017158648 and parameters: {'n_estimators': 2622, 'learning_rate': 0.22073847501468546, 'max_depth': 8, 'min_child_weight': 8, 'subsample': 0.6624074561769746, 'colsample_bytree': 0.49359671220172163, 'gamma': 0.0016574814321404089, 'reg_alpha': 2.9154431891537547, 'reg_lambda': 0.2537815508265665, 'max_delta_step': 7, 'colsample_bynode': 0.5102922471479012}. Best is trial 0 with value: 1.4504644017158648.
[I 2026-02-26 10:30:17,793] Trial 1 finished with value: 1.4718847349942963 and parameters: {'n_estimators': 5838, 'learning_rate': 0.16373618362840212, 'max_depth': 4, 'min_child_weight': 3, 'subsample': 0.6733618039413735, 'colsample_bytree': 0.5825453457757226, 'gamma': 0.09607472904504577, 'reg_alpha': 0.05342937261279776, 'reg_lambda': 0.014618962793704957, 'max_delta_step': 6, 'colsample_bynode': 0.569746930326021}. Best is trial 0 with value: 1.4504644017158648.
[I 2026-02-26 10:30:18,444] Trial 2 finished with value: 1.5099425706317642 and parameters: {'n_estimators': 2177, 'learning_rate': 0.05045404264694894, 'max_depth': 6, 'min_child_weight': 10, 'subsample': 0.6798695128633439, 'colsample_bytree': 0.708540663048167, 'gamma': 0.1730740052206907, 'reg_alpha': 0.0015339162591163618, 'reg_lambda': 0.26926469100861794, 'max_delta_step': 1, 'colsample_bynode': 0.5325257964926398}. Best is trial 0 with value: 1.4504644017158648.
[I 2026-02-26 10:30:19,400] Trial 3 finished with value: 1.424556257755368 and parameters: {'n_estimators': 5724, 'learning_rate': 0.2292141591553546, 'max_depth': 9, 'min_child_weight': 4, 'subsample': 0.6390688456025535, 'colsample_bytree': 0.8105398159072941, 'gamma': 0.046021703974597504, 'reg_alpha': 0.003077180271250686, 'reg_lambda': 0.09565499215943825, 'max_delta_step': 0, 'colsample_bynode': 0.954660201039391}. Best is trial 3 with value: 1.424556257755368.
[I 2026-02-26 10:30:19,839] Trial 4 finished with value: 1.4915212722943374 and parameters: {'n_estimators': 1997, 'learning_rate': 0.10660002909195823, 'max_depth': 5, 'min_child_weight': 7, 'subsample': 0.8186841117373118, 'colsample_bytree': 0.5109126733153162, 'gamma': 4.605082062688904, 'reg_alpha': 1.2604664585649468, 'reg_lambda': 5.727904470799623, 'max_delta_step': 9, 'colsample_bynode': 0.7989499894055425}. Best is trial 3 with value: 1.424556257755368.
[I 2026-02-26 10:30:20,631] Trial 5 finished with value: 1.530554133557993 and parameters: {'n_estimators': 5579, 'learning_rate': 0.025009114059038544, 'max_depth': 4, 'min_child_weight': 1, 'subsample': 0.7301321323053057, 'colsample_bytree': 0.6332063738136893, 'gamma': 0.010597359897577168, 'reg_alpha': 2.0651425578959257, 'reg_lambda': 0.026730883107816707, 'max_delta_step': 3, 'colsample_bynode': 0.7713480415791243}. Best is trial 3 with value: 1.424556257755368.
[I 2026-02-26 10:30:21,092] Trial 6 finished with value: 1.4724597025648476 and parameters: {'n_estimators': 1361, 'learning_rate': 0.1516938228816794, 'max_depth': 3, 'min_child_weight': 12, 'subsample': 0.908897907718663, 'colsample_bytree': 0.5192294089205034, 'gamma': 0.00104921234952132, 'reg_alpha': 1.8274508859816028, 'reg_lambda': 0.6720930050156113, 'max_delta_step': 8, 'colsample_bynode': 0.8856351733429728}. Best is trial 3 with value: 1.424556257755368.
[I 2026-02-26 10:30:21,617] Trial 7 finished with value: 1.512329884939091 and parameters: {'n_estimators': 999, 'learning_rate': 0.04945778276026482, 'max_depth': 3, 'min_child_weight': 11, 'subsample': 0.8493192507310232, 'colsample_bytree': 0.5985388149115896, 'gamma': 0.0017383333435904498, 'reg_alpha': 0.017535949529764425, 'reg_lambda': 0.01998634077852888, 'max_delta_step': 8, 'colsample_bynode': 0.8187787356776066}. Best is trial 3 with value: 1.424556257755368.
[I 2026-02-26 10:30:22,086] Trial 8 finished with value: 1.5166261211441865 and parameters: {'n_estimators': 5391, 'learning_rate': 0.06591849379162813, 'max_depth': 3, 'min_child_weight': 9, 'subsample': 0.9043140194467589, 'colsample_bytree': 0.7367663185416977, 'gamma': 0.8181456298845706, 'reg_alpha': 0.09444574254983566, 'reg_lambda': 0.12329098365270515, 'max_delta_step': 4, 'colsample_bynode': 0.5127095633720475}. Best is trial 3 with value: 1.424556257755368.
[I 2026-02-26 10:30:23,574] Trial 9 finished with value: 1.5347104975962007 and parameters: {'n_estimators': 1182, 'learning_rate': 0.02165234728301358, 'max_depth': 8, 'min_child_weight': 4, 'subsample': 0.8034282764658811, 'colsample_bytree': 0.9445398843556558, 'gamma': 0.00874709306557587, 'reg_alpha': 0.04380580767905655, 'reg_lambda': 1.0524574681335637, 'max_delta_step': 2, 'colsample_bynode': 0.5384899549143964}. Best is trial 3 with value: 1.424556257755368.
[I 2026-02-26 10:30:24,761] Trial 10 finished with value: 1.474840361909794 and parameters: {'n_estimators': 4151, 'learning_rate': 0.11191547212190461, 'max_depth': 10, 'min_child_weight': 5, 'subsample': 0.6058694368028292, 'colsample_bytree': 0.8727055573922242, 'gamma': 0.023178822574896823, 'reg_alpha': 0.0011082662189295662, 'reg_lambda': 0.002442728047335309, 'max_delta_step': 0, 'colsample_bynode': 0.9961645382030901}. Best is trial 3 with value: 1.424556257755368.
[I 2026-02-26 10:30:25,316] Trial 11 finished with value: 1.4487724080321205 and parameters: {'n_estimators': 3616, 'learning_rate': 0.2331612163593209, 'max_depth': 9, 'min_child_weight': 7, 'subsample': 0.6058494238249794, 'colsample_bytree': 0.40688387123157765, 'gamma': 0.0038886972837983385, 'reg_alpha': 0.3923317253983244, 'reg_lambda': 3.2019557753781323, 'max_delta_step': 6, 'colsample_bynode': 0.6608835888001323}. Best is trial 3 with value: 1.424556257755368.
[I 2026-02-26 10:30:25,880] Trial 12 finished with value: 1.4514997432106518 and parameters: {'n_estimators': 3930, 'learning_rate': 0.22296988125041078, 'max_depth': 10, 'min_child_weight': 6, 'subsample': 0.6012833640851888, 'colsample_bytree': 0.4109879894174396, 'gamma': 0.03962286020471568, 'reg_alpha': 0.43996983454557703, 'reg_lambda': 9.941450502972586, 'max_delta_step': 5, 'colsample_bynode': 0.6623109940799718}. Best is trial 3 with value: 1.424556257755368.
[I 2026-02-26 10:30:26,516] Trial 13 finished with value: 1.4111112677552213 and parameters: {'n_estimators': 4629, 'learning_rate': 0.24830862266081682, 'max_depth': 8, 'min_child_weight': 2, 'subsample': 0.9861351784261821, 'colsample_bytree': 0.8068343901937017, 'gamma': 0.389548304435648, 'reg_alpha': 0.008138797193848312, 'reg_lambda': 2.950153473585313, 'max_delta_step': 5, 'colsample_bynode': 0.6852173781514894}. Best is trial 13 with value: 1.4111112677552213.
[I 2026-02-26 10:30:27,469] Trial 14 finished with value: 1.4647443925599632 and parameters: {'n_estimators': 4602, 'learning_rate': 0.13574788544155358, 'max_depth': 7, 'min_child_weight': 1, 'subsample': 0.9750244637464092, 'colsample_bytree': 0.8166201542486172, 'gamma': 0.3838755285125211, 'reg_alpha': 0.005200241533691493, 'reg_lambda': 1.5346439219996872, 'max_delta_step': 10, 'colsample_bynode': 0.9897970344339229}. Best is trial 13 with value: 1.4111112677552213.
[I 2026-02-26 10:30:27,908] Trial 15 pruned. 
[I 2026-02-26 10:30:29,320] Trial 16 pruned. 
[I 2026-02-26 10:30:29,716] Trial 17 pruned. 
[I 2026-02-26 10:30:30,642] Trial 18 pruned. 
[I 2026-02-26 10:30:31,537] Trial 19 pruned. 
[I 2026-02-26 10:30:32,882] Trial 20 pruned. 
[I 2026-02-26 10:30:33,496] Trial 21 pruned. 
[I 2026-02-26 10:30:34,203] Trial 22 finished with value: 1.4752621412439826 and parameters: {'n_estimators': 3521, 'learning_rate': 0.13435048371575364, 'max_depth': 9, 'min_child_weight': 6, 'subsample': 0.7007696599630043, 'colsample_bytree': 0.42349034083321246, 'gamma': 0.003907035323986749, 'reg_alpha': 0.43811211521475035, 'reg_lambda': 0.7263933365825801, 'max_delta_step': 5, 'colsample_bynode': 0.7208889696810122}. Best is trial 13 with value: 1.4111112677552213.
[I 2026-02-26 10:30:34,792] Trial 23 pruned. 
[I 2026-02-26 10:30:35,477] Trial 24 finished with value: 1.4300426903821664 and parameters: {'n_estimators': 4425, 'learning_rate': 0.18951697747697188, 'max_depth': 7, 'min_child_weight': 8, 'subsample': 0.7737014117604041, 'colsample_bytree': 0.7521060457555294, 'gamma': 0.01544129113557836, 'reg_alpha': 0.0025803783051645715, 'reg_lambda': 3.7198941686836196, 'max_delta_step': 4, 'colsample_bynode': 0.6235622205633345}. Best is trial 13 with value: 1.4111112677552213.
[I 2026-02-26 10:30:36,069] Trial 25 pruned. 
[I 2026-02-26 10:30:36,738] Trial 26 pruned. 
[I 2026-02-26 10:30:37,348] Trial 27 pruned. 
[I 2026-02-26 10:30:38,226] Trial 28 pruned. 
[I 2026-02-26 10:30:38,911] Trial 29 pruned. 
[I 2026-02-26 10:30:39,585] Trial 30 pruned. 
[I 2026-02-26 10:30:40,206] Trial 31 finished with value: 1.434722607340486 and parameters: {'n_estimators': 3202, 'learning_rate': 0.2469422076405499, 'max_depth': 9, 'min_child_weight': 8, 'subsample': 0.6458230359485808, 'colsample_bytree': 0.4702108436067257, 'gamma': 0.003925818699534383, 'reg_alpha': 0.7401294177445195, 'reg_lambda': 3.0096361338449817, 'max_delta_step': 6, 'colsample_bynode': 0.6784597648255047}. Best is trial 13 with value: 1.4111112677552213.
[I 2026-02-26 10:30:40,766] Trial 32 finished with value: 1.4380370606984552 and parameters: {'n_estimators': 2982, 'learning_rate': 0.24956398793111212, 'max_depth': 9, 'min_child_weight': 10, 'subsample': 0.6507090183735171, 'colsample_bytree': 0.46065502617682524, 'gamma': 0.0023169436095525314, 'reg_alpha': 4.935066335447134, 'reg_lambda': 1.9060406253699949, 'max_delta_step': 5, 'colsample_bynode': 0.7324846575587126}. Best is trial 13 with value: 1.4111112677552213.
[I 2026-02-26 10:30:41,373] Trial 33 pruned. 
[I 2026-02-26 10:30:41,842] Trial 34 pruned. 
[I 2026-02-26 10:30:42,807] Trial 35 pruned. 
[I 2026-02-26 10:30:43,444] Trial 36 pruned. 
[I 2026-02-26 10:30:43,799] Trial 37 pruned. 
[I 2026-02-26 10:30:44,415] Trial 38 pruned. 
[I 2026-02-26 10:30:45,043] Trial 39 pruned. 
[I 2026-02-26 10:30:45,925] Trial 40 pruned. 
[I 2026-02-26 10:30:46,434] Trial 41 finished with value: 1.4365581999661436 and parameters: {'n_estimators': 2949, 'learning_rate': 0.24870102346196865, 'max_depth': 9, 'min_child_weight': 11, 'subsample': 0.6473898673451278, 'colsample_bytree': 0.4346273480765725, 'gamma': 0.002194140256500076, 'reg_alpha': 5.157299228210223, 'reg_lambda': 1.8700048361552566, 'max_delta_step': 5, 'colsample_bynode': 0.7176376251831728}. Best is trial 13 with value: 1.4111112677552213.
[I 2026-02-26 10:30:46,962] Trial 42 finished with value: 1.4473222382809305 and parameters: {'n_estimators': 1976, 'learning_rate': 0.22073619154680646, 'max_depth': 9, 'min_child_weight': 11, 'subsample': 0.675340847804414, 'colsample_bytree': 0.46679668166565513, 'gamma': 0.0025233991924397915, 'reg_alpha': 4.591618287042977, 'reg_lambda': 1.1452043430832783, 'max_delta_step': 5, 'colsample_bynode': 0.6467862448470988}. Best is trial 13 with value: 1.4111112677552213.
[I 2026-02-26 10:30:47,539] Trial 43 finished with value: 1.4488504188803608 and parameters: {'n_estimators': 2854, 'learning_rate': 0.19265715522245763, 'max_depth': 8, 'min_child_weight': 11, 'subsample': 0.6312863606679596, 'colsample_bytree': 0.5491056822986606, 'gamma': 0.0064687325232452965, 'reg_alpha': 1.0570157500329909, 'reg_lambda': 0.5611729461677453, 'max_delta_step': 5, 'colsample_bynode': 0.7070066577053904}. Best is trial 13 with value: 1.4111112677552213.
[I 2026-02-26 10:30:48,165] Trial 44 pruned. 
[I 2026-02-26 10:30:48,626] Trial 45 pruned. 
[I 2026-02-26 10:30:49,129] Trial 46 pruned. 
[I 2026-02-26 10:30:49,704] Trial 47 pruned. 
[I 2026-02-26 10:30:50,084] Trial 48 pruned. 
[I 2026-02-26 10:30:50,563] Trial 49 finished with value: 1.4652071681413297 and parameters: {'n_estimators': 4508, 'learning_rate': 0.16816686086575158, 'max_depth': 4, 'min_child_weight': 5, 'subsample': 0.6172939029239481, 'colsample_bytree': 0.4998038672604251, 'gamma': 0.003922079566234863, 'reg_alpha': 1.4268278520262836, 'reg_lambda': 0.0015323092480055778, 'max_delta_step': 4, 'colsample_bynode': 0.5084416146429471}. Best is trial 13 with value: 1.4111112677552213.
[I 2026-02-26 10:30:51,332] Trial 50 pruned. 
[I 2026-02-26 10:30:51,891] Trial 51 finished with value: 1.4400342442251444 and parameters: {'n_estimators': 3041, 'learning_rate': 0.24594231484350865, 'max_depth': 9, 'min_child_weight': 10, 'subsample': 0.6496885926560036, 'colsample_bytree': 0.45788052679844715, 'gamma': 0.0017512636529786634, 'reg_alpha': 5.2820192277077345, 'reg_lambda': 1.9490971761863223, 'max_delta_step': 5, 'colsample_bynode': 0.7308111072330226}. Best is trial 13 with value: 1.4111112677552213.
[I 2026-02-26 10:30:52,414] Trial 52 finished with value: 1.4460579428026983 and parameters: {'n_estimators': 2855, 'learning_rate': 0.22718577656982344, 'max_depth': 9, 'min_child_weight': 12, 'subsample': 0.6523007187144775, 'colsample_bytree': 0.47921266107921384, 'gamma': 0.0023454331028573455, 'reg_alpha': 2.755812746974285, 'reg_lambda': 4.898934997467605, 'max_delta_step': 5, 'colsample_bynode': 0.6811074962337395}. Best is trial 13 with value: 1.4111112677552213.
[I 2026-02-26 10:30:52,987] Trial 53 pruned. 
[I 2026-02-26 10:30:53,506] Trial 54 finished with value: 1.4525885535160614 and parameters: {'n_estimators': 3427, 'learning_rate': 0.21374613632822717, 'max_depth': 9, 'min_child_weight': 10, 'subsample': 0.6427832609763536, 'colsample_bytree': 0.5117912139223142, 'gamma': 0.004462861392574662, 'reg_alpha': 7.618576098960526, 'reg_lambda': 2.9920556773351974, 'max_delta_step': 6, 'colsample_bynode': 0.7051181676734298}. Best is trial 13 with value: 1.4111112677552213.
[I 2026-02-26 10:30:53,926] Trial 55 pruned. 
[I 2026-02-26 10:30:54,512] Trial 56 finished with value: 1.4651692760113675 and parameters: {'n_estimators': 2748, 'learning_rate': 0.19850324540382408, 'max_depth': 10, 'min_child_weight': 11, 'subsample': 0.9896482441455315, 'colsample_bytree': 0.44619212120934304, 'gamma': 0.002985241348413189, 'reg_alpha': 6.0423693604149875, 'reg_lambda': 9.945885370569876, 'max_delta_step': 6, 'colsample_bynode': 0.7188994903496446}. Best is trial 13 with value: 1.4111112677552213.
[I 2026-02-26 10:30:55,179] Trial 57 pruned. 
[I 2026-02-26 10:30:55,732] Trial 58 pruned. 
[I 2026-02-26 10:30:56,323] Trial 59 pruned. 
[I 2026-02-26 10:30:56,929] Trial 60 pruned. 
[I 2026-02-26 10:30:57,449] Trial 61 finished with value: 1.446792183434157 and parameters: {'n_estimators': 2985, 'learning_rate': 0.23816737788988657, 'max_depth': 9, 'min_child_weight': 10, 'subsample': 0.6469405585836563, 'colsample_bytree': 0.46552239664053957, 'gamma': 0.0016206507825591776, 'reg_alpha': 6.335031321785844, 'reg_lambda': 2.0107471659080622, 'max_delta_step': 5, 'colsample_bynode': 0.7351847439576674}. Best is trial 13 with value: 1.4111112677552213.
[I 2026-02-26 10:30:57,975] Trial 62 finished with value: 1.4420791568748077 and parameters: {'n_estimators': 3234, 'learning_rate': 0.24601526202710952, 'max_depth': 9, 'min_child_weight': 11, 'subsample': 0.6702429573303458, 'colsample_bytree': 0.4442395540843936, 'gamma': 0.002202055311385926, 'reg_alpha': 3.6612681568881618, 'reg_lambda': 1.8792251915926614, 'max_delta_step': 4, 'colsample_bynode': 0.7216457335334429}. Best is trial 13 with value: 1.4111112677552213.
[I 2026-02-26 10:30:58,676] Trial 63 pruned. 
[I 2026-02-26 10:30:59,314] Trial 64 finished with value: 1.4438203378357295 and parameters: {'n_estimators': 3506, 'learning_rate': 0.19004367239270978, 'max_depth': 9, 'min_child_weight': 12, 'subsample': 0.9472988755968577, 'colsample_bytree': 0.4696849514085738, 'gamma': 0.007480817219019704, 'reg_alpha': 0.0020086839135317253, 'reg_lambda': 2.209053955466352, 'max_delta_step': 6, 'colsample_bynode': 0.7689608928109108}. Best is trial 13 with value: 1.4111112677552213.
[I 2026-02-26 10:30:59,806] Trial 65 pruned. 
[I 2026-02-26 10:31:00,515] Trial 66 pruned. 
[I 2026-02-26 10:31:01,258] Trial 67 pruned. 
[I 2026-02-26 10:31:01,928] Trial 68 pruned. 
[I 2026-02-26 10:31:03,148] Trial 69 finished with value: 1.5223433361833856 and parameters: {'n_estimators': 4650, 'learning_rate': 0.02249224585585945, 'max_depth': 9, 'min_child_weight': 10, 'subsample': 0.6873724599639205, 'colsample_bytree': 0.5801371053271225, 'gamma': 0.010722996033783154, 'reg_alpha': 0.10519961150860485, 'reg_lambda': 0.3485301535490607, 'max_delta_step': 5, 'colsample_bynode': 0.5323691182787437}. Best is trial 13 with value: 1.4111112677552213.
[I 2026-02-26 10:31:03,621] Trial 70 pruned. 
[I 2026-02-26 10:31:04,155] Trial 71 finished with value: 1.4442124100437475 and parameters: {'n_estimators': 3196, 'learning_rate': 0.24951683759938081, 'max_depth': 9, 'min_child_weight': 11, 'subsample': 0.6687161144742741, 'colsample_bytree': 0.43670616596021483, 'gamma': 0.002019185088831612, 'reg_alpha': 4.34350987245995, 'reg_lambda': 1.8296322575775943, 'max_delta_step': 4, 'colsample_bynode': 0.7377298825768512}. Best is trial 13 with value: 1.4111112677552213.
[I 2026-02-26 10:31:04,561] Trial 72 pruned. 
[I 2026-02-26 10:31:05,030] Trial 73 pruned. 
[I 2026-02-26 10:31:05,850] Trial 74 pruned. 
[I 2026-02-26 10:31:06,428] Trial 75 pruned. 
[I 2026-02-26 10:31:07,094] Trial 76 pruned. 
[I 2026-02-26 10:31:07,612] Trial 77 finished with value: 1.4440608496141105 and parameters: {'n_estimators': 2904, 'learning_rate': 0.21950873557342174, 'max_depth': 8, 'min_child_weight': 6, 'subsample': 0.6357033456296837, 'colsample_bytree': 0.4574545928291554, 'gamma': 0.10740692501893483, 'reg_alpha': 5.399717746198599, 'reg_lambda': 4.510369802916315, 'max_delta_step': 5, 'colsample_bynode': 0.7135530572505282}. Best is trial 13 with value: 1.4111112677552213.
[I 2026-02-26 10:31:08,289] Trial 78 pruned. 
[I 2026-02-26 10:31:09,024] Trial 79 pruned. 
[I 2026-02-26 10:31:09,526] Trial 80 pruned. 
[I 2026-02-26 10:31:10,120] Trial 81 pruned. 
[I 2026-02-26 10:31:10,681] Trial 82 pruned. 
[I 2026-02-26 10:31:11,203] Trial 83 pruned. 
[I 2026-02-26 10:31:11,656] Trial 84 pruned. 
[I 2026-02-26 10:31:12,319] Trial 85 pruned. 
[I 2026-02-26 10:31:12,869] Trial 86 pruned. 
[I 2026-02-26 10:31:14,080] Trial 87 pruned. 
[I 2026-02-26 10:31:14,706] Trial 88 pruned. 
[I 2026-02-26 10:31:15,202] Trial 89 finished with value: 1.4261879159507695 and parameters: {'n_estimators': 5172, 'learning_rate': 0.18115366055653648, 'max_depth': 8, 'min_child_weight': 11, 'subsample': 0.6287272097746596, 'colsample_bytree': 0.7642484191616401, 'gamma': 2.96650998865862, 'reg_alpha': 0.0011008805564734245, 'reg_lambda': 1.3744242019401078, 'max_delta_step': 5, 'colsample_bynode': 0.7614198863981231}. Best is trial 13 with value: 1.4111112677552213.
[I 2026-02-26 10:31:15,596] Trial 90 pruned. 
[I 2026-02-26 10:31:16,018] Trial 91 pruned. 
[I 2026-02-26 10:31:16,518] Trial 92 pruned. 
[I 2026-02-26 10:31:17,416] Trial 93 pruned. 
[I 2026-02-26 10:31:17,783] Trial 94 pruned. 
[I 2026-02-26 10:31:18,429] Trial 95 pruned. 
[I 2026-02-26 10:31:19,024] Trial 96 pruned. 
[I 2026-02-26 10:31:19,393] Trial 97 pruned. 
[I 2026-02-26 10:31:20,019] Trial 98 pruned. 
[I 2026-02-26 10:31:20,584] Trial 99 finished with value: 1.432885755206471 and parameters: {'n_estimators': 5214, 'learning_rate': 0.18842536327480963, 'max_depth': 5, 'min_child_weight': 10, 'subsample': 0.62042521107109, 'colsample_bytree': 0.6441889874504019, 'gamma': 0.0034598588097363827, 'reg_alpha': 0.0066721536482319335, 'reg_lambda': 0.19140964425978949, 'max_delta_step': 5, 'colsample_bynode': 0.6622723190877287}. Best is trial 13 with value: 1.4111112677552213.
[I 2026-02-26 10:31:21,149] Trial 100 finished with value: 1.4510656831010298 and parameters: {'n_estimators': 5309, 'learning_rate': 0.15746405330810406, 'max_depth': 5, 'min_child_weight': 10, 'subsample': 0.6191356488394538, 'colsample_bytree': 0.661116153059166, 'gamma': 0.001527179638959293, 'reg_alpha': 0.006635136578825414, 'reg_lambda': 0.2187457195105857, 'max_delta_step': 5, 'colsample_bynode': 0.6654496403353423}. Best is trial 13 with value: 1.4111112677552213.
[I 2026-02-26 10:31:21,648] Trial 101 finished with value: 1.4552295582600956 and parameters: {'n_estimators': 5938, 'learning_rate': 0.1843087658499489, 'max_depth': 4, 'min_child_weight': 10, 'subsample': 0.6283936456306526, 'colsample_bytree': 0.48943625862410783, 'gamma': 0.0034375647950065005, 'reg_alpha': 0.0041829592733248835, 'reg_lambda': 0.012575042875303009, 'max_delta_step': 4, 'colsample_bynode': 0.7011947110597528}. Best is trial 13 with value: 1.4111112677552213.
[I 2026-02-26 10:31:22,048] Trial 102 pruned. 
[I 2026-02-26 10:31:22,510] Trial 103 finished with value: 1.4448861228004337 and parameters: {'n_estimators': 5240, 'learning_rate': 0.21260628967196155, 'max_depth': 5, 'min_child_weight': 11, 'subsample': 0.6535996179895956, 'colsample_bytree': 0.4439367793461631, 'gamma': 0.003953573598664964, 'reg_alpha': 0.014880206381103482, 'reg_lambda': 1.5035782690323094, 'max_delta_step': 5, 'colsample_bynode': 0.6414218231039038}. Best is trial 13 with value: 1.4111112677552213.
[I 2026-02-26 10:31:22,993] Trial 104 pruned. 
[I 2026-02-26 10:31:23,601] Trial 105 pruned. 
[I 2026-02-26 10:31:24,024] Trial 106 pruned. 
[I 2026-02-26 10:31:24,822] Trial 107 pruned. 
[I 2026-02-26 10:31:25,434] Trial 108 pruned. 
[I 2026-02-26 10:31:26,164] Trial 109 pruned. 
[I 2026-02-26 10:31:26,807] Trial 110 pruned. 
[I 2026-02-26 10:31:27,224] Trial 111 pruned. 
