[I 2026-02-26 12:28:41,216] Trial 176 finished with value: 0.28160588920091534 and parameters: {'n_estimators': 1993, 'learning_rate': 0.18217015749537957, 'max_depth': 9, 'min_child_weight': 1, 'subsample': 0.7727687268644801, 'colsample_bytree': 0.7154454469151436, 'gamma': 0.024352830163626688, 'reg_alpha': 0.006422245239846038, 'reg_lambda': 0.920657270136831, 'scale_pos_weight': 12.804522301246735, 'max_delta_step': 10}. Best is trial 175 with value: 0.2744480256219578.
[I 2026-02-26 12:29:02,652] Trial 177 finished with value: 0.2777531447177542 and parameters: {'n_estimators': 1963, 'learning_rate': 0.19252520756922945, 'max_depth': 9, 'min_child_weight': 1, 'subsample': 0.7616574040775974, 'colsample_bytree': 0.7281927075316237, 'gamma': 0.01684712225908883, 'reg_alpha': 0.002011223125342269, 'reg_lambda': 1.2120022132855792, 'scale_pos_weight': 12.518222620469663, 'max_delta_step': 10}. Best is trial 175 with value: 0.2744480256219578.
[I 2026-02-26 12:29:26,107] Trial 178 finished with value: 0.29086159129310357 and parameters: {'n_estimators': 1952, 'learning_rate': 0.16704564831411614, 'max_depth': 9, 'min_child_weight': 1, 'subsample': 0.7596151192981357, 'colsample_bytree': 0.7383468112092562, 'gamma': 0.01613149619367768, 'reg_alpha': 0.0018434753083143647, 'reg_lambda': 1.6247119684274902, 'scale_pos_weight': 13.355268145308068, 'max_delta_step': 10}. Best is trial 175 with value: 0.2744480256219578.
[I 2026-02-26 12:29:49,672] Trial 179 finished with value: 0.2788871992935572 and parameters: {'n_estimators': 1970, 'learning_rate': 0.19071102280671443, 'max_depth': 9, 'min_child_weight': 1, 'subsample': 0.7892514332770831, 'colsample_bytree': 0.7323668956150668, 'gamma': 0.013208671347616307, 'reg_alpha': 0.0011928536230086792, 'reg_lambda': 1.1696261899642801, 'scale_pos_weight': 12.563122539987706, 'max_delta_step': 9}. Best is trial 175 with value: 0.2744480256219578.
[I 2026-02-26 12:30:16,058] Trial 180 finished with value: 0.2829999554353508 and parameters: {'n_estimators': 1995, 'learning_rate': 0.17548200918708182, 'max_depth': 9, 'min_child_weight': 1, 'subsample': 0.7922208757170073, 'colsample_bytree': 0.730229356727462, 'gamma': 0.008167458019661265, 'reg_alpha': 0.001161175499870794, 'reg_lambda': 1.3573134200478538, 'scale_pos_weight': 12.734876460666674, 'max_delta_step': 9}. Best is trial 175 with value: 0.2744480256219578.
[I 2026-02-26 12:30:42,002] Trial 181 finished with value: 0.277586156963062 and parameters: {'n_estimators': 1964, 'learning_rate': 0.19100282206863106, 'max_depth': 9, 'min_child_weight': 1, 'subsample': 0.7861914547160462, 'colsample_bytree': 0.7012912258118579, 'gamma': 0.010628822905328066, 'reg_alpha': 0.001496391092713545, 'reg_lambda': 1.0808173915690527, 'scale_pos_weight': 12.432847727305052, 'max_delta_step': 10}. Best is trial 175 with value: 0.2744480256219578.
[I 2026-02-26 12:31:02,789] Trial 182 finished with value: 0.2773882136746903 and parameters: {'n_estimators': 1965, 'learning_rate': 0.19011940958765575, 'max_depth': 9, 'min_child_weight': 1, 'subsample': 0.7999418172415179, 'colsample_bytree': 0.7022825233377294, 'gamma': 0.01170771787987006, 'reg_alpha': 0.0010372186508594387, 'reg_lambda': 1.15099657089862, 'scale_pos_weight': 12.525447986512786, 'max_delta_step': 9}. Best is trial 175 with value: 0.2744480256219578.
[I 2026-02-26 12:31:25,473] Trial 183 finished with value: 0.2784804449823525 and parameters: {'n_estimators': 1967, 'learning_rate': 0.19178955844780907, 'max_depth': 9, 'min_child_weight': 1, 'subsample': 0.8118986298300542, 'colsample_bytree': 0.7015867513546038, 'gamma': 0.00951240414419195, 'reg_alpha': 0.0011961489850298747, 'reg_lambda': 1.245007675099652, 'scale_pos_weight': 12.625037551463281, 'max_delta_step': 9}. Best is trial 175 with value: 0.2744480256219578.
[I 2026-02-26 12:31:51,832] Trial 184 finished with value: 0.28417917689357813 and parameters: {'n_estimators': 1966, 'learning_rate': 0.19156369023768213, 'max_depth': 9, 'min_child_weight': 1, 'subsample': 0.8201688200655302, 'colsample_bytree': 0.7267384221192448, 'gamma': 0.009270277974473443, 'reg_alpha': 0.0010729827549001301, 'reg_lambda': 1.1328302958822936, 'scale_pos_weight': 13.022757711969167, 'max_delta_step': 9}. Best is trial 175 with value: 0.2744480256219578.
[I 2026-02-26 12:32:16,969] Trial 185 finished with value: 0.2903090870726542 and parameters: {'n_estimators': 1964, 'learning_rate': 0.19161054755080834, 'max_depth': 9, 'min_child_weight': 1, 'subsample': 0.8122207162497355, 'colsample_bytree': 0.7004019922988447, 'gamma': 0.01217775669386506, 'reg_alpha': 0.0013650631799782438, 'reg_lambda': 1.1327525211650658, 'scale_pos_weight': 13.659621440855672, 'max_delta_step': 9}. Best is trial 175 with value: 0.2744480256219578.
[I 2026-02-26 12:33:31,078] Trial 186 finished with value: 0.2980323848704922 and parameters: {'n_estimators': 2000, 'learning_rate': 0.04487237311388393, 'max_depth': 9, 'min_child_weight': 1, 'subsample': 0.8008796458172699, 'colsample_bytree': 0.7187908310610559, 'gamma': 0.0071311843047859825, 'reg_alpha': 0.0015330028083717724, 'reg_lambda': 0.8633540398078722, 'scale_pos_weight': 12.602287990375025, 'max_delta_step': 9}. Best is trial 175 with value: 0.2744480256219578.
[I 2026-02-26 12:33:48,694] Trial 187 pruned. 
[I 2026-02-26 12:34:15,840] Trial 188 pruned. 
[I 2026-02-26 12:34:42,213] Trial 189 pruned. 
[I 2026-02-26 12:35:10,721] Trial 190 pruned. 
[I 2026-02-26 12:35:29,097] Trial 191 finished with value: 0.2814857620876607 and parameters: {'n_estimators': 1904, 'learning_rate': 0.18125141635108707, 'max_depth': 9, 'min_child_weight': 1, 'subsample': 0.7743877379268393, 'colsample_bytree': 0.6797189845337609, 'gamma': 0.010356541776847744, 'reg_alpha': 0.0014205346666207382, 'reg_lambda': 1.5084960947933364, 'scale_pos_weight': 12.476520254694433, 'max_delta_step': 10}. Best is trial 175 with value: 0.2744480256219578.
[I 2026-02-26 12:35:46,990] Trial 192 pruned. 
[I 2026-02-26 12:36:03,079] Trial 193 pruned. 
[I 2026-02-26 12:36:26,469] Trial 194 pruned. 
[I 2026-02-26 12:36:50,031] Trial 195 finished with value: 0.28852144568186733 and parameters: {'n_estimators': 1897, 'learning_rate': 0.1926415812827599, 'max_depth': 9, 'min_child_weight': 1, 'subsample': 0.770999097094257, 'colsample_bytree': 0.7017912171592366, 'gamma': 0.014475060877659944, 'reg_alpha': 0.0023353822785108307, 'reg_lambda': 0.8348979299234166, 'scale_pos_weight': 13.527961682140827, 'max_delta_step': 9}. Best is trial 175 with value: 0.2744480256219578.
[I 2026-02-26 12:37:14,824] Trial 196 pruned. 
[I 2026-02-26 12:37:41,322] Trial 197 finished with value: 0.28044848696320895 and parameters: {'n_estimators': 1967, 'learning_rate': 0.1997397342376377, 'max_depth': 9, 'min_child_weight': 1, 'subsample': 0.8094100449840576, 'colsample_bytree': 0.7125842862671572, 'gamma': 0.0195326837510039, 'reg_alpha': 0.0010336344258939565, 'reg_lambda': 0.9419441369390567, 'scale_pos_weight': 12.863807258982678, 'max_delta_step': 10}. Best is trial 175 with value: 0.2744480256219578.
[I 2026-02-26 12:38:07,329] Trial 198 pruned. 
[I 2026-02-26 12:38:25,153] Trial 199 finished with value: 0.2862216005678709 and parameters: {'n_estimators': 1911, 'learning_rate': 0.18712740180823878, 'max_depth': 10, 'min_child_weight': 3, 'subsample': 0.7985918552899722, 'colsample_bytree': 0.7233256050210576, 'gamma': 0.029207879303204336, 'reg_alpha': 0.0015692197970250414, 'reg_lambda': 1.8834467475782615, 'scale_pos_weight': 13.182648859395515, 'max_delta_step': 10}. Best is trial 175 with value: 0.2744480256219578.
[I 2026-02-26 12:38:52,959] Trial 200 pruned. 
[I 2026-02-26 12:39:11,214] Trial 201 finished with value: 0.2768448430529098 and parameters: {'n_estimators': 1886, 'learning_rate': 0.18414306762049, 'max_depth': 9, 'min_child_weight': 2, 'subsample': 0.7573615387065684, 'colsample_bytree': 0.675324746079526, 'gamma': 0.03304405412807924, 'reg_alpha': 0.09920376543702696, 'reg_lambda': 0.6750051390045043, 'scale_pos_weight': 12.00282716676061, 'max_delta_step': 10}. Best is trial 175 with value: 0.2744480256219578.
[I 2026-02-26 12:39:38,710] Trial 202 finished with value: 0.2831130975962188 and parameters: {'n_estimators': 1966, 'learning_rate': 0.17943894543161207, 'max_depth': 9, 'min_child_weight': 2, 'subsample': 0.7559030261157769, 'colsample_bytree': 0.6758612576583861, 'gamma': 0.03137874980223158, 'reg_alpha': 0.0025820560484980633, 'reg_lambda': 0.6704981073090087, 'scale_pos_weight': 12.497282893638841, 'max_delta_step': 10}. Best is trial 175 with value: 0.2744480256219578.
[I 2026-02-26 12:40:06,647] Trial 203 pruned. 
[I 2026-02-26 12:40:31,555] Trial 204 pruned. 
[I 2026-02-26 12:40:54,777] Trial 205 finished with value: 0.2887521900662266 and parameters: {'n_estimators': 1999, 'learning_rate': 0.17445803251583233, 'max_depth': 9, 'min_child_weight': 2, 'subsample': 0.7464830053418652, 'colsample_bytree': 0.6556296339222624, 'gamma': 0.03299172360982481, 'reg_alpha': 0.07519599514212087, 'reg_lambda': 0.7313560051457745, 'scale_pos_weight': 12.927302923792578, 'max_delta_step': 10}. Best is trial 175 with value: 0.2744480256219578.
[I 2026-02-26 12:41:12,418] Trial 206 finished with value: 0.27276296952259277 and parameters: {'n_estimators': 1930, 'learning_rate': 0.19359359203173498, 'max_depth': 10, 'min_child_weight': 1, 'subsample': 0.7588303721597227, 'colsample_bytree': 0.6831000850933486, 'gamma': 0.041778894340014194, 'reg_alpha': 0.0029267164674027664, 'reg_lambda': 0.982686789587549, 'scale_pos_weight': 12.002664794558092, 'max_delta_step': 10}. Best is trial 206 with value: 0.27276296952259277.
[I 2026-02-26 12:41:30,711] Trial 207 finished with value: 0.27438248158067663 and parameters: {'n_estimators': 1929, 'learning_rate': 0.19332821052044635, 'max_depth': 10, 'min_child_weight': 1, 'subsample': 0.7605266041060726, 'colsample_bytree': 0.6769003897354078, 'gamma': 0.005163287890200258, 'reg_alpha': 0.22025037003204812, 'reg_lambda': 1.0437011743059914, 'scale_pos_weight': 12.02809055899311, 'max_delta_step': 10}. Best is trial 206 with value: 0.27276296952259277.
[I 2026-02-26 12:41:49,881] Trial 208 finished with value: 0.2757614754268839 and parameters: {'n_estimators': 1932, 'learning_rate': 0.19261782928449797, 'max_depth': 9, 'min_child_weight': 1, 'subsample': 0.7632446037640483, 'colsample_bytree': 0.6754705435615265, 'gamma': 0.004548202896673766, 'reg_alpha': 0.13903224554849422, 'reg_lambda': 1.0369520504380327, 'scale_pos_weight': 12.043565969169443, 'max_delta_step': 10}. Best is trial 206 with value: 0.27276296952259277.
[I 2026-02-26 12:42:07,471] Trial 209 pruned. 
[I 2026-02-26 12:42:30,225] Trial 210 finished with value: 0.2875892405605991 and parameters: {'n_estimators': 415, 'learning_rate': 0.19245810961814774, 'max_depth': 9, 'min_child_weight': 1, 'subsample': 0.7690217884657474, 'colsample_bytree': 0.664637060104091, 'gamma': 0.0035681641743404283, 'reg_alpha': 0.16456930001884232, 'reg_lambda': 1.2639105075820314, 'scale_pos_weight': 13.024310102027629, 'max_delta_step': 9}. Best is trial 206 with value: 0.27276296952259277.
[I 2026-02-26 12:42:47,182] Trial 211 finished with value: 0.2766823924511229 and parameters: {'n_estimators': 1924, 'learning_rate': 0.19235161836831768, 'max_depth': 9, 'min_child_weight': 1, 'subsample': 0.7508704832341951, 'colsample_bytree': 0.6722948965360108, 'gamma': 0.0034258672970998816, 'reg_alpha': 0.11538075180011845, 'reg_lambda': 0.9474579732297048, 'scale_pos_weight': 12.000970483119708, 'max_delta_step': 10}. Best is trial 206 with value: 0.27276296952259277.
[I 2026-02-26 12:43:10,010] Trial 212 finished with value: 0.2805124069205337 and parameters: {'n_estimators': 1938, 'learning_rate': 0.19329087267412645, 'max_depth': 9, 'min_child_weight': 1, 'subsample': 0.7534460308200552, 'colsample_bytree': 0.6754070834401827, 'gamma': 0.0046104571570200325, 'reg_alpha': 0.1019247541510492, 'reg_lambda': 0.9460141312822601, 'scale_pos_weight': 12.399982925564952, 'max_delta_step': 10}. Best is trial 206 with value: 0.27276296952259277.
[I 2026-02-26 12:43:32,790] Trial 213 finished with value: 0.2757660565416728 and parameters: {'n_estimators': 1977, 'learning_rate': 0.19364640589753518, 'max_depth': 9, 'min_child_weight': 1, 'subsample': 0.7741474771188865, 'colsample_bytree': 0.6552521903898092, 'gamma': 0.003780412321358651, 'reg_alpha': 0.08600720415582855, 'reg_lambda': 1.176275435775992, 'scale_pos_weight': 12.070221355960351, 'max_delta_step': 10}. Best is trial 206 with value: 0.27276296952259277.
[I 2026-02-26 12:43:55,542] Trial 214 pruned. 
[I 2026-02-26 12:44:12,523] Trial 215 pruned. 
[I 2026-02-26 12:44:39,312] Trial 216 finished with value: 0.27432768998485 and parameters: {'n_estimators': 1920, 'learning_rate': 0.18693975681563493, 'max_depth': 9, 'min_child_weight': 1, 'subsample': 0.7641273282930022, 'colsample_bytree': 0.6855577652090783, 'gamma': 0.005457183105135002, 'reg_alpha': 0.06398909587979668, 'reg_lambda': 1.2265230011280561, 'scale_pos_weight': 12.068312431740958, 'max_delta_step': 10}. Best is trial 206 with value: 0.27276296952259277.
[I 2026-02-26 12:44:58,196] Trial 217 finished with value: 0.27498341897581396 and parameters: {'n_estimators': 1919, 'learning_rate': 0.19963493696316045, 'max_depth': 9, 'min_child_weight': 1, 'subsample': 0.7635236633579677, 'colsample_bytree': 0.6716155618896819, 'gamma': 0.0037948473416766558, 'reg_alpha': 0.05729748519048689, 'reg_lambda': 0.8358619368510977, 'scale_pos_weight': 12.026182651288284, 'max_delta_step': 10}. Best is trial 206 with value: 0.27276296952259277.
[I 2026-02-26 12:45:22,715] Trial 218 finished with value: 0.27740370317122676 and parameters: {'n_estimators': 1918, 'learning_rate': 0.1866600491810283, 'max_depth': 9, 'min_child_weight': 1, 'subsample': 0.7647592774266005, 'colsample_bytree': 0.6738579621245739, 'gamma': 0.004084239601508766, 'reg_alpha': 0.08156046206597886, 'reg_lambda': 0.6408288157863052, 'scale_pos_weight': 12.028967888995762, 'max_delta_step': 10}. Best is trial 206 with value: 0.27276296952259277.
[I 2026-02-26 12:45:46,303] Trial 219 pruned. 
[I 2026-02-26 12:46:03,744] Trial 220 pruned. 
[I 2026-02-26 12:46:21,227] Trial 221 pruned. 
[I 2026-02-26 12:46:47,884] Trial 222 finished with value: 0.28573910066972374 and parameters: {'n_estimators': 1919, 'learning_rate': 0.1846842757873878, 'max_depth': 9, 'min_child_weight': 1, 'subsample': 0.7490811589192305, 'colsample_bytree': 0.6553228096760713, 'gamma': 0.0027666316306000525, 'reg_alpha': 0.11828655476419896, 'reg_lambda': 0.7478481718586532, 'scale_pos_weight': 12.783713581901639, 'max_delta_step': 10}. Best is trial 206 with value: 0.27276296952259277.
[I 2026-02-26 12:47:06,532] Trial 223 pruned. 
[I 2026-02-26 12:47:29,730] Trial 224 pruned. 
[I 2026-02-26 12:47:56,722] Trial 225 pruned. 
[I 2026-02-26 12:48:19,432] Trial 226 pruned. 
[I 2026-02-26 12:48:42,744] Trial 227 finished with value: 0.27848163982877094 and parameters: {'n_estimators': 1999, 'learning_rate': 0.1878489368741644, 'max_depth': 9, 'min_child_weight': 1, 'subsample': 0.7553780032449742, 'colsample_bytree': 0.6958007191405086, 'gamma': 0.00502958635154089, 'reg_alpha': 0.06816027504162382, 'reg_lambda': 0.9895578351708212, 'scale_pos_weight': 12.462844062001967, 'max_delta_step': 10}. Best is trial 206 with value: 0.27276296952259277.
[I 2026-02-26 12:49:06,008] Trial 228 pruned. 
[I 2026-02-26 12:49:29,109] Trial 229 finished with value: 0.27653216140490106 and parameters: {'n_estimators': 1963, 'learning_rate': 0.18809933542045215, 'max_depth': 9, 'min_child_weight': 1, 'subsample': 0.758070001629865, 'colsample_bytree': 0.648086229142891, 'gamma': 0.002916977434379352, 'reg_alpha': 0.0698204280810182, 'reg_lambda': 0.952168486600158, 'scale_pos_weight': 12.00630865591897, 'max_delta_step': 10}. Best is trial 206 with value: 0.27276296952259277.
[I 2026-02-26 12:49:46,352] Trial 230 pruned. 
[I 2026-02-26 12:50:04,543] Trial 231 finished with value: 0.27987878747361533 and parameters: {'n_estimators': 2000, 'learning_rate': 0.18943262139783879, 'max_depth': 9, 'min_child_weight': 1, 'subsample': 0.7607954889256803, 'colsample_bytree': 0.6503280691651172, 'gamma': 0.003663983305850263, 'reg_alpha': 0.2125181797562039, 'reg_lambda': 0.9946172748656764, 'scale_pos_weight': 12.42065007748826, 'max_delta_step': 10}. Best is trial 206 with value: 0.27276296952259277.
[I 2026-02-26 12:50:22,576] Trial 232 pruned. 
[I 2026-02-26 12:50:40,167] Trial 233 finished with value: 0.28076232152077996 and parameters: {'n_estimators': 1937, 'learning_rate': 0.18305687765071516, 'max_depth': 9, 'min_child_weight': 1, 'subsample': 0.7671055908390585, 'colsample_bytree': 0.661491249132125, 'gamma': 0.004201891682807021, 'reg_alpha': 0.03736412153746425, 'reg_lambda': 1.2663659343840208, 'scale_pos_weight': 12.397870285371825, 'max_delta_step': 10}. Best is trial 206 with value: 0.27276296952259277.
[I 2026-02-26 12:51:03,111] Trial 234 pruned. 
[I 2026-02-26 12:51:26,384] Trial 235 finished with value: 0.28770121144847205 and parameters: {'n_estimators': 1964, 'learning_rate': 0.18273595958913108, 'max_depth': 9, 'min_child_weight': 1, 'subsample': 0.7547216922421669, 'colsample_bytree': 0.693432349936843, 'gamma': 0.002336349830100064, 'reg_alpha': 0.14840991929123484, 'reg_lambda': 1.0949330998954363, 'scale_pos_weight': 13.131952939508203, 'max_delta_step': 10}. Best is trial 206 with value: 0.27276296952259277.
[I 2026-02-26 12:51:48,766] Trial 236 pruned. 
[I 2026-02-26 12:52:11,833] Trial 237 finished with value: 0.27852758617981516 and parameters: {'n_estimators': 1972, 'learning_rate': 0.17396938781111937, 'max_depth': 9, 'min_child_weight': 1, 'subsample': 0.7650681955761229, 'colsample_bytree': 0.6770408233634819, 'gamma': 0.0063900544367494864, 'reg_alpha': 0.10876659208807617, 'reg_lambda': 0.4926978575395804, 'scale_pos_weight': 12.01414311789961, 'max_delta_step': 10}. Best is trial 206 with value: 0.27276296952259277.
[I 2026-02-26 12:52:35,037] Trial 238 finished with value: 0.29238199202466786 and parameters: {'n_estimators': 1853, 'learning_rate': 0.1920997191204344, 'max_depth': 9, 'min_child_weight': 1, 'subsample': 0.7416208433420286, 'colsample_bytree': 0.6355092329585388, 'gamma': 0.004556829463383582, 'reg_alpha': 0.055318432757742016, 'reg_lambda': 1.3920862725574634, 'scale_pos_weight': 13.409796692755268, 'max_delta_step': 10}. Best is trial 206 with value: 0.27276296952259277.
[I 2026-02-26 12:52:56,828] Trial 239 pruned. 
[I 2026-02-26 12:53:20,813] Trial 240 pruned. 
[I 2026-02-26 12:53:49,695] Trial 241 pruned. 
[I 2026-02-26 12:54:07,175] Trial 242 pruned. 
[I 2026-02-26 12:54:25,323] Trial 243 pruned. 
[I 2026-02-26 12:54:51,201] Trial 244 finished with value: 0.28106973848724504 and parameters: {'n_estimators': 1942, 'learning_rate': 0.19224880298999264, 'max_depth': 9, 'min_child_weight': 1, 'subsample': 0.7659408849472091, 'colsample_bytree': 0.6579253722333173, 'gamma': 0.003834541173046486, 'reg_alpha': 0.14430555645161383, 'reg_lambda': 0.43643328992872, 'scale_pos_weight': 12.420893875862188, 'max_delta_step': 10}. Best is trial 206 with value: 0.27276296952259277.
[I 2026-02-26 12:55:08,448] Trial 245 pruned. 
[I 2026-02-26 12:55:34,229] Trial 246 pruned. 
[I 2026-02-26 12:55:59,977] Trial 247 pruned. 
[I 2026-02-26 12:56:17,342] Trial 248 pruned. 
[I 2026-02-26 12:56:39,039] Trial 249 pruned. 
[I 2026-02-26 12:57:00,714] Trial 250 pruned. 
[I 2026-02-26 12:57:26,676] Trial 251 pruned. 
[I 2026-02-26 12:57:49,116] Trial 252 finished with value: 0.27489049396338533 and parameters: {'n_estimators': 1839, 'learning_rate': 0.19978129549891785, 'max_depth': 10, 'min_child_weight': 1, 'subsample': 0.7413418224963267, 'colsample_bytree': 0.7071793097168696, 'gamma': 0.004618744753952361, 'reg_alpha': 0.09097606775874859, 'reg_lambda': 0.9157416609452944, 'scale_pos_weight': 12.642143764052175, 'max_delta_step': 10}. Best is trial 206 with value: 0.27276296952259277.
[I 2026-02-26 12:58:07,796] Trial 253 pruned. 
[I 2026-02-26 12:58:29,759] Trial 254 pruned. 
[I 2026-02-26 12:58:48,092] Trial 255 finished with value: 0.28287269805679566 and parameters: {'n_estimators': 1773, 'learning_rate': 0.18765990341522035, 'max_depth': 10, 'min_child_weight': 1, 'subsample': 0.7470851952344424, 'colsample_bytree': 0.693286538385617, 'gamma': 0.004814664459597726, 'reg_alpha': 0.04014663402431175, 'reg_lambda': 0.9205799585120461, 'scale_pos_weight': 12.992461572538069, 'max_delta_step': 10}. Best is trial 206 with value: 0.27276296952259277.
[I 2026-02-26 12:59:05,203] Trial 256 pruned. 
[I 2026-02-26 12:59:23,512] Trial 257 pruned. 
[I 2026-02-26 12:59:42,034] Trial 258 finished with value: 0.2809133832391746 and parameters: {'n_estimators': 1851, 'learning_rate': 0.1814054167707652, 'max_depth': 10, 'min_child_weight': 1, 'subsample': 0.7860918813634024, 'colsample_bytree': 0.6551023729042807, 'gamma': 0.002476097751642492, 'reg_alpha': 0.062358090197391795, 'reg_lambda': 1.5962765362196396, 'scale_pos_weight': 12.461072892061884, 'max_delta_step': 10}. Best is trial 206 with value: 0.27276296952259277.
[I 2026-02-26 13:00:08,152] Trial 259 finished with value: 0.2847287974342657 and parameters: {'n_estimators': 1931, 'learning_rate': 0.18721806382551107, 'max_depth': 9, 'min_child_weight': 1, 'subsample': 0.7568956085964672, 'colsample_bytree': 0.6327310809812235, 'gamma': 0.004833155729303451, 'reg_alpha': 0.11659156162730118, 'reg_lambda': 0.6382684398884427, 'scale_pos_weight': 12.719198332929006, 'max_delta_step': 10}. Best is trial 206 with value: 0.27276296952259277.
[I 2026-02-26 13:00:38,176] Trial 260 pruned. 
