[I 2026-02-26 15:17:10,508] Trial 592 finished with value: 0.2880267861975143 and parameters: {'n_estimators': 1520, 'learning_rate': 0.15371645806859782, 'max_depth': 10, 'min_child_weight': 1, 'subsample': 0.8358346052823159, 'colsample_bytree': 0.7078263310765401, 'gamma': 0.013343261092434168, 'reg_alpha': 0.005643772295761694, 'reg_lambda': 1.877385010265263, 'scale_pos_weight': 13.078899236205993, 'max_delta_step': 9}. Best is trial 419 with value: 0.2704356493705395.
[I 2026-02-26 15:17:28,341] Trial 593 finished with value: 0.27354879004059257 and parameters: {'n_estimators': 1608, 'learning_rate': 0.17112134471145932, 'max_depth': 10, 'min_child_weight': 1, 'subsample': 0.7556737787718444, 'colsample_bytree': 0.7196560558766826, 'gamma': 0.01363560836325068, 'reg_alpha': 0.0024430146860196828, 'reg_lambda': 2.1284393667194013, 'scale_pos_weight': 12.003437334925799, 'max_delta_step': 9}. Best is trial 419 with value: 0.2704356493705395.
[I 2026-02-26 15:17:46,546] Trial 594 pruned. 
[I 2026-02-26 15:18:27,757] Trial 595 pruned. 
[I 2026-02-26 15:18:55,586] Trial 596 pruned. 
[I 2026-02-26 15:19:14,880] Trial 597 finished with value: 0.2793191333531482 and parameters: {'n_estimators': 1514, 'learning_rate': 0.16888941278070263, 'max_depth': 10, 'min_child_weight': 1, 'subsample': 0.7530501050650024, 'colsample_bytree': 0.6940005512032441, 'gamma': 0.014522174112293163, 'reg_alpha': 0.0026209815384107037, 'reg_lambda': 0.006196089040746167, 'scale_pos_weight': 12.44608747978519, 'max_delta_step': 9}. Best is trial 419 with value: 0.2704356493705395.
[I 2026-02-26 15:19:33,155] Trial 598 pruned. 
[I 2026-02-26 15:19:57,194] Trial 599 pruned. 
[I 2026-02-26 15:20:16,406] Trial 600 finished with value: 0.27781128959442847 and parameters: {'n_estimators': 1608, 'learning_rate': 0.18940894801553712, 'max_depth': 10, 'min_child_weight': 1, 'subsample': 0.7568671568464549, 'colsample_bytree': 0.6914654839465791, 'gamma': 0.01165344985576265, 'reg_alpha': 0.002385721858802005, 'reg_lambda': 4.012337156059661, 'scale_pos_weight': 12.446816169133744, 'max_delta_step': 9}. Best is trial 419 with value: 0.2704356493705395.
[I 2026-02-26 15:20:34,496] Trial 601 finished with value: 0.2787943609633147 and parameters: {'n_estimators': 1269, 'learning_rate': 0.16323752409374825, 'max_depth': 10, 'min_child_weight': 1, 'subsample': 0.7687687682902342, 'colsample_bytree': 0.714541725110708, 'gamma': 0.015964147742809413, 'reg_alpha': 0.0030510610016951417, 'reg_lambda': 0.8894609140574241, 'scale_pos_weight': 12.407254282158087, 'max_delta_step': 9}. Best is trial 419 with value: 0.2704356493705395.
[I 2026-02-26 15:20:52,308] Trial 602 pruned. 
[I 2026-02-26 15:21:09,873] Trial 603 pruned. 
[I 2026-02-26 15:21:28,649] Trial 604 pruned. 
[I 2026-02-26 15:21:54,849] Trial 605 pruned. 
[I 2026-02-26 15:22:13,167] Trial 606 pruned. 
[I 2026-02-26 15:22:31,220] Trial 607 pruned. 
[I 2026-02-26 15:22:50,429] Trial 608 pruned. 
[I 2026-02-26 15:23:09,089] Trial 609 pruned. 
[I 2026-02-26 15:23:33,388] Trial 610 pruned. 
[I 2026-02-26 15:23:56,596] Trial 611 finished with value: 0.28254779894235266 and parameters: {'n_estimators': 1419, 'learning_rate': 0.17738541472896185, 'max_depth': 10, 'min_child_weight': 1, 'subsample': 0.7472200747511981, 'colsample_bytree': 0.6906469091549127, 'gamma': 0.010695919263867343, 'reg_alpha': 0.4508303970277656, 'reg_lambda': 1.596980185586106, 'scale_pos_weight': 12.754674543741075, 'max_delta_step': 9}. Best is trial 419 with value: 0.2704356493705395.
[I 2026-02-26 15:24:33,846] Trial 612 pruned. 
[I 2026-02-26 15:24:51,049] Trial 613 finished with value: 0.27676086402459454 and parameters: {'n_estimators': 1447, 'learning_rate': 0.1849077145825088, 'max_depth': 10, 'min_child_weight': 1, 'subsample': 0.7671313734929288, 'colsample_bytree': 0.726731268935097, 'gamma': 0.01851848059692245, 'reg_alpha': 0.0755760285648608, 'reg_lambda': 2.7603755893839406, 'scale_pos_weight': 12.448732805618977, 'max_delta_step': 9}. Best is trial 419 with value: 0.2704356493705395.
[I 2026-02-26 15:25:08,914] Trial 614 pruned. 
[I 2026-02-26 15:25:26,788] Trial 615 pruned. 
[I 2026-02-26 15:25:44,901] Trial 616 finished with value: 0.2834283012250317 and parameters: {'n_estimators': 1779, 'learning_rate': 0.19985145129951692, 'max_depth': 10, 'min_child_weight': 1, 'subsample': 0.7404233818094519, 'colsample_bytree': 0.6878516200601753, 'gamma': 0.005675187253879024, 'reg_alpha': 0.07028839064445763, 'reg_lambda': 1.9704263744063628, 'scale_pos_weight': 13.126963777778021, 'max_delta_step': 10}. Best is trial 419 with value: 0.2704356493705395.
[I 2026-02-26 15:26:07,537] Trial 617 pruned. 
[I 2026-02-26 15:26:28,560] Trial 618 pruned. 
[I 2026-02-26 15:26:56,250] Trial 619 pruned. 
[I 2026-02-26 15:27:19,806] Trial 620 pruned. 
[I 2026-02-26 15:27:43,329] Trial 621 pruned. 
[I 2026-02-26 15:28:00,667] Trial 622 pruned. 
[I 2026-02-26 15:28:22,716] Trial 623 pruned. 
[I 2026-02-26 15:28:47,284] Trial 624 pruned. 
[I 2026-02-26 15:29:05,395] Trial 625 finished with value: 0.2806902500180928 and parameters: {'n_estimators': 1937, 'learning_rate': 0.16951677658028458, 'max_depth': 10, 'min_child_weight': 1, 'subsample': 0.7523373741800582, 'colsample_bytree': 0.6701976589691878, 'gamma': 0.010373324408674759, 'reg_alpha': 0.0691712218251152, 'reg_lambda': 0.030160777307395727, 'scale_pos_weight': 12.446593344187471, 'max_delta_step': 10}. Best is trial 419 with value: 0.2704356493705395.
[I 2026-02-26 15:29:31,204] Trial 626 pruned. 
[I 2026-02-26 15:29:49,276] Trial 627 finished with value: 0.27374152909117505 and parameters: {'n_estimators': 1971, 'learning_rate': 0.16211049956557302, 'max_depth': 10, 'min_child_weight': 1, 'subsample': 0.7325056577817879, 'colsample_bytree': 0.7048020327267223, 'gamma': 0.012513413242324592, 'reg_alpha': 0.09254181036772428, 'reg_lambda': 1.34801346949308, 'scale_pos_weight': 12.020402275144436, 'max_delta_step': 9}. Best is trial 419 with value: 0.2704356493705395.
[I 2026-02-26 15:30:11,590] Trial 628 pruned. 
[I 2026-02-26 15:30:34,336] Trial 629 pruned. 
[I 2026-02-26 15:30:49,463] Trial 630 pruned. 
[I 2026-02-26 15:31:18,501] Trial 631 pruned. 
[I 2026-02-26 15:31:37,270] Trial 632 pruned. 
[I 2026-02-26 15:32:08,763] Trial 633 pruned. 
[I 2026-02-26 15:32:33,905] Trial 634 pruned. 
[I 2026-02-26 15:32:53,250] Trial 635 finished with value: 0.2727724053902575 and parameters: {'n_estimators': 1928, 'learning_rate': 0.1748857389450918, 'max_depth': 10, 'min_child_weight': 1, 'subsample': 0.7414122489986034, 'colsample_bytree': 0.7376473925906065, 'gamma': 0.015151770573986976, 'reg_alpha': 0.0039042907934214405, 'reg_lambda': 2.2656932427110976, 'scale_pos_weight': 12.004095057979187, 'max_delta_step': 9}. Best is trial 419 with value: 0.2704356493705395.
[I 2026-02-26 15:33:17,119] Trial 636 pruned. 
{
  "study": "stage1_binary_xgb",
  "optimised_objective": "logloss",
  "best_value_logloss_mean": 0.2704356493705395,
  "best_params": {
    "n_estimators": 1924,
    "learning_rate": 0.19991258528434705,
    "max_depth": 10,
    "min_child_weight": 1,
    "subsample": 0.7503493410228762,
    "colsample_bytree": 0.713298320102487,
    "gamma": 0.03670185108822325,
    "reg_alpha": 0.11245392119200166,
    "reg_lambda": 0.7734763309283749,
    "scale_pos_weight": 12.00626010919463,
    "max_delta_step": 9
  },
  "n_trials": 637,
  "n_splits": 5,
  "holdout_race_ids_excluded": [
    2,
    24,
    53,
    73,
    75
  ],
  "sample_frac": 1.0,
  "max_races": 80,
  "early_stopping_rounds": 50
}
{
  "study": "stage1_binary_xgb",
  "task": "binary",
  "model": "xgb",
  "metrics": {
    "accuracy_mean": 0.9700365122825818,
    "accuracy_std": 0.009311841525573145,
    "precision_mean": 0.06312997347480107,
    "precision_std": 0.14116291210741377,
    "recall_mean": 0.07906976744186046,
    "recall_std": 0.17680537496509965,
    "f1_mean": 0.07020648967551622,
    "f1_std": 0.15698648337609145,
    "roc_auc_mean": 0.7725746750887535,
    "roc_auc_std": 0.0635183724256966,
    "pr_auc_mean": 0.16231138888020175,
    "pr_auc_std": 0.10254844454986062,
    "logloss_mean": 0.2704356493705395,
    "logloss_std": 0.07801254310032808
  }
}
Job finished at Thu 26 Feb 15:33:34 GMT 2026
