[I 2026-02-26 13:45:40,650] Trial 372 finished with value: 0.2795333656048129 and parameters: {'n_estimators': 1966, 'learning_rate': 0.17877506103110793, 'max_depth': 10, 'min_child_weight': 1, 'subsample': 0.7836821692118348, 'colsample_bytree': 0.6635475542725287, 'gamma': 0.026693051133157092, 'reg_alpha': 0.026949278135143088, 'reg_lambda': 1.394117841911048, 'scale_pos_weight': 12.445572692669948, 'max_delta_step': 9}. Best is trial 327 with value: 0.27115690058646374.
[I 2026-02-26 13:45:59,112] Trial 373 pruned. 
[I 2026-02-26 13:46:16,312] Trial 374 pruned. 
[I 2026-02-26 13:46:34,306] Trial 375 finished with value: 0.2812517059784406 and parameters: {'n_estimators': 2000, 'learning_rate': 0.17031896937011404, 'max_depth': 10, 'min_child_weight': 1, 'subsample': 0.7520103275204689, 'colsample_bytree': 0.7176954521587849, 'gamma': 0.022657014291299647, 'reg_alpha': 0.09881211967595377, 'reg_lambda': 0.991417232194496, 'scale_pos_weight': 12.740455127056052, 'max_delta_step': 10}. Best is trial 327 with value: 0.27115690058646374.
[I 2026-02-26 13:47:12,198] Trial 376 pruned. 
[I 2026-02-26 13:47:29,800] Trial 377 finished with value: 0.2759489768601811 and parameters: {'n_estimators': 1838, 'learning_rate': 0.17891157744167632, 'max_depth': 10, 'min_child_weight': 2, 'subsample': 0.7791411360903148, 'colsample_bytree': 0.6560806466044371, 'gamma': 0.03324368166625885, 'reg_alpha': 2.4368427065005855, 'reg_lambda': 0.6458740246862992, 'scale_pos_weight': 12.008868970411614, 'max_delta_step': 10}. Best is trial 327 with value: 0.27115690058646374.
[I 2026-02-26 13:47:54,181] Trial 378 pruned. 
[I 2026-02-26 13:48:17,396] Trial 379 finished with value: 0.34636563399326015 and parameters: {'n_estimators': 1840, 'learning_rate': 0.17674909519412335, 'max_depth': 10, 'min_child_weight': 1, 'subsample': 0.7894301806554068, 'colsample_bytree': 0.6273001961592269, 'gamma': 0.009313760521217046, 'reg_alpha': 0.04496874776744543, 'reg_lambda': 1.2567978503458894, 'scale_pos_weight': 18.542341866267655, 'max_delta_step': 10}. Best is trial 327 with value: 0.27115690058646374.
[I 2026-02-26 13:48:34,539] Trial 380 finished with value: 0.28019956014499775 and parameters: {'n_estimators': 1789, 'learning_rate': 0.18825687227659585, 'max_depth': 10, 'min_child_weight': 1, 'subsample': 0.7754673330276352, 'colsample_bytree': 0.6346864898160467, 'gamma': 0.004962790895249134, 'reg_alpha': 2.158084464325948, 'reg_lambda': 1.6622633153116888, 'scale_pos_weight': 12.428961322131805, 'max_delta_step': 10}. Best is trial 327 with value: 0.27115690058646374.
[I 2026-02-26 13:48:52,509] Trial 381 finished with value: 0.2829137075262287 and parameters: {'n_estimators': 1971, 'learning_rate': 0.1799928505256349, 'max_depth': 10, 'min_child_weight': 2, 'subsample': 0.7810337919769715, 'colsample_bytree': 0.6575745355242423, 'gamma': 0.016251731768160013, 'reg_alpha': 0.05694318384605021, 'reg_lambda': 1.0015081700474284, 'scale_pos_weight': 12.762776841667664, 'max_delta_step': 6}. Best is trial 327 with value: 0.27115690058646374.
[I 2026-02-26 13:49:09,633] Trial 382 pruned. 
[I 2026-02-26 13:50:22,200] Trial 383 finished with value: 0.2982602055573821 and parameters: {'n_estimators': 1859, 'learning_rate': 0.03933446730858217, 'max_depth': 10, 'min_child_weight': 1, 'subsample': 0.7911139491439876, 'colsample_bytree': 0.6469674397175921, 'gamma': 0.0334099665146482, 'reg_alpha': 2.628117504360865, 'reg_lambda': 1.0719097050773227, 'scale_pos_weight': 12.469369060408866, 'max_delta_step': 10}. Best is trial 327 with value: 0.27115690058646374.
[I 2026-02-26 13:51:04,612] Trial 384 pruned. 
[I 2026-02-26 13:51:34,169] Trial 385 pruned. 
[I 2026-02-26 13:51:57,985] Trial 386 pruned. 
[I 2026-02-26 13:52:25,016] Trial 387 finished with value: 0.2781014183223397 and parameters: {'n_estimators': 1975, 'learning_rate': 0.15664923992843818, 'max_depth': 10, 'min_child_weight': 1, 'subsample': 0.7496511074370767, 'colsample_bytree': 0.6643563167851482, 'gamma': 0.02331979651569415, 'reg_alpha': 0.07995489792742569, 'reg_lambda': 1.160613561880978, 'scale_pos_weight': 12.000160815676756, 'max_delta_step': 8}. Best is trial 327 with value: 0.27115690058646374.
[I 2026-02-26 13:52:50,951] Trial 388 finished with value: 0.2812558052958867 and parameters: {'n_estimators': 1805, 'learning_rate': 0.1725289665276157, 'max_depth': 10, 'min_child_weight': 1, 'subsample': 0.7871323226954577, 'colsample_bytree': 0.6763019485163493, 'gamma': 0.006241464699781035, 'reg_alpha': 0.7057462495044444, 'reg_lambda': 0.0012978590235343884, 'scale_pos_weight': 12.499578607619481, 'max_delta_step': 5}. Best is trial 327 with value: 0.27115690058646374.
[I 2026-02-26 13:53:13,828] Trial 389 pruned. 
[I 2026-02-26 13:53:37,336] Trial 390 pruned. 
[I 2026-02-26 13:53:57,157] Trial 391 pruned. 
[I 2026-02-26 13:54:20,768] Trial 392 pruned. 
[I 2026-02-26 13:54:45,095] Trial 393 finished with value: 0.2768247264608964 and parameters: {'n_estimators': 1977, 'learning_rate': 0.1662799392819165, 'max_depth': 10, 'min_child_weight': 1, 'subsample': 0.7435527720510039, 'colsample_bytree': 0.6402270339125394, 'gamma': 0.3067390974911049, 'reg_alpha': 1.7876342270207861, 'reg_lambda': 0.9478533776340767, 'scale_pos_weight': 12.007789961661938, 'max_delta_step': 9}. Best is trial 327 with value: 0.27115690058646374.
[I 2026-02-26 13:55:03,727] Trial 394 pruned. 
[I 2026-02-26 13:55:27,549] Trial 395 pruned. 
[I 2026-02-26 13:55:45,996] Trial 396 pruned. 
[I 2026-02-26 13:56:11,668] Trial 397 pruned. 
[I 2026-02-26 13:56:38,432] Trial 398 finished with value: 0.2776261826760021 and parameters: {'n_estimators': 1762, 'learning_rate': 0.1871684628800936, 'max_depth': 9, 'min_child_weight': 1, 'subsample': 0.7939016058276027, 'colsample_bytree': 0.7270931505468298, 'gamma': 0.0024404814510413054, 'reg_alpha': 0.023651700879107264, 'reg_lambda': 0.8385703981587505, 'scale_pos_weight': 12.38704351415731, 'max_delta_step': 9}. Best is trial 327 with value: 0.27115690058646374.
[I 2026-02-26 13:57:02,340] Trial 399 finished with value: 0.28932255031439136 and parameters: {'n_estimators': 1849, 'learning_rate': 0.18324363087871767, 'max_depth': 10, 'min_child_weight': 1, 'subsample': 0.747271826849804, 'colsample_bytree': 0.6928484171491714, 'gamma': 0.03724603149563061, 'reg_alpha': 0.30502498825469376, 'reg_lambda': 1.680824416537288, 'scale_pos_weight': 13.453399165619654, 'max_delta_step': 10}. Best is trial 327 with value: 0.27115690058646374.
[I 2026-02-26 13:57:31,624] Trial 400 pruned. 
[I 2026-02-26 13:57:56,240] Trial 401 finished with value: 0.285286569706889 and parameters: {'n_estimators': 1892, 'learning_rate': 0.17843595497876782, 'max_depth': 10, 'min_child_weight': 1, 'subsample': 0.7275276341069729, 'colsample_bytree': 0.6749528517788914, 'gamma': 0.02904823242739147, 'reg_alpha': 0.030252819782171494, 'reg_lambda': 1.0071278944887307, 'scale_pos_weight': 12.881494403925885, 'max_delta_step': 10}. Best is trial 327 with value: 0.27115690058646374.
[I 2026-02-26 13:58:17,767] Trial 402 finished with value: 0.2812283213482053 and parameters: {'n_estimators': 1949, 'learning_rate': 0.18859113926697993, 'max_depth': 9, 'min_child_weight': 1, 'subsample': 0.7747941192484783, 'colsample_bytree': 0.6290679292679054, 'gamma': 0.0107101048628131, 'reg_alpha': 3.4645760566489487, 'reg_lambda': 0.5115044005284786, 'scale_pos_weight': 12.3928714654281, 'max_delta_step': 10}. Best is trial 327 with value: 0.27115690058646374.
[I 2026-02-26 13:58:44,800] Trial 403 pruned. 
[I 2026-02-26 13:59:13,985] Trial 404 pruned. 
[I 2026-02-26 13:59:31,951] Trial 405 finished with value: 0.2841745991235557 and parameters: {'n_estimators': 1869, 'learning_rate': 0.18060631134959218, 'max_depth': 10, 'min_child_weight': 1, 'subsample': 0.7855252374238164, 'colsample_bytree': 0.6596111799826818, 'gamma': 0.00391751774240601, 'reg_alpha': 0.06912019615050226, 'reg_lambda': 1.4333162853604855, 'scale_pos_weight': 12.898125313218916, 'max_delta_step': 9}. Best is trial 327 with value: 0.27115690058646374.
[I 2026-02-26 13:59:57,530] Trial 406 pruned. 
[I 2026-02-26 14:00:23,511] Trial 407 finished with value: 0.27444630266648035 and parameters: {'n_estimators': 1912, 'learning_rate': 0.16090895920955717, 'max_depth': 10, 'min_child_weight': 1, 'subsample': 0.7373327262918362, 'colsample_bytree': 0.699076217587648, 'gamma': 0.01484715012627111, 'reg_alpha': 0.11209911007035517, 'reg_lambda': 2.182791237995884, 'scale_pos_weight': 12.013484191674227, 'max_delta_step': 9}. Best is trial 327 with value: 0.27115690058646374.
[I 2026-02-26 14:00:57,984] Trial 408 pruned. 
[I 2026-02-26 14:01:15,860] Trial 409 pruned. 
[I 2026-02-26 14:01:49,435] Trial 410 pruned. 
[I 2026-02-26 14:02:07,243] Trial 411 finished with value: 0.2841822107121935 and parameters: {'n_estimators': 1945, 'learning_rate': 0.172624317048871, 'max_depth': 10, 'min_child_weight': 1, 'subsample': 0.7449191950603726, 'colsample_bytree': 0.661231979896742, 'gamma': 0.016166932685994166, 'reg_alpha': 0.09143295676393866, 'reg_lambda': 2.0375371967068974, 'scale_pos_weight': 12.769466874502596, 'max_delta_step': 9}. Best is trial 327 with value: 0.27115690058646374.
[I 2026-02-26 14:02:34,926] Trial 412 pruned. 
[I 2026-02-26 14:02:58,909] Trial 413 finished with value: 0.28495308704574823 and parameters: {'n_estimators': 1961, 'learning_rate': 0.19332023436110637, 'max_depth': 10, 'min_child_weight': 1, 'subsample': 0.7519949637177256, 'colsample_bytree': 0.6991712688139814, 'gamma': 0.003036916809812649, 'reg_alpha': 0.07719010882842603, 'reg_lambda': 2.6764218070346226, 'scale_pos_weight': 13.317122779102663, 'max_delta_step': 10}. Best is trial 327 with value: 0.27115690058646374.
[I 2026-02-26 14:03:24,954] Trial 414 pruned. 
[I 2026-02-26 14:03:46,181] Trial 415 pruned. 
[I 2026-02-26 14:04:38,769] Trial 416 finished with value: 0.29412805684420124 and parameters: {'n_estimators': 1974, 'learning_rate': 0.0680439902316186, 'max_depth': 9, 'min_child_weight': 1, 'subsample': 0.7530924216844719, 'colsample_bytree': 0.6494758835372558, 'gamma': 0.0144869230239899, 'reg_alpha': 0.09516348784863037, 'reg_lambda': 0.7234365001649763, 'scale_pos_weight': 12.440752674272796, 'max_delta_step': 10}. Best is trial 327 with value: 0.27115690058646374.
[I 2026-02-26 14:05:02,026] Trial 417 pruned. 
[I 2026-02-26 14:05:53,110] Trial 418 finished with value: 0.2959104911001994 and parameters: {'n_estimators': 2000, 'learning_rate': 0.0582842839269855, 'max_depth': 9, 'min_child_weight': 1, 'subsample': 0.7297763789497355, 'colsample_bytree': 0.6895643388011, 'gamma': 0.018275766873928522, 'reg_alpha': 0.04617431216916906, 'reg_lambda': 0.5275239267638054, 'scale_pos_weight': 12.458686543725234, 'max_delta_step': 9}. Best is trial 327 with value: 0.27115690058646374.
[I 2026-02-26 14:06:10,600] Trial 419 finished with value: 0.2704356493705395 and parameters: {'n_estimators': 1924, 'learning_rate': 0.19991258528434705, 'max_depth': 10, 'min_child_weight': 1, 'subsample': 0.7503493410228762, 'colsample_bytree': 0.713298320102487, 'gamma': 0.03670185108822325, 'reg_alpha': 0.11245392119200166, 'reg_lambda': 0.7734763309283749, 'scale_pos_weight': 12.00626010919463, 'max_delta_step': 9}. Best is trial 419 with value: 0.2704356493705395.
[I 2026-02-26 14:06:25,949] Trial 420 pruned. 
[I 2026-02-26 14:06:49,132] Trial 421 finished with value: 0.2879443486233832 and parameters: {'n_estimators': 1917, 'learning_rate': 0.18677947677764611, 'max_depth': 10, 'min_child_weight': 1, 'subsample': 0.7672192379444532, 'colsample_bytree': 0.7167052158991631, 'gamma': 0.05607587767646195, 'reg_alpha': 0.05798241688732256, 'reg_lambda': 2.3771548146538937, 'scale_pos_weight': 13.549331168769104, 'max_delta_step': 9}. Best is trial 419 with value: 0.2704356493705395.
[I 2026-02-26 14:07:06,623] Trial 422 pruned. 
[I 2026-02-26 14:07:30,552] Trial 423 finished with value: 0.27567807377393955 and parameters: {'n_estimators': 1889, 'learning_rate': 0.17512207669030777, 'max_depth': 10, 'min_child_weight': 1, 'subsample': 0.7953157866856763, 'colsample_bytree': 0.7078714742651592, 'gamma': 0.048243840231847614, 'reg_alpha': 0.08000099028734216, 'reg_lambda': 0.7825512732988282, 'scale_pos_weight': 12.41029882140259, 'max_delta_step': 9}. Best is trial 419 with value: 0.2704356493705395.
[I 2026-02-26 14:07:54,648] Trial 424 finished with value: 0.2839364466502613 and parameters: {'n_estimators': 1801, 'learning_rate': 0.1647366633103927, 'max_depth': 10, 'min_child_weight': 1, 'subsample': 0.8011848520118566, 'colsample_bytree': 0.7154892761416234, 'gamma': 0.045881852586796924, 'reg_alpha': 0.12257916169989502, 'reg_lambda': 0.5585541079086737, 'scale_pos_weight': 13.070509970413427, 'max_delta_step': 9}. Best is trial 419 with value: 0.2704356493705395.
[I 2026-02-26 14:08:13,353] Trial 425 finished with value: 0.2794615315770406 and parameters: {'n_estimators': 1860, 'learning_rate': 0.16959522950331773, 'max_depth': 10, 'min_child_weight': 2, 'subsample': 0.7945128402024729, 'colsample_bytree': 0.7082043925855246, 'gamma': 0.05541274403179166, 'reg_alpha': 0.08326674566242302, 'reg_lambda': 0.7018336777419164, 'scale_pos_weight': 12.668765244508432, 'max_delta_step': 8}. Best is trial 419 with value: 0.2704356493705395.
[I 2026-02-26 14:08:36,328] Trial 426 pruned. 
[I 2026-02-26 14:08:58,218] Trial 427 finished with value: 0.2943165500119348 and parameters: {'n_estimators': 1845, 'learning_rate': 0.15940828489138734, 'max_depth': 10, 'min_child_weight': 1, 'subsample': 0.843310635238726, 'colsample_bytree': 0.7109733341809364, 'gamma': 0.0325799024871286, 'reg_alpha': 0.1551490698682754, 'reg_lambda': 0.604718186638674, 'scale_pos_weight': 13.813672548790382, 'max_delta_step': 9}. Best is trial 419 with value: 0.2704356493705395.
[I 2026-02-26 14:09:16,105] Trial 428 pruned. 
[I 2026-02-26 14:09:32,886] Trial 429 pruned. 
[I 2026-02-26 14:09:50,765] Trial 430 pruned. 
[I 2026-02-26 14:10:09,115] Trial 431 pruned. 
[I 2026-02-26 14:10:32,095] Trial 432 pruned. 
[I 2026-02-26 14:11:19,011] Trial 433 finished with value: 0.28985507576840497 and parameters: {'n_estimators': 1895, 'learning_rate': 0.04641900786041108, 'max_depth': 10, 'min_child_weight': 1, 'subsample': 0.7885632262713425, 'colsample_bytree': 0.7025457244720563, 'gamma': 0.03234874404581659, 'reg_alpha': 0.09335278954052231, 'reg_lambda': 0.16993847576119678, 'scale_pos_weight': 12.018638053152303, 'max_delta_step': 8}. Best is trial 419 with value: 0.2704356493705395.
[I 2026-02-26 14:11:31,903] Trial 434 pruned. 
[I 2026-02-26 14:12:00,813] Trial 435 pruned. 
[I 2026-02-26 14:12:23,645] Trial 436 finished with value: 0.2773670031613048 and parameters: {'n_estimators': 1915, 'learning_rate': 0.1743100795541499, 'max_depth': 10, 'min_child_weight': 1, 'subsample': 0.7938494603923649, 'colsample_bytree': 0.7101848865912533, 'gamma': 0.06651151288059047, 'reg_alpha': 0.06710290817838621, 'reg_lambda': 1.0919612280500068, 'scale_pos_weight': 12.455974453494457, 'max_delta_step': 9}. Best is trial 419 with value: 0.2704356493705395.
[I 2026-02-26 14:12:47,091] Trial 437 pruned. 
[I 2026-02-26 14:13:10,124] Trial 438 pruned. 
[I 2026-02-26 14:13:32,190] Trial 439 pruned. 
[I 2026-02-26 14:14:02,086] Trial 440 finished with value: 0.2819689004088034 and parameters: {'n_estimators': 1936, 'learning_rate': 0.11616401973381221, 'max_depth': 10, 'min_child_weight': 1, 'subsample': 0.9626025872233678, 'colsample_bytree': 0.692257228133872, 'gamma': 0.04799119067618871, 'reg_alpha': 0.040530194513837485, 'reg_lambda': 1.2795418936693668, 'scale_pos_weight': 12.000275595823368, 'max_delta_step': 7}. Best is trial 419 with value: 0.2704356493705395.
[I 2026-02-26 14:14:19,775] Trial 441 pruned. 
[I 2026-02-26 14:14:37,297] Trial 442 pruned. 
[I 2026-02-26 14:15:00,475] Trial 443 pruned. 
[I 2026-02-26 14:15:24,227] Trial 444 finished with value: 0.28156960982006146 and parameters: {'n_estimators': 1830, 'learning_rate': 0.16954199634039607, 'max_depth': 10, 'min_child_weight': 1, 'subsample': 0.7714845813289397, 'colsample_bytree': 0.6644390320743658, 'gamma': 0.032959290216927783, 'reg_alpha': 0.11040879626928449, 'reg_lambda': 1.2712045069718159, 'scale_pos_weight': 12.430934955660138, 'max_delta_step': 10}. Best is trial 419 with value: 0.2704356493705395.
[I 2026-02-26 14:15:52,693] Trial 445 pruned. 
[I 2026-02-26 14:16:10,520] Trial 446 finished with value: 0.27998848492122075 and parameters: {'n_estimators': 1971, 'learning_rate': 0.18875965475958967, 'max_depth': 10, 'min_child_weight': 1, 'subsample': 0.7482451320910027, 'colsample_bytree': 0.7019942821378369, 'gamma': 0.02110870565651967, 'reg_alpha': 0.08999920810767453, 'reg_lambda': 1.5370250938201304, 'scale_pos_weight': 12.837937288604815, 'max_delta_step': 9}. Best is trial 419 with value: 0.2704356493705395.
[I 2026-02-26 14:16:27,848] Trial 447 pruned. 
[I 2026-02-26 14:17:14,539] Trial 448 finished with value: 0.29148991042828826 and parameters: {'n_estimators': 1868, 'learning_rate': 0.05185540532299462, 'max_depth': 10, 'min_child_weight': 1, 'subsample': 0.7876393664904381, 'colsample_bytree': 0.668651672423542, 'gamma': 0.0558306689872272, 'reg_alpha': 0.060883968223438285, 'reg_lambda': 0.49531404781863453, 'scale_pos_weight': 12.01342250477596, 'max_delta_step': 10}. Best is trial 419 with value: 0.2704356493705395.
[I 2026-02-26 14:18:28,506] Trial 449 finished with value: 0.3154638741447898 and parameters: {'n_estimators': 2000, 'learning_rate': 0.03390552250732572, 'max_depth': 10, 'min_child_weight': 1, 'subsample': 0.7231482777218944, 'colsample_bytree': 0.6920969068407034, 'gamma': 0.01257651304768317, 'reg_alpha': 0.07844845303877232, 'reg_lambda': 0.6965141401377063, 'scale_pos_weight': 13.923853074090532, 'max_delta_step': 9}. Best is trial 419 with value: 0.2704356493705395.
[I 2026-02-26 14:18:51,245] Trial 450 pruned. 
[I 2026-02-26 14:19:15,069] Trial 451 pruned. 
[I 2026-02-26 14:19:33,132] Trial 452 pruned. 
[I 2026-02-26 14:20:08,999] Trial 453 pruned. 
[I 2026-02-26 14:20:33,528] Trial 454 finished with value: 0.2764415108844972 and parameters: {'n_estimators': 595, 'learning_rate': 0.17068390266164157, 'max_depth': 10, 'min_child_weight': 1, 'subsample': 0.7974110204376673, 'colsample_bytree': 0.7188722419000331, 'gamma': 0.008703865135037772, 'reg_alpha': 0.014718649573441975, 'reg_lambda': 1.260143005878335, 'scale_pos_weight': 12.413798221594714, 'max_delta_step': 10}. Best is trial 419 with value: 0.2704356493705395.
[I 2026-02-26 14:21:06,509] Trial 455 pruned. 
[I 2026-02-26 14:21:25,419] Trial 456 pruned. 
[I 2026-02-26 14:21:52,051] Trial 457 finished with value: 0.2747663004469486 and parameters: {'n_estimators': 1017, 'learning_rate': 0.15726537906968985, 'max_depth': 10, 'min_child_weight': 2, 'subsample': 0.8084591047447668, 'colsample_bytree': 0.7494192738964279, 'gamma': 0.006551101946257533, 'reg_alpha': 0.03917614379949485, 'reg_lambda': 1.5304358120767796, 'scale_pos_weight': 12.010622850460702, 'max_delta_step': 10}. Best is trial 419 with value: 0.2704356493705395.
[I 2026-02-26 14:22:19,191] Trial 458 pruned. 
[I 2026-02-26 14:22:45,640] Trial 459 finished with value: 0.27505011072306884 and parameters: {'n_estimators': 1084, 'learning_rate': 0.15603141311973526, 'max_depth': 10, 'min_child_weight': 2, 'subsample': 0.8289148816742583, 'colsample_bytree': 0.7581861488739675, 'gamma': 0.006837781476086262, 'reg_alpha': 0.030107868532760082, 'reg_lambda': 2.3209843866573228, 'scale_pos_weight': 12.005057716618804, 'max_delta_step': 10}. Best is trial 419 with value: 0.2704356493705395.
[I 2026-02-26 14:23:11,235] Trial 460 finished with value: 0.27670686148788715 and parameters: {'n_estimators': 1972, 'learning_rate': 0.14404274611624715, 'max_depth': 10, 'min_child_weight': 2, 'subsample': 0.7683630300093828, 'colsample_bytree': 0.7523732563587292, 'gamma': 0.0074969445240291085, 'reg_alpha': 0.03025200684103685, 'reg_lambda': 2.370841103121719, 'scale_pos_weight': 12.016491599602787, 'max_delta_step': 10}. Best is trial 419 with value: 0.2704356493705395.
[I 2026-02-26 14:23:37,802] Trial 461 pruned. 
[I 2026-02-26 14:24:01,491] Trial 462 pruned. 
[I 2026-02-26 14:24:28,293] Trial 463 pruned. 
[I 2026-02-26 14:24:52,361] Trial 464 pruned. 
[I 2026-02-26 14:25:17,624] Trial 465 pruned. 
[I 2026-02-26 14:25:45,009] Trial 466 finished with value: 0.28273871353157165 and parameters: {'n_estimators': 997, 'learning_rate': 0.1387297629266791, 'max_depth': 10, 'min_child_weight': 1, 'subsample': 0.8316765727445035, 'colsample_bytree': 0.763312966745285, 'gamma': 0.004575705384828349, 'reg_alpha': 0.04660071675421082, 'reg_lambda': 2.403642130613958, 'scale_pos_weight': 12.433256004207816, 'max_delta_step': 8}. Best is trial 419 with value: 0.2704356493705395.
[I 2026-02-26 14:26:12,298] Trial 467 pruned. 
[I 2026-02-26 14:26:35,825] Trial 468 pruned. 
[I 2026-02-26 14:27:02,988] Trial 469 pruned. 
[I 2026-02-26 14:27:27,703] Trial 470 finished with value: 0.27576699412212025 and parameters: {'n_estimators': 1027, 'learning_rate': 0.16128907460590625, 'max_depth': 10, 'min_child_weight': 2, 'subsample': 0.8229758262854849, 'colsample_bytree': 0.7577117251337375, 'gamma': 0.00540774944502033, 'reg_alpha': 0.06144835082728893, 'reg_lambda': 2.1766093508026407, 'scale_pos_weight': 12.005519995317293, 'max_delta_step': 10}. Best is trial 419 with value: 0.2704356493705395.
[I 2026-02-26 14:27:53,276] Trial 471 finished with value: 0.2803248247492456 and parameters: {'n_estimators': 2000, 'learning_rate': 0.16566728584150292, 'max_depth': 10, 'min_child_weight': 2, 'subsample': 0.8190851308563968, 'colsample_bytree': 0.7735697666489938, 'gamma': 0.005077447452429256, 'reg_alpha': 0.05657226506551206, 'reg_lambda': 2.686946256271503, 'scale_pos_weight': 12.453355227792777, 'max_delta_step': 10}. Best is trial 419 with value: 0.2704356493705395.
