[I 2026-02-26 10:32:39,420] Trial 246 finished with value: 1.458562714374886 and parameters: {'n_estimators': 1029, 'learning_rate': 0.1766233529198602, 'max_depth': 9, 'min_child_weight': 10, 'subsample': 0.8214369457463834, 'colsample_bytree': 0.45744905607579983, 'gamma': 0.003921299636023074, 'reg_alpha': 0.03517680699558639, 'reg_lambda': 3.493728197694787, 'max_delta_step': 5, 'colsample_bynode': 0.5439870898257345}. Best is trial 13 with value: 1.4111112677552213.
[I 2026-02-26 10:32:40,137] Trial 247 pruned. 
[I 2026-02-26 10:32:40,818] Trial 248 pruned. 
[I 2026-02-26 10:32:41,561] Trial 249 finished with value: 1.435431521495755 and parameters: {'n_estimators': 3353, 'learning_rate': 0.23324214893375275, 'max_depth': 9, 'min_child_weight': 11, 'subsample': 0.8276350166075325, 'colsample_bytree': 0.4001892689912283, 'gamma': 0.0019693715438555883, 'reg_alpha': 0.11975329389986845, 'reg_lambda': 1.9240363807058158, 'max_delta_step': 5, 'colsample_bynode': 0.771509655578558}. Best is trial 13 with value: 1.4111112677552213.
[I 2026-02-26 10:32:42,045] Trial 250 pruned. 
[I 2026-02-26 10:32:42,689] Trial 251 finished with value: 1.4606582725471227 and parameters: {'n_estimators': 879, 'learning_rate': 0.19043512953196412, 'max_depth': 9, 'min_child_weight': 11, 'subsample': 0.8279981967728334, 'colsample_bytree': 0.4118435088321868, 'gamma': 0.002203557931560226, 'reg_alpha': 0.13357120428025535, 'reg_lambda': 1.8123930136749442, 'max_delta_step': 6, 'colsample_bynode': 0.7689289041930122}. Best is trial 13 with value: 1.4111112677552213.
[I 2026-02-26 10:32:43,211] Trial 252 pruned. 
[I 2026-02-26 10:32:43,683] Trial 253 pruned. 
[I 2026-02-26 10:32:44,221] Trial 254 pruned. 
[I 2026-02-26 10:32:44,744] Trial 255 pruned. 
[I 2026-02-26 10:32:45,374] Trial 256 pruned. 
[I 2026-02-26 10:32:45,835] Trial 257 pruned. 
[I 2026-02-26 10:32:46,496] Trial 258 finished with value: 1.4258820565850527 and parameters: {'n_estimators': 5730, 'learning_rate': 0.24926559994794562, 'max_depth': 9, 'min_child_weight': 11, 'subsample': 0.8061813782483757, 'colsample_bytree': 0.46880085498471047, 'gamma': 0.0019435651337918064, 'reg_alpha': 0.0036621263753248067, 'reg_lambda': 4.347918426481292, 'max_delta_step': 5, 'colsample_bynode': 0.8025123973409357}. Best is trial 13 with value: 1.4111112677552213.
[I 2026-02-26 10:32:47,068] Trial 259 pruned. 
[I 2026-02-26 10:32:47,739] Trial 260 pruned. 
[I 2026-02-26 10:32:48,208] Trial 261 pruned. 
[I 2026-02-26 10:32:48,743] Trial 262 pruned. 
[I 2026-02-26 10:32:49,115] Trial 263 pruned. 
[I 2026-02-26 10:32:49,780] Trial 264 pruned. 
[I 2026-02-26 10:32:50,281] Trial 265 pruned. 
[I 2026-02-26 10:32:51,413] Trial 266 pruned. 
[I 2026-02-26 10:32:51,999] Trial 267 pruned. 
[I 2026-02-26 10:32:52,699] Trial 268 pruned. 
[I 2026-02-26 10:32:53,160] Trial 269 pruned. 
[I 2026-02-26 10:32:53,809] Trial 270 pruned. 
[I 2026-02-26 10:32:54,243] Trial 271 pruned. 
[I 2026-02-26 10:32:54,804] Trial 272 pruned. 
[I 2026-02-26 10:32:55,508] Trial 273 pruned. 
[I 2026-02-26 10:32:56,100] Trial 274 finished with value: 1.4197549538116359 and parameters: {'n_estimators': 3208, 'learning_rate': 0.21386950002725677, 'max_depth': 7, 'min_child_weight': 12, 'subsample': 0.8193439609696137, 'colsample_bytree': 0.6068654975845256, 'gamma': 0.02227156248724637, 'reg_alpha': 0.0032797070650880033, 'reg_lambda': 0.12942093200711124, 'max_delta_step': 10, 'colsample_bynode': 0.5436403181786154}. Best is trial 13 with value: 1.4111112677552213.
[I 2026-02-26 10:32:56,631] Trial 275 pruned. 
[I 2026-02-26 10:32:57,315] Trial 276 pruned. 
[I 2026-02-26 10:32:57,782] Trial 277 pruned. 
[I 2026-02-26 10:32:58,288] Trial 278 pruned. 
[I 2026-02-26 10:32:58,882] Trial 279 pruned. 
[I 2026-02-26 10:32:59,378] Trial 280 pruned. 
[I 2026-02-26 10:32:59,929] Trial 281 pruned. 
[I 2026-02-26 10:33:00,462] Trial 282 pruned. 
[I 2026-02-26 10:33:01,266] Trial 283 pruned. 
[I 2026-02-26 10:33:01,837] Trial 284 pruned. 
[I 2026-02-26 10:33:02,388] Trial 285 pruned. 
[I 2026-02-26 10:33:03,057] Trial 286 finished with value: 1.4123406114833288 and parameters: {'n_estimators': 4616, 'learning_rate': 0.21119447388741192, 'max_depth': 8, 'min_child_weight': 12, 'subsample': 0.9077899157420415, 'colsample_bytree': 0.7109122190923006, 'gamma': 0.9017423050347046, 'reg_alpha': 0.0015764236012598626, 'reg_lambda': 0.08432165960520666, 'max_delta_step': 5, 'colsample_bynode': 0.5666866678384248}. Best is trial 13 with value: 1.4111112677552213.
[I 2026-02-26 10:33:03,491] Trial 287 pruned. 
[I 2026-02-26 10:33:03,881] Trial 288 pruned. 
[I 2026-02-26 10:33:04,362] Trial 289 pruned. 
[I 2026-02-26 10:33:05,026] Trial 290 pruned. 
[I 2026-02-26 10:33:05,654] Trial 291 pruned. 
[I 2026-02-26 10:33:06,049] Trial 292 pruned. 
[I 2026-02-26 10:33:06,468] Trial 293 pruned. 
[I 2026-02-26 10:33:06,867] Trial 294 pruned. 
[I 2026-02-26 10:33:07,258] Trial 295 pruned. 
[I 2026-02-26 10:33:07,591] Trial 296 pruned. 
[I 2026-02-26 10:33:08,095] Trial 297 pruned. 
[I 2026-02-26 10:33:08,465] Trial 298 pruned. 
[I 2026-02-26 10:33:08,899] Trial 299 pruned. 
[I 2026-02-26 10:33:09,530] Trial 300 pruned. 
[I 2026-02-26 10:33:10,025] Trial 301 pruned. 
[I 2026-02-26 10:33:10,411] Trial 302 pruned. 
[I 2026-02-26 10:33:11,330] Trial 303 pruned. 
[I 2026-02-26 10:33:11,899] Trial 304 pruned. 
[I 2026-02-26 10:33:12,549] Trial 305 pruned. 
[I 2026-02-26 10:33:13,013] Trial 306 pruned. 
[I 2026-02-26 10:33:13,641] Trial 307 pruned. 
[I 2026-02-26 10:33:14,053] Trial 308 pruned. 
[I 2026-02-26 10:33:14,651] Trial 309 pruned. 
[I 2026-02-26 10:33:15,348] Trial 310 finished with value: 1.460020907946398 and parameters: {'n_estimators': 5143, 'learning_rate': 0.16589715469485147, 'max_depth': 9, 'min_child_weight': 11, 'subsample': 0.9524750293473481, 'colsample_bytree': 0.4302939243164125, 'gamma': 0.06449012930279643, 'reg_alpha': 0.0037829161392240016, 'reg_lambda': 0.0011914912898187441, 'max_delta_step': 6, 'colsample_bynode': 0.8983262566695485}. Best is trial 13 with value: 1.4111112677552213.
[I 2026-02-26 10:33:15,897] Trial 311 pruned. 
[I 2026-02-26 10:33:16,379] Trial 312 pruned. 
[I 2026-02-26 10:33:16,918] Trial 313 pruned. 
[I 2026-02-26 10:33:17,478] Trial 314 pruned. 
[I 2026-02-26 10:33:17,951] Trial 315 pruned. 
[I 2026-02-26 10:33:18,432] Trial 316 finished with value: 1.4317989036936634 and parameters: {'n_estimators': 3130, 'learning_rate': 0.21209668898299883, 'max_depth': 9, 'min_child_weight': 12, 'subsample': 0.6498484303496493, 'colsample_bytree': 0.5555061798813963, 'gamma': 1.9178780942749485, 'reg_alpha': 0.002866150800289536, 'reg_lambda': 1.3893093069251599, 'max_delta_step': 3, 'colsample_bynode': 0.6505806938840055}. Best is trial 13 with value: 1.4111112677552213.
[I 2026-02-26 10:33:18,932] Trial 317 pruned. 
[I 2026-02-26 10:33:19,288] Trial 318 pruned. 
[I 2026-02-26 10:33:19,739] Trial 319 finished with value: 1.4440040712572704 and parameters: {'n_estimators': 3100, 'learning_rate': 0.19759150504944967, 'max_depth': 9, 'min_child_weight': 12, 'subsample': 0.6500478634139417, 'colsample_bytree': 0.5209557324827788, 'gamma': 2.9714436812191174, 'reg_alpha': 0.0019047082720476964, 'reg_lambda': 0.14477944220357591, 'max_delta_step': 3, 'colsample_bynode': 0.6322140330887946}. Best is trial 13 with value: 1.4111112677552213.
[I 2026-02-26 10:33:20,129] Trial 320 pruned. 
[I 2026-02-26 10:33:20,518] Trial 321 pruned. 
[I 2026-02-26 10:33:21,026] Trial 322 finished with value: 1.4541874161689203 and parameters: {'n_estimators': 5731, 'learning_rate': 0.18405115837503935, 'max_depth': 9, 'min_child_weight': 12, 'subsample': 0.8290600250520224, 'colsample_bytree': 0.5356856141617308, 'gamma': 2.049405198840256, 'reg_alpha': 0.0021016375874489406, 'reg_lambda': 1.3852143881016434, 'max_delta_step': 1, 'colsample_bynode': 0.6500392152739516}. Best is trial 13 with value: 1.4111112677552213.
[I 2026-02-26 10:33:21,883] Trial 323 finished with value: 1.4989359403644096 and parameters: {'n_estimators': 4532, 'learning_rate': 0.06548208883773064, 'max_depth': 9, 'min_child_weight': 11, 'subsample': 0.6755818301638233, 'colsample_bytree': 0.6087520964849299, 'gamma': 0.00628009486487105, 'reg_alpha': 0.0010173261652565422, 'reg_lambda': 1.677573349979024, 'max_delta_step': 2, 'colsample_bynode': 0.5624538063731828}. Best is trial 13 with value: 1.4111112677552213.
[I 2026-02-26 10:33:22,310] Trial 324 pruned. 
[I 2026-02-26 10:33:22,775] Trial 325 pruned. 
[I 2026-02-26 10:33:23,325] Trial 326 pruned. 
[I 2026-02-26 10:33:23,698] Trial 327 pruned. 
[I 2026-02-26 10:33:24,359] Trial 328 pruned. 
[I 2026-02-26 10:33:24,992] Trial 329 finished with value: 1.4024215378205998 and parameters: {'n_estimators': 3013, 'learning_rate': 0.2348315588599837, 'max_depth': 7, 'min_child_weight': 12, 'subsample': 0.8205935422638998, 'colsample_bytree': 0.7511733271663779, 'gamma': 0.004185631053860794, 'reg_alpha': 0.002421449550002893, 'reg_lambda': 0.057729685574778505, 'max_delta_step': 5, 'colsample_bynode': 0.5463890533848925}. Best is trial 329 with value: 1.4024215378205998.
[I 2026-02-26 10:33:25,507] Trial 330 pruned. 
[I 2026-02-26 10:33:26,030] Trial 331 pruned. 
[I 2026-02-26 10:33:26,513] Trial 332 pruned. 
[I 2026-02-26 10:33:27,063] Trial 333 pruned. 
[I 2026-02-26 10:33:27,590] Trial 334 pruned. 
[I 2026-02-26 10:33:28,210] Trial 335 pruned. 
[I 2026-02-26 10:33:28,642] Trial 336 pruned. 
[I 2026-02-26 10:33:29,305] Trial 337 finished with value: 1.448737271498474 and parameters: {'n_estimators': 5183, 'learning_rate': 0.17527310612308403, 'max_depth': 8, 'min_child_weight': 11, 'subsample': 0.799242780914008, 'colsample_bytree': 0.6184204754075433, 'gamma': 0.002021318570819827, 'reg_alpha': 0.0015729248164424933, 'reg_lambda': 0.028104327378525397, 'max_delta_step': 6, 'colsample_bynode': 0.5270653349666894}. Best is trial 329 with value: 1.4024215378205998.
[I 2026-02-26 10:33:30,015] Trial 338 pruned. 
[I 2026-02-26 10:33:30,704] Trial 339 pruned. 
[I 2026-02-26 10:33:31,073] Trial 340 pruned. 
[I 2026-02-26 10:33:31,476] Trial 341 pruned. 
[I 2026-02-26 10:33:32,059] Trial 342 pruned. 
[I 2026-02-26 10:33:32,685] Trial 343 pruned. 
[I 2026-02-26 10:33:33,200] Trial 344 pruned. 
[I 2026-02-26 10:33:33,593] Trial 345 pruned. 
[I 2026-02-26 10:33:34,079] Trial 346 pruned. 
[I 2026-02-26 10:33:34,797] Trial 347 pruned. 
[I 2026-02-26 10:33:35,283] Trial 348 pruned. 
[I 2026-02-26 10:33:35,894] Trial 349 pruned. 
[I 2026-02-26 10:33:36,483] Trial 350 pruned. 
[I 2026-02-26 10:33:36,943] Trial 351 pruned. 
[I 2026-02-26 10:33:37,501] Trial 352 finished with value: 1.4876479881303992 and parameters: {'n_estimators': 4956, 'learning_rate': 0.09212386995153371, 'max_depth': 4, 'min_child_weight': 12, 'subsample': 0.828080069162467, 'colsample_bytree': 0.5488015748800753, 'gamma': 0.12577815577906656, 'reg_alpha': 0.001343762759195692, 'reg_lambda': 0.2996686212311749, 'max_delta_step': 6, 'colsample_bynode': 0.6000036209988527}. Best is trial 329 with value: 1.4024215378205998.
[I 2026-02-26 10:33:38,190] Trial 353 pruned. 
[I 2026-02-26 10:33:38,781] Trial 354 pruned. 
[I 2026-02-26 10:33:39,300] Trial 355 pruned. 
[I 2026-02-26 10:33:39,788] Trial 356 finished with value: 1.436307406819013 and parameters: {'n_estimators': 3491, 'learning_rate': 0.23474891259974337, 'max_depth': 5, 'min_child_weight': 11, 'subsample': 0.8104569013806145, 'colsample_bytree': 0.4430575104632681, 'gamma': 0.003928770124061938, 'reg_alpha': 0.0025104337909299178, 'reg_lambda': 3.274752161214806, 'max_delta_step': 5, 'colsample_bynode': 0.536931634055849}. Best is trial 329 with value: 1.4024215378205998.
[I 2026-02-26 10:33:40,198] Trial 357 pruned. 
[I 2026-02-26 10:33:40,792] Trial 358 finished with value: 1.4871792264927035 and parameters: {'n_estimators': 3420, 'learning_rate': 0.0988010108789778, 'max_depth': 5, 'min_child_weight': 12, 'subsample': 0.6990431000942454, 'colsample_bytree': 0.5256499273141593, 'gamma': 0.025568586529856035, 'reg_alpha': 0.002510807148737545, 'reg_lambda': 3.9570211775539375, 'max_delta_step': 5, 'colsample_bynode': 0.5207507765603615}. Best is trial 329 with value: 1.4024215378205998.
[I 2026-02-26 10:33:41,300] Trial 359 pruned. 
[I 2026-02-26 10:33:41,830] Trial 360 finished with value: 1.4166179543679154 and parameters: {'n_estimators': 3556, 'learning_rate': 0.2283980744469727, 'max_depth': 5, 'min_child_weight': 12, 'subsample': 0.8000655574490716, 'colsample_bytree': 0.7771401546918547, 'gamma': 0.006561705039051137, 'reg_alpha': 0.002345055313383542, 'reg_lambda': 5.322861703109384, 'max_delta_step': 7, 'colsample_bynode': 0.5354267705614832}. Best is trial 329 with value: 1.4024215378205998.
[I 2026-02-26 10:33:42,301] Trial 361 pruned. 
[I 2026-02-26 10:33:42,757] Trial 362 pruned. 
[I 2026-02-26 10:33:43,307] Trial 363 pruned. 
[I 2026-02-26 10:33:43,809] Trial 364 pruned. 
[I 2026-02-26 10:33:44,251] Trial 365 pruned. 
[I 2026-02-26 10:33:44,707] Trial 366 pruned. 
[I 2026-02-26 10:33:45,128] Trial 367 pruned. 
[I 2026-02-26 10:33:45,754] Trial 368 pruned. 
[I 2026-02-26 10:33:46,127] Trial 369 pruned. 
[I 2026-02-26 10:33:46,673] Trial 370 pruned. 
[I 2026-02-26 10:33:47,229] Trial 371 pruned. 
[I 2026-02-26 10:33:48,052] Trial 372 pruned. 
[I 2026-02-26 10:33:48,473] Trial 373 pruned. 
[I 2026-02-26 10:33:48,970] Trial 374 pruned. 
[I 2026-02-26 10:33:49,328] Trial 375 pruned. 
[I 2026-02-26 10:33:49,968] Trial 376 pruned. 
[I 2026-02-26 10:33:50,349] Trial 377 pruned. 
[I 2026-02-26 10:33:50,836] Trial 378 pruned. 
[I 2026-02-26 10:33:51,281] Trial 379 pruned. 
[I 2026-02-26 10:33:51,776] Trial 380 pruned. 
[I 2026-02-26 10:33:52,323] Trial 381 pruned. 
[I 2026-02-26 10:33:52,887] Trial 382 pruned. 
[I 2026-02-26 10:33:53,523] Trial 383 finished with value: 1.430530108984048 and parameters: {'n_estimators': 1589, 'learning_rate': 0.21466480955223452, 'max_depth': 7, 'min_child_weight': 9, 'subsample': 0.6239112007147959, 'colsample_bytree': 0.6862139893632878, 'gamma': 0.004465256548426763, 'reg_alpha': 0.0011883286056037369, 'reg_lambda': 2.7559427884236833, 'max_delta_step': 3, 'colsample_bynode': 0.5734269512157539}. Best is trial 329 with value: 1.4024215378205998.
[I 2026-02-26 10:33:54,046] Trial 384 pruned. 
[I 2026-02-26 10:33:54,587] Trial 385 pruned. 
[I 2026-02-26 10:33:55,107] Trial 386 pruned. 
[I 2026-02-26 10:33:55,686] Trial 387 pruned. 
[I 2026-02-26 10:33:56,278] Trial 388 pruned. 
[I 2026-02-26 10:33:56,827] Trial 389 pruned. 
[I 2026-02-26 10:33:57,381] Trial 390 pruned. 
[I 2026-02-26 10:33:57,962] Trial 391 pruned. 
[I 2026-02-26 10:33:58,407] Trial 392 pruned. 
[I 2026-02-26 10:33:58,944] Trial 393 pruned. 
[I 2026-02-26 10:33:59,451] Trial 394 pruned. 
[I 2026-02-26 10:33:59,908] Trial 395 pruned. 
[I 2026-02-26 10:34:00,511] Trial 396 finished with value: 1.432418316676976 and parameters: {'n_estimators': 1460, 'learning_rate': 0.20916928219944042, 'max_depth': 7, 'min_child_weight': 12, 'subsample': 0.639433428147561, 'colsample_bytree': 0.5035240316821984, 'gamma': 0.006066830068385465, 'reg_alpha': 1.4860509235932564, 'reg_lambda': 2.939318184264876, 'max_delta_step': 9, 'colsample_bynode': 0.5766715916763977}. Best is trial 329 with value: 1.4024215378205998.
[I 2026-02-26 10:34:01,120] Trial 397 finished with value: 1.4335057260387 and parameters: {'n_estimators': 1182, 'learning_rate': 0.21123842170839655, 'max_depth': 7, 'min_child_weight': 12, 'subsample': 0.6401914840495629, 'colsample_bytree': 0.5177010416016712, 'gamma': 0.00861834604581943, 'reg_alpha': 1.1581628796633507, 'reg_lambda': 2.8804042478318306, 'max_delta_step': 9, 'colsample_bynode': 0.5898643189827286}. Best is trial 329 with value: 1.4024215378205998.
[I 2026-02-26 10:34:01,733] Trial 398 pruned. 
[I 2026-02-26 10:34:02,329] Trial 399 finished with value: 1.4374796869420312 and parameters: {'n_estimators': 950, 'learning_rate': 0.21286154188638787, 'max_depth': 7, 'min_child_weight': 12, 'subsample': 0.6393557320647392, 'colsample_bytree': 0.5344406612822632, 'gamma': 0.00726467380281754, 'reg_alpha': 1.7013547931879527, 'reg_lambda': 3.4767355908417317, 'max_delta_step': 10, 'colsample_bynode': 0.6047932230612352}. Best is trial 329 with value: 1.4024215378205998.
[I 2026-02-26 10:34:02,813] Trial 400 pruned. 
[I 2026-02-26 10:34:03,371] Trial 401 finished with value: 1.4423473235853568 and parameters: {'n_estimators': 1396, 'learning_rate': 0.21845832812279722, 'max_depth': 7, 'min_child_weight': 12, 'subsample': 0.6150679328636314, 'colsample_bytree': 0.5227941504486571, 'gamma': 0.006738169893685394, 'reg_alpha': 1.1487515456779371, 'reg_lambda': 2.1752995471350327, 'max_delta_step': 10, 'colsample_bynode': 0.5878020198795457}. Best is trial 329 with value: 1.4024215378205998.
[I 2026-02-26 10:34:03,963] Trial 402 finished with value: 1.439818211603204 and parameters: {'n_estimators': 1483, 'learning_rate': 0.20912131135671647, 'max_depth': 7, 'min_child_weight': 12, 'subsample': 0.6349504801504972, 'colsample_bytree': 0.5674785145759941, 'gamma': 0.008604469893643161, 'reg_alpha': 2.163439720705821, 'reg_lambda': 3.02815465379832, 'max_delta_step': 9, 'colsample_bynode': 0.5794827679502896}. Best is trial 329 with value: 1.4024215378205998.
[I 2026-02-26 10:34:04,425] Trial 403 pruned. 
[I 2026-02-26 10:34:04,960] Trial 404 finished with value: 1.4269233709390856 and parameters: {'n_estimators': 1496, 'learning_rate': 0.22592663950670927, 'max_depth': 7, 'min_child_weight': 12, 'subsample': 0.6277268015920783, 'colsample_bytree': 0.5141816633009585, 'gamma': 0.016791146850438424, 'reg_alpha': 0.4470877593455916, 'reg_lambda': 5.644505857783229, 'max_delta_step': 9, 'colsample_bynode': 0.5989333913361096}. Best is trial 329 with value: 1.4024215378205998.
[I 2026-02-26 10:34:05,532] Trial 405 finished with value: 1.4313453791240376 and parameters: {'n_estimators': 1546, 'learning_rate': 0.22930609493282494, 'max_depth': 7, 'min_child_weight': 12, 'subsample': 0.6097360176005427, 'colsample_bytree': 0.49681333330320715, 'gamma': 0.01613424470459185, 'reg_alpha': 0.4604868866600047, 'reg_lambda': 6.614634077309952, 'max_delta_step': 8, 'colsample_bynode': 0.605402032579587}. Best is trial 329 with value: 1.4024215378205998.
[I 2026-02-26 10:34:06,341] Trial 406 pruned. 
[I 2026-02-26 10:34:06,780] Trial 407 pruned. 
[I 2026-02-26 10:34:07,257] Trial 408 pruned. 
[I 2026-02-26 10:34:07,734] Trial 409 pruned. 
[I 2026-02-26 10:34:08,329] Trial 410 finished with value: 1.4281960749090838 and parameters: {'n_estimators': 1423, 'learning_rate': 0.23679448198026665, 'max_depth': 7, 'min_child_weight': 12, 'subsample': 0.6214708921699613, 'colsample_bytree': 0.5290138031835872, 'gamma': 0.016413604150764614, 'reg_alpha': 0.571921128359866, 'reg_lambda': 6.979508933579143, 'max_delta_step': 8, 'colsample_bynode': 0.6045672019199407}. Best is trial 329 with value: 1.4024215378205998.
[I 2026-02-26 10:34:08,960] Trial 411 pruned. 
[I 2026-02-26 10:34:09,571] Trial 412 finished with value: 1.4294009806485235 and parameters: {'n_estimators': 1517, 'learning_rate': 0.23825845713727598, 'max_depth': 7, 'min_child_weight': 12, 'subsample': 0.9751298473756812, 'colsample_bytree': 0.5124934078441064, 'gamma': 0.02398303012510281, 'reg_alpha': 0.5392400482242726, 'reg_lambda': 8.678413104035423, 'max_delta_step': 8, 'colsample_bynode': 0.6010397828488621}. Best is trial 329 with value: 1.4024215378205998.
[I 2026-02-26 10:34:10,083] Trial 413 pruned. 
[I 2026-02-26 10:34:10,593] Trial 414 pruned. 
[I 2026-02-26 10:34:11,076] Trial 415 pruned. 
[I 2026-02-26 10:34:11,546] Trial 416 pruned. 
[I 2026-02-26 10:34:12,019] Trial 417 pruned. 
[I 2026-02-26 10:34:12,479] Trial 418 pruned. 
[I 2026-02-26 10:34:12,964] Trial 419 pruned. 
[I 2026-02-26 10:34:13,471] Trial 420 pruned. 
[I 2026-02-26 10:34:13,970] Trial 421 pruned. 
[I 2026-02-26 10:34:14,486] Trial 422 pruned. 
[I 2026-02-26 10:34:15,079] Trial 423 pruned. 
[I 2026-02-26 10:34:15,573] Trial 424 pruned. 
[I 2026-02-26 10:34:16,131] Trial 425 pruned. 
[I 2026-02-26 10:34:16,610] Trial 426 pruned. 
[I 2026-02-26 10:34:17,181] Trial 427 pruned. 
[I 2026-02-26 10:34:17,847] Trial 428 finished with value: 1.4107541144304596 and parameters: {'n_estimators': 5998, 'learning_rate': 0.21920807176939242, 'max_depth': 8, 'min_child_weight': 11, 'subsample': 0.9726863923456692, 'colsample_bytree': 0.7656699598092636, 'gamma': 0.03416699386257854, 'reg_alpha': 0.30662847233856094, 'reg_lambda': 6.6999543370567, 'max_delta_step': 8, 'colsample_bynode': 0.5958548665143979}. Best is trial 329 with value: 1.4024215378205998.
[I 2026-02-26 10:34:18,391] Trial 429 pruned. 
[I 2026-02-26 10:34:19,391] Trial 430 pruned. 
[I 2026-02-26 10:34:20,027] Trial 431 pruned. 
[I 2026-02-26 10:34:20,609] Trial 432 pruned. 
[I 2026-02-26 10:34:21,355] Trial 433 pruned. 
[I 2026-02-26 10:34:21,931] Trial 434 pruned. 
[I 2026-02-26 10:34:22,507] Trial 435 pruned. 
[I 2026-02-26 10:34:23,179] Trial 436 pruned. 
[I 2026-02-26 10:34:23,688] Trial 437 pruned. 
[I 2026-02-26 10:34:24,508] Trial 438 pruned. 
[I 2026-02-26 10:34:25,032] Trial 439 pruned. 
[I 2026-02-26 10:34:25,501] Trial 440 pruned. 
[I 2026-02-26 10:34:26,124] Trial 441 finished with value: 1.4234877959141121 and parameters: {'n_estimators': 5699, 'learning_rate': 0.23051124958129374, 'max_depth': 7, 'min_child_weight': 11, 'subsample': 0.6157943929256501, 'colsample_bytree': 0.49852528306143723, 'gamma': 0.031146422069570134, 'reg_alpha': 0.21720132139749204, 'reg_lambda': 8.05341976626411, 'max_delta_step': 4, 'colsample_bynode': 0.7650542880402607}. Best is trial 329 with value: 1.4024215378205998.
[I 2026-02-26 10:34:26,748] Trial 442 pruned. 
[I 2026-02-26 10:34:27,309] Trial 443 pruned. 
[I 2026-02-26 10:34:28,002] Trial 444 pruned. 
[I 2026-02-26 10:34:28,689] Trial 445 pruned. 
[I 2026-02-26 10:34:29,281] Trial 446 pruned. 
[I 2026-02-26 10:34:29,856] Trial 447 pruned. 
