Job started on tiger-02 at Thu 26 Feb 11:11:58 GMT 2026
CPUs: 16  MEM: 64000
CMD: python -m src.utils.tune_8_optuna --data_stage1 data/processed/output1.csv --task binary --model xgb --n_splits 5 --max_races 80 --n_trials 600 --seed 42 --early_stopping_rounds 50 --n_jobs 16 --timeout_sec 170000 --outdir runs/tuning_8_final
[I 2026-02-26 11:12:46,297] Trial 37 finished with value: 0.2835421976318876 and parameters: {'n_estimators': 813, 'learning_rate': 0.17688107099687028, 'max_depth': 6, 'min_child_weight': 1, 'subsample': 0.7225546882949233, 'colsample_bytree': 0.7600732107110671, 'gamma': 0.4115658932404453, 'reg_alpha': 0.001985685890464884, 'reg_lambda': 1.9526307671304435, 'scale_pos_weight': 12.055441701781868, 'max_delta_step': 9}. Best is trial 12 with value: 0.28252233125870213.
[I 2026-02-26 11:13:23,844] Trial 38 finished with value: 0.33322993595379063 and parameters: {'n_estimators': 770, 'learning_rate': 0.1803611724800372, 'max_depth': 6, 'min_child_weight': 1, 'subsample': 0.7273145000499233, 'colsample_bytree': 0.7400726897011416, 'gamma': 0.3136324105634704, 'reg_alpha': 0.002000655427806067, 'reg_lambda': 1.7155345596442801, 'scale_pos_weight': 16.604690828530543, 'max_delta_step': 10}. Best is trial 12 with value: 0.28252233125870213.
[I 2026-02-26 11:14:29,380] Trial 39 pruned. 
[I 2026-02-26 11:15:36,675] Trial 40 pruned. 
[I 2026-02-26 11:16:27,919] Trial 41 finished with value: 0.29629449291809057 and parameters: {'n_estimators': 1083, 'learning_rate': 0.15118067783009928, 'max_depth': 7, 'min_child_weight': 4, 'subsample': 0.651129729713056, 'colsample_bytree': 0.7666693521466093, 'gamma': 0.5554095854717577, 'reg_alpha': 0.0048974946636154626, 'reg_lambda': 6.2268833937624795, 'scale_pos_weight': 13.056658373562394, 'max_delta_step': 9}. Best is trial 12 with value: 0.28252233125870213.
[I 2026-02-26 11:17:22,378] Trial 42 pruned. 
[I 2026-02-26 11:17:56,470] Trial 43 finished with value: 0.2998126774646021 and parameters: {'n_estimators': 1822, 'learning_rate': 0.13591147143634427, 'max_depth': 7, 'min_child_weight': 2, 'subsample': 0.7166747297286397, 'colsample_bytree': 0.8419567534170533, 'gamma': 0.014393911773071366, 'reg_alpha': 0.8556206552812652, 'reg_lambda': 3.913450552030503, 'scale_pos_weight': 13.293657469407075, 'max_delta_step': 10}. Best is trial 12 with value: 0.28252233125870213.
[I 2026-02-26 11:18:17,753] Trial 44 finished with value: 0.29166505510802865 and parameters: {'n_estimators': 1498, 'learning_rate': 0.1977310608880335, 'max_depth': 10, 'min_child_weight': 6, 'subsample': 0.839814514046141, 'colsample_bytree': 0.717794217329414, 'gamma': 0.06050662284213024, 'reg_alpha': 0.002780272497890192, 'reg_lambda': 1.1265052363369326, 'scale_pos_weight': 13.622318810773946, 'max_delta_step': 7}. Best is trial 12 with value: 0.28252233125870213.
[I 2026-02-26 11:18:38,882] Trial 45 finished with value: 0.2813916539720262 and parameters: {'n_estimators': 1229, 'learning_rate': 0.17873593567092272, 'max_depth': 9, 'min_child_weight': 5, 'subsample': 0.652450227529522, 'colsample_bytree': 0.8761100125851727, 'gamma': 0.03780132455246613, 'reg_alpha': 0.01014592092074389, 'reg_lambda': 0.07131940991757789, 'scale_pos_weight': 12.04435302036413, 'max_delta_step': 1}. Best is trial 45 with value: 0.2813916539720262.
[I 2026-02-26 11:19:08,240] Trial 46 finished with value: 0.3416732134610845 and parameters: {'n_estimators': 685, 'learning_rate': 0.1820681872231091, 'max_depth': 9, 'min_child_weight': 4, 'subsample': 0.6744748522631034, 'colsample_bytree': 0.9180436917346161, 'gamma': 0.03767369769031395, 'reg_alpha': 0.009488041778555237, 'reg_lambda': 0.0757284969526157, 'scale_pos_weight': 17.159319425905096, 'max_delta_step': 1}. Best is trial 45 with value: 0.2813916539720262.
[I 2026-02-26 11:19:59,282] Trial 47 pruned. 
[I 2026-02-26 11:20:42,268] Trial 48 pruned. 
[I 2026-02-26 11:22:12,185] Trial 49 finished with value: 0.3109114446286531 and parameters: {'n_estimators': 992, 'learning_rate': 0.04098683586307505, 'max_depth': 9, 'min_child_weight': 12, 'subsample': 0.7423468509125428, 'colsample_bytree': 0.8325844628668236, 'gamma': 0.03381127202901754, 'reg_alpha': 0.005913034446843235, 'reg_lambda': 0.017546264076352732, 'scale_pos_weight': 13.39994841630903, 'max_delta_step': 5}. Best is trial 45 with value: 0.2813916539720262.
[I 2026-02-26 11:22:42,563] Trial 50 pruned. 
[I 2026-02-26 11:23:11,292] Trial 51 finished with value: 0.2775203634077322 and parameters: {'n_estimators': 1241, 'learning_rate': 0.1865555674856767, 'max_depth': 10, 'min_child_weight': 5, 'subsample': 0.6527648118172327, 'colsample_bytree': 0.8653459838176767, 'gamma': 0.04888880802822821, 'reg_alpha': 0.0030808409540961537, 'reg_lambda': 7.330424103662094, 'scale_pos_weight': 12.030652233665382, 'max_delta_step': 9}. Best is trial 51 with value: 0.2775203634077322.
[I 2026-02-26 11:23:36,779] Trial 52 finished with value: 0.2838959349477893 and parameters: {'n_estimators': 1258, 'learning_rate': 0.18046078678565453, 'max_depth': 10, 'min_child_weight': 5, 'subsample': 0.6890165446147091, 'colsample_bytree': 0.7487055874260808, 'gamma': 0.0492603057401847, 'reg_alpha': 0.003375374461210219, 'reg_lambda': 2.8500730556688314, 'scale_pos_weight': 12.860528426625041, 'max_delta_step': 8}. Best is trial 51 with value: 0.2775203634077322.
[I 2026-02-26 11:24:05,110] Trial 53 finished with value: 0.30010711236318827 and parameters: {'n_estimators': 1124, 'learning_rate': 0.1922913902996467, 'max_depth': 10, 'min_child_weight': 5, 'subsample': 0.6616872026825705, 'colsample_bytree': 0.8631413128032677, 'gamma': 0.030678679092019826, 'reg_alpha': 0.0015866050010068845, 'reg_lambda': 1.621254371389144, 'scale_pos_weight': 14.502885723413858, 'max_delta_step': 4}. Best is trial 51 with value: 0.2775203634077322.
[I 2026-02-26 11:24:32,051] Trial 54 finished with value: 0.2916227483207648 and parameters: {'n_estimators': 1463, 'learning_rate': 0.15794322488454332, 'max_depth': 9, 'min_child_weight': 7, 'subsample': 0.6216125177518831, 'colsample_bytree': 0.5499793738500008, 'gamma': 0.016828297954244193, 'reg_alpha': 0.007717800781578787, 'reg_lambda': 0.010368983094948622, 'scale_pos_weight': 12.872753677710092, 'max_delta_step': 10}. Best is trial 51 with value: 0.2775203634077322.
[I 2026-02-26 11:25:14,135] Trial 55 pruned. 
[I 2026-02-26 11:25:36,994] Trial 56 pruned. 
[I 2026-02-26 11:26:05,267] Trial 57 pruned. 
[I 2026-02-26 11:26:43,277] Trial 58 pruned. 
[I 2026-02-26 11:27:19,352] Trial 59 pruned. 
[I 2026-02-26 11:28:13,839] Trial 60 finished with value: 0.34229400644914715 and parameters: {'n_estimators': 1570, 'learning_rate': 0.07279699133465829, 'max_depth': 10, 'min_child_weight': 6, 'subsample': 0.6978556852852531, 'colsample_bytree': 0.46436433658735066, 'gamma': 0.43156407092197735, 'reg_alpha': 0.0010097450929039094, 'reg_lambda': 0.006295461269032428, 'scale_pos_weight': 16.36691837261284, 'max_delta_step': 8}. Best is trial 51 with value: 0.2775203634077322.
[I 2026-02-26 11:28:42,939] Trial 61 finished with value: 0.2840601862349018 and parameters: {'n_estimators': 1320, 'learning_rate': 0.16792977711188878, 'max_depth': 10, 'min_child_weight': 5, 'subsample': 0.6886769855861483, 'colsample_bytree': 0.7507367353747414, 'gamma': 0.05119793009252495, 'reg_alpha': 0.003330730501367384, 'reg_lambda': 2.9473962764487185, 'scale_pos_weight': 12.672541622882402, 'max_delta_step': 9}. Best is trial 51 with value: 0.2775203634077322.
[I 2026-02-26 11:29:06,631] Trial 62 pruned. 
[I 2026-02-26 11:29:42,347] Trial 63 pruned. 
[I 2026-02-26 11:30:03,854] Trial 64 pruned. 
[I 2026-02-26 11:30:40,356] Trial 65 pruned. 
[I 2026-02-26 11:31:05,320] Trial 66 pruned. 
[I 2026-02-26 11:32:12,141] Trial 67 pruned. 
[I 2026-02-26 11:34:21,423] Trial 68 pruned. 
[I 2026-02-26 11:34:54,939] Trial 69 pruned. 
[I 2026-02-26 11:35:21,728] Trial 70 pruned. 
[I 2026-02-26 11:35:49,292] Trial 71 finished with value: 0.2850911399191416 and parameters: {'n_estimators': 1314, 'learning_rate': 0.1642220150431039, 'max_depth': 10, 'min_child_weight': 5, 'subsample': 0.6891069130201419, 'colsample_bytree': 0.7623589305813866, 'gamma': 0.05455306532536324, 'reg_alpha': 0.0029887728097890967, 'reg_lambda': 3.4214708508166036, 'scale_pos_weight': 12.667814092750918, 'max_delta_step': 9}. Best is trial 51 with value: 0.2775203634077322.
[I 2026-02-26 11:36:16,652] Trial 72 finished with value: 0.29699484610995847 and parameters: {'n_estimators': 1262, 'learning_rate': 0.16842567629278532, 'max_depth': 10, 'min_child_weight': 4, 'subsample': 0.7119766188692859, 'colsample_bytree': 0.7492730746272311, 'gamma': 0.04342227182524667, 'reg_alpha': 0.0047306488272382775, 'reg_lambda': 2.724481237373246, 'scale_pos_weight': 13.66392415928592, 'max_delta_step': 9}. Best is trial 51 with value: 0.2775203634077322.
[I 2026-02-26 11:36:51,325] Trial 73 pruned. 
[I 2026-02-26 11:37:20,705] Trial 74 finished with value: 0.30635643477815716 and parameters: {'n_estimators': 1390, 'learning_rate': 0.15989717877429171, 'max_depth': 10, 'min_child_weight': 6, 'subsample': 0.6784105808644397, 'colsample_bytree': 0.7014704210910988, 'gamma': 0.05677284294379093, 'reg_alpha': 0.013794922605510738, 'reg_lambda': 2.702244779993404, 'scale_pos_weight': 14.43014617506109, 'max_delta_step': 5}. Best is trial 51 with value: 0.2775203634077322.
[I 2026-02-26 11:37:59,229] Trial 75 finished with value: 0.2943848352356341 and parameters: {'n_estimators': 1081, 'learning_rate': 0.17595181512037927, 'max_depth': 9, 'min_child_weight': 5, 'subsample': 0.6589046527856709, 'colsample_bytree': 0.8336675836213893, 'gamma': 0.12718394465672708, 'reg_alpha': 0.0013815327495349593, 'reg_lambda': 8.306993160860708, 'scale_pos_weight': 13.448835298030577, 'max_delta_step': 9}. Best is trial 51 with value: 0.2775203634077322.
[I 2026-02-26 11:38:26,057] Trial 76 pruned. 
[I 2026-02-26 11:39:00,742] Trial 77 pruned. 
[I 2026-02-26 11:39:19,826] Trial 78 pruned. 
[I 2026-02-26 11:40:06,395] Trial 79 pruned. 
[I 2026-02-26 11:40:30,796] Trial 80 finished with value: 0.3009773084620533 and parameters: {'n_estimators': 1764, 'learning_rate': 0.18865563232387794, 'max_depth': 9, 'min_child_weight': 7, 'subsample': 0.7325666399544324, 'colsample_bytree': 0.724426475987509, 'gamma': 0.06931094798476527, 'reg_alpha': 0.0037557956861359494, 'reg_lambda': 0.04328195510576294, 'scale_pos_weight': 14.08813432867538, 'max_delta_step': 7}. Best is trial 51 with value: 0.2775203634077322.
[I 2026-02-26 11:41:06,605] Trial 81 pruned. 
[I 2026-02-26 11:41:37,062] Trial 82 pruned. 
[I 2026-02-26 11:42:16,552] Trial 83 pruned. 
[I 2026-02-26 11:42:40,084] Trial 84 pruned. 
[I 2026-02-26 11:44:01,557] Trial 85 finished with value: 0.33798326800375833 and parameters: {'n_estimators': 1371, 'learning_rate': 0.03161304664079261, 'max_depth': 10, 'min_child_weight': 5, 'subsample': 0.6712234566499485, 'colsample_bytree': 0.8953082558131006, 'gamma': 0.035227570073908025, 'reg_alpha': 0.07149816079580869, 'reg_lambda': 0.0029124087137465866, 'scale_pos_weight': 15.499801555120548, 'max_delta_step': 9}. Best is trial 51 with value: 0.2775203634077322.
[I 2026-02-26 11:44:43,987] Trial 86 finished with value: 0.30001808743036007 and parameters: {'n_estimators': 840, 'learning_rate': 0.13673733384654285, 'max_depth': 9, 'min_child_weight': 6, 'subsample': 0.6491519768285415, 'colsample_bytree': 0.8394049850599896, 'gamma': 0.0521169791405243, 'reg_alpha': 0.002521107584874265, 'reg_lambda': 7.858485481410124, 'scale_pos_weight': 13.578834859375458, 'max_delta_step': 9}. Best is trial 51 with value: 0.2775203634077322.
[I 2026-02-26 11:46:12,126] Trial 87 pruned. 
[I 2026-02-26 11:46:46,804] Trial 88 finished with value: 0.2981811861858925 and parameters: {'n_estimators': 1935, 'learning_rate': 0.12314799914156256, 'max_depth': 10, 'min_child_weight': 4, 'subsample': 0.6868085396444419, 'colsample_bytree': 0.7949479509163235, 'gamma': 0.5277194929303504, 'reg_alpha': 0.0012082480180900374, 'reg_lambda': 2.983626071578218, 'scale_pos_weight': 13.167929921329208, 'max_delta_step': 10}. Best is trial 51 with value: 0.2775203634077322.
[I 2026-02-26 11:47:24,301] Trial 89 pruned. 
[I 2026-02-26 11:47:51,925] Trial 90 finished with value: 0.30552965342982863 and parameters: {'n_estimators': 1603, 'learning_rate': 0.17752278318559486, 'max_depth': 8, 'min_child_weight': 4, 'subsample': 0.655317530000645, 'colsample_bytree': 0.8060636856201536, 'gamma': 0.03192889450880431, 'reg_alpha': 0.0024091424065718096, 'reg_lambda': 0.012109880645910552, 'scale_pos_weight': 14.082954447492911, 'max_delta_step': 1}. Best is trial 51 with value: 0.2775203634077322.
[I 2026-02-26 11:48:20,824] Trial 91 finished with value: 0.2844508747550471 and parameters: {'n_estimators': 1319, 'learning_rate': 0.1652145261806232, 'max_depth': 10, 'min_child_weight': 5, 'subsample': 0.6921283470726167, 'colsample_bytree': 0.7602533072646399, 'gamma': 0.05666718706050824, 'reg_alpha': 0.0029615108514527756, 'reg_lambda': 3.3452028696378004, 'scale_pos_weight': 12.579941188922747, 'max_delta_step': 9}. Best is trial 51 with value: 0.2775203634077322.
[I 2026-02-26 11:48:51,160] Trial 92 pruned. 
[I 2026-02-26 11:49:23,104] Trial 93 finished with value: 0.2929162886358137 and parameters: {'n_estimators': 1329, 'learning_rate': 0.16363700842865794, 'max_depth': 10, 'min_child_weight': 5, 'subsample': 0.6720478943511246, 'colsample_bytree': 0.6868084621149808, 'gamma': 0.06587578135764095, 'reg_alpha': 0.004303962462437014, 'reg_lambda': 1.671258398426891, 'scale_pos_weight': 13.25820601469627, 'max_delta_step': 8}. Best is trial 51 with value: 0.2775203634077322.
[I 2026-02-26 11:49:54,950] Trial 94 finished with value: 0.28140257533827284 and parameters: {'n_estimators': 1244, 'learning_rate': 0.1442029753201156, 'max_depth': 10, 'min_child_weight': 5, 'subsample': 0.7585945224631175, 'colsample_bytree': 0.7110746223918643, 'gamma': 0.04110791371258853, 'reg_alpha': 0.006417226654393512, 'reg_lambda': 2.4551383109879175, 'scale_pos_weight': 12.022633485523453, 'max_delta_step': 10}. Best is trial 51 with value: 0.2775203634077322.
[I 2026-02-26 11:50:23,685] Trial 95 finished with value: 0.30360320489553827 and parameters: {'n_estimators': 1248, 'learning_rate': 0.14312879440554285, 'max_depth': 10, 'min_child_weight': 5, 'subsample': 0.769878837003536, 'colsample_bytree': 0.6582158480847476, 'gamma': 0.024321019743360553, 'reg_alpha': 0.006149141429896761, 'reg_lambda': 1.3488418074444593, 'scale_pos_weight': 13.964096706358035, 'max_delta_step': 10}. Best is trial 51 with value: 0.2775203634077322.
[I 2026-02-26 11:50:47,721] Trial 96 finished with value: 0.27945899042310823 and parameters: {'n_estimators': 1883, 'learning_rate': 0.17888171458272537, 'max_depth': 10, 'min_child_weight': 2, 'subsample': 0.7563662522923691, 'colsample_bytree': 0.7150477559810079, 'gamma': 0.04265846015410605, 'reg_alpha': 0.009144554227397463, 'reg_lambda': 0.8845846642900055, 'scale_pos_weight': 12.414215528778518, 'max_delta_step': 10}. Best is trial 51 with value: 0.2775203634077322.
[I 2026-02-26 11:51:11,507] Trial 97 finished with value: 0.28504690719806985 and parameters: {'n_estimators': 1998, 'learning_rate': 0.18014886541909866, 'max_depth': 10, 'min_child_weight': 1, 'subsample': 0.7851247877450761, 'colsample_bytree': 0.7163806600438529, 'gamma': 0.011499960628827115, 'reg_alpha': 0.011599395698355365, 'reg_lambda': 0.8655962368522695, 'scale_pos_weight': 13.11295305112425, 'max_delta_step': 10}. Best is trial 51 with value: 0.2775203634077322.
[I 2026-02-26 11:51:30,142] Trial 98 finished with value: 0.30177025642481886 and parameters: {'n_estimators': 1899, 'learning_rate': 0.1917236030486685, 'max_depth': 10, 'min_child_weight': 2, 'subsample': 0.821271547874337, 'colsample_bytree': 0.6156414988763927, 'gamma': 0.04225039664154325, 'reg_alpha': 0.008727198451284637, 'reg_lambda': 0.33665613228876845, 'scale_pos_weight': 14.69466791864044, 'max_delta_step': 10}. Best is trial 51 with value: 0.2775203634077322.
[I 2026-02-26 11:51:47,740] Trial 99 pruned. 
[I 2026-02-26 11:52:10,659] Trial 100 finished with value: 0.2966483250626661 and parameters: {'n_estimators': 1877, 'learning_rate': 0.15296996180196273, 'max_depth': 10, 'min_child_weight': 2, 'subsample': 0.7555647621539002, 'colsample_bytree': 0.6686988390202743, 'gamma': 0.016260532691959526, 'reg_alpha': 0.007446664482615419, 'reg_lambda': 0.47614373296830037, 'scale_pos_weight': 13.732834177777066, 'max_delta_step': 10}. Best is trial 51 with value: 0.2775203634077322.
[I 2026-02-26 11:52:33,508] Trial 101 finished with value: 0.2835981022977764 and parameters: {'n_estimators': 1789, 'learning_rate': 0.167076024583941, 'max_depth': 10, 'min_child_weight': 3, 'subsample': 0.7373442827705909, 'colsample_bytree': 0.7604805656170149, 'gamma': 0.03405215477791272, 'reg_alpha': 0.003396980053839423, 'reg_lambda': 2.255722214937169, 'scale_pos_weight': 12.546184817552954, 'max_delta_step': 9}. Best is trial 51 with value: 0.2775203634077322.
[I 2026-02-26 11:52:59,152] Trial 102 finished with value: 0.2905154595106458 and parameters: {'n_estimators': 1841, 'learning_rate': 0.15861308485217565, 'max_depth': 10, 'min_child_weight': 3, 'subsample': 0.7440095623617373, 'colsample_bytree': 0.736618695333482, 'gamma': 0.02839935968260942, 'reg_alpha': 0.005878135789571648, 'reg_lambda': 2.2065204155011227, 'scale_pos_weight': 13.068612350294659, 'max_delta_step': 9}. Best is trial 51 with value: 0.2775203634077322.
[I 2026-02-26 11:53:24,419] Trial 103 finished with value: 0.2794811908701161 and parameters: {'n_estimators': 1873, 'learning_rate': 0.18330452409746256, 'max_depth': 10, 'min_child_weight': 3, 'subsample': 0.7808045518282841, 'colsample_bytree': 0.7065272417989343, 'gamma': 0.03856653641851621, 'reg_alpha': 0.0038462423842457088, 'reg_lambda': 1.5808842605126514, 'scale_pos_weight': 12.404817478606208, 'max_delta_step': 10}. Best is trial 51 with value: 0.2775203634077322.
[I 2026-02-26 11:53:42,045] Trial 104 finished with value: 0.2793552990745313 and parameters: {'n_estimators': 1812, 'learning_rate': 0.18292117017995255, 'max_depth': 10, 'min_child_weight': 3, 'subsample': 0.7374902677408308, 'colsample_bytree': 0.6970140924812148, 'gamma': 0.03302837255938234, 'reg_alpha': 0.0021841316684847747, 'reg_lambda': 0.66162475544122, 'scale_pos_weight': 12.284044752111505, 'max_delta_step': 10}. Best is trial 51 with value: 0.2775203634077322.
[I 2026-02-26 11:53:58,907] Trial 105 finished with value: 0.27752107841869617 and parameters: {'n_estimators': 1777, 'learning_rate': 0.18503649651069837, 'max_depth': 10, 'min_child_weight': 3, 'subsample': 0.7912038608494114, 'colsample_bytree': 0.6943705264897005, 'gamma': 0.03659407887570106, 'reg_alpha': 0.004118442575283972, 'reg_lambda': 0.5524230671097183, 'scale_pos_weight': 12.33047731424567, 'max_delta_step': 10}. Best is trial 51 with value: 0.2775203634077322.
[I 2026-02-26 11:54:16,801] Trial 106 finished with value: 0.2769016425268268 and parameters: {'n_estimators': 1847, 'learning_rate': 0.18409888224776155, 'max_depth': 9, 'min_child_weight': 2, 'subsample': 0.7803278720783754, 'colsample_bytree': 0.6519892824204212, 'gamma': 0.02224003002485551, 'reg_alpha': 0.0022045881724995775, 'reg_lambda': 0.629944283705991, 'scale_pos_weight': 12.013152678548987, 'max_delta_step': 10}. Best is trial 106 with value: 0.2769016425268268.
[I 2026-02-26 11:54:39,019] Trial 107 finished with value: 0.29298603842873183 and parameters: {'n_estimators': 1853, 'learning_rate': 0.1877876552494212, 'max_depth': 9, 'min_child_weight': 2, 'subsample': 0.8058384720236093, 'colsample_bytree': 0.639102165136547, 'gamma': 0.02398979491225478, 'reg_alpha': 0.002232146744382109, 'reg_lambda': 0.5522628671636732, 'scale_pos_weight': 13.468565368764107, 'max_delta_step': 10}. Best is trial 106 with value: 0.2769016425268268.
[I 2026-02-26 11:55:07,476] Trial 108 pruned. 
[I 2026-02-26 11:56:33,876] Trial 109 finished with value: 0.32187529726000214 and parameters: {'n_estimators': 1696, 'learning_rate': 0.03610499117545118, 'max_depth': 9, 'min_child_weight': 3, 'subsample': 0.78902060729157, 'colsample_bytree': 0.6006440852374969, 'gamma': 0.008222220501666195, 'reg_alpha': 0.011870867652087105, 'reg_lambda': 0.41760920838384585, 'scale_pos_weight': 14.35005307507439, 'max_delta_step': 10}. Best is trial 106 with value: 0.2769016425268268.
[I 2026-02-26 11:56:52,320] Trial 110 pruned. 
[I 2026-02-26 11:57:20,522] Trial 111 finished with value: 0.27648092984335576 and parameters: {'n_estimators': 1816, 'learning_rate': 0.1772506132975076, 'max_depth': 8, 'min_child_weight': 1, 'subsample': 0.7567349620968693, 'colsample_bytree': 0.7038187536221601, 'gamma': 0.04013736043044675, 'reg_alpha': 0.0022035125907103, 'reg_lambda': 0.7611503203013373, 'scale_pos_weight': 12.002797383121814, 'max_delta_step': 10}. Best is trial 111 with value: 0.27648092984335576.
[I 2026-02-26 11:57:54,430] Trial 112 pruned. 
[I 2026-02-26 11:58:27,421] Trial 113 finished with value: 0.2822544595018813 and parameters: {'n_estimators': 1927, 'learning_rate': 0.18135038358591962, 'max_depth': 8, 'min_child_weight': 3, 'subsample': 0.7788101202986333, 'colsample_bytree': 0.7104173724684618, 'gamma': 0.03196693379347708, 'reg_alpha': 0.0071012765502778295, 'reg_lambda': 0.8220994736579413, 'scale_pos_weight': 12.358158197879398, 'max_delta_step': 10}. Best is trial 111 with value: 0.27648092984335576.
