[I 2026-02-26 14:28:12,292] Trial 472 finished with value: 0.28078982595387636 and parameters: {'n_estimators': 1890, 'learning_rate': 0.1570570288577532, 'max_depth': 10, 'min_child_weight': 2, 'subsample': 0.8295508819296242, 'colsample_bytree': 0.7038194047749018, 'gamma': 0.00558310631658236, 'reg_alpha': 0.04674880956900624, 'reg_lambda': 1.9773565491565703, 'scale_pos_weight': 12.454743216769081, 'max_delta_step': 10}. Best is trial 419 with value: 0.2704356493705395.
[I 2026-02-26 14:28:38,077] Trial 473 finished with value: 0.2878443257602493 and parameters: {'n_estimators': 956, 'learning_rate': 0.15867914986637527, 'max_depth': 9, 'min_child_weight': 2, 'subsample': 0.8158232484191732, 'colsample_bytree': 0.7573676287451514, 'gamma': 0.007742333824358495, 'reg_alpha': 0.07050732884678466, 'reg_lambda': 2.2257784591870986, 'scale_pos_weight': 13.007559730297423, 'max_delta_step': 10}. Best is trial 419 with value: 0.2704356493705395.
[I 2026-02-26 14:29:01,704] Trial 474 finished with value: 0.27606992897127147 and parameters: {'n_estimators': 1160, 'learning_rate': 0.15133162555852023, 'max_depth': 10, 'min_child_weight': 2, 'subsample': 0.8177851323510527, 'colsample_bytree': 0.7487626011742693, 'gamma': 0.004269466593021086, 'reg_alpha': 0.025765269135389846, 'reg_lambda': 3.479765817260478, 'scale_pos_weight': 12.004159539315424, 'max_delta_step': 2}. Best is trial 419 with value: 0.2704356493705395.
[I 2026-02-26 14:29:25,383] Trial 475 pruned. 
[I 2026-02-26 14:29:51,902] Trial 476 finished with value: 0.2829620342493208 and parameters: {'n_estimators': 1097, 'learning_rate': 0.16077187486900477, 'max_depth': 10, 'min_child_weight': 2, 'subsample': 0.8241558205781662, 'colsample_bytree': 0.7813623933295852, 'gamma': 0.004741327718919829, 'reg_alpha': 0.016580011889431753, 'reg_lambda': 1.7300076025462312, 'scale_pos_weight': 12.704253383358157, 'max_delta_step': 10}. Best is trial 419 with value: 0.2704356493705395.
[I 2026-02-26 14:30:21,198] Trial 477 pruned. 
[I 2026-02-26 14:30:47,920] Trial 478 pruned. 
[I 2026-02-26 14:31:13,997] Trial 479 finished with value: 0.27490558896796546 and parameters: {'n_estimators': 1087, 'learning_rate': 0.1997353247770702, 'max_depth': 9, 'min_child_weight': 2, 'subsample': 0.8100998329839868, 'colsample_bytree': 0.7329418788396544, 'gamma': 0.00570910781220904, 'reg_alpha': 0.0761842507955051, 'reg_lambda': 1.3390677928710244, 'scale_pos_weight': 12.418027228892914, 'max_delta_step': 10}. Best is trial 419 with value: 0.2704356493705395.
[I 2026-02-26 14:31:40,334] Trial 480 pruned. 
[I 2026-02-26 14:32:03,414] Trial 481 pruned. 
[I 2026-02-26 14:32:31,776] Trial 482 pruned. 
[I 2026-02-26 14:33:06,797] Trial 483 pruned. 
[I 2026-02-26 14:33:31,923] Trial 484 finished with value: 0.2854467389741185 and parameters: {'n_estimators': 1077, 'learning_rate': 0.18709708646139595, 'max_depth': 9, 'min_child_weight': 1, 'subsample': 0.809449064360476, 'colsample_bytree': 0.7276750265024309, 'gamma': 0.004064537370548898, 'reg_alpha': 0.10822367808748562, 'reg_lambda': 1.1371082697105905, 'scale_pos_weight': 13.197062601066822, 'max_delta_step': 10}. Best is trial 419 with value: 0.2704356493705395.
[I 2026-02-26 14:33:57,875] Trial 485 pruned. 
[I 2026-02-26 14:34:15,887] Trial 486 pruned. 
[I 2026-02-26 14:34:33,213] Trial 487 pruned. 
[I 2026-02-26 14:34:52,521] Trial 488 pruned. 
[I 2026-02-26 14:35:18,453] Trial 489 pruned. 
[I 2026-02-26 14:35:44,432] Trial 490 pruned. 
[I 2026-02-26 14:36:02,903] Trial 491 pruned. 
[I 2026-02-26 14:36:24,876] Trial 492 pruned. 
[I 2026-02-26 14:36:48,315] Trial 493 pruned. 
[I 2026-02-26 14:37:11,354] Trial 494 pruned. 
[I 2026-02-26 14:37:29,631] Trial 495 finished with value: 0.27702539428473877 and parameters: {'n_estimators': 475, 'learning_rate': 0.19261621253610503, 'max_depth': 9, 'min_child_weight': 1, 'subsample': 0.8132761149049021, 'colsample_bytree': 0.6964682564628962, 'gamma': 0.004512115862201612, 'reg_alpha': 0.040355974448609985, 'reg_lambda': 1.1299432455341054, 'scale_pos_weight': 12.448571204247111, 'max_delta_step': 10}. Best is trial 419 with value: 0.2704356493705395.
[I 2026-02-26 14:37:48,398] Trial 496 pruned. 
[I 2026-02-26 14:38:27,054] Trial 497 finished with value: 0.2976773842911192 and parameters: {'n_estimators': 1946, 'learning_rate': 0.09009570622566783, 'max_depth': 9, 'min_child_weight': 1, 'subsample': 0.7421648103924642, 'colsample_bytree': 0.6790482391598518, 'gamma': 0.02048643622062967, 'reg_alpha': 0.18380997797645662, 'reg_lambda': 1.2246586538821573, 'scale_pos_weight': 12.981842785670391, 'max_delta_step': 10}. Best is trial 419 with value: 0.2704356493705395.
[I 2026-02-26 14:38:55,759] Trial 498 pruned. 
[I 2026-02-26 14:39:16,762] Trial 499 pruned. 
[I 2026-02-26 14:39:43,239] Trial 500 pruned. 
[I 2026-02-26 14:40:18,516] Trial 501 finished with value: 0.28665683365544065 and parameters: {'n_estimators': 1873, 'learning_rate': 0.07995163962713038, 'max_depth': 10, 'min_child_weight': 2, 'subsample': 0.7949549282321592, 'colsample_bytree': 0.6690139280523643, 'gamma': 0.022641808962772483, 'reg_alpha': 0.08257228521953239, 'reg_lambda': 1.2492358269724952, 'scale_pos_weight': 12.013359697124178, 'max_delta_step': 10}. Best is trial 419 with value: 0.2704356493705395.
[I 2026-02-26 14:40:36,206] Trial 502 pruned. 
[I 2026-02-26 14:40:57,715] Trial 503 pruned. 
[I 2026-02-26 14:41:15,475] Trial 504 pruned. 
[I 2026-02-26 14:41:34,669] Trial 505 pruned. 
[I 2026-02-26 14:41:53,532] Trial 506 pruned. 
[I 2026-02-26 14:42:11,568] Trial 507 finished with value: 0.2826306326977474 and parameters: {'n_estimators': 1865, 'learning_rate': 0.17008355311825593, 'max_depth': 10, 'min_child_weight': 1, 'subsample': 0.8362521187638509, 'colsample_bytree': 0.7215704212895399, 'gamma': 0.02069855984388786, 'reg_alpha': 0.06762151022132662, 'reg_lambda': 0.9041386418253701, 'scale_pos_weight': 12.765669993983979, 'max_delta_step': 9}. Best is trial 419 with value: 0.2704356493705395.
[I 2026-02-26 14:42:29,480] Trial 508 pruned. 
[I 2026-02-26 14:42:52,090] Trial 509 pruned. 
[I 2026-02-26 14:43:10,600] Trial 510 finished with value: 0.2932694696659107 and parameters: {'n_estimators': 1910, 'learning_rate': 0.18103697759983453, 'max_depth': 10, 'min_child_weight': 1, 'subsample': 0.7783858289710313, 'colsample_bytree': 0.6136914700279045, 'gamma': 0.00730057905820693, 'reg_alpha': 0.07188808719880646, 'reg_lambda': 0.7431533666271206, 'scale_pos_weight': 13.63532230245357, 'max_delta_step': 9}. Best is trial 419 with value: 0.2704356493705395.
[I 2026-02-26 14:43:33,133] Trial 511 finished with value: 0.27967993440405625 and parameters: {'n_estimators': 1972, 'learning_rate': 0.1939996506802622, 'max_depth': 9, 'min_child_weight': 1, 'subsample': 0.7696321851591703, 'colsample_bytree': 0.696938196189307, 'gamma': 0.13748539112933328, 'reg_alpha': 0.0459237309926218, 'reg_lambda': 1.0369434169413634, 'scale_pos_weight': 12.740084810083479, 'max_delta_step': 10}. Best is trial 419 with value: 0.2704356493705395.
[I 2026-02-26 14:43:52,313] Trial 512 pruned. 
[I 2026-02-26 14:44:21,904] Trial 513 pruned. 
[I 2026-02-26 14:44:45,167] Trial 514 finished with value: 0.2855971077143796 and parameters: {'n_estimators': 1091, 'learning_rate': 0.18844750826679513, 'max_depth': 10, 'min_child_weight': 1, 'subsample': 0.8205197244512548, 'colsample_bytree': 0.7172088747471486, 'gamma': 0.011842655001609845, 'reg_alpha': 0.135619838447006, 'reg_lambda': 2.948950743535589, 'scale_pos_weight': 13.229363349024997, 'max_delta_step': 10}. Best is trial 419 with value: 0.2704356493705395.
[I 2026-02-26 14:45:05,717] Trial 515 pruned. 
[I 2026-02-26 14:45:55,186] Trial 516 pruned. 
[I 2026-02-26 14:46:15,447] Trial 517 finished with value: 0.27970554750993243 and parameters: {'n_estimators': 1859, 'learning_rate': 0.18030780827228585, 'max_depth': 10, 'min_child_weight': 1, 'subsample': 0.7132421474777775, 'colsample_bytree': 0.6403815935554739, 'gamma': 0.015890259203152516, 'reg_alpha': 0.03783393031078396, 'reg_lambda': 1.0839405264742372, 'scale_pos_weight': 12.399329202272533, 'max_delta_step': 9}. Best is trial 419 with value: 0.2704356493705395.
[I 2026-02-26 14:46:33,269] Trial 518 pruned. 
[I 2026-02-26 14:46:54,850] Trial 519 pruned. 
[I 2026-02-26 14:47:17,878] Trial 520 finished with value: 0.27805524530119163 and parameters: {'n_estimators': 1841, 'learning_rate': 0.16744298559944853, 'max_depth': 10, 'min_child_weight': 1, 'subsample': 0.7989820556383439, 'colsample_bytree': 0.7258755627463872, 'gamma': 0.029083798422924995, 'reg_alpha': 0.0258895785802686, 'reg_lambda': 0.5462898773158085, 'scale_pos_weight': 12.4830249789949, 'max_delta_step': 9}. Best is trial 419 with value: 0.2704356493705395.
[I 2026-02-26 14:47:48,057] Trial 521 pruned. 
[I 2026-02-26 14:48:06,721] Trial 522 pruned. 
[I 2026-02-26 14:48:24,148] Trial 523 pruned. 
[I 2026-02-26 14:48:52,819] Trial 524 finished with value: 0.27506550521081174 and parameters: {'n_estimators': 1010, 'learning_rate': 0.1845968086060269, 'max_depth': 9, 'min_child_weight': 2, 'subsample': 0.7246596645564094, 'colsample_bytree': 0.6819565336670121, 'gamma': 0.041200818587214465, 'reg_alpha': 0.030957057104774772, 'reg_lambda': 1.4297292077702637, 'scale_pos_weight': 12.004956622087557, 'max_delta_step': 10}. Best is trial 419 with value: 0.2704356493705395.
[I 2026-02-26 14:49:19,786] Trial 525 pruned. 
[I 2026-02-26 14:49:46,048] Trial 526 finished with value: 0.2745985913030567 and parameters: {'n_estimators': 1018, 'learning_rate': 0.1820529434698025, 'max_depth': 9, 'min_child_weight': 2, 'subsample': 0.7298867800243862, 'colsample_bytree': 0.6924363428967367, 'gamma': 0.042578629347018185, 'reg_alpha': 0.031594455301700755, 'reg_lambda': 2.2706877477648524, 'scale_pos_weight': 12.004933871571435, 'max_delta_step': 10}. Best is trial 419 with value: 0.2704356493705395.
[I 2026-02-26 14:50:08,773] Trial 527 pruned. 
[I 2026-02-26 14:50:36,553] Trial 528 pruned. 
[I 2026-02-26 14:50:54,207] Trial 529 pruned. 
[I 2026-02-26 14:51:29,169] Trial 530 pruned. 
[I 2026-02-26 14:51:52,949] Trial 531 pruned. 
[I 2026-02-26 14:52:16,112] Trial 532 pruned. 
[I 2026-02-26 14:52:38,158] Trial 533 pruned. 
[I 2026-02-26 14:53:13,467] Trial 534 finished with value: 0.2810442062760269 and parameters: {'n_estimators': 1018, 'learning_rate': 0.10439994641350829, 'max_depth': 10, 'min_child_weight': 2, 'subsample': 0.7214025316325217, 'colsample_bytree': 0.7035861518358175, 'gamma': 0.08608113344514955, 'reg_alpha': 0.03814066856363106, 'reg_lambda': 1.6830218754777553, 'scale_pos_weight': 12.008407459805882, 'max_delta_step': 10}. Best is trial 419 with value: 0.2704356493705395.
[I 2026-02-26 14:53:39,654] Trial 535 pruned. 
[I 2026-02-26 14:54:02,330] Trial 536 pruned. 
[I 2026-02-26 14:54:31,242] Trial 537 pruned. 
[I 2026-02-26 14:55:05,753] Trial 538 pruned. 
[I 2026-02-26 14:55:49,513] Trial 539 pruned. 
[I 2026-02-26 14:56:22,946] Trial 540 pruned. 
[I 2026-02-26 14:56:45,661] Trial 541 pruned. 
[I 2026-02-26 14:57:08,709] Trial 542 finished with value: 0.28043266066094963 and parameters: {'n_estimators': 1048, 'learning_rate': 0.15591125715651696, 'max_depth': 10, 'min_child_weight': 2, 'subsample': 0.7071880670824243, 'colsample_bytree': 0.6850553368309241, 'gamma': 0.03499530778783176, 'reg_alpha': 0.03617167510664236, 'reg_lambda': 0.6049785078075843, 'scale_pos_weight': 12.426423745880623, 'max_delta_step': 10}. Best is trial 419 with value: 0.2704356493705395.
[I 2026-02-26 14:57:33,607] Trial 543 pruned. 
[I 2026-02-26 14:57:51,341] Trial 544 finished with value: 0.28337433535505474 and parameters: {'n_estimators': 684, 'learning_rate': 0.18958964315740712, 'max_depth': 10, 'min_child_weight': 2, 'subsample': 0.8137995827278514, 'colsample_bytree': 0.753811947602792, 'gamma': 0.03091899189729647, 'reg_alpha': 0.05126811499343755, 'reg_lambda': 1.921285039071207, 'scale_pos_weight': 13.107681060411808, 'max_delta_step': 9}. Best is trial 419 with value: 0.2704356493705395.
[I 2026-02-26 14:58:10,918] Trial 545 finished with value: 0.2754838980068654 and parameters: {'n_estimators': 1107, 'learning_rate': 0.1819655450386678, 'max_depth': 10, 'min_child_weight': 1, 'subsample': 0.8264924519155996, 'colsample_bytree': 0.6690928115811648, 'gamma': 0.018655370380188857, 'reg_alpha': 0.024117264938652426, 'reg_lambda': 0.036860546848172936, 'scale_pos_weight': 12.001401143622012, 'max_delta_step': 8}. Best is trial 419 with value: 0.2704356493705395.
[I 2026-02-26 14:58:28,761] Trial 546 pruned. 
[I 2026-02-26 14:58:50,966] Trial 547 pruned. 
[I 2026-02-26 14:59:16,438] Trial 548 finished with value: 0.2763224061298726 and parameters: {'n_estimators': 1122, 'learning_rate': 0.1859804836366328, 'max_depth': 9, 'min_child_weight': 2, 'subsample': 0.826015838747416, 'colsample_bytree': 0.6546593132514137, 'gamma': 0.016036243504208465, 'reg_alpha': 0.020830449914949853, 'reg_lambda': 1.6045086532289226, 'scale_pos_weight': 12.004262194546175, 'max_delta_step': 10}. Best is trial 419 with value: 0.2704356493705395.
[I 2026-02-26 14:59:33,960] Trial 549 finished with value: 0.2732640733320101 and parameters: {'n_estimators': 890, 'learning_rate': 0.19989391974973109, 'max_depth': 10, 'min_child_weight': 1, 'subsample': 0.8246956595534388, 'colsample_bytree': 0.6652841500110709, 'gamma': 0.011986934530977633, 'reg_alpha': 0.02531003633193633, 'reg_lambda': 0.035812224851131336, 'scale_pos_weight': 12.000741367307539, 'max_delta_step': 10}. Best is trial 419 with value: 0.2704356493705395.
[I 2026-02-26 14:59:51,781] Trial 550 pruned. 
[I 2026-02-26 15:00:09,159] Trial 551 finished with value: 0.2806034970348387 and parameters: {'n_estimators': 964, 'learning_rate': 0.19376063244923356, 'max_depth': 9, 'min_child_weight': 1, 'subsample': 0.8097845705790591, 'colsample_bytree': 0.6615469639225244, 'gamma': 0.01149874359754313, 'reg_alpha': 0.03342163183534058, 'reg_lambda': 1.736349033517207, 'scale_pos_weight': 12.472429423992661, 'max_delta_step': 10}. Best is trial 419 with value: 0.2704356493705395.
[I 2026-02-26 15:00:27,349] Trial 552 pruned. 
[I 2026-02-26 15:00:49,276] Trial 553 pruned. 
[I 2026-02-26 15:01:57,934] Trial 554 finished with value: 0.30034086032484614 and parameters: {'n_estimators': 893, 'learning_rate': 0.04976875798501413, 'max_depth': 9, 'min_child_weight': 2, 'subsample': 0.7418164856785872, 'colsample_bytree': 0.6624741617883785, 'gamma': 0.014558311409956342, 'reg_alpha': 0.04366962750412851, 'reg_lambda': 0.0240883101363391, 'scale_pos_weight': 12.731806029625863, 'max_delta_step': 10}. Best is trial 419 with value: 0.2704356493705395.
[I 2026-02-26 15:02:23,196] Trial 555 pruned. 
[I 2026-02-26 15:02:59,339] Trial 556 pruned. 
[I 2026-02-26 15:03:25,519] Trial 557 finished with value: 0.2915818786623352 and parameters: {'n_estimators': 867, 'learning_rate': 0.19285320703062847, 'max_depth': 9, 'min_child_weight': 1, 'subsample': 0.8202778718464697, 'colsample_bytree': 0.6415594370026872, 'gamma': 0.016953153187805714, 'reg_alpha': 0.01169423546435592, 'reg_lambda': 0.10181909489576794, 'scale_pos_weight': 13.63414470503943, 'max_delta_step': 10}. Best is trial 419 with value: 0.2704356493705395.
[I 2026-02-26 15:03:42,992] Trial 558 finished with value: 0.2752078945533504 and parameters: {'n_estimators': 801, 'learning_rate': 0.19996117052663162, 'max_depth': 10, 'min_child_weight': 1, 'subsample': 0.7365513329541594, 'colsample_bytree': 0.6938761253726766, 'gamma': 0.024436466040493755, 'reg_alpha': 0.023478015392688685, 'reg_lambda': 1.1323238025228328, 'scale_pos_weight': 12.405129109880445, 'max_delta_step': 10}. Best is trial 419 with value: 0.2704356493705395.
[I 2026-02-26 15:04:00,582] Trial 559 pruned. 
[I 2026-02-26 15:04:18,326] Trial 560 finished with value: 0.2873901475829877 and parameters: {'n_estimators': 852, 'learning_rate': 0.1955993043809381, 'max_depth': 10, 'min_child_weight': 3, 'subsample': 0.8513096641912619, 'colsample_bytree': 0.6753416568148859, 'gamma': 0.02351877103117441, 'reg_alpha': 0.018117508193972124, 'reg_lambda': 1.175353467783797, 'scale_pos_weight': 13.036263254169612, 'max_delta_step': 10}. Best is trial 419 with value: 0.2704356493705395.
[I 2026-02-26 15:04:39,142] Trial 561 pruned. 
[I 2026-02-26 15:04:56,828] Trial 562 pruned. 
[I 2026-02-26 15:05:13,899] Trial 563 pruned. 
[I 2026-02-26 15:05:36,342] Trial 564 finished with value: 0.28013778871949035 and parameters: {'n_estimators': 747, 'learning_rate': 0.18938038489853615, 'max_depth': 10, 'min_child_weight': 1, 'subsample': 0.7469287819916028, 'colsample_bytree': 0.6938073729162424, 'gamma': 0.027391591956105302, 'reg_alpha': 0.052980167437361926, 'reg_lambda': 0.04953761786711093, 'scale_pos_weight': 12.769930005742715, 'max_delta_step': 10}. Best is trial 419 with value: 0.2704356493705395.
[I 2026-02-26 15:05:53,353] Trial 565 finished with value: 0.27965021255094624 and parameters: {'n_estimators': 610, 'learning_rate': 0.18775936856367087, 'max_depth': 10, 'min_child_weight': 1, 'subsample': 0.7275376208520679, 'colsample_bytree': 0.6658298674746129, 'gamma': 0.022265801113918286, 'reg_alpha': 0.04235045741464347, 'reg_lambda': 0.05843854091378886, 'scale_pos_weight': 12.414545735987272, 'max_delta_step': 10}. Best is trial 419 with value: 0.2704356493705395.
[I 2026-02-26 15:06:11,023] Trial 566 pruned. 
[I 2026-02-26 15:06:28,855] Trial 567 pruned. 
[I 2026-02-26 15:06:52,969] Trial 568 finished with value: 0.2833383195089417 and parameters: {'n_estimators': 818, 'learning_rate': 0.18621897090221728, 'max_depth': 10, 'min_child_weight': 1, 'subsample': 0.7557224288859985, 'colsample_bytree': 0.624927247634851, 'gamma': 0.007521374966911392, 'reg_alpha': 0.02428870204239614, 'reg_lambda': 0.007639379362650006, 'scale_pos_weight': 12.458357068776394, 'max_delta_step': 1}. Best is trial 419 with value: 0.2704356493705395.
[I 2026-02-26 15:07:15,196] Trial 569 pruned. 
[I 2026-02-26 15:07:36,512] Trial 570 pruned. 
[I 2026-02-26 15:07:58,204] Trial 571 finished with value: 0.284685796653919 and parameters: {'n_estimators': 792, 'learning_rate': 0.18427831558849123, 'max_depth': 10, 'min_child_weight': 1, 'subsample': 0.7451001316319729, 'colsample_bytree': 0.6989306066127872, 'gamma': 0.02175930279785175, 'reg_alpha': 0.04744450299796484, 'reg_lambda': 1.2159700374728213, 'scale_pos_weight': 13.219655034154684, 'max_delta_step': 6}. Best is trial 419 with value: 0.2704356493705395.
[I 2026-02-26 15:08:20,491] Trial 572 pruned. 
[I 2026-02-26 15:08:37,776] Trial 573 pruned. 
[I 2026-02-26 15:09:19,407] Trial 574 pruned. 
[I 2026-02-26 15:09:42,782] Trial 575 pruned. 
[I 2026-02-26 15:10:01,123] Trial 576 finished with value: 0.27087044309547414 and parameters: {'n_estimators': 1303, 'learning_rate': 0.19241712210723816, 'max_depth': 10, 'min_child_weight': 1, 'subsample': 0.7432549178631793, 'colsample_bytree': 0.6996118216804207, 'gamma': 0.013974684437574918, 'reg_alpha': 0.06121252624670928, 'reg_lambda': 1.1969921281909872, 'scale_pos_weight': 12.01997957291519, 'max_delta_step': 10}. Best is trial 419 with value: 0.2704356493705395.
[I 2026-02-26 15:10:18,888] Trial 577 finished with value: 0.272921440924632 and parameters: {'n_estimators': 1401, 'learning_rate': 0.1824382760104508, 'max_depth': 10, 'min_child_weight': 1, 'subsample': 0.7529953243404482, 'colsample_bytree': 0.7035095197633372, 'gamma': 0.011198637180177962, 'reg_alpha': 0.056639362885679674, 'reg_lambda': 2.2453226577212724, 'scale_pos_weight': 12.01416621701674, 'max_delta_step': 9}. Best is trial 419 with value: 0.2704356493705395.
[I 2026-02-26 15:10:42,582] Trial 578 pruned. 
[I 2026-02-26 15:11:16,562] Trial 579 pruned. 
[I 2026-02-26 15:11:42,672] Trial 580 pruned. 
[I 2026-02-26 15:12:00,746] Trial 581 pruned. 
[I 2026-02-26 15:13:10,921] Trial 582 finished with value: 0.29136746899850885 and parameters: {'n_estimators': 1211, 'learning_rate': 0.042692283441887344, 'max_depth': 10, 'min_child_weight': 1, 'subsample': 0.7409498549534677, 'colsample_bytree': 0.7021278886713738, 'gamma': 0.23709166176909147, 'reg_alpha': 0.04684713213112823, 'reg_lambda': 1.9145441384250075, 'scale_pos_weight': 12.005524837027963, 'max_delta_step': 10}. Best is trial 419 with value: 0.2704356493705395.
[I 2026-02-26 15:13:34,474] Trial 583 pruned. 
[I 2026-02-26 15:13:58,765] Trial 584 pruned. 
[I 2026-02-26 15:14:23,496] Trial 585 finished with value: 0.27319555714143207 and parameters: {'n_estimators': 1426, 'learning_rate': 0.17053755449322539, 'max_depth': 10, 'min_child_weight': 1, 'subsample': 0.7304228422645196, 'colsample_bytree': 0.6959242204107372, 'gamma': 0.010540358580259226, 'reg_alpha': 0.003507312000950061, 'reg_lambda': 2.0698479371226433, 'scale_pos_weight': 12.00713919163295, 'max_delta_step': 9}. Best is trial 419 with value: 0.2704356493705395.
[I 2026-02-26 15:14:44,238] Trial 586 finished with value: 0.2848697065464534 and parameters: {'n_estimators': 1131, 'learning_rate': 0.15811319047741818, 'max_depth': 10, 'min_child_weight': 1, 'subsample': 0.7417451119096532, 'colsample_bytree': 0.7087090929601703, 'gamma': 0.010257938576376335, 'reg_alpha': 0.003403311050761828, 'reg_lambda': 2.0620626150171666, 'scale_pos_weight': 12.95146550205292, 'max_delta_step': 9}. Best is trial 419 with value: 0.2704356493705395.
[I 2026-02-26 15:15:10,506] Trial 587 pruned. 
[I 2026-02-26 15:15:28,670] Trial 588 pruned. 
[I 2026-02-26 15:15:58,650] Trial 589 pruned. 
[I 2026-02-26 15:16:25,889] Trial 590 pruned. 
[I 2026-02-26 15:16:44,089] Trial 591 pruned. 
