[I 2026-02-26 10:34:30,347] Trial 448 pruned. 
[I 2026-02-26 10:34:30,909] Trial 449 pruned. 
[I 2026-02-26 10:34:31,476] Trial 450 pruned. 
[I 2026-02-26 10:34:32,474] Trial 451 pruned. 
[I 2026-02-26 10:34:33,103] Trial 452 pruned. 
[I 2026-02-26 10:34:33,650] Trial 453 pruned. 
[I 2026-02-26 10:34:34,157] Trial 454 pruned. 
[I 2026-02-26 10:34:34,789] Trial 455 finished with value: 1.452456026092866 and parameters: {'n_estimators': 2013, 'learning_rate': 0.20599960363601785, 'max_depth': 7, 'min_child_weight': 11, 'subsample': 0.7360145291512172, 'colsample_bytree': 0.43606196911212747, 'gamma': 0.04623491453183414, 'reg_alpha': 0.18145985654448227, 'reg_lambda': 3.6510672427887427, 'max_delta_step': 4, 'colsample_bynode': 0.8164919040284109}. Best is trial 329 with value: 1.4024215378205998.
[I 2026-02-26 10:34:35,386] Trial 456 pruned. 
[I 2026-02-26 10:34:35,840] Trial 457 finished with value: 1.449260803377084 and parameters: {'n_estimators': 2896, 'learning_rate': 0.21924096725984865, 'max_depth': 3, 'min_child_weight': 11, 'subsample': 0.8193429792666888, 'colsample_bytree': 0.4777603985252639, 'gamma': 0.0023940593455789474, 'reg_alpha': 0.003670288887367727, 'reg_lambda': 0.07117955755341403, 'max_delta_step': 9, 'colsample_bynode': 0.5543111168273293}. Best is trial 329 with value: 1.4024215378205998.
[I 2026-02-26 10:34:36,776] Trial 458 pruned. 
[I 2026-02-26 10:34:37,298] Trial 459 pruned. 
[I 2026-02-26 10:34:37,875] Trial 460 pruned. 
[I 2026-02-26 10:34:38,522] Trial 461 pruned. 
[I 2026-02-26 10:34:39,165] Trial 462 pruned. 
[I 2026-02-26 10:34:39,787] Trial 463 pruned. 
[I 2026-02-26 10:34:40,367] Trial 464 finished with value: 1.4290703923177641 and parameters: {'n_estimators': 2509, 'learning_rate': 0.22904719884526353, 'max_depth': 9, 'min_child_weight': 12, 'subsample': 0.6128879686373878, 'colsample_bytree': 0.46070882966703447, 'gamma': 0.027082262629485748, 'reg_alpha': 0.0049355384884816255, 'reg_lambda': 0.05713251470624155, 'max_delta_step': 6, 'colsample_bynode': 0.7537208228429256}. Best is trial 329 with value: 1.4024215378205998.
[I 2026-02-26 10:34:40,830] Trial 465 pruned. 
[I 2026-02-26 10:34:41,321] Trial 466 pruned. 
[I 2026-02-26 10:34:41,848] Trial 467 pruned. 
[I 2026-02-26 10:34:42,705] Trial 468 finished with value: 1.4286701689631085 and parameters: {'n_estimators': 2493, 'learning_rate': 0.23989983151950398, 'max_depth': 9, 'min_child_weight': 12, 'subsample': 0.6139931404306791, 'colsample_bytree': 0.4883899402899793, 'gamma': 0.03790874825486065, 'reg_alpha': 0.004180714812954963, 'reg_lambda': 0.03664050850192603, 'max_delta_step': 6, 'colsample_bynode': 0.7464187271230777}. Best is trial 329 with value: 1.4024215378205998.
[I 2026-02-26 10:34:43,193] Trial 469 pruned. 
[I 2026-02-26 10:34:43,674] Trial 470 pruned. 
[I 2026-02-26 10:34:44,203] Trial 471 pruned. 
[I 2026-02-26 10:34:44,737] Trial 472 pruned. 
[I 2026-02-26 10:34:45,307] Trial 473 pruned. 
[I 2026-02-26 10:34:45,839] Trial 474 pruned. 
[I 2026-02-26 10:34:46,358] Trial 475 pruned. 
[I 2026-02-26 10:34:46,857] Trial 476 pruned. 
[I 2026-02-26 10:34:47,422] Trial 477 pruned. 
[I 2026-02-26 10:34:48,011] Trial 478 finished with value: 1.4262497272995698 and parameters: {'n_estimators': 2733, 'learning_rate': 0.22054580952297623, 'max_depth': 7, 'min_child_weight': 12, 'subsample': 0.6112297884732467, 'colsample_bytree': 0.5180791186854595, 'gamma': 0.018822194047625345, 'reg_alpha': 0.002419599626999761, 'reg_lambda': 0.025637054003135578, 'max_delta_step': 6, 'colsample_bynode': 0.748901268726983}. Best is trial 329 with value: 1.4024215378205998.
[I 2026-02-26 10:34:48,544] Trial 479 pruned. 
[I 2026-02-26 10:34:49,043] Trial 480 pruned. 
[I 2026-02-26 10:34:49,581] Trial 481 pruned. 
[I 2026-02-26 10:34:50,078] Trial 482 pruned. 
[I 2026-02-26 10:34:51,105] Trial 483 finished with value: 1.5169816915055283 and parameters: {'n_estimators': 2734, 'learning_rate': 0.023591585542365682, 'max_depth': 6, 'min_child_weight': 12, 'subsample': 0.611788875648468, 'colsample_bytree': 0.48980100975299923, 'gamma': 0.018287272512867297, 'reg_alpha': 0.0034150379199042215, 'reg_lambda': 0.013528788904308395, 'max_delta_step': 6, 'colsample_bynode': 0.753158458659592}. Best is trial 329 with value: 1.4024215378205998.
[I 2026-02-26 10:34:51,667] Trial 484 pruned. 
[I 2026-02-26 10:34:52,143] Trial 485 pruned. 
[I 2026-02-26 10:34:52,782] Trial 486 finished with value: 1.4293980852476127 and parameters: {'n_estimators': 2900, 'learning_rate': 0.21067094830573385, 'max_depth': 9, 'min_child_weight': 12, 'subsample': 0.617615461845339, 'colsample_bytree': 0.5051490127777245, 'gamma': 0.026998772693510042, 'reg_alpha': 0.0025327507069068888, 'reg_lambda': 0.026486339715843348, 'max_delta_step': 6, 'colsample_bynode': 0.7726309259385186}. Best is trial 329 with value: 1.4024215378205998.
[I 2026-02-26 10:34:53,316] Trial 487 pruned. 
[I 2026-02-26 10:34:53,909] Trial 488 finished with value: 1.4296017034867874 and parameters: {'n_estimators': 2770, 'learning_rate': 0.19960732388421837, 'max_depth': 7, 'min_child_weight': 12, 'subsample': 0.6118052578939226, 'colsample_bytree': 0.5191602147297019, 'gamma': 0.019222427336311174, 'reg_alpha': 0.0024413046603206016, 'reg_lambda': 0.008930371925333159, 'max_delta_step': 6, 'colsample_bynode': 0.790180827742849}. Best is trial 329 with value: 1.4024215378205998.
[I 2026-02-26 10:34:54,418] Trial 489 pruned. 
[I 2026-02-26 10:34:54,934] Trial 490 pruned. 
[I 2026-02-26 10:34:55,464] Trial 491 pruned. 
[I 2026-02-26 10:34:56,018] Trial 492 pruned. 
[I 2026-02-26 10:34:56,647] Trial 493 finished with value: 1.4246789512468636 and parameters: {'n_estimators': 2807, 'learning_rate': 0.1980476682473716, 'max_depth': 7, 'min_child_weight': 12, 'subsample': 0.6203919325634217, 'colsample_bytree': 0.4958140998238396, 'gamma': 0.02709231713978575, 'reg_alpha': 0.0021823364212846938, 'reg_lambda': 0.025771285057865568, 'max_delta_step': 6, 'colsample_bynode': 0.7907299972277915}. Best is trial 329 with value: 1.4024215378205998.
[I 2026-02-26 10:34:57,171] Trial 494 pruned. 
[I 2026-02-26 10:34:57,751] Trial 495 finished with value: 1.4393280065897927 and parameters: {'n_estimators': 2798, 'learning_rate': 0.19820116925799586, 'max_depth': 7, 'min_child_weight': 12, 'subsample': 0.6147094346334471, 'colsample_bytree': 0.4985480831675744, 'gamma': 0.02800611416133709, 'reg_alpha': 0.002373761912239463, 'reg_lambda': 0.004058789266597004, 'max_delta_step': 6, 'colsample_bynode': 0.7898039292635388}. Best is trial 329 with value: 1.4024215378205998.
[I 2026-02-26 10:34:58,245] Trial 496 pruned. 
[I 2026-02-26 10:34:58,742] Trial 497 pruned. 
[I 2026-02-26 10:34:59,305] Trial 498 pruned. 
[I 2026-02-26 10:34:59,816] Trial 499 pruned. 
[I 2026-02-26 10:35:00,360] Trial 500 pruned. 
[I 2026-02-26 10:35:00,884] Trial 501 pruned. 
[I 2026-02-26 10:35:01,423] Trial 502 finished with value: 1.4298079608489318 and parameters: {'n_estimators': 2517, 'learning_rate': 0.21993205069445784, 'max_depth': 3, 'min_child_weight': 12, 'subsample': 0.6192632410448319, 'colsample_bytree': 0.5382287458712628, 'gamma': 0.020879435100339648, 'reg_alpha': 0.0025677712890363378, 'reg_lambda': 0.03092257020457319, 'max_delta_step': 7, 'colsample_bynode': 0.79341443522281}. Best is trial 329 with value: 1.4024215378205998.
[I 2026-02-26 10:35:02,016] Trial 503 finished with value: 1.4296669590863957 and parameters: {'n_estimators': 2913, 'learning_rate': 0.20565985060130845, 'max_depth': 7, 'min_child_weight': 12, 'subsample': 0.6051981580775068, 'colsample_bytree': 0.47926506195816654, 'gamma': 0.03512612689817906, 'reg_alpha': 0.0015852018722720721, 'reg_lambda': 0.016109384449121373, 'max_delta_step': 6, 'colsample_bynode': 0.7663034425176903}. Best is trial 329 with value: 1.4024215378205998.
[I 2026-02-26 10:35:02,525] Trial 504 pruned. 
[I 2026-02-26 10:35:03,849] Trial 505 pruned. 
[I 2026-02-26 10:35:04,443] Trial 506 finished with value: 1.4261668519427697 and parameters: {'n_estimators': 2836, 'learning_rate': 0.21053370004890065, 'max_depth': 7, 'min_child_weight': 12, 'subsample': 0.6332485922058733, 'colsample_bytree': 0.4894368324324712, 'gamma': 0.021623993729898934, 'reg_alpha': 0.00218151484834629, 'reg_lambda': 0.0265697063038416, 'max_delta_step': 6, 'colsample_bynode': 0.7721884188056402}. Best is trial 329 with value: 1.4024215378205998.
[I 2026-02-26 10:35:04,930] Trial 507 pruned. 
[I 2026-02-26 10:35:05,535] Trial 508 pruned. 
[I 2026-02-26 10:35:06,082] Trial 509 pruned. 
[I 2026-02-26 10:35:06,586] Trial 510 pruned. 
[I 2026-02-26 10:35:07,466] Trial 511 finished with value: 1.4116809496541713 and parameters: {'n_estimators': 3090, 'learning_rate': 0.24998733390943162, 'max_depth': 8, 'min_child_weight': 12, 'subsample': 0.6231955326486938, 'colsample_bytree': 0.5011192934035354, 'gamma': 0.024395921937326894, 'reg_alpha': 0.0017107182906864818, 'reg_lambda': 0.01944318126268843, 'max_delta_step': 6, 'colsample_bynode': 0.7429196608197803}. Best is trial 329 with value: 1.4024215378205998.
[I 2026-02-26 10:35:08,196] Trial 512 pruned. 
[I 2026-02-26 10:35:08,932] Trial 513 pruned. 
[I 2026-02-26 10:35:09,560] Trial 514 finished with value: 1.4100708060991962 and parameters: {'n_estimators': 2957, 'learning_rate': 0.2483059880513603, 'max_depth': 8, 'min_child_weight': 12, 'subsample': 0.6217763729994407, 'colsample_bytree': 0.48426368446549767, 'gamma': 0.029656693974046473, 'reg_alpha': 0.0016494958285764622, 'reg_lambda': 0.0235596349132638, 'max_delta_step': 6, 'colsample_bynode': 0.756465993206138}. Best is trial 329 with value: 1.4024215378205998.
[I 2026-02-26 10:35:10,071] Trial 515 pruned. 
[I 2026-02-26 10:35:10,590] Trial 516 pruned. 
[I 2026-02-26 10:35:11,522] Trial 517 finished with value: 1.5118883759551391 and parameters: {'n_estimators': 3009, 'learning_rate': 0.04061906669911875, 'max_depth': 8, 'min_child_weight': 12, 'subsample': 0.6278074884654543, 'colsample_bytree': 0.4839741916770558, 'gamma': 0.022387615187750596, 'reg_alpha': 0.0018700231735751304, 'reg_lambda': 0.021916816928553323, 'max_delta_step': 6, 'colsample_bynode': 0.7325176715152725}. Best is trial 329 with value: 1.4024215378205998.
[I 2026-02-26 10:35:12,075] Trial 518 pruned. 
[I 2026-02-26 10:35:13,049] Trial 519 pruned. 
[I 2026-02-26 10:35:13,568] Trial 520 pruned. 
[I 2026-02-26 10:35:14,273] Trial 521 finished with value: 1.3946316154948286 and parameters: {'n_estimators': 2856, 'learning_rate': 0.2307901440364228, 'max_depth': 8, 'min_child_weight': 12, 'subsample': 0.6001510160760569, 'colsample_bytree': 0.7928187599623118, 'gamma': 0.028053414029516673, 'reg_alpha': 0.0021176365479426444, 'reg_lambda': 0.013738921409903546, 'max_delta_step': 7, 'colsample_bynode': 0.7527400879353958}. Best is trial 521 with value: 1.3946316154948286.
[I 2026-02-26 10:35:15,074] Trial 522 finished with value: 1.4678864756197263 and parameters: {'n_estimators': 2990, 'learning_rate': 0.10594541162030338, 'max_depth': 8, 'min_child_weight': 12, 'subsample': 0.6037008062087237, 'colsample_bytree': 0.8031354163618444, 'gamma': 0.06949527883947386, 'reg_alpha': 0.0020194725162448524, 'reg_lambda': 0.014101002078698799, 'max_delta_step': 7, 'colsample_bynode': 0.7655547324549893}. Best is trial 521 with value: 1.3946316154948286.
[I 2026-02-26 10:35:15,629] Trial 523 pruned. 
[I 2026-02-26 10:35:16,199] Trial 524 pruned. 
[I 2026-02-26 10:35:16,872] Trial 525 pruned. 
[I 2026-02-26 10:35:17,551] Trial 526 pruned. 
[I 2026-02-26 10:35:18,228] Trial 527 pruned. 
[I 2026-02-26 10:35:18,825] Trial 528 pruned. 
[I 2026-02-26 10:35:19,563] Trial 529 pruned. 
[I 2026-02-26 10:35:20,397] Trial 530 pruned. 
[I 2026-02-26 10:35:20,995] Trial 531 pruned. 
[I 2026-02-26 10:35:21,693] Trial 532 pruned. 
[I 2026-02-26 10:35:22,347] Trial 533 pruned. 
[I 2026-02-26 10:35:22,956] Trial 534 pruned. 
[I 2026-02-26 10:35:23,627] Trial 535 finished with value: 1.430006104729514 and parameters: {'n_estimators': 5767, 'learning_rate': 0.21314905091435837, 'max_depth': 8, 'min_child_weight': 11, 'subsample': 0.6420667026472792, 'colsample_bytree': 0.4987252902173222, 'gamma': 0.03455630282638086, 'reg_alpha': 0.0103178154251561, 'reg_lambda': 0.01891286308782903, 'max_delta_step': 6, 'colsample_bynode': 0.7204407331045068}. Best is trial 521 with value: 1.3946316154948286.
[I 2026-02-26 10:35:24,160] Trial 536 pruned. 
[I 2026-02-26 10:35:24,735] Trial 537 pruned. 
[I 2026-02-26 10:35:25,212] Trial 538 pruned. 
[I 2026-02-26 10:35:26,005] Trial 539 pruned. 
[I 2026-02-26 10:35:26,516] Trial 540 pruned. 
[I 2026-02-26 10:35:27,353] Trial 541 pruned. 
[I 2026-02-26 10:35:28,017] Trial 542 pruned. 
[I 2026-02-26 10:35:28,388] Trial 543 pruned. 
[I 2026-02-26 10:35:28,925] Trial 544 pruned. 
[I 2026-02-26 10:35:29,470] Trial 545 pruned. 
[I 2026-02-26 10:35:29,894] Trial 546 pruned. 
[I 2026-02-26 10:35:30,273] Trial 547 pruned. 
[I 2026-02-26 10:35:30,900] Trial 548 pruned. 
[I 2026-02-26 10:35:31,506] Trial 549 pruned. 
[I 2026-02-26 10:35:32,202] Trial 550 pruned. 
[I 2026-02-26 10:35:32,794] Trial 551 finished with value: 1.4327982625436142 and parameters: {'n_estimators': 3119, 'learning_rate': 0.2489174068558077, 'max_depth': 6, 'min_child_weight': 11, 'subsample': 0.6254747363277239, 'colsample_bytree': 0.47275427809310955, 'gamma': 0.0012640948933683278, 'reg_alpha': 0.0022978063664548377, 'reg_lambda': 0.04350153821827022, 'max_delta_step': 5, 'colsample_bynode': 0.7551300548200209}. Best is trial 521 with value: 1.3946316154948286.
[I 2026-02-26 10:35:33,312] Trial 552 pruned. 
[I 2026-02-26 10:35:33,752] Trial 553 pruned. 
[I 2026-02-26 10:35:34,547] Trial 554 pruned. 
[I 2026-02-26 10:35:35,076] Trial 555 pruned. 
[I 2026-02-26 10:35:35,807] Trial 556 pruned. 
[I 2026-02-26 10:35:36,361] Trial 557 pruned. 
[I 2026-02-26 10:35:37,050] Trial 558 finished with value: 1.4273105077801436 and parameters: {'n_estimators': 5278, 'learning_rate': 0.19243821334146183, 'max_depth': 7, 'min_child_weight': 12, 'subsample': 0.6470291137775029, 'colsample_bytree': 0.7112838780997154, 'gamma': 0.03596237055386456, 'reg_alpha': 0.00201244151128938, 'reg_lambda': 0.0392923060323827, 'max_delta_step': 0, 'colsample_bynode': 0.7971709172709819}. Best is trial 521 with value: 1.3946316154948286.
[I 2026-02-26 10:35:37,660] Trial 559 pruned. 
[I 2026-02-26 10:35:38,241] Trial 560 pruned. 
[I 2026-02-26 10:35:38,996] Trial 561 pruned. 
[I 2026-02-26 10:35:39,604] Trial 562 pruned. 
[I 2026-02-26 10:35:40,263] Trial 563 pruned. 
[I 2026-02-26 10:35:40,850] Trial 564 pruned. 
[I 2026-02-26 10:35:41,487] Trial 565 pruned. 
[I 2026-02-26 10:35:42,203] Trial 566 pruned. 
[I 2026-02-26 10:35:42,792] Trial 567 pruned. 
[I 2026-02-26 10:35:43,345] Trial 568 pruned. 
[I 2026-02-26 10:35:44,134] Trial 569 pruned. 
[I 2026-02-26 10:35:44,712] Trial 570 pruned. 
[I 2026-02-26 10:35:45,241] Trial 571 pruned. 
[I 2026-02-26 10:35:45,798] Trial 572 finished with value: 1.4366768100838834 and parameters: {'n_estimators': 5260, 'learning_rate': 0.2141240966151908, 'max_depth': 7, 'min_child_weight': 12, 'subsample': 0.8279259423447592, 'colsample_bytree': 0.5234108444846027, 'gamma': 0.024440949526710984, 'reg_alpha': 0.03741787421141359, 'reg_lambda': 5.169619777001699, 'max_delta_step': 0, 'colsample_bynode': 0.5558513456250384}. Best is trial 521 with value: 1.3946316154948286.
[I 2026-02-26 10:35:46,550] Trial 573 pruned. 
[I 2026-02-26 10:35:46,950] Trial 574 pruned. 
[I 2026-02-26 10:35:47,381] Trial 575 pruned. 
[I 2026-02-26 10:35:48,406] Trial 576 pruned. 
[I 2026-02-26 10:35:49,029] Trial 577 pruned. 
[I 2026-02-26 10:35:49,644] Trial 578 pruned. 
[I 2026-02-26 10:35:50,088] Trial 579 pruned. 
[I 2026-02-26 10:35:50,604] Trial 580 pruned. 
[I 2026-02-26 10:35:51,042] Trial 581 pruned. 
[I 2026-02-26 10:35:51,620] Trial 582 pruned. 
[I 2026-02-26 10:35:52,171] Trial 583 pruned. 
[I 2026-02-26 10:35:52,721] Trial 584 pruned. 
[I 2026-02-26 10:35:53,225] Trial 585 pruned. 
[I 2026-02-26 10:35:53,894] Trial 586 pruned. 
[I 2026-02-26 10:35:54,354] Trial 587 pruned. 
[I 2026-02-26 10:35:54,897] Trial 588 pruned. 
[I 2026-02-26 10:35:55,538] Trial 589 pruned. 
[I 2026-02-26 10:35:56,044] Trial 590 pruned. 
[I 2026-02-26 10:35:56,420] Trial 591 pruned. 
[I 2026-02-26 10:35:56,914] Trial 592 pruned. 
[I 2026-02-26 10:35:57,371] Trial 593 pruned. 
[I 2026-02-26 10:35:57,847] Trial 594 pruned. 
[I 2026-02-26 10:35:58,267] Trial 595 pruned. 
[I 2026-02-26 10:35:59,128] Trial 596 pruned. 
[I 2026-02-26 10:35:59,595] Trial 597 pruned. 
[I 2026-02-26 10:36:00,132] Trial 598 pruned. 
[I 2026-02-26 10:36:00,773] Trial 599 pruned. 
{
  "study": "stage2_multiclass_xgb",
  "optimised_objective": "logloss",
  "best_value_logloss_mean": 1.3946316154948286,
  "best_params": {
    "n_estimators": 2856,
    "learning_rate": 0.2307901440364228,
    "max_depth": 8,
    "min_child_weight": 12,
    "subsample": 0.6001510160760569,
    "colsample_bytree": 0.7928187599623118,
    "gamma": 0.028053414029516673,
    "reg_alpha": 0.0021176365479426444,
    "reg_lambda": 0.013738921409903546,
    "max_delta_step": 7,
    "colsample_bynode": 0.7527400879353958
  },
  "n_trials": 600,
  "n_splits": 5,
  "holdout_race_ids_excluded": [
    2,
    24,
    53,
    73,
    75
  ],
  "sample_frac": 1.0,
  "max_races": 80,
  "early_stopping_rounds": 50
}
{
  "study": "stage2_multiclass_xgb",
  "task": "multiclass",
  "model": "xgb",
  "metrics": {
    "accuracy_mean": 0.5463356032410622,
    "accuracy_std": 0.06622167993929583,
    "precision_macro_mean": 0.4842737119521715,
    "precision_macro_std": 0.08496598234944494,
    "recall_macro_mean": 0.47732979165674044,
    "recall_macro_std": 0.11505179797601986,
    "f1_macro_mean": 0.4555237168314812,
    "f1_macro_std": 0.09162674507845706,
    "logloss_mean": 1.3946316154948286,
    "logloss_std": 0.10080483407800502
  }
}
Job finished at Thu 26 Feb 10:36:02 GMT 2026
