[I 2026-02-26 10:31:27,799] Trial 112 finished with value: 1.4206629645241229 and parameters: {'n_estimators': 2969, 'learning_rate': 0.24706413901834176, 'max_depth': 8, 'min_child_weight': 5, 'subsample': 0.6470407245744598, 'colsample_bytree': 0.5221188789804629, 'gamma': 0.0011219742357027333, 'reg_alpha': 5.488468304843989, 'reg_lambda': 3.470411619003025, 'max_delta_step': 4, 'colsample_bynode': 0.7585761835691458}. Best is trial 13 with value: 1.4111112677552213.
[I 2026-02-26 10:31:28,275] Trial 113 pruned. 
[I 2026-02-26 10:31:28,861] Trial 114 pruned. 
[I 2026-02-26 10:31:29,528] Trial 115 pruned. 
[I 2026-02-26 10:31:30,091] Trial 116 pruned. 
[I 2026-02-26 10:31:30,703] Trial 117 pruned. 
[I 2026-02-26 10:31:31,228] Trial 118 pruned. 
[I 2026-02-26 10:31:31,835] Trial 119 finished with value: 1.4172013717958154 and parameters: {'n_estimators': 1780, 'learning_rate': 0.23298496095498747, 'max_depth': 9, 'min_child_weight': 12, 'subsample': 0.813391288041634, 'colsample_bytree': 0.4648745705684691, 'gamma': 0.002226954231203431, 'reg_alpha': 0.0011948986659971405, 'reg_lambda': 0.7939597059219441, 'max_delta_step': 6, 'colsample_bynode': 0.5522501931282466}. Best is trial 13 with value: 1.4111112677552213.
[I 2026-02-26 10:31:32,603] Trial 120 pruned. 
[I 2026-02-26 10:31:33,090] Trial 121 pruned. 
[I 2026-02-26 10:31:33,541] Trial 122 pruned. 
[I 2026-02-26 10:31:34,154] Trial 123 finished with value: 1.438564212289858 and parameters: {'n_estimators': 1982, 'learning_rate': 0.22445056391354645, 'max_depth': 9, 'min_child_weight': 12, 'subsample': 0.6703500949200947, 'colsample_bytree': 0.4386710379126596, 'gamma': 0.002941171047041029, 'reg_alpha': 0.2807264555757244, 'reg_lambda': 2.2867953126559764, 'max_delta_step': 6, 'colsample_bynode': 0.759710217631424}. Best is trial 13 with value: 1.4111112677552213.
[I 2026-02-26 10:31:34,681] Trial 124 finished with value: 1.4311364652302223 and parameters: {'n_estimators': 2014, 'learning_rate': 0.226131277072789, 'max_depth': 9, 'min_child_weight': 11, 'subsample': 0.6498256168626753, 'colsample_bytree': 0.4017197094329144, 'gamma': 0.0030174648561156316, 'reg_alpha': 0.22563204958279023, 'reg_lambda': 2.2735365116984205, 'max_delta_step': 5, 'colsample_bynode': 0.5822165681015803}. Best is trial 13 with value: 1.4111112677552213.
[I 2026-02-26 10:31:35,209] Trial 125 finished with value: 1.4463969644169918 and parameters: {'n_estimators': 1949, 'learning_rate': 0.22597786623090774, 'max_depth': 9, 'min_child_weight': 11, 'subsample': 0.6358801515523169, 'colsample_bytree': 0.42030512559598804, 'gamma': 0.0028463670537667964, 'reg_alpha': 0.2131930596242535, 'reg_lambda': 0.2787496251788627, 'max_delta_step': 7, 'colsample_bynode': 0.57657615348758}. Best is trial 13 with value: 1.4111112677552213.
[I 2026-02-26 10:31:35,721] Trial 126 finished with value: 1.4523798622362671 and parameters: {'n_estimators': 1824, 'learning_rate': 0.21482292003504935, 'max_depth': 10, 'min_child_weight': 12, 'subsample': 0.656305454400692, 'colsample_bytree': 0.40482031439871513, 'gamma': 0.12003677898494107, 'reg_alpha': 0.09004375481162998, 'reg_lambda': 1.4638107186695766, 'max_delta_step': 6, 'colsample_bynode': 0.5234071160876141}. Best is trial 13 with value: 1.4111112677552213.
[I 2026-02-26 10:31:36,206] Trial 127 pruned. 
[I 2026-02-26 10:31:36,779] Trial 128 finished with value: 1.4309481531271977 and parameters: {'n_estimators': 1446, 'learning_rate': 0.22838186645026726, 'max_depth': 8, 'min_child_weight': 5, 'subsample': 0.7559427490194317, 'colsample_bytree': 0.40204558548721825, 'gamma': 0.0038334011939971805, 'reg_alpha': 0.48918967581100153, 'reg_lambda': 0.35519531421886724, 'max_delta_step': 6, 'colsample_bynode': 0.5662573218417728}. Best is trial 13 with value: 1.4111112677552213.
[I 2026-02-26 10:31:37,266] Trial 129 pruned. 
[I 2026-02-26 10:31:37,717] Trial 130 pruned. 
[I 2026-02-26 10:31:38,262] Trial 131 pruned. 
[I 2026-02-26 10:31:38,764] Trial 132 pruned. 
[I 2026-02-26 10:31:39,305] Trial 133 pruned. 
[I 2026-02-26 10:31:39,896] Trial 134 finished with value: 1.458941486982902 and parameters: {'n_estimators': 1784, 'learning_rate': 0.17998448276383341, 'max_depth': 9, 'min_child_weight': 10, 'subsample': 0.6209956155642864, 'colsample_bytree': 0.43265171396926666, 'gamma': 0.001738007118372565, 'reg_alpha': 0.5882228338812923, 'reg_lambda': 0.18633030286142332, 'max_delta_step': 7, 'colsample_bynode': 0.6368969433437929}. Best is trial 13 with value: 1.4111112677552213.
[I 2026-02-26 10:31:40,319] Trial 135 pruned. 
[I 2026-02-26 10:31:40,930] Trial 136 pruned. 
[I 2026-02-26 10:31:41,393] Trial 137 pruned. 
[I 2026-02-26 10:31:41,766] Trial 138 pruned. 
[I 2026-02-26 10:31:42,284] Trial 139 pruned. 
[I 2026-02-26 10:31:42,788] Trial 140 pruned. 
[I 2026-02-26 10:31:43,353] Trial 141 finished with value: 1.4449968218621234 and parameters: {'n_estimators': 662, 'learning_rate': 0.2276881142489093, 'max_depth': 9, 'min_child_weight': 11, 'subsample': 0.669371240535522, 'colsample_bytree': 0.4465579402208551, 'gamma': 0.002363808599282448, 'reg_alpha': 5.502597376611098, 'reg_lambda': 1.8796472563796136, 'max_delta_step': 4, 'colsample_bynode': 0.7430982235444188}. Best is trial 13 with value: 1.4111112677552213.
[I 2026-02-26 10:31:43,987] Trial 142 pruned. 
[I 2026-02-26 10:31:44,567] Trial 143 finished with value: 1.4634378272651187 and parameters: {'n_estimators': 2421, 'learning_rate': 0.21462037486618635, 'max_depth': 9, 'min_child_weight': 11, 'subsample': 0.7095520711364511, 'colsample_bytree': 0.4137708051598535, 'gamma': 0.00330542970883937, 'reg_alpha': 3.374151423535684, 'reg_lambda': 2.771409682148513, 'max_delta_step': 5, 'colsample_bynode': 0.7244658222943542}. Best is trial 13 with value: 1.4111112677552213.
[I 2026-02-26 10:31:44,967] Trial 144 pruned. 
[I 2026-02-26 10:31:45,408] Trial 145 pruned. 
[I 2026-02-26 10:31:46,020] Trial 146 finished with value: 1.4440339973816623 and parameters: {'n_estimators': 3000, 'learning_rate': 0.2410843723866881, 'max_depth': 8, 'min_child_weight': 10, 'subsample': 0.6125350798305679, 'colsample_bytree': 0.4361639240857682, 'gamma': 0.02594465551318776, 'reg_alpha': 0.0013761588308330583, 'reg_lambda': 0.07604710828039866, 'max_delta_step': 5, 'colsample_bynode': 0.6969699744843901}. Best is trial 13 with value: 1.4111112677552213.
[I 2026-02-26 10:31:46,605] Trial 147 finished with value: 1.4468098773390377 and parameters: {'n_estimators': 4099, 'learning_rate': 0.20801983379734593, 'max_depth': 10, 'min_child_weight': 12, 'subsample': 0.6862004707272805, 'colsample_bytree': 0.48356613177824476, 'gamma': 0.0014457161010883197, 'reg_alpha': 4.187156038437593, 'reg_lambda': 1.0796352011969839, 'max_delta_step': 6, 'colsample_bynode': 0.6094735500155474}. Best is trial 13 with value: 1.4111112677552213.
[I 2026-02-26 10:31:47,142] Trial 148 pruned. 
[I 2026-02-26 10:31:47,667] Trial 149 finished with value: 1.4479854258691702 and parameters: {'n_estimators': 2530, 'learning_rate': 0.24869527768688693, 'max_depth': 9, 'min_child_weight': 8, 'subsample': 0.6371071876858732, 'colsample_bytree': 0.41315231750157444, 'gamma': 0.0010222476519151397, 'reg_alpha': 8.684589225195635, 'reg_lambda': 3.873563702711898, 'max_delta_step': 4, 'colsample_bynode': 0.7327874867525697}. Best is trial 13 with value: 1.4111112677552213.
[I 2026-02-26 10:31:48,286] Trial 150 pruned. 
[I 2026-02-26 10:31:48,820] Trial 151 pruned. 
[I 2026-02-26 10:31:49,598] Trial 152 finished with value: 1.5093061281459348 and parameters: {'n_estimators': 2850, 'learning_rate': 0.06492474447701749, 'max_depth': 9, 'min_child_weight': 12, 'subsample': 0.6242525054243317, 'colsample_bytree': 0.44922838304174134, 'gamma': 0.009604578749650055, 'reg_alpha': 0.0017662422176611744, 'reg_lambda': 2.654864011379064, 'max_delta_step': 6, 'colsample_bynode': 0.7415932287313718}. Best is trial 13 with value: 1.4111112677552213.
[I 2026-02-26 10:31:50,232] Trial 153 finished with value: 1.441824521871976 and parameters: {'n_estimators': 2202, 'learning_rate': 0.21624812700949736, 'max_depth': 9, 'min_child_weight': 11, 'subsample': 0.8014377614753677, 'colsample_bytree': 0.4654197748577131, 'gamma': 0.005323620087636111, 'reg_alpha': 0.0011940664701927184, 'reg_lambda': 2.992566472697258, 'max_delta_step': 5, 'colsample_bynode': 0.7637607835403463}. Best is trial 13 with value: 1.4111112677552213.
[I 2026-02-26 10:31:50,823] Trial 154 finished with value: 1.4450623578556399 and parameters: {'n_estimators': 1890, 'learning_rate': 0.2157439908713694, 'max_depth': 9, 'min_child_weight': 11, 'subsample': 0.7978677864874912, 'colsample_bytree': 0.46735586119169764, 'gamma': 0.00532623016105211, 'reg_alpha': 0.0013486770182909978, 'reg_lambda': 3.5156808852091874, 'max_delta_step': 5, 'colsample_bynode': 0.6657610881603053}. Best is trial 13 with value: 1.4111112677552213.
[I 2026-02-26 10:31:51,351] Trial 155 pruned. 
[I 2026-02-26 10:31:51,974] Trial 156 finished with value: 1.440177944682163 and parameters: {'n_estimators': 2159, 'learning_rate': 0.24925442644142604, 'max_depth': 9, 'min_child_weight': 11, 'subsample': 0.8036412413495628, 'colsample_bytree': 0.439753751237593, 'gamma': 0.0044551718667040306, 'reg_alpha': 0.002869025357966672, 'reg_lambda': 2.6703037612680545, 'max_delta_step': 5, 'colsample_bynode': 0.7901031249304736}. Best is trial 13 with value: 1.4111112677552213.
[I 2026-02-26 10:31:52,508] Trial 157 pruned. 
[I 2026-02-26 10:31:52,888] Trial 158 pruned. 
[I 2026-02-26 10:31:53,560] Trial 159 pruned. 
[I 2026-02-26 10:31:54,274] Trial 160 pruned. 
[I 2026-02-26 10:31:54,750] Trial 161 pruned. 
[I 2026-02-26 10:31:55,417] Trial 162 finished with value: 1.425803840986236 and parameters: {'n_estimators': 3181, 'learning_rate': 0.24782540694640454, 'max_depth': 9, 'min_child_weight': 10, 'subsample': 0.6578376338941385, 'colsample_bytree': 0.4481174102294478, 'gamma': 0.002058573661916339, 'reg_alpha': 0.0016220474136096385, 'reg_lambda': 1.7751818255070582, 'max_delta_step': 5, 'colsample_bynode': 0.7166008889977227}. Best is trial 13 with value: 1.4111112677552213.
[I 2026-02-26 10:31:56,015] Trial 163 finished with value: 1.437225598062607 and parameters: {'n_estimators': 3168, 'learning_rate': 0.23011092389330012, 'max_depth': 9, 'min_child_weight': 9, 'subsample': 0.6577405515609199, 'colsample_bytree': 0.45425028623939856, 'gamma': 0.00577410270298993, 'reg_alpha': 0.0034094690161040916, 'reg_lambda': 1.5384009252333997, 'max_delta_step': 5, 'colsample_bynode': 0.7174544481392182}. Best is trial 13 with value: 1.4111112677552213.
[I 2026-02-26 10:31:56,548] Trial 164 pruned. 
[I 2026-02-26 10:31:57,082] Trial 165 pruned. 
[I 2026-02-26 10:31:57,877] Trial 166 finished with value: 1.430297447049578 and parameters: {'n_estimators': 2971, 'learning_rate': 0.23382829125419957, 'max_depth': 9, 'min_child_weight': 9, 'subsample': 0.6411575924154305, 'colsample_bytree': 0.43196490428637396, 'gamma': 0.0354586855208411, 'reg_alpha': 0.0027218156216655557, 'reg_lambda': 1.2842592031422284, 'max_delta_step': 5, 'colsample_bynode': 0.6930909695743721}. Best is trial 13 with value: 1.4111112677552213.
[I 2026-02-26 10:31:58,354] Trial 167 pruned. 
[I 2026-02-26 10:31:59,022] Trial 168 pruned. 
[I 2026-02-26 10:31:59,619] Trial 169 pruned. 
[I 2026-02-26 10:32:00,104] Trial 170 pruned. 
[I 2026-02-26 10:32:00,582] Trial 171 finished with value: 1.4480741483993416 and parameters: {'n_estimators': 2796, 'learning_rate': 0.2375874929380603, 'max_depth': 9, 'min_child_weight': 9, 'subsample': 0.6500222901287562, 'colsample_bytree': 0.44275776765848934, 'gamma': 5.817411463684852, 'reg_alpha': 0.0027368323014853656, 'reg_lambda': 2.142371160397123, 'max_delta_step': 5, 'colsample_bynode': 0.7198463990674943}. Best is trial 13 with value: 1.4111112677552213.
[I 2026-02-26 10:32:01,053] Trial 172 pruned. 
[I 2026-02-26 10:32:01,682] Trial 173 pruned. 
[I 2026-02-26 10:32:02,210] Trial 174 pruned. 
[I 2026-02-26 10:32:02,680] Trial 175 pruned. 
[I 2026-02-26 10:32:03,185] Trial 176 pruned. 
[I 2026-02-26 10:32:03,538] Trial 177 pruned. 
[I 2026-02-26 10:32:04,040] Trial 178 pruned. 
[I 2026-02-26 10:32:04,645] Trial 179 finished with value: 1.4557944795610933 and parameters: {'n_estimators': 1286, 'learning_rate': 0.2011469446332636, 'max_depth': 9, 'min_child_weight': 10, 'subsample': 0.6518606997163127, 'colsample_bytree': 0.4470499737291249, 'gamma': 0.00427121390142476, 'reg_alpha': 0.0017212070999642862, 'reg_lambda': 1.4817667790763498, 'max_delta_step': 5, 'colsample_bynode': 0.5555067880053199}. Best is trial 13 with value: 1.4111112677552213.
[I 2026-02-26 10:32:05,335] Trial 180 pruned. 
[I 2026-02-26 10:32:05,928] Trial 181 pruned. 
[I 2026-02-26 10:32:06,588] Trial 182 finished with value: 1.4466163577565625 and parameters: {'n_estimators': 3147, 'learning_rate': 0.21060382069983505, 'max_depth': 9, 'min_child_weight': 10, 'subsample': 0.6278003604721337, 'colsample_bytree': 0.46152225823377135, 'gamma': 0.0032629507402141752, 'reg_alpha': 0.0012813911876402963, 'reg_lambda': 2.9075029251457423, 'max_delta_step': 6, 'colsample_bynode': 0.7322477595971314}. Best is trial 13 with value: 1.4111112677552213.
[I 2026-02-26 10:32:07,259] Trial 183 finished with value: 1.442653300387053 and parameters: {'n_estimators': 5529, 'learning_rate': 0.22561383112174319, 'max_depth': 9, 'min_child_weight': 11, 'subsample': 0.647772287963641, 'colsample_bytree': 0.4704503158302483, 'gamma': 0.002985631329541146, 'reg_alpha': 0.0020418200610624513, 'reg_lambda': 3.2110522688251963, 'max_delta_step': 5, 'colsample_bynode': 0.8408703834759209}. Best is trial 13 with value: 1.4111112677552213.
[I 2026-02-26 10:32:07,792] Trial 184 pruned. 
[I 2026-02-26 10:32:08,334] Trial 185 finished with value: 1.4204121138596406 and parameters: {'n_estimators': 2355, 'learning_rate': 0.2075107519565609, 'max_depth': 4, 'min_child_weight': 11, 'subsample': 0.8121180071847814, 'colsample_bytree': 0.6349519534703061, 'gamma': 0.005730095189879357, 'reg_alpha': 0.001494063740991843, 'reg_lambda': 0.16006525616387018, 'max_delta_step': 5, 'colsample_bynode': 0.7726138998282159}. Best is trial 13 with value: 1.4111112677552213.
[I 2026-02-26 10:32:08,778] Trial 186 pruned. 
[I 2026-02-26 10:32:09,186] Trial 187 pruned. 
[I 2026-02-26 10:32:09,730] Trial 188 pruned. 
[I 2026-02-26 10:32:10,199] Trial 189 pruned. 
[I 2026-02-26 10:32:10,592] Trial 190 pruned. 
[I 2026-02-26 10:32:11,225] Trial 191 finished with value: 1.424311528564881 and parameters: {'n_estimators': 1889, 'learning_rate': 0.21651247513252664, 'max_depth': 9, 'min_child_weight': 11, 'subsample': 0.8160921599293148, 'colsample_bytree': 0.6202395242678803, 'gamma': 0.005584269621136246, 'reg_alpha': 0.0014594318037944262, 'reg_lambda': 2.5586498317584274, 'max_delta_step': 5, 'colsample_bynode': 0.563641862810555}. Best is trial 13 with value: 1.4111112677552213.
[I 2026-02-26 10:32:11,654] Trial 192 pruned. 
[I 2026-02-26 10:32:12,189] Trial 193 finished with value: 1.4352204526717007 and parameters: {'n_estimators': 2177, 'learning_rate': 0.18808885340167977, 'max_depth': 5, 'min_child_weight': 11, 'subsample': 0.8750219799807202, 'colsample_bytree': 0.668715614203578, 'gamma': 0.004516270251198545, 'reg_alpha': 0.0015560535464081012, 'reg_lambda': 0.29855896629058726, 'max_delta_step': 5, 'colsample_bynode': 0.5642944270834975}. Best is trial 13 with value: 1.4111112677552213.
[I 2026-02-26 10:32:12,683] Trial 194 pruned. 
[I 2026-02-26 10:32:13,132] Trial 195 pruned. 
[I 2026-02-26 10:32:13,639] Trial 196 finished with value: 1.4330040696721105 and parameters: {'n_estimators': 5049, 'learning_rate': 0.2117143991908967, 'max_depth': 4, 'min_child_weight': 12, 'subsample': 0.8410984580479502, 'colsample_bytree': 0.6075854121206945, 'gamma': 0.005094485684159366, 'reg_alpha': 0.0013967738356355226, 'reg_lambda': 1.613208155872966, 'max_delta_step': 9, 'colsample_bynode': 0.5646388250460551}. Best is trial 13 with value: 1.4111112677552213.
[I 2026-02-26 10:32:14,028] Trial 197 pruned. 
[I 2026-02-26 10:32:14,429] Trial 198 pruned. 
[I 2026-02-26 10:32:14,826] Trial 199 pruned. 
[I 2026-02-26 10:32:15,234] Trial 200 pruned. 
[I 2026-02-26 10:32:15,680] Trial 201 pruned. 
[I 2026-02-26 10:32:16,156] Trial 202 pruned. 
[I 2026-02-26 10:32:16,686] Trial 203 finished with value: 1.4254028328114476 and parameters: {'n_estimators': 3110, 'learning_rate': 0.21187631999064344, 'max_depth': 4, 'min_child_weight': 11, 'subsample': 0.8547678834593917, 'colsample_bytree': 0.5922741243873564, 'gamma': 0.002323068771415409, 'reg_alpha': 0.0017040217243419267, 'reg_lambda': 1.8192521717569656, 'max_delta_step': 10, 'colsample_bynode': 0.5756779342479654}. Best is trial 13 with value: 1.4111112677552213.
[I 2026-02-26 10:32:17,109] Trial 204 pruned. 
[I 2026-02-26 10:32:17,504] Trial 205 pruned. 
[I 2026-02-26 10:32:17,909] Trial 206 pruned. 
[I 2026-02-26 10:32:18,327] Trial 207 pruned. 
[I 2026-02-26 10:32:18,717] Trial 208 pruned. 
[I 2026-02-26 10:32:19,109] Trial 209 pruned. 
[I 2026-02-26 10:32:19,574] Trial 210 pruned. 
[I 2026-02-26 10:32:20,089] Trial 211 pruned. 
[I 2026-02-26 10:32:20,614] Trial 212 pruned. 
[I 2026-02-26 10:32:21,256] Trial 213 pruned. 
[I 2026-02-26 10:32:21,747] Trial 214 pruned. 
[I 2026-02-26 10:32:22,337] Trial 215 pruned. 
[I 2026-02-26 10:32:22,852] Trial 216 pruned. 
[I 2026-02-26 10:32:23,398] Trial 217 pruned. 
[I 2026-02-26 10:32:23,762] Trial 218 pruned. 
[I 2026-02-26 10:32:24,745] Trial 219 pruned. 
[I 2026-02-26 10:32:25,302] Trial 220 pruned. 
[I 2026-02-26 10:32:25,975] Trial 221 pruned. 
[I 2026-02-26 10:32:26,509] Trial 222 pruned. 
[I 2026-02-26 10:32:27,102] Trial 223 finished with value: 1.438596629861697 and parameters: {'n_estimators': 2075, 'learning_rate': 0.24847678878659268, 'max_depth': 9, 'min_child_weight': 11, 'subsample': 0.7927786813938181, 'colsample_bytree': 0.4000495630249783, 'gamma': 0.006898877385241212, 'reg_alpha': 0.002732101269997991, 'reg_lambda': 1.9265036155172175, 'max_delta_step': 5, 'colsample_bynode': 0.7303808665636277}. Best is trial 13 with value: 1.4111112677552213.
[I 2026-02-26 10:32:27,554] Trial 224 pruned. 
[I 2026-02-26 10:32:28,176] Trial 225 pruned. 
[I 2026-02-26 10:32:28,907] Trial 226 pruned. 
[I 2026-02-26 10:32:29,391] Trial 227 pruned. 
[I 2026-02-26 10:32:30,004] Trial 228 finished with value: 1.4499432724977983 and parameters: {'n_estimators': 4249, 'learning_rate': 0.20443465110245287, 'max_depth': 9, 'min_child_weight': 10, 'subsample': 0.7896009469350028, 'colsample_bytree': 0.4007522015896178, 'gamma': 0.14780931754577722, 'reg_alpha': 0.0014752841727259912, 'reg_lambda': 1.9003983708433487, 'max_delta_step': 6, 'colsample_bynode': 0.7029145729893125}. Best is trial 13 with value: 1.4111112677552213.
[I 2026-02-26 10:32:30,368] Trial 229 pruned. 
[I 2026-02-26 10:32:30,925] Trial 230 pruned. 
[I 2026-02-26 10:32:31,446] Trial 231 pruned. 
[I 2026-02-26 10:32:31,956] Trial 232 pruned. 
[I 2026-02-26 10:32:32,516] Trial 233 pruned. 
[I 2026-02-26 10:32:33,112] Trial 234 finished with value: 1.4422320628387906 and parameters: {'n_estimators': 1992, 'learning_rate': 0.22842606683395375, 'max_depth': 9, 'min_child_weight': 11, 'subsample': 0.6638906740800148, 'colsample_bytree': 0.42003453066715934, 'gamma': 0.0035381486389555973, 'reg_alpha': 0.003686646561133743, 'reg_lambda': 3.927025915605075, 'max_delta_step': 5, 'colsample_bynode': 0.7369571678737205}. Best is trial 13 with value: 1.4111112677552213.
[I 2026-02-26 10:32:33,629] Trial 235 finished with value: 1.440067344265364 and parameters: {'n_estimators': 2151, 'learning_rate': 0.2491524344934074, 'max_depth': 4, 'min_child_weight': 11, 'subsample': 0.7875308307676303, 'colsample_bytree': 0.45163184549710134, 'gamma': 0.004643258625954322, 'reg_alpha': 0.0024085430693277948, 'reg_lambda': 2.8638383160814596, 'max_delta_step': 5, 'colsample_bynode': 0.5682253111310235}. Best is trial 13 with value: 1.4111112677552213.
[I 2026-02-26 10:32:34,040] Trial 236 pruned. 
[I 2026-02-26 10:32:34,428] Trial 237 pruned. 
[I 2026-02-26 10:32:34,931] Trial 238 pruned. 
[I 2026-02-26 10:32:35,310] Trial 239 pruned. 
[I 2026-02-26 10:32:35,753] Trial 240 pruned. 
[I 2026-02-26 10:32:36,395] Trial 241 pruned. 
[I 2026-02-26 10:32:37,065] Trial 242 finished with value: 1.4299364698513757 and parameters: {'n_estimators': 2137, 'learning_rate': 0.24671216724001252, 'max_depth': 9, 'min_child_weight': 11, 'subsample': 0.8225821403839786, 'colsample_bytree': 0.4545049312664423, 'gamma': 0.0043368384932817305, 'reg_alpha': 0.003246698969637518, 'reg_lambda': 3.6540798861399226, 'max_delta_step': 5, 'colsample_bynode': 0.7693011432921125}. Best is trial 13 with value: 1.4111112677552213.
[I 2026-02-26 10:32:37,660] Trial 243 finished with value: 1.4385010811199672 and parameters: {'n_estimators': 2072, 'learning_rate': 0.22603850528364264, 'max_depth': 9, 'min_child_weight': 11, 'subsample': 0.820556501190744, 'colsample_bytree': 0.46325431523563837, 'gamma': 0.0052073084559705225, 'reg_alpha': 0.11336385472679776, 'reg_lambda': 3.3444242173945495, 'max_delta_step': 5, 'colsample_bynode': 0.5525446092628838}. Best is trial 13 with value: 1.4111112677552213.
[I 2026-02-26 10:32:38,266] Trial 244 finished with value: 1.4410993879833944 and parameters: {'n_estimators': 1907, 'learning_rate': 0.21995372122465628, 'max_depth': 9, 'min_child_weight': 11, 'subsample': 0.8158936253360758, 'colsample_bytree': 0.46451899800434343, 'gamma': 0.005392948213170452, 'reg_alpha': 0.2821432390637985, 'reg_lambda': 4.272484468822321, 'max_delta_step': 6, 'colsample_bynode': 0.5540876172959777}. Best is trial 13 with value: 1.4111112677552213.
[I 2026-02-26 10:32:38,803] Trial 245 pruned. 
