[I 2026-03-21 00:12:46,354] Trial 0 finished with value: 0.9658202145283923 and parameters: {'n_estimators': 362, 'max_depth': 5, 'learning_rate': 0.0483437145318464, 'subsample': 0.8795975452591109, 'colsample_bytree': 0.7468055921327309, 'reg_alpha': 1.2358382772306927e-05, 'reg_lambda': 0.0017775399007348214, 'min_child_weight': 7, 'gamma': 3.005575058716044}. Best is trial 0 with value: 0.9658202145283923.
[I 2026-03-21 00:12:47,401] Trial 1 finished with value: 0.9796479282884999 and parameters: {'n_estimators': 596, 'max_depth': 2, 'learning_rate': 0.17052641538983093, 'subsample': 0.9497327922401265, 'colsample_bytree': 0.7637017332034828, 'reg_alpha': 1.8740223688836324e-05, 'reg_lambda': 0.006149337057087106, 'min_child_weight': 3, 'gamma': 2.6237821581611893}. Best is trial 0 with value: 0.9658202145283923.
[I 2026-03-21 00:12:48,887] Trial 2 finished with value: 0.9869660561820435 and parameters: {'n_estimators': 402, 'max_depth': 3, 'learning_rate': 0.025579488960947364, 'subsample': 0.7418481581956126, 'colsample_bytree': 0.7876433945605654, 'reg_alpha': 0.0003668874895499185, 'reg_lambda': 0.09153152164233955, 'min_child_weight': 7, 'gamma': 0.9983689107917987}. Best is trial 0 with value: 0.9658202145283923.
[I 2026-03-21 00:12:51,042] Trial 3 finished with value: 1.2795799923147468 and parameters: {'n_estimators': 460, 'max_depth': 4, 'learning_rate': 0.0012790390175145834, 'subsample': 0.8822634555704315, 'colsample_bytree': 0.7511572371061874, 'reg_alpha': 2.8533901052402254e-06, 'reg_lambda': 12.055498078944888, 'min_child_weight': 8, 'gamma': 4.041986740582305}. Best is trial 0 with value: 0.9658202145283923.
[I 2026-03-21 00:12:51,889] Trial 4 finished with value: 0.9729460536267064 and parameters: {'n_estimators': 313, 'max_depth': 2, 'learning_rate': 0.037535371452331254, 'subsample': 0.8320457481218804, 'colsample_bytree': 0.7366114704534336, 'reg_alpha': 0.0029257577949824438, 'reg_lambda': 0.001405743424794793, 'min_child_weight': 8, 'gamma': 1.2938999080000846}. Best is trial 0 with value: 0.9658202145283923.
[I 2026-03-21 00:12:53,308] Trial 5 finished with value: 0.9539646865058312 and parameters: {'n_estimators': 564, 'max_depth': 3, 'learning_rate': 0.015728674194978587, 'subsample': 0.8640130838029838, 'colsample_bytree': 0.7554563366576581, 'reg_alpha': 6.1248068059259815, 'reg_lambda': 2.1570962503558295, 'min_child_weight': 8, 'gamma': 4.474136752138244}. Best is trial 5 with value: 0.9539646865058312.
[I 2026-03-21 00:12:56,445] Trial 6 finished with value: 1.1902075622654966 and parameters: {'n_estimators': 519, 'max_depth': 5, 'learning_rate': 0.0015981734133214873, 'subsample': 0.7587948587257435, 'colsample_bytree': 0.7135681866731614, 'reg_alpha': 0.0001893704954163131, 'reg_lambda': 0.0469583341176048, 'min_child_weight': 3, 'gamma': 4.143687545759647}. Best is trial 5 with value: 0.9539646865058312.
[I 2026-03-21 00:12:57,916] Trial 7 finished with value: 0.9640259149100213 and parameters: {'n_estimators': 350, 'max_depth': 3, 'learning_rate': 0.017732091590842103, 'subsample': 0.7422772674924287, 'colsample_bytree': 0.9406590942262119, 'reg_alpha': 3.325481267274215e-06, 'reg_lambda': 17.564278579581362, 'min_child_weight': 7, 'gamma': 0.993578407670862}. Best is trial 5 with value: 0.9539646865058312.
[I 2026-03-21 00:12:58,504] Trial 8 finished with value: 0.9635471323588616 and parameters: {'n_estimators': 103, 'max_depth': 5, 'learning_rate': 0.04231554618260076, 'subsample': 0.9187021504122962, 'colsample_bytree': 0.9313811040057838, 'reg_alpha': 3.298470179752566e-06, 'reg_lambda': 0.034815437009482725, 'min_child_weight': 1, 'gamma': 4.315517129377968}. Best is trial 5 with value: 0.9539646865058312.
[I 2026-03-21 00:13:00,518] Trial 9 finished with value: 1.2158980552508327 and parameters: {'n_estimators': 536, 'max_depth': 3, 'learning_rate': 0.0014003921591980472, 'subsample': 0.7932946965146986, 'colsample_bytree': 0.7975549966080241, 'reg_alpha': 0.12800980864220765, 'reg_lambda': 0.5522729957780633, 'min_child_weight': 8, 'gamma': 2.3610746258097466}. Best is trial 5 with value: 0.9539646865058312.
[I 2026-03-21 00:13:03,755] Trial 10 finished with value: 0.9603469684061856 and parameters: {'n_estimators': 774, 'max_depth': 4, 'learning_rate': 0.005540182886184353, 'subsample': 0.9796871025735361, 'colsample_bytree': 0.8584515352721822, 'reg_alpha': 2.2576341561444715, 'reg_lambda': 1.3846178437641556, 'min_child_weight': 5, 'gamma': 4.849480047501926}. Best is trial 5 with value: 0.9539646865058312.
[I 2026-03-21 00:13:06,704] Trial 11 finished with value: 0.9619281936909759 and parameters: {'n_estimators': 798, 'max_depth': 4, 'learning_rate': 0.005703199635531859, 'subsample': 0.9870093688889185, 'colsample_bytree': 0.8606872792106469, 'reg_alpha': 9.45562397455136, 'reg_lambda': 1.0755970600463762, 'min_child_weight': 5, 'gamma': 4.994596575544306}. Best is trial 5 with value: 0.9539646865058312.
[I 2026-03-21 00:13:09,269] Trial 12 finished with value: 0.9562838146172077 and parameters: {'n_estimators': 770, 'max_depth': 4, 'learning_rate': 0.006398573291355236, 'subsample': 0.9990458451247447, 'colsample_bytree': 0.8424107295867796, 'reg_alpha': 4.379182780728105, 'reg_lambda': 2.089624885252392, 'min_child_weight': 5, 'gamma': 4.959535580770568}. Best is trial 5 with value: 0.9539646865058312.
[I 2026-03-21 00:13:11,538] Trial 13 finished with value: 0.9611835074309848 and parameters: {'n_estimators': 637, 'max_depth': 3, 'learning_rate': 0.007016476559600965, 'subsample': 0.8223576495864864, 'colsample_bytree': 0.8250773824982501, 'reg_alpha': 0.18857683446210424, 'reg_lambda': 3.7136399838988825, 'min_child_weight': 4, 'gamma': 3.4275230406446715}. Best is trial 5 with value: 0.9539646865058312.
[I 2026-03-21 00:13:14,127] Trial 14 finished with value: 0.9556604516829437 and parameters: {'n_estimators': 697, 'max_depth': 4, 'learning_rate': 0.011514753827153381, 'subsample': 0.9214295026378698, 'colsample_bytree': 0.9983278860741579, 'reg_alpha': 0.2937177026592157, 'reg_lambda': 0.2531683826808511, 'min_child_weight': 6, 'gamma': 3.6203139302472933}. Best is trial 5 with value: 0.9539646865058312.
[I 2026-03-21 00:13:16,048] Trial 15 finished with value: 0.955502610931638 and parameters: {'n_estimators': 685, 'max_depth': 2, 'learning_rate': 0.012327657477962342, 'subsample': 0.9096425452366184, 'colsample_bytree': 0.9850316498255733, 'reg_alpha': 0.21488118174722481, 'reg_lambda': 0.39455454214313523, 'min_child_weight': 6, 'gamma': 3.5805495018398714}. Best is trial 5 with value: 0.9539646865058312.
[I 2026-03-21 00:13:16,435] Trial 16 pruned. 
[I 2026-03-21 00:13:16,601] Trial 17 pruned. 
[I 2026-03-21 00:13:16,958] Trial 18 pruned. 
[I 2026-03-21 00:13:17,960] Trial 19 finished with value: 0.9533110143697477 and parameters: {'n_estimators': 463, 'max_depth': 3, 'learning_rate': 0.07566101170915486, 'subsample': 0.9451837224745078, 'colsample_bytree': 0.9937894333527879, 'reg_alpha': 0.8332512943344851, 'reg_lambda': 0.01868145876619125, 'min_child_weight': 4, 'gamma': 4.341135021231855}. Best is trial 19 with value: 0.9533110143697477.
[I 2026-03-21 00:13:18,876] Trial 20 finished with value: 0.9509554918430208 and parameters: {'n_estimators': 484, 'max_depth': 3, 'learning_rate': 0.07792215814913235, 'subsample': 0.9556883668087587, 'colsample_bytree': 0.7045063634877061, 'reg_alpha': 1.5808749504980488, 'reg_lambda': 0.013126742380340551, 'min_child_weight': 1, 'gamma': 4.574616618555183}. Best is trial 20 with value: 0.9509554918430208.
[I 2026-03-21 00:13:19,790] Trial 21 finished with value: 0.9491954249418967 and parameters: {'n_estimators': 480, 'max_depth': 3, 'learning_rate': 0.07882888417775327, 'subsample': 0.9522922835017704, 'colsample_bytree': 0.701348869266643, 'reg_alpha': 1.3118156332420994, 'reg_lambda': 0.012146644011377607, 'min_child_weight': 1, 'gamma': 4.393135032915165}. Best is trial 21 with value: 0.9491954249418967.
[I 2026-03-21 00:13:20,691] Trial 22 finished with value: 0.9478542404810358 and parameters: {'n_estimators': 454, 'max_depth': 3, 'learning_rate': 0.06560046767413011, 'subsample': 0.953772307757257, 'colsample_bytree': 0.7166316251092608, 'reg_alpha': 1.1710914844952283, 'reg_lambda': 0.010846541961428896, 'min_child_weight': 1, 'gamma': 3.9919209309588113}. Best is trial 22 with value: 0.9478542404810358.
[I 2026-03-21 00:13:21,644] Trial 23 finished with value: 0.9536079099049442 and parameters: {'n_estimators': 499, 'max_depth': 3, 'learning_rate': 0.08082300040260329, 'subsample': 0.9572438214247634, 'colsample_bytree': 0.7012762800381226, 'reg_alpha': 0.024333361798276703, 'reg_lambda': 0.008650060449780608, 'min_child_weight': 1, 'gamma': 3.875860810170235}. Best is trial 22 with value: 0.9478542404810358.
[I 2026-03-21 00:13:22,134] Trial 24 finished with value: 0.9542565000444252 and parameters: {'n_estimators': 249, 'max_depth': 3, 'learning_rate': 0.1685890093933158, 'subsample': 0.9662947029012023, 'colsample_bytree': 0.7198602648495119, 'reg_alpha': 1.6401179098892729, 'reg_lambda': 0.004299356700636591, 'min_child_weight': 2, 'gamma': 4.598016552038015}. Best is trial 22 with value: 0.9478542404810358.
[I 2026-03-21 00:13:23,035] Trial 25 finished with value: 0.9513091741010768 and parameters: {'n_estimators': 457, 'max_depth': 3, 'learning_rate': 0.07538816177640152, 'subsample': 0.9399335215681107, 'colsample_bytree': 0.782622980271204, 'reg_alpha': 0.05126756779343537, 'reg_lambda': 0.01652064298897224, 'min_child_weight': 2, 'gamma': 3.8889549568031114}. Best is trial 22 with value: 0.9478542404810358.
[I 2026-03-21 00:13:23,213] Trial 26 pruned. 
[I 2026-03-21 00:13:24,011] Trial 27 finished with value: 0.9485758880301013 and parameters: {'n_estimators': 277, 'max_depth': 3, 'learning_rate': 0.027830932504227156, 'subsample': 0.9337098496850271, 'colsample_bytree': 0.7002305467144896, 'reg_alpha': 1.201721655450401, 'reg_lambda': 0.08463596270732976, 'min_child_weight': 1, 'gamma': 4.568253842601462}. Best is trial 22 with value: 0.9478542404810358.
[I 2026-03-21 00:13:24,133] Trial 28 pruned. 
[I 2026-03-21 00:13:24,296] Trial 29 pruned. 
[I 2026-03-21 00:13:24,485] Trial 30 pruned. 
[I 2026-03-21 00:13:25,237] Trial 31 finished with value: 0.9511150810376907 and parameters: {'n_estimators': 351, 'max_depth': 3, 'learning_rate': 0.055338382520303465, 'subsample': 0.9619946367517488, 'colsample_bytree': 0.7063133853273259, 'reg_alpha': 2.043636448545457, 'reg_lambda': 0.012006060428598518, 'min_child_weight': 1, 'gamma': 4.64054503656166}. Best is trial 22 with value: 0.9478542404810358.
[I 2026-03-21 00:13:25,658] Trial 32 finished with value: 0.952725459509379 and parameters: {'n_estimators': 185, 'max_depth': 3, 'learning_rate': 0.11576228733924428, 'subsample': 0.995254600157164, 'colsample_bytree': 0.7005983471187476, 'reg_alpha': 1.1239857725635607, 'reg_lambda': 0.007173302173973785, 'min_child_weight': 1, 'gamma': 4.297520254111293}. Best is trial 22 with value: 0.9478542404810358.
[I 2026-03-21 00:13:26,537] Trial 33 finished with value: 0.9553357243052002 and parameters: {'n_estimators': 503, 'max_depth': 3, 'learning_rate': 0.1829794753466301, 'subsample': 0.9407163034423796, 'colsample_bytree': 0.7399396598232498, 'reg_alpha': 2.803333861308971, 'reg_lambda': 0.08903137412888343, 'min_child_weight': 2, 'gamma': 4.671976628532761}. Best is trial 22 with value: 0.9478542404810358.
[I 2026-03-21 00:13:27,371] Trial 34 finished with value: 0.9513450671163426 and parameters: {'n_estimators': 408, 'max_depth': 3, 'learning_rate': 0.06869299437718242, 'subsample': 0.9556833750861266, 'colsample_bytree': 0.7669796454168905, 'reg_alpha': 0.5019529970794707, 'reg_lambda': 0.0034244488623300824, 'min_child_weight': 3, 'gamma': 3.980607498456635}. Best is trial 22 with value: 0.9478542404810358.
[I 2026-03-21 00:13:28,598] Trial 35 finished with value: 0.9567318156070238 and parameters: {'n_estimators': 609, 'max_depth': 3, 'learning_rate': 0.03250284753524678, 'subsample': 0.9266525968660908, 'colsample_bytree': 0.7266612577138358, 'reg_alpha': 9.621782452727091, 'reg_lambda': 0.04693436534928354, 'min_child_weight': 1, 'gamma': 4.684421492651075}. Best is trial 22 with value: 0.9478542404810358.
[I 2026-03-21 00:13:28,743] Trial 36 pruned. 
[I 2026-03-21 00:13:29,071] Trial 37 pruned. 
[I 2026-03-21 00:13:29,973] Trial 38 finished with value: 0.9558809499405525 and parameters: {'n_estimators': 484, 'max_depth': 3, 'learning_rate': 0.11288844525401484, 'subsample': 0.8918803670133875, 'colsample_bytree': 0.7791558955923392, 'reg_alpha': 0.10646318104007783, 'reg_lambda': 0.012048884221010308, 'min_child_weight': 3, 'gamma': 4.414464206884704}. Best is trial 22 with value: 0.9478542404810358.
[I 2026-03-21 00:13:31,134] Trial 39 finished with value: 0.9561260700911196 and parameters: {'n_estimators': 544, 'max_depth': 3, 'learning_rate': 0.03880450810114264, 'subsample': 0.8648520482642273, 'colsample_bytree': 0.7480073352863555, 'reg_alpha': 3.617604882704865, 'reg_lambda': 0.052798134036584614, 'min_child_weight': 1, 'gamma': 3.7403347325596332}. Best is trial 22 with value: 0.9478542404810358.
[I 2026-03-21 00:13:31,290] Trial 40 pruned. 
[I 2026-03-21 00:13:32,027] Trial 41 finished with value: 0.9459806274915442 and parameters: {'n_estimators': 338, 'max_depth': 3, 'learning_rate': 0.05720671296025396, 'subsample': 0.962183523136069, 'colsample_bytree': 0.7031882165929242, 'reg_alpha': 1.2022222899804231, 'reg_lambda': 0.015654414442086057, 'min_child_weight': 1, 'gamma': 4.655392345755547}. Best is trial 41 with value: 0.9459806274915442.
[I 2026-03-21 00:13:32,740] Trial 42 finished with value: 0.9462255213990218 and parameters: {'n_estimators': 321, 'max_depth': 3, 'learning_rate': 0.062069491839550496, 'subsample': 0.9729215316380184, 'colsample_bytree': 0.7371856231972121, 'reg_alpha': 0.43938213877586524, 'reg_lambda': 0.1705977578100881, 'min_child_weight': 1, 'gamma': 4.212716643786146}. Best is trial 41 with value: 0.9459806274915442.
[I 2026-03-21 00:13:33,441] Trial 43 finished with value: 0.9475186077542176 and parameters: {'n_estimators': 303, 'max_depth': 3, 'learning_rate': 0.057735582045231444, 'subsample': 0.9780504591415609, 'colsample_bytree': 0.7379020885106338, 'reg_alpha': 0.3506834914820011, 'reg_lambda': 0.17404276101628982, 'min_child_weight': 1, 'gamma': 4.182580327062118}. Best is trial 41 with value: 0.9459806274915442.
[I 2026-03-21 00:13:34,420] Trial 44 finished with value: 0.9484461665050045 and parameters: {'n_estimators': 314, 'max_depth': 3, 'learning_rate': 0.02010406377322873, 'subsample': 0.9854572416090427, 'colsample_bytree': 0.7370289156312269, 'reg_alpha': 0.39922126507865663, 'reg_lambda': 0.17032625940692847, 'min_child_weight': 2, 'gamma': 4.214940062245453}. Best is trial 41 with value: 0.9459806274915442.
[I 2026-03-21 00:13:35,125] Trial 45 finished with value: 0.9479792312660624 and parameters: {'n_estimators': 314, 'max_depth': 3, 'learning_rate': 0.05775636758782371, 'subsample': 0.986652690232634, 'colsample_bytree': 0.7540256894600186, 'reg_alpha': 0.456628665121073, 'reg_lambda': 0.1793753147589416, 'min_child_weight': 2, 'gamma': 4.145506427643069}. Best is trial 41 with value: 0.9459806274915442.
[I 2026-03-21 00:13:35,267] Trial 46 pruned. 
[I 2026-03-21 00:13:36,134] Trial 47 finished with value: 0.9490908501740549 and parameters: {'n_estimators': 386, 'max_depth': 3, 'learning_rate': 0.04059930905299569, 'subsample': 0.9765201557970294, 'colsample_bytree': 0.807144189123423, 'reg_alpha': 0.2831253719754134, 'reg_lambda': 0.12850170342085473, 'min_child_weight': 2, 'gamma': 4.8678242787229635}. Best is trial 41 with value: 0.9459806274915442.
[I 2026-03-21 00:13:36,734] Trial 48 finished with value: 0.9544793241113625 and parameters: {'n_estimators': 293, 'max_depth': 4, 'learning_rate': 0.10170285245705667, 'subsample': 0.9999051548211315, 'colsample_bytree': 0.7494398133428323, 'reg_alpha': 4.781559584211774, 'reg_lambda': 0.8209598559755068, 'min_child_weight': 1, 'gamma': 4.0864895813512545}. Best is trial 41 with value: 0.9459806274915442.
[I 2026-03-21 00:13:37,061] Trial 49 pruned. 
{
  "study": "multiclass_meta_xgb",
  "best_logloss": 0.9459806274915442,
  "best_metrics": {
    "accuracy": 0.5971218965551024,
    "precision": 0.48965535636584984,
    "recall": 0.45818529171052524,
    "f1": 0.4485616680311898,
    "roc_auc": 0.8518800566490704,
    "pr_auc": 0.5598307403997036,
    "logloss": 0.9459806274915442
  },
  "best_params": {
    "n_estimators": 338,
    "max_depth": 3,
    "learning_rate": 0.05720671296025396,
    "subsample": 0.962183523136069,
    "colsample_bytree": 0.7031882165929242,
    "reg_alpha": 1.2022222899804231,
    "reg_lambda": 0.015654414442086057,
    "min_child_weight": 1,
    "gamma": 4.655392345755547
  },
  "n_trials": 50
}
