[I 2026-03-21 00:12:51,605] Trial 0 finished with value: 0.971349621956865 and parameters: {'hidden_layer_sizes': (64,), 'alpha': 4.207053950287936e-06, 'learning_rate_init': 0.00013927723945289018, 'batch_size': 32}. Best is trial 0 with value: 0.971349621956865.
[I 2026-03-21 00:12:52,101] Trial 1 finished with value: 0.9769860372572214 and parameters: {'hidden_layer_sizes': (32,), 'alpha': 1.6480446427978994e-05, 'learning_rate_init': 0.0019947354703074493, 'batch_size': 128}. Best is trial 0 with value: 0.971349621956865.
[I 2026-03-21 00:12:53,517] Trial 2 finished with value: 1.001700225455607 and parameters: {'hidden_layer_sizes': (64, 32), 'alpha': 0.00011400863701127338, 'learning_rate_init': 0.002934152756500074, 'batch_size': 64}. Best is trial 0 with value: 0.971349621956865.
[I 2026-03-21 00:12:53,943] Trial 3 finished with value: 0.9907611776881543 and parameters: {'hidden_layer_sizes': (64,), 'alpha': 0.0005456725485601478, 'learning_rate_init': 0.0012311503632415643, 'batch_size': 256}. Best is trial 0 with value: 0.971349621956865.
[I 2026-03-21 00:12:54,732] Trial 4 finished with value: 1.0467531533202306 and parameters: {'hidden_layer_sizes': (64,), 'alpha': 5.4880470007660465e-06, 'learning_rate_init': 0.025221951700214282, 'batch_size': 64}. Best is trial 0 with value: 0.971349621956865.
[I 2026-03-21 00:12:55,997] Trial 5 finished with value: 0.961163044128581 and parameters: {'hidden_layer_sizes': (32,), 'alpha': 3.58681649862755e-05, 'learning_rate_init': 0.0004700720768446129, 'batch_size': 32}. Best is trial 5 with value: 0.961163044128581.
[I 2026-03-21 00:12:57,860] Trial 6 finished with value: 0.9908423057244853 and parameters: {'hidden_layer_sizes': (64, 32), 'alpha': 6.235377135673162e-06, 'learning_rate_init': 0.0001031998233024769, 'batch_size': 32}. Best is trial 5 with value: 0.961163044128581.
[I 2026-03-21 00:12:58,779] Trial 7 finished with value: 1.0003139589392487 and parameters: {'hidden_layer_sizes': (64, 32), 'alpha': 2.106648601704221e-05, 'learning_rate_init': 0.00014369502768990676, 'batch_size': 128}. Best is trial 5 with value: 0.961163044128581.
[I 2026-03-21 00:12:59,308] Trial 8 finished with value: 0.9941073862839979 and parameters: {'hidden_layer_sizes': (32,), 'alpha': 0.0001758364027000851, 'learning_rate_init': 0.00812417347238722, 'batch_size': 64}. Best is trial 5 with value: 0.961163044128581.
[I 2026-03-21 00:13:00,232] Trial 9 finished with value: 0.9704575079707102 and parameters: {'hidden_layer_sizes': (128,), 'alpha': 0.004268407710065497, 'learning_rate_init': 0.00041450242860409506, 'batch_size': 64}. Best is trial 5 with value: 0.961163044128581.
[I 2026-03-21 00:13:01,208] Trial 10 pruned. 
[I 2026-03-21 00:13:01,892] Trial 11 finished with value: 0.9719414835624918 and parameters: {'hidden_layer_sizes': (128,), 'alpha': 0.004272274816226786, 'learning_rate_init': 0.0004293034919953876, 'batch_size': 256}. Best is trial 5 with value: 0.961163044128581.
[I 2026-03-21 00:13:03,130] Trial 12 finished with value: 0.9650948228816741 and parameters: {'hidden_layer_sizes': (128,), 'alpha': 0.009616287220630652, 'learning_rate_init': 0.0004623181141550138, 'batch_size': 32}. Best is trial 5 with value: 0.961163044128581.
[I 2026-03-21 00:13:04,811] Trial 13 finished with value: 0.9836825295083911 and parameters: {'hidden_layer_sizes': (128,), 'alpha': 0.0008422539710802123, 'learning_rate_init': 0.0008166045953958566, 'batch_size': 32}. Best is trial 5 with value: 0.961163044128581.
[I 2026-03-21 00:13:06,505] Trial 14 finished with value: 0.965400375872381 and parameters: {'hidden_layer_sizes': (32,), 'alpha': 0.009829344079027363, 'learning_rate_init': 0.0002667020140302826, 'batch_size': 32}. Best is trial 5 with value: 0.961163044128581.
[I 2026-03-21 00:13:06,970] Trial 15 pruned. 
[I 2026-03-21 00:13:08,436] Trial 16 finished with value: 0.9607830603926419 and parameters: {'hidden_layer_sizes': (32,), 'alpha': 0.00048099932696023836, 'learning_rate_init': 0.0002681065037130889, 'batch_size': 32}. Best is trial 16 with value: 0.9607830603926419.
[I 2026-03-21 00:13:09,719] Trial 17 finished with value: 0.9590807325850834 and parameters: {'hidden_layer_sizes': (32,), 'alpha': 0.0004399698345455767, 'learning_rate_init': 0.0002583511834188862, 'batch_size': 32}. Best is trial 17 with value: 0.9590807325850834.
[I 2026-03-21 00:13:09,942] Trial 18 pruned. 
[I 2026-03-21 00:13:10,047] Trial 19 pruned. 
[I 2026-03-21 00:13:10,881] Trial 20 finished with value: 0.9633291787766216 and parameters: {'hidden_layer_sizes': (32,), 'alpha': 0.00023052092324549309, 'learning_rate_init': 0.0010678669229343713, 'batch_size': 32}. Best is trial 17 with value: 0.9590807325850834.
[I 2026-03-21 00:13:11,911] Trial 21 finished with value: 0.9632859686656847 and parameters: {'hidden_layer_sizes': (32,), 'alpha': 4.6887579253917774e-05, 'learning_rate_init': 0.0003010420777117883, 'batch_size': 32}. Best is trial 17 with value: 0.9590807325850834.
[I 2026-03-21 00:13:13,389] Trial 22 finished with value: 0.9651011850374669 and parameters: {'hidden_layer_sizes': (32,), 'alpha': 0.00031290275505362, 'learning_rate_init': 0.000643713123558142, 'batch_size': 32}. Best is trial 17 with value: 0.9590807325850834.
[I 2026-03-21 00:13:14,692] Trial 23 finished with value: 0.9604766182686884 and parameters: {'hidden_layer_sizes': (32,), 'alpha': 0.0018098364302858105, 'learning_rate_init': 0.00020711482832661766, 'batch_size': 32}. Best is trial 17 with value: 0.9590807325850834.
[I 2026-03-21 00:13:15,967] Trial 24 finished with value: 0.9618127797164011 and parameters: {'hidden_layer_sizes': (32,), 'alpha': 0.001703197915725683, 'learning_rate_init': 0.00021513901807982446, 'batch_size': 32}. Best is trial 17 with value: 0.9590807325850834.
[I 2026-03-21 00:13:19,553] Trial 25 finished with value: 0.9657840403493866 and parameters: {'hidden_layer_sizes': (128, 64), 'alpha': 0.0018422351101369339, 'learning_rate_init': 0.00010780688858929576, 'batch_size': 32}. Best is trial 17 with value: 0.9590807325850834.
[I 2026-03-21 00:13:21,027] Trial 26 finished with value: 0.9598294073325562 and parameters: {'hidden_layer_sizes': (32,), 'alpha': 0.0008376081264738796, 'learning_rate_init': 0.00018549565126942255, 'batch_size': 32}. Best is trial 17 with value: 0.9590807325850834.
[I 2026-03-21 00:13:21,160] Trial 27 pruned. 
[I 2026-03-21 00:13:21,576] Trial 28 finished with value: 0.9758096814656867 and parameters: {'hidden_layer_sizes': (32,), 'alpha': 0.00011635691124511194, 'learning_rate_init': 0.0008587460098486943, 'batch_size': 256}. Best is trial 17 with value: 0.9590807325850834.
[I 2026-03-21 00:13:21,796] Trial 29 pruned. 
[I 2026-03-21 00:13:22,244] Trial 30 pruned. 
[I 2026-03-21 00:13:23,553] Trial 31 finished with value: 0.956101282798046 and parameters: {'hidden_layer_sizes': (32,), 'alpha': 0.0005053944133370265, 'learning_rate_init': 0.00033361078666799233, 'batch_size': 32}. Best is trial 31 with value: 0.956101282798046.
[I 2026-03-21 00:13:24,832] Trial 32 finished with value: 0.9565290370831612 and parameters: {'hidden_layer_sizes': (32,), 'alpha': 0.0010084420273692991, 'learning_rate_init': 0.0003119046833161602, 'batch_size': 32}. Best is trial 31 with value: 0.956101282798046.
[I 2026-03-21 00:13:25,903] Trial 33 finished with value: 0.9595674083777006 and parameters: {'hidden_layer_sizes': (32,), 'alpha': 0.0009036504369725637, 'learning_rate_init': 0.0003521235720293546, 'batch_size': 32}. Best is trial 31 with value: 0.956101282798046.
[I 2026-03-21 00:13:26,108] Trial 34 pruned. 
[I 2026-03-21 00:13:26,320] Trial 35 pruned. 
[I 2026-03-21 00:13:26,448] Trial 36 pruned. 
[I 2026-03-21 00:13:27,535] Trial 37 finished with value: 0.9610899830823211 and parameters: {'hidden_layer_sizes': (32,), 'alpha': 0.0009265682294691278, 'learning_rate_init': 0.0003684357097566049, 'batch_size': 32}. Best is trial 31 with value: 0.956101282798046.
[I 2026-03-21 00:13:27,616] Trial 38 pruned. 
[I 2026-03-21 00:13:27,986] Trial 39 pruned. 
[I 2026-03-21 00:13:28,532] Trial 40 finished with value: 0.9901746351850018 and parameters: {'hidden_layer_sizes': (32,), 'alpha': 0.0006280352646824815, 'learning_rate_init': 0.003565865237224249, 'batch_size': 64}. Best is trial 31 with value: 0.956101282798046.
[I 2026-03-21 00:13:28,752] Trial 41 pruned. 
[I 2026-03-21 00:13:29,152] Trial 42 pruned. 
[I 2026-03-21 00:13:29,284] Trial 43 pruned. 
[I 2026-03-21 00:13:32,254] Trial 44 finished with value: 0.9819951868639404 and parameters: {'hidden_layer_sizes': (128, 64), 'alpha': 0.005063544767831408, 'learning_rate_init': 0.00022212164534475665, 'batch_size': 32}. Best is trial 31 with value: 0.956101282798046.
[I 2026-03-21 00:13:32,456] Trial 45 pruned. 
[I 2026-03-21 00:13:32,716] Trial 46 pruned. 
[I 2026-03-21 00:13:32,839] Trial 47 pruned. 
[I 2026-03-21 00:13:32,984] Trial 48 pruned. 
[I 2026-03-21 00:13:33,185] Trial 49 pruned. 
{
  "study": "multiclass_meta_mlp",
  "best_logloss": 0.956101282798046,
  "best_metrics": {
    "accuracy": 0.6070125322621771,
    "precision": 0.4964968162694463,
    "recall": 0.48093004021214014,
    "f1": 0.45977091571776835,
    "roc_auc": 0.8460650326499669,
    "pr_auc": 0.5412853127268457,
    "logloss": 0.956101282798046
  },
  "best_params": {
    "hidden_layer_sizes": [
      32
    ],
    "alpha": 0.0005053944133370265,
    "learning_rate_init": 0.00033361078666799233,
    "batch_size": 32
  },
  "n_trials": 50
}
