[I 2026-03-20 02:14:57,601] Trial 65 finished with value: 0.154603336851393 and parameters: {'n_estimators': 430, 'learning_rate': 0.11913632326515552, 'max_depth': 6, 'min_child_weight': 6, 'subsample': 0.8321065495181635, 'colsample_bytree': 0.8382566441351548, 'gamma': 1.64370580366504, 'reg_alpha': 0.0016889749129358053, 'reg_lambda': 0.025191815332414755, 'max_bin': 256}. Best is trial 3 with value: 0.1459990436785768.
[I 2026-03-20 02:16:50,516] Trial 66 finished with value: 0.1503386323795984 and parameters: {'n_estimators': 486, 'learning_rate': 0.09952328645943656, 'max_depth': 6, 'min_child_weight': 3, 'subsample': 0.8617081126992843, 'colsample_bytree': 0.8317348599961852, 'gamma': 0.9312629591169417, 'reg_alpha': 0.0010001155419392415, 'reg_lambda': 0.05005308952192333, 'max_bin': 256}. Best is trial 3 with value: 0.1459990436785768.
[I 2026-03-20 02:18:30,637] Trial 67 finished with value: 0.15577519507118592 and parameters: {'n_estimators': 464, 'learning_rate': 0.10033227263052051, 'max_depth': 6, 'min_child_weight': 3, 'subsample': 0.7688040992703424, 'colsample_bytree': 0.8299354136106039, 'gamma': 0.7461852758872629, 'reg_alpha': 0.0010132643591008455, 'reg_lambda': 0.042899540614933694, 'max_bin': 256}. Best is trial 3 with value: 0.1459990436785768.
[I 2026-03-20 02:18:52,143] Trial 68 pruned. 
[I 2026-03-20 02:19:00,012] Trial 69 pruned. 
[I 2026-03-20 02:19:10,707] Trial 70 pruned. 
[I 2026-03-20 02:20:36,058] Trial 71 finished with value: 0.15472961731523954 and parameters: {'n_estimators': 450, 'learning_rate': 0.11096989726523702, 'max_depth': 6, 'min_child_weight': 4, 'subsample': 0.8616759748712207, 'colsample_bytree': 0.8260782601127499, 'gamma': 0.9372588966670351, 'reg_alpha': 0.0012421021872937215, 'reg_lambda': 0.03455403289329699, 'max_bin': 256}. Best is trial 3 with value: 0.1459990436785768.
[I 2026-03-20 02:22:05,430] Trial 72 finished with value: 0.15081097971477983 and parameters: {'n_estimators': 484, 'learning_rate': 0.103686994045739, 'max_depth': 6, 'min_child_weight': 3, 'subsample': 0.8828323400159946, 'colsample_bytree': 0.7846916458737118, 'gamma': 0.9291531509232023, 'reg_alpha': 0.005468208622807799, 'reg_lambda': 0.2881871569064077, 'max_bin': 256}. Best is trial 3 with value: 0.1459990436785768.
[I 2026-03-20 02:23:33,545] Trial 73 finished with value: 0.14982399937422552 and parameters: {'n_estimators': 489, 'learning_rate': 0.10235922741830981, 'max_depth': 6, 'min_child_weight': 3, 'subsample': 0.8820383208796276, 'colsample_bytree': 0.7523891098464883, 'gamma': 1.0007290097515407, 'reg_alpha': 0.23861672567874864, 'reg_lambda': 0.2409438957405415, 'max_bin': 256}. Best is trial 3 with value: 0.1459990436785768.
[I 2026-03-20 02:23:51,011] Trial 74 pruned. 
[I 2026-03-20 02:24:06,928] Trial 75 pruned. 
[I 2026-03-20 02:25:28,344] Trial 76 finished with value: 0.1502372170434702 and parameters: {'n_estimators': 484, 'learning_rate': 0.10413173546159765, 'max_depth': 6, 'min_child_weight': 3, 'subsample': 0.8931394037327643, 'colsample_bytree': 0.7011874166785805, 'gamma': 0.12259135360348561, 'reg_alpha': 0.00519540523204793, 'reg_lambda': 0.13649516873631262, 'max_bin': 256}. Best is trial 3 with value: 0.1459990436785768.
[I 2026-03-20 02:27:04,254] Trial 77 finished with value: 0.15291127028295443 and parameters: {'n_estimators': 481, 'learning_rate': 0.10364739163039711, 'max_depth': 6, 'min_child_weight': 3, 'subsample': 0.8951004432788354, 'colsample_bytree': 0.7138123681074844, 'gamma': 0.12309301461845767, 'reg_alpha': 0.005691191765230769, 'reg_lambda': 0.14386874010924783, 'max_bin': 256}. Best is trial 3 with value: 0.1459990436785768.
[I 2026-03-20 02:27:27,414] Trial 78 pruned. 
[I 2026-03-20 02:27:48,339] Trial 79 pruned. 
[I 2026-03-20 02:28:10,834] Trial 80 pruned. 
[I 2026-03-20 02:29:41,844] Trial 81 finished with value: 0.15380262115167243 and parameters: {'n_estimators': 435, 'learning_rate': 0.114349640453583, 'max_depth': 6, 'min_child_weight': 3, 'subsample': 0.8907563949797264, 'colsample_bytree': 0.7699427612116928, 'gamma': 1.0357816199544743, 'reg_alpha': 0.2276500488838361, 'reg_lambda': 0.32712990096331185, 'max_bin': 256}. Best is trial 3 with value: 0.1459990436785768.
[I 2026-03-20 02:31:21,488] Trial 82 finished with value: 0.14511727548399017 and parameters: {'n_estimators': 469, 'learning_rate': 0.10934656142438419, 'max_depth': 6, 'min_child_weight': 2, 'subsample': 0.8406507528138978, 'colsample_bytree': 0.7318670875985085, 'gamma': 0.8808306415506197, 'reg_alpha': 0.00888399485712417, 'reg_lambda': 0.2707713602235789, 'max_bin': 256}. Best is trial 82 with value: 0.14511727548399017.
[I 2026-03-20 02:32:54,648] Trial 83 finished with value: 0.14784324877173433 and parameters: {'n_estimators': 466, 'learning_rate': 0.10877623670079434, 'max_depth': 6, 'min_child_weight': 2, 'subsample': 0.8431599346895244, 'colsample_bytree': 0.729676103160618, 'gamma': 0.9302926825523655, 'reg_alpha': 0.008522334503335732, 'reg_lambda': 0.27319017168561366, 'max_bin': 256}. Best is trial 82 with value: 0.14511727548399017.
[I 2026-03-20 02:33:12,122] Trial 84 pruned. 
[I 2026-03-20 02:34:36,362] Trial 85 finished with value: 0.15319421854581874 and parameters: {'n_estimators': 500, 'learning_rate': 0.09306079792952539, 'max_depth': 6, 'min_child_weight': 2, 'subsample': 0.8807130273449418, 'colsample_bytree': 0.7244005613168896, 'gamma': 0.7864662107840587, 'reg_alpha': 0.003829461052222182, 'reg_lambda': 0.4112861866318411, 'max_bin': 256}. Best is trial 82 with value: 0.14511727548399017.
[I 2026-03-20 02:36:14,349] Trial 86 finished with value: 0.1482879602229381 and parameters: {'n_estimators': 480, 'learning_rate': 0.1088567122672448, 'max_depth': 6, 'min_child_weight': 2, 'subsample': 0.9014190222788334, 'colsample_bytree': 0.7458671759115654, 'gamma': 0.004948246620955207, 'reg_alpha': 0.011397949528827165, 'reg_lambda': 0.2855457442402917, 'max_bin': 128}. Best is trial 82 with value: 0.14511727548399017.
[I 2026-03-20 02:38:00,878] Trial 87 finished with value: 0.15318937169724053 and parameters: {'n_estimators': 454, 'learning_rate': 0.11085692595511862, 'max_depth': 6, 'min_child_weight': 2, 'subsample': 0.9005849110720661, 'colsample_bytree': 0.7542836542248813, 'gamma': 0.006017026733014895, 'reg_alpha': 0.012169592747514646, 'reg_lambda': 0.19867693305461442, 'max_bin': 128}. Best is trial 82 with value: 0.14511727548399017.
[I 2026-03-20 02:39:58,921] Trial 88 finished with value: 0.15080413444108368 and parameters: {'n_estimators': 468, 'learning_rate': 0.1082478750798527, 'max_depth': 6, 'min_child_weight': 1, 'subsample': 0.9366922323556267, 'colsample_bytree': 0.7318004440205595, 'gamma': 0.0623250167510813, 'reg_alpha': 0.01004010900397117, 'reg_lambda': 0.11991679946680577, 'max_bin': 128}. Best is trial 82 with value: 0.14511727548399017.
[I 2026-03-20 02:42:02,987] Trial 89 finished with value: 0.1536756754805858 and parameters: {'n_estimators': 492, 'learning_rate': 0.09831368754007727, 'max_depth': 6, 'min_child_weight': 2, 'subsample': 0.9096780961192106, 'colsample_bytree': 0.6623090695452325, 'gamma': 0.690519863044967, 'reg_alpha': 0.014546758867173843, 'reg_lambda': 0.5727092668627064, 'max_bin': 128}. Best is trial 82 with value: 0.14511727548399017.
[I 2026-03-20 02:42:18,800] Trial 90 pruned. 
[I 2026-03-20 02:44:17,312] Trial 91 finished with value: 0.14850777453905617 and parameters: {'n_estimators': 470, 'learning_rate': 0.10742938620940057, 'max_depth': 6, 'min_child_weight': 1, 'subsample': 0.9420532767346567, 'colsample_bytree': 0.7344760325787155, 'gamma': 0.07299119354347816, 'reg_alpha': 0.006746179443879303, 'reg_lambda': 0.1374658072171659, 'max_bin': 128}. Best is trial 82 with value: 0.14511727548399017.
[I 2026-03-20 02:46:18,333] Trial 92 finished with value: 0.15426766997089975 and parameters: {'n_estimators': 480, 'learning_rate': 0.10268492910248235, 'max_depth': 6, 'min_child_weight': 1, 'subsample': 0.9784329738510774, 'colsample_bytree': 0.742433071495072, 'gamma': 0.07587570809547828, 'reg_alpha': 0.007489839603373717, 'reg_lambda': 0.08245162281748482, 'max_bin': 128}. Best is trial 82 with value: 0.14511727548399017.
[I 2026-03-20 02:48:13,055] Trial 93 finished with value: 0.15192489899098396 and parameters: {'n_estimators': 455, 'learning_rate': 0.10884977178524943, 'max_depth': 6, 'min_child_weight': 1, 'subsample': 0.9550991387708634, 'colsample_bytree': 0.7269706862678218, 'gamma': 0.20492113299263437, 'reg_alpha': 0.0063453506548221865, 'reg_lambda': 0.1361250090028141, 'max_bin': 128}. Best is trial 82 with value: 0.14511727548399017.
[I 2026-03-20 02:50:03,126] Trial 94 finished with value: 0.15128251571295015 and parameters: {'n_estimators': 437, 'learning_rate': 0.11241836609405509, 'max_depth': 6, 'min_child_weight': 2, 'subsample': 0.8665197131024949, 'colsample_bytree': 0.7536249832897604, 'gamma': 0.8706742715406485, 'reg_alpha': 0.4703489136853002, 'reg_lambda': 0.17270903620262487, 'max_bin': 128}. Best is trial 82 with value: 0.14511727548399017.
[I 2026-03-20 02:52:00,821] Trial 95 finished with value: 0.153339040205182 and parameters: {'n_estimators': 468, 'learning_rate': 0.10618594335766626, 'max_depth': 6, 'min_child_weight': 3, 'subsample': 0.9261210310714539, 'colsample_bytree': 0.7159824251464291, 'gamma': 0.04599138434896331, 'reg_alpha': 0.0063273778696503495, 'reg_lambda': 0.35920632547736475, 'max_bin': 128}. Best is trial 82 with value: 0.14511727548399017.
[I 2026-03-20 02:52:22,402] Trial 96 pruned. 
[I 2026-03-20 02:54:22,892] Trial 97 finished with value: 0.15530801656854465 and parameters: {'n_estimators': 479, 'learning_rate': 0.0981367270651793, 'max_depth': 6, 'min_child_weight': 2, 'subsample': 0.8581875357218112, 'colsample_bytree': 0.7020802325243843, 'gamma': 0.16810037080006934, 'reg_alpha': 0.017648587496051752, 'reg_lambda': 0.06479257588144863, 'max_bin': 128}. Best is trial 82 with value: 0.14511727548399017.
[I 2026-03-20 02:54:38,994] Trial 98 pruned. 
[I 2026-03-20 02:56:20,380] Trial 99 finished with value: 0.14736270490147266 and parameters: {'n_estimators': 493, 'learning_rate': 0.11596121924164741, 'max_depth': 6, 'min_child_weight': 3, 'subsample': 0.8200338940659537, 'colsample_bytree': 0.7205975450755505, 'gamma': 0.9946822802894093, 'reg_alpha': 0.004586114246194769, 'reg_lambda': 0.10301177925893745, 'max_bin': 256}. Best is trial 82 with value: 0.14511727548399017.
{
  "study": "binary_xgb",
  "best_logloss": 0.14511727548399017,
  "best_metrics": {
    "accuracy": 0.9422567596174674,
    "precision": 0.23432403325089676,
    "recall": 0.5232101299715557,
    "f1": 0.3201930135183937,
    "roc_auc": 0.895264623953766,
    "pr_auc": 0.3100511201893922,
    "logloss": 0.14511727548399017
  },
  "best_params": {
    "n_estimators": 469,
    "learning_rate": 0.10934656142438419,
    "max_depth": 6,
    "min_child_weight": 2,
    "subsample": 0.8406507528138978,
    "colsample_bytree": 0.7318670875985085,
    "gamma": 0.8808306415506197,
    "reg_alpha": 0.00888399485712417,
    "reg_lambda": 0.2707713602235789,
    "max_bin": 256
  },
  "n_trials": 100
}
