Job: tune-multiclass-xgb
Repo: /dcs/23/u5514578/cs310/y3p
PWD: /dcs/23/u5514578/cs310/y3p
Python: /dcs/23/u5514578/cs310/y3p/venv/bin/python
src import OK
Task=multiclass Model=xgb DataFile=data/processed/dataset2.csv NTrials=50
Running on tiger-04
[I 2026-03-20 01:06:30,878] Trial 0 finished with value: 0.9387664213665197 and parameters: {'n_estimators': 250, 'learning_rate': 0.11207488496994687, 'max_depth': 5, 'min_child_weight': 5, 'subsample': 0.7468055921327309, 'colsample_bytree': 0.662397808134481, 'gamma': 0.11616722433639892, 'reg_alpha': 0.21766241123453672, 'reg_lambda': 0.6358358856676253, 'max_bin': 128}. Best is trial 0 with value: 0.9387664213665197.
[I 2026-03-20 01:06:31,303] Trial 1 finished with value: 0.9395295842837648 and parameters: {'n_estimators': 488, 'learning_rate': 0.0951265319412623, 'max_depth': 3, 'min_child_weight': 2, 'subsample': 0.7550213529560301, 'colsample_bytree': 0.7216968971838151, 'gamma': 1.0495128632644757, 'reg_alpha': 0.014648955132800727, 'reg_lambda': 0.07476312062252301, 'max_bin': 128}. Best is trial 0 with value: 0.9387664213665197.
[I 2026-03-20 01:06:31,996] Trial 2 finished with value: 0.9442328803121562 and parameters: {'n_estimators': 217, 'learning_rate': 0.04985320260355172, 'max_depth': 4, 'min_child_weight': 7, 'subsample': 0.7599021346475079, 'colsample_bytree': 0.8056937753654446, 'gamma': 1.184829137724085, 'reg_alpha': 0.0013346527038305934, 'reg_lambda': 0.6647135865318028, 'max_bin': 128}. Best is trial 0 with value: 0.9387664213665197.
[I 2026-03-20 01:06:32,516] Trial 3 finished with value: 0.9498889992345898 and parameters: {'n_estimators': 480, 'learning_rate': 0.11441676598611811, 'max_depth': 6, 'min_child_weight': 3, 'subsample': 0.7293016342019151, 'colsample_bytree': 0.8736932106048627, 'gamma': 0.8803049874792026, 'reg_alpha': 0.0021348999901951954, 'reg_lambda': 0.3058656666978526, 'max_bin': 256}. Best is trial 0 with value: 0.9387664213665197.
[I 2026-03-20 01:06:33,105] Trial 4 finished with value: 0.9348304650551749 and parameters: {'n_estimators': 203, 'learning_rate': 0.07516218824258078, 'max_depth': 4, 'min_child_weight': 5, 'subsample': 0.8640130838029838, 'colsample_bytree': 0.6739417822102108, 'gamma': 1.9391692555291171, 'reg_alpha': 0.12361188797337339, 'reg_lambda': 6.58410616012161, 'max_bin': 128}. Best is trial 4 with value: 0.9348304650551749.
[I 2026-03-20 01:06:34,274] Trial 5 finished with value: 0.9348751809866898 and parameters: {'n_estimators': 469, 'learning_rate': 0.03391556448121213, 'max_depth': 3, 'min_child_weight': 1, 'subsample': 0.7975990992289793, 'colsample_bytree': 0.7554709158757928, 'gamma': 0.5426980635477918, 'reg_alpha': 0.17247957710046016, 'reg_lambda': 0.11756010900231852, 'max_bin': 256}. Best is trial 4 with value: 0.9348304650551749.
[I 2026-03-20 01:06:34,775] Trial 6 finished with value: 0.9434790201117824 and parameters: {'n_estimators': 156, 'learning_rate': 0.09122039783913956, 'max_depth': 3, 'min_child_weight': 8, 'subsample': 0.9316734307889972, 'colsample_bytree': 0.679486272613669, 'gamma': 0.011044234247204798, 'reg_alpha': 0.15882027186184094, 'reg_lambda': 1.3199942261535018, 'max_bin': 256}. Best is trial 4 with value: 0.9348304650551749.
[I 2026-03-20 01:06:35,310] Trial 7 finished with value: 0.9467839895656198 and parameters: {'n_estimators': 129, 'learning_rate': 0.04931046842561624, 'max_depth': 3, 'min_child_weight': 7, 'subsample': 0.8869894380482674, 'colsample_bytree': 0.7323592099410596, 'gamma': 0.12711670057204727, 'reg_alpha': 0.00690767598589619, 'reg_lambda': 0.09452571391072308, 'max_bin': 128}. Best is trial 4 with value: 0.9348304650551749.
[I 2026-03-20 01:06:35,906] Trial 8 finished with value: 0.9431667043932004 and parameters: {'n_estimators': 455, 'learning_rate': 0.05773284619252536, 'max_depth': 3, 'min_child_weight': 6, 'subsample': 0.9282355145850693, 'colsample_bytree': 0.8245108790277985, 'gamma': 1.541934359909122, 'reg_alpha': 0.021514908471959405, 'reg_lambda': 0.3699972431463809, 'max_bin': 128}. Best is trial 4 with value: 0.9348304650551749.
[I 2026-03-20 01:06:36,773] Trial 9 finished with value: 0.9535512963392438 and parameters: {'n_estimators': 143, 'learning_rate': 0.03133599649634507, 'max_depth': 5, 'min_child_weight': 3, 'subsample': 0.8525712073494108, 'colsample_bytree': 0.9630265895704372, 'gamma': 0.4985844582977499, 'reg_alpha': 0.012811830949395147, 'reg_lambda': 1.8477934173519253, 'max_bin': 128}. Best is trial 4 with value: 0.9348304650551749.
[I 2026-03-20 01:06:37,306] Trial 10 finished with value: 0.9356791543145316 and parameters: {'n_estimators': 388, 'learning_rate': 0.07828494961494373, 'max_depth': 4, 'min_child_weight': 4, 'subsample': 0.9865510538518242, 'colsample_bytree': 0.6154900799844732, 'gamma': 1.9461559994513167, 'reg_alpha': 0.0669959513744568, 'reg_lambda': 8.140131816476275, 'max_bin': 256}. Best is trial 4 with value: 0.9348304650551749.
[I 2026-03-20 01:06:38,561] Trial 11 finished with value: 0.9353427123753901 and parameters: {'n_estimators': 369, 'learning_rate': 0.03072813029809542, 'max_depth': 4, 'min_child_weight': 1, 'subsample': 0.802754798121327, 'colsample_bytree': 0.7301358301949605, 'gamma': 0.6354800230649829, 'reg_alpha': 0.49425365708815616, 'reg_lambda': 0.013001296904321584, 'max_bin': 256}. Best is trial 4 with value: 0.9348304650551749.
[I 2026-03-20 01:06:39,542] Trial 12 finished with value: 0.9359131817324646 and parameters: {'n_estimators': 306, 'learning_rate': 0.04009468516994228, 'max_depth': 4, 'min_child_weight': 5, 'subsample': 0.8206078059053169, 'colsample_bytree': 0.6134343539737888, 'gamma': 1.984076123087961, 'reg_alpha': 0.06587780570106276, 'reg_lambda': 8.814301782686849, 'max_bin': 256}. Best is trial 4 with value: 0.9348304650551749.
[I 2026-03-20 01:06:40,222] Trial 13 finished with value: 0.9399086188045069 and parameters: {'n_estimators': 232, 'learning_rate': 0.06519301613588455, 'max_depth': 5, 'min_child_weight': 4, 'subsample': 0.8156244327726996, 'colsample_bytree': 0.8742018432515737, 'gamma': 1.4596696590634033, 'reg_alpha': 0.05275664970083222, 'reg_lambda': 0.04953841725053062, 'max_bin': 256}. Best is trial 4 with value: 0.9348304650551749.
[I 2026-03-20 01:06:40,393] Trial 14 pruned. 
[I 2026-03-20 01:06:41,337] Trial 15 finished with value: 0.9358379952613888 and parameters: {'n_estimators': 286, 'learning_rate': 0.03795938000220533, 'max_depth': 4, 'min_child_weight': 3, 'subsample': 0.7014220358959268, 'colsample_bytree': 0.6631664846680407, 'gamma': 1.5691768373074906, 'reg_alpha': 0.14341066582698928, 'reg_lambda': 0.13673456176242868, 'max_bin': 256}. Best is trial 4 with value: 0.9348304650551749.
[I 2026-03-20 01:06:42,107] Trial 16 finished with value: 0.9493536855292319 and parameters: {'n_estimators': 194, 'learning_rate': 0.05619997789982246, 'max_depth': 6, 'min_child_weight': 6, 'subsample': 0.9090431591654066, 'colsample_bytree': 0.7721808331614444, 'gamma': 0.7537756795689148, 'reg_alpha': 0.049073586144396705, 'reg_lambda': 0.018884581378384162, 'max_bin': 256}. Best is trial 4 with value: 0.9348304650551749.
[I 2026-03-20 01:06:42,291] Trial 17 pruned. 
[I 2026-03-20 01:06:42,391] Trial 18 pruned. 
[I 2026-03-20 01:06:42,563] Trial 19 pruned. 
[I 2026-03-20 01:06:42,734] Trial 20 pruned. 
[I 2026-03-20 01:06:43,916] Trial 21 finished with value: 0.9355847178946899 and parameters: {'n_estimators': 351, 'learning_rate': 0.03196615333070403, 'max_depth': 4, 'min_child_weight': 1, 'subsample': 0.7897045468149876, 'colsample_bytree': 0.7309095617427572, 'gamma': 0.6783849604621046, 'reg_alpha': 0.4219985358428751, 'reg_lambda': 0.015570458951449437, 'max_bin': 256}. Best is trial 4 with value: 0.9348304650551749.
[I 2026-03-20 01:06:45,098] Trial 22 finished with value: 0.931217955094754 and parameters: {'n_estimators': 428, 'learning_rate': 0.0344331342708788, 'max_depth': 4, 'min_child_weight': 1, 'subsample': 0.849702814193905, 'colsample_bytree': 0.6429263253109712, 'gamma': 0.36623409477958463, 'reg_alpha': 0.49818086510414783, 'reg_lambda': 0.011733071955531726, 'max_bin': 256}. Best is trial 22 with value: 0.931217955094754.
[I 2026-03-20 01:06:46,141] Trial 23 finished with value: 0.9328370888018371 and parameters: {'n_estimators': 434, 'learning_rate': 0.03562088148613422, 'max_depth': 4, 'min_child_weight': 2, 'subsample': 0.8527387304379007, 'colsample_bytree': 0.6437161144452492, 'gamma': 0.35940912474419195, 'reg_alpha': 0.2335075269385947, 'reg_lambda': 0.028377109476264595, 'max_bin': 256}. Best is trial 22 with value: 0.931217955094754.
[I 2026-03-20 01:06:47,198] Trial 24 finished with value: 0.9304070379956425 and parameters: {'n_estimators': 432, 'learning_rate': 0.03704265833767907, 'max_depth': 4, 'min_child_weight': 2, 'subsample': 0.8557811596130049, 'colsample_bytree': 0.6361186463399361, 'gamma': 0.319631721439721, 'reg_alpha': 0.31205149295777596, 'reg_lambda': 0.02967261378591662, 'max_bin': 256}. Best is trial 24 with value: 0.9304070379956425.
[I 2026-03-20 01:06:48,271] Trial 25 finished with value: 0.9349889037572812 and parameters: {'n_estimators': 432, 'learning_rate': 0.03533832732527244, 'max_depth': 5, 'min_child_weight': 2, 'subsample': 0.8371141756673972, 'colsample_bytree': 0.6329866202323898, 'gamma': 0.3113016547565676, 'reg_alpha': 0.29500898937384495, 'reg_lambda': 0.031223286214431187, 'max_bin': 256}. Best is trial 24 with value: 0.9304070379956425.
[I 2026-03-20 01:06:49,089] Trial 26 finished with value: 0.9365667168341212 and parameters: {'n_estimators': 401, 'learning_rate': 0.04357210852965459, 'max_depth': 4, 'min_child_weight': 3, 'subsample': 0.9000833552006067, 'colsample_bytree': 0.6437788241552539, 'gamma': 0.31098932837341736, 'reg_alpha': 0.09270291388066434, 'reg_lambda': 0.026701923930339825, 'max_bin': 256}. Best is trial 24 with value: 0.9304070379956425.
[I 2026-03-20 01:06:50,121] Trial 27 finished with value: 0.9348616114100101 and parameters: {'n_estimators': 442, 'learning_rate': 0.036796200526550346, 'max_depth': 5, 'min_child_weight': 2, 'subsample': 0.9516158826064182, 'colsample_bytree': 0.6053749125347225, 'gamma': 0.35774529815936407, 'reg_alpha': 0.2991902861846978, 'reg_lambda': 0.010741014847253058, 'max_bin': 256}. Best is trial 24 with value: 0.9304070379956425.
[I 2026-03-20 01:06:51,001] Trial 28 finished with value: 0.9340561391016777 and parameters: {'n_estimators': 412, 'learning_rate': 0.04355302709203706, 'max_depth': 4, 'min_child_weight': 1, 'subsample': 0.8788959014430339, 'colsample_bytree': 0.6956512242538613, 'gamma': 0.7983500197736015, 'reg_alpha': 0.2838034244464184, 'reg_lambda': 0.05232950950376413, 'max_bin': 256}. Best is trial 24 with value: 0.9304070379956425.
[I 2026-03-20 01:06:52,188] Trial 29 finished with value: 0.9322410377649882 and parameters: {'n_estimators': 333, 'learning_rate': 0.03441963146001012, 'max_depth': 5, 'min_child_weight': 2, 'subsample': 0.8439097090865479, 'colsample_bytree': 0.6395328569870838, 'gamma': 0.16225066307844233, 'reg_alpha': 0.22618479096085953, 'reg_lambda': 0.023278033114575793, 'max_bin': 256}. Best is trial 24 with value: 0.9304070379956425.
[I 2026-03-20 01:06:53,196] Trial 30 finished with value: 0.9436852892188101 and parameters: {'n_estimators': 331, 'learning_rate': 0.04342124158946192, 'max_depth': 6, 'min_child_weight': 3, 'subsample': 0.8306128542907626, 'colsample_bytree': 0.6999214327885042, 'gamma': 0.14411102249071372, 'reg_alpha': 0.4749096919265041, 'reg_lambda': 0.010102115861706689, 'max_bin': 256}. Best is trial 24 with value: 0.9304070379956425.
[I 2026-03-20 01:06:54,352] Trial 31 finished with value: 0.9335952594132723 and parameters: {'n_estimators': 377, 'learning_rate': 0.03400072653767775, 'max_depth': 5, 'min_child_weight': 2, 'subsample': 0.8537241132592048, 'colsample_bytree': 0.6464876343947945, 'gamma': 0.21258842884724755, 'reg_alpha': 0.21218910058840268, 'reg_lambda': 0.020769316322643772, 'max_bin': 256}. Best is trial 24 with value: 0.9304070379956425.
[I 2026-03-20 01:06:55,411] Trial 32 finished with value: 0.9384935781399173 and parameters: {'n_estimators': 458, 'learning_rate': 0.03734208209281857, 'max_depth': 5, 'min_child_weight': 2, 'subsample': 0.8952930825003356, 'colsample_bytree': 0.6360923543880775, 'gamma': 0.05720578499810866, 'reg_alpha': 0.3175510278283853, 'reg_lambda': 0.05551153967352344, 'max_bin': 256}. Best is trial 24 with value: 0.9304070379956425.
[I 2026-03-20 01:06:56,691] Trial 33 finished with value: 0.9315229680895426 and parameters: {'n_estimators': 500, 'learning_rate': 0.030317152234712208, 'max_depth': 4, 'min_child_weight': 1, 'subsample': 0.8606634475742463, 'colsample_bytree': 0.6574106281202156, 'gamma': 0.4562347857685028, 'reg_alpha': 0.20481391601763368, 'reg_lambda': 0.03518937451972762, 'max_bin': 256}. Best is trial 24 with value: 0.9304070379956425.
[I 2026-03-20 01:06:57,954] Trial 34 finished with value: 0.929894642766301 and parameters: {'n_estimators': 496, 'learning_rate': 0.030302249997418325, 'max_depth': 5, 'min_child_weight': 1, 'subsample': 0.9137463015685643, 'colsample_bytree': 0.6008566209152199, 'gamma': 0.9909648284907628, 'reg_alpha': 0.09578759372754277, 'reg_lambda': 0.04306849636333638, 'max_bin': 256}. Best is trial 34 with value: 0.929894642766301.
[I 2026-03-20 01:06:58,173] Trial 35 pruned. 
[I 2026-03-20 01:06:58,405] Trial 36 pruned. 
[I 2026-03-20 01:06:59,514] Trial 37 finished with value: 0.9442606571943056 and parameters: {'n_estimators': 475, 'learning_rate': 0.038765145928016304, 'max_depth': 6, 'min_child_weight': 1, 'subsample': 0.9146977919007367, 'colsample_bytree': 0.6622888045212691, 'gamma': 0.4472955745003881, 'reg_alpha': 0.17139518448721136, 'reg_lambda': 0.23920209962062572, 'max_bin': 256}. Best is trial 34 with value: 0.929894642766301.
[I 2026-03-20 01:06:59,741] Trial 38 pruned. 
[I 2026-03-20 01:06:59,831] Trial 39 pruned. 
[I 2026-03-20 01:07:01,086] Trial 40 finished with value: 0.9292254824518494 and parameters: {'n_estimators': 459, 'learning_rate': 0.03012260016203015, 'max_depth': 4, 'min_child_weight': 3, 'subsample': 0.9476710863255523, 'colsample_bytree': 0.6018782351849511, 'gamma': 0.6345575220031654, 'reg_alpha': 0.0011241093277314079, 'reg_lambda': 0.04142625693095749, 'max_bin': 256}. Best is trial 40 with value: 0.9292254824518494.
[I 2026-03-20 01:07:01,318] Trial 41 pruned. 
[I 2026-03-20 01:07:01,530] Trial 42 pruned. 
[I 2026-03-20 01:07:02,584] Trial 43 finished with value: 0.9285577657760268 and parameters: {'n_estimators': 444, 'learning_rate': 0.03314120416924632, 'max_depth': 4, 'min_child_weight': 1, 'subsample': 0.9352813595213753, 'colsample_bytree': 0.6034143183279435, 'gamma': 0.6179551616665386, 'reg_alpha': 0.007071279795461194, 'reg_lambda': 0.08174791935277638, 'max_bin': 256}. Best is trial 43 with value: 0.9285577657760268.
[I 2026-03-20 01:07:02,740] Trial 44 pruned. 
[I 2026-03-20 01:07:02,964] Trial 45 pruned. 
[I 2026-03-20 01:07:03,931] Trial 46 finished with value: 0.9326120164146957 and parameters: {'n_estimators': 419, 'learning_rate': 0.040975166421087984, 'max_depth': 5, 'min_child_weight': 4, 'subsample': 0.9399967956162499, 'colsample_bytree': 0.6265894706014811, 'gamma': 0.8385922083321902, 'reg_alpha': 0.011370915605922821, 'reg_lambda': 0.06931437535109085, 'max_bin': 256}. Best is trial 43 with value: 0.9285577657760268.
[I 2026-03-20 01:07:04,124] Trial 47 pruned. 
[I 2026-03-20 01:07:04,352] Trial 48 pruned. 
[I 2026-03-20 01:07:04,449] Trial 49 pruned. 
{
  "study": "multiclass_xgb",
  "best_logloss": 0.9285577657760268,
  "best_metrics": {
    "accuracy": 0.6044390944274655,
    "precision": 0.47483994594145085,
    "recall": 0.485226588685382,
    "f1": 0.46221711895917467,
    "roc_auc": 0.7798569222174278,
    "pr_auc": 0.5290140549383129,
    "logloss": 0.9285577657760268
  },
  "best_params": {
    "n_estimators": 444,
    "learning_rate": 0.03314120416924632,
    "max_depth": 4,
    "min_child_weight": 1,
    "subsample": 0.9352813595213753,
    "colsample_bytree": 0.6034143183279435,
    "gamma": 0.6179551616665386,
    "reg_alpha": 0.007071279795461194,
    "reg_lambda": 0.08174791935277638,
    "max_bin": 256
  },
  "n_trials": 50
}
