Job: tune-multiclass-lstm
Repo: /dcs/23/u5514578/cs310/y3p
PWD: /dcs/23/u5514578/cs310/y3p
Python: /dcs/23/u5514578/cs310/y3p/venv/bin/python
src import OK
Task=multiclass Model=lstm DataFile=data/processed/dataset2.csv NTrials=50
Running on tiger-04
[I 2026-03-20 01:07:05,671] Trial 0 finished with value: 1.189055534799098 and parameters: {'learning_rate': 0.0003071057367777374, 'batch_size': 32, 'rnn_units': 16, 'rnn_dropout': 0.3464704583099741}. Best is trial 0 with value: 1.189055534799098.
[I 2026-03-20 01:07:28,142] Trial 1 finished with value: 1.0871211153264704 and parameters: {'learning_rate': 0.0006054365855469249, 'batch_size': 128, 'rnn_units': 16, 'rnn_dropout': 0.07336180394137352}. Best is trial 1 with value: 1.0871211153264704.
[I 2026-03-20 01:08:09,651] Trial 2 finished with value: 1.095516854805129 and parameters: {'learning_rate': 0.0002487873441981445, 'batch_size': 32, 'rnn_units': 16, 'rnn_dropout': 0.1465447373174767}. Best is trial 1 with value: 1.0871211153264704.
[I 2026-03-20 01:08:35,391] Trial 3 finished with value: 1.0442643671421596 and parameters: {'learning_rate': 0.0003920673972242139, 'batch_size': 32, 'rnn_units': 64, 'rnn_dropout': 0.06820964947491662}. Best is trial 3 with value: 1.0442643671421596.
[I 2026-03-20 01:09:05,811] Trial 4 finished with value: 1.1058885950771482 and parameters: {'learning_rate': 0.00012151617026673395, 'batch_size': 64, 'rnn_units': 64, 'rnn_dropout': 0.17606099749584053}. Best is trial 3 with value: 1.0442643671421596.
[I 2026-03-20 01:09:32,312] Trial 5 finished with value: 1.148144656169366 and parameters: {'learning_rate': 0.00014413697528610416, 'batch_size': 128, 'rnn_units': 32, 'rnn_dropout': 0.20802720847112433}. Best is trial 3 with value: 1.0442643671421596.
[I 2026-03-20 01:09:55,504] Trial 6 finished with value: 1.2432149067390033 and parameters: {'learning_rate': 0.0005143828405076933, 'batch_size': 64, 'rnn_units': 16, 'rnn_dropout': 0.36874969400924673}. Best is trial 3 with value: 1.0442643671421596.
[I 2026-03-20 01:10:22,384] Trial 7 finished with value: 1.1409424965062578 and parameters: {'learning_rate': 0.00013035611225128884, 'batch_size': 128, 'rnn_units': 64, 'rnn_dropout': 0.1427013306774357}. Best is trial 3 with value: 1.0442643671421596.
[I 2026-03-20 01:10:46,675] Trial 8 finished with value: 1.1256106473103595 and parameters: {'learning_rate': 0.00023200867504756837, 'batch_size': 128, 'rnn_units': 32, 'rnn_dropout': 0.07948627261366897}. Best is trial 3 with value: 1.0442643671421596.
[I 2026-03-20 01:11:28,499] Trial 9 finished with value: 1.1582865917133447 and parameters: {'learning_rate': 0.0001016680374002288, 'batch_size': 32, 'rnn_units': 16, 'rnn_dropout': 0.04634762381005189}. Best is trial 3 with value: 1.0442643671421596.
[I 2026-03-20 01:11:53,478] Trial 10 finished with value: 1.085245497194959 and parameters: {'learning_rate': 0.0015839470836995267, 'batch_size': 32, 'rnn_units': 64, 'rnn_dropout': 0.007184750245927851}. Best is trial 3 with value: 1.0442643671421596.
[I 2026-03-20 01:12:18,474] Trial 11 finished with value: 1.1062076992228358 and parameters: {'learning_rate': 0.0015292769564027608, 'batch_size': 32, 'rnn_units': 64, 'rnn_dropout': 0.004717591768151938}. Best is trial 3 with value: 1.0442643671421596.
[I 2026-03-20 01:12:43,313] Trial 12 finished with value: 1.0646391875072239 and parameters: {'learning_rate': 0.001045985448099246, 'batch_size': 32, 'rnn_units': 64, 'rnn_dropout': 0.003772306007615883}. Best is trial 3 with value: 1.0442643671421596.
[I 2026-03-20 01:13:12,508] Trial 13 finished with value: 1.0436637713166772 and parameters: {'learning_rate': 0.0008955465219167739, 'batch_size': 32, 'rnn_units': 64, 'rnn_dropout': 0.25757871707996427}. Best is trial 13 with value: 1.0436637713166772.
[I 2026-03-20 01:13:43,153] Trial 14 finished with value: 1.0460974066398123 and parameters: {'learning_rate': 0.0008091949865752643, 'batch_size': 32, 'rnn_units': 64, 'rnn_dropout': 0.26763880744240687}. Best is trial 13 with value: 1.0436637713166772.
[I 2026-03-20 01:13:46,892] Trial 15 pruned. 
[I 2026-03-20 01:14:21,103] Trial 16 finished with value: 1.039798821867223 and parameters: {'learning_rate': 0.0008962278983461516, 'batch_size': 32, 'rnn_units': 32, 'rnn_dropout': 0.25791781440280437}. Best is trial 16 with value: 1.039798821867223.
[I 2026-03-20 01:14:24,335] Trial 17 pruned. 
[I 2026-03-20 01:14:53,428] Trial 18 finished with value: 1.0690652823376303 and parameters: {'learning_rate': 0.0011483071220029105, 'batch_size': 32, 'rnn_units': 32, 'rnn_dropout': 0.23468561313009934}. Best is trial 16 with value: 1.039798821867223.
[I 2026-03-20 01:14:56,682] Trial 19 pruned. 
[I 2026-03-20 01:15:31,958] Trial 20 finished with value: 1.0769233377749488 and parameters: {'learning_rate': 0.0006885907695215511, 'batch_size': 32, 'rnn_units': 32, 'rnn_dropout': 0.39028797391707293}. Best is trial 16 with value: 1.039798821867223.
[I 2026-03-20 01:16:02,456] Trial 21 finished with value: 1.0943175035719763 and parameters: {'learning_rate': 0.00043983268360337744, 'batch_size': 32, 'rnn_units': 64, 'rnn_dropout': 0.22646932870046732}. Best is trial 16 with value: 1.039798821867223.
[I 2026-03-20 01:16:07,762] Trial 22 pruned. 
[I 2026-03-20 01:16:40,664] Trial 23 finished with value: 1.0802429112851517 and parameters: {'learning_rate': 0.00045647944729959854, 'batch_size': 32, 'rnn_units': 64, 'rnn_dropout': 0.2569408864914584}. Best is trial 16 with value: 1.039798821867223.
[I 2026-03-20 01:17:19,053] Trial 24 finished with value: 1.0465815419575086 and parameters: {'learning_rate': 0.0005849436527490781, 'batch_size': 32, 'rnn_units': 32, 'rnn_dropout': 0.11571136120252312}. Best is trial 16 with value: 1.039798821867223.
[I 2026-03-20 01:17:53,123] Trial 25 finished with value: 1.071362502063732 and parameters: {'learning_rate': 0.0009023194542929936, 'batch_size': 32, 'rnn_units': 64, 'rnn_dropout': 0.29506353700680343}. Best is trial 16 with value: 1.039798821867223.
[I 2026-03-20 01:17:56,344] Trial 26 pruned. 
[I 2026-03-20 01:18:00,946] Trial 27 pruned. 
[I 2026-03-20 01:18:04,777] Trial 28 pruned. 
[I 2026-03-20 01:18:08,756] Trial 29 pruned. 
[I 2026-03-20 01:18:14,261] Trial 30 pruned. 
[I 2026-03-20 01:18:46,097] Trial 31 finished with value: 1.0905641032093392 and parameters: {'learning_rate': 0.0009474538501697317, 'batch_size': 32, 'rnn_units': 64, 'rnn_dropout': 0.2750975347650863}. Best is trial 16 with value: 1.039798821867223.
[I 2026-03-20 01:19:21,117] Trial 32 finished with value: 1.0622381891976573 and parameters: {'learning_rate': 0.000807877703556585, 'batch_size': 32, 'rnn_units': 64, 'rnn_dropout': 0.2746168942709279}. Best is trial 16 with value: 1.039798821867223.
[I 2026-03-20 01:19:25,228] Trial 33 pruned. 
[I 2026-03-20 01:20:00,315] Trial 34 finished with value: 1.0641312329597497 and parameters: {'learning_rate': 0.0006011017091838663, 'batch_size': 32, 'rnn_units': 64, 'rnn_dropout': 0.17942822906216166}. Best is trial 16 with value: 1.039798821867223.
[I 2026-03-20 01:20:43,661] Trial 35 finished with value: 1.170664208545091 and parameters: {'learning_rate': 0.0005146458787629223, 'batch_size': 32, 'rnn_units': 16, 'rnn_dropout': 0.32028431022784754}. Best is trial 16 with value: 1.039798821867223.
[I 2026-03-20 01:20:46,989] Trial 36 pruned. 
[I 2026-03-20 01:20:49,942] Trial 37 pruned. 
[I 2026-03-20 01:21:37,359] Trial 38 finished with value: 1.1832306385090772 and parameters: {'learning_rate': 0.00025509134386048516, 'batch_size': 32, 'rnn_units': 16, 'rnn_dropout': 0.24851616147340772}. Best is trial 16 with value: 1.039798821867223.
[I 2026-03-20 01:21:40,100] Trial 39 pruned. 
[I 2026-03-20 01:21:44,412] Trial 40 pruned. 
[I 2026-03-20 01:21:49,589] Trial 41 pruned. 
[I 2026-03-20 01:21:52,815] Trial 42 pruned. 
[I 2026-03-20 01:21:56,369] Trial 43 pruned. 
[I 2026-03-20 01:21:59,924] Trial 44 pruned. 
[I 2026-03-20 01:22:03,159] Trial 45 pruned. 
[I 2026-03-20 01:22:40,918] Trial 46 finished with value: 1.0792262213157753 and parameters: {'learning_rate': 0.001184310494520757, 'batch_size': 32, 'rnn_units': 16, 'rnn_dropout': 0.05226561288078284}. Best is trial 16 with value: 1.039798821867223.
[I 2026-03-20 01:22:44,503] Trial 47 pruned. 
[I 2026-03-20 01:22:47,519] Trial 48 pruned. 
[I 2026-03-20 01:23:26,728] Trial 49 finished with value: 1.0559709277192808 and parameters: {'learning_rate': 0.0004547467029368034, 'batch_size': 32, 'rnn_units': 64, 'rnn_dropout': 0.09393081125032446}. Best is trial 16 with value: 1.039798821867223.
{
  "study": "multiclass_lstm",
  "best_logloss": 1.039798821867223,
  "best_metrics": {
    "accuracy": 0.5780188774583658,
    "precision": 0.438937984489037,
    "recall": 0.45902278983202416,
    "f1": 0.43752460708760055,
    "roc_auc": 0.8157481399079957,
    "pr_auc": 0.48642201995029594,
    "logloss": 1.039798821867223
  },
  "best_params": {
    "learning_rate": 0.0008962278983461516,
    "batch_size": 32,
    "rnn_units": 32,
    "rnn_dropout": 0.25791781440280437
  },
  "n_trials": 50
}
