Job: tune-multiclass-gru
Repo: /dcs/23/u5514578/cs310/y3p
PWD: /dcs/23/u5514578/cs310/y3p
Python: /dcs/23/u5514578/cs310/y3p/venv/bin/python
src import OK
Task=multiclass Model=gru DataFile=data/processed/dataset2.csv NTrials=50
Running on tiger-04
[I 2026-03-20 01:07:01,718] Trial 0 finished with value: 1.2560813130583153 and parameters: {'learning_rate': 0.0003071057367777374, 'batch_size': 32, 'rnn_units': 16, 'rnn_dropout': 0.3464704583099741}. Best is trial 0 with value: 1.2560813130583153.
[I 2026-03-20 01:07:22,804] Trial 1 finished with value: 1.1424462898167662 and parameters: {'learning_rate': 0.0006054365855469249, 'batch_size': 128, 'rnn_units': 16, 'rnn_dropout': 0.07336180394137352}. Best is trial 1 with value: 1.1424462898167662.
[I 2026-03-20 01:07:54,555] Trial 2 finished with value: 1.1706413585099154 and parameters: {'learning_rate': 0.0002487873441981445, 'batch_size': 32, 'rnn_units': 16, 'rnn_dropout': 0.1465447373174767}. Best is trial 1 with value: 1.1424462898167662.
[I 2026-03-20 01:08:25,398] Trial 3 finished with value: 1.0982066067816074 and parameters: {'learning_rate': 0.0003920673972242139, 'batch_size': 32, 'rnn_units': 64, 'rnn_dropout': 0.06820964947491662}. Best is trial 3 with value: 1.0982066067816074.
[I 2026-03-20 01:08:54,689] Trial 4 finished with value: 1.1437292767988563 and parameters: {'learning_rate': 0.00012151617026673395, 'batch_size': 64, 'rnn_units': 64, 'rnn_dropout': 0.17606099749584053}. Best is trial 3 with value: 1.0982066067816074.
[I 2026-03-20 01:09:24,928] Trial 5 finished with value: 1.1638811728152425 and parameters: {'learning_rate': 0.00014413697528610416, 'batch_size': 128, 'rnn_units': 32, 'rnn_dropout': 0.20802720847112433}. Best is trial 3 with value: 1.0982066067816074.
[I 2026-03-20 01:09:54,103] Trial 6 finished with value: 1.210171037032718 and parameters: {'learning_rate': 0.0005143828405076933, 'batch_size': 64, 'rnn_units': 16, 'rnn_dropout': 0.36874969400924673}. Best is trial 3 with value: 1.0982066067816074.
[I 2026-03-20 01:10:23,910] Trial 7 finished with value: 1.1606887435158146 and parameters: {'learning_rate': 0.00013035611225128884, 'batch_size': 128, 'rnn_units': 64, 'rnn_dropout': 0.1427013306774357}. Best is trial 3 with value: 1.0982066067816074.
[I 2026-03-20 01:10:56,442] Trial 8 finished with value: 1.088884447656825 and parameters: {'learning_rate': 0.00023200867504756837, 'batch_size': 128, 'rnn_units': 32, 'rnn_dropout': 0.07948627261366897}. Best is trial 8 with value: 1.088884447656825.
[I 2026-03-20 01:11:48,657] Trial 9 finished with value: 1.1577479911911528 and parameters: {'learning_rate': 0.0001016680374002288, 'batch_size': 32, 'rnn_units': 16, 'rnn_dropout': 0.04634762381005189}. Best is trial 8 with value: 1.088884447656825.
[I 2026-03-20 01:12:13,880] Trial 10 finished with value: 1.06377212974778 and parameters: {'learning_rate': 0.0016968794650474457, 'batch_size': 128, 'rnn_units': 32, 'rnn_dropout': 0.26528026962082163}. Best is trial 10 with value: 1.06377212974778.
[I 2026-03-20 01:12:40,568] Trial 11 finished with value: 1.0537167327971748 and parameters: {'learning_rate': 0.0016498671874109491, 'batch_size': 128, 'rnn_units': 32, 'rnn_dropout': 0.25518870208442435}. Best is trial 11 with value: 1.0537167327971748.
[I 2026-03-20 01:13:07,507] Trial 12 finished with value: 1.061204903743565 and parameters: {'learning_rate': 0.0018911890133435395, 'batch_size': 128, 'rnn_units': 32, 'rnn_dropout': 0.27886235933603776}. Best is trial 11 with value: 1.0537167327971748.
[I 2026-03-20 01:13:33,978] Trial 13 finished with value: 1.062586871479293 and parameters: {'learning_rate': 0.0018485521693586918, 'batch_size': 128, 'rnn_units': 32, 'rnn_dropout': 0.29170322368666374}. Best is trial 11 with value: 1.0537167327971748.
[I 2026-03-20 01:14:04,382] Trial 14 finished with value: 1.0550833732454763 and parameters: {'learning_rate': 0.0011841268888309231, 'batch_size': 128, 'rnn_units': 32, 'rnn_dropout': 0.25834257628129653}. Best is trial 11 with value: 1.0537167327971748.
[I 2026-03-20 01:14:34,691] Trial 15 finished with value: 1.0834581101082594 and parameters: {'learning_rate': 0.0009686397260843581, 'batch_size': 128, 'rnn_units': 32, 'rnn_dropout': 0.24463752335598415}. Best is trial 11 with value: 1.0537167327971748.
[I 2026-03-20 01:15:07,087] Trial 16 finished with value: 1.1016041617769132 and parameters: {'learning_rate': 0.0010099416769827796, 'batch_size': 64, 'rnn_units': 32, 'rnn_dropout': 0.3192887560336593}. Best is trial 11 with value: 1.0537167327971748.
[I 2026-03-20 01:15:39,449] Trial 17 finished with value: 1.0467941856146645 and parameters: {'learning_rate': 0.0011046529365315596, 'batch_size': 128, 'rnn_units': 32, 'rnn_dropout': 0.21359358417863908}. Best is trial 17 with value: 1.0467941856146645.
[I 2026-03-20 01:16:11,269] Trial 18 finished with value: 1.1339465664182522 and parameters: {'learning_rate': 0.0007577360831146427, 'batch_size': 128, 'rnn_units': 32, 'rnn_dropout': 0.39569467595552027}. Best is trial 17 with value: 1.0467941856146645.
[I 2026-03-20 01:16:43,390] Trial 19 finished with value: 1.0650561219646701 and parameters: {'learning_rate': 0.0013459825361499093, 'batch_size': 64, 'rnn_units': 32, 'rnn_dropout': 0.20458408248687843}. Best is trial 17 with value: 1.0467941856146645.
[I 2026-03-20 01:17:13,242] Trial 20 finished with value: 1.1008347803377678 and parameters: {'learning_rate': 0.0007417819023182338, 'batch_size': 128, 'rnn_units': 64, 'rnn_dropout': 0.11769664017715964}. Best is trial 17 with value: 1.0467941856146645.
[I 2026-03-20 01:17:45,957] Trial 21 finished with value: 1.0700889266987237 and parameters: {'learning_rate': 0.0014294547717608307, 'batch_size': 128, 'rnn_units': 32, 'rnn_dropout': 0.23514978476840748}. Best is trial 17 with value: 1.0467941856146645.
[I 2026-03-20 01:18:20,394] Trial 22 finished with value: 1.0844104955722653 and parameters: {'learning_rate': 0.0011268052254221692, 'batch_size': 128, 'rnn_units': 32, 'rnn_dropout': 0.31336541056045925}. Best is trial 17 with value: 1.0467941856146645.
[I 2026-03-20 01:18:55,329] Trial 23 finished with value: 1.0624992773193642 and parameters: {'learning_rate': 0.0012711917598212743, 'batch_size': 128, 'rnn_units': 32, 'rnn_dropout': 0.22839859913941932}. Best is trial 17 with value: 1.0467941856146645.
[I 2026-03-20 01:19:32,235] Trial 24 finished with value: 1.0349547411270135 and parameters: {'learning_rate': 0.0008375958618273803, 'batch_size': 128, 'rnn_units': 32, 'rnn_dropout': 0.16754040659127542}. Best is trial 24 with value: 1.0349547411270135.
[I 2026-03-20 01:20:09,447] Trial 25 finished with value: 1.0440565256722982 and parameters: {'learning_rate': 0.0008004624546861695, 'batch_size': 128, 'rnn_units': 32, 'rnn_dropout': 0.1709527155866204}. Best is trial 24 with value: 1.0349547411270135.
[I 2026-03-20 01:20:47,471] Trial 26 finished with value: 1.0397488613983341 and parameters: {'learning_rate': 0.0008660668535088404, 'batch_size': 128, 'rnn_units': 32, 'rnn_dropout': 0.18045101383765885}. Best is trial 24 with value: 1.0349547411270135.
[I 2026-03-20 01:21:27,809] Trial 27 finished with value: 1.0499470942364744 and parameters: {'learning_rate': 0.0007540376865745198, 'batch_size': 128, 'rnn_units': 32, 'rnn_dropout': 0.17240705086840932}. Best is trial 24 with value: 1.0349547411270135.
[I 2026-03-20 01:21:34,693] Trial 28 pruned. 
[I 2026-03-20 01:21:38,138] Trial 29 pruned. 
[I 2026-03-20 01:21:43,610] Trial 30 pruned. 
[I 2026-03-20 01:22:23,933] Trial 31 finished with value: 1.0620050444935678 and parameters: {'learning_rate': 0.0006549727779727011, 'batch_size': 128, 'rnn_units': 32, 'rnn_dropout': 0.18809174147763666}. Best is trial 24 with value: 1.0349547411270135.
[I 2026-03-20 01:23:03,813] Trial 32 finished with value: 1.0628525638148096 and parameters: {'learning_rate': 0.00086623100026676, 'batch_size': 128, 'rnn_units': 32, 'rnn_dropout': 0.2071269550661432}. Best is trial 24 with value: 1.0349547411270135.
[I 2026-03-20 01:23:47,984] Trial 33 finished with value: 1.0864858158631752 and parameters: {'learning_rate': 0.00047699380161617426, 'batch_size': 128, 'rnn_units': 32, 'rnn_dropout': 0.1273834007914376}. Best is trial 24 with value: 1.0349547411270135.
[I 2026-03-20 01:24:34,284] Trial 34 finished with value: 1.0814119068184227 and parameters: {'learning_rate': 0.0003710315491959259, 'batch_size': 128, 'rnn_units': 32, 'rnn_dropout': 0.152613643399555}. Best is trial 24 with value: 1.0349547411270135.
[I 2026-03-20 01:24:38,863] Trial 35 pruned. 
[I 2026-03-20 01:25:27,059] Trial 36 finished with value: 1.053262122558392 and parameters: {'learning_rate': 0.001047003028106276, 'batch_size': 32, 'rnn_units': 32, 'rnn_dropout': 0.1870902884000982}. Best is trial 24 with value: 1.0349547411270135.
[I 2026-03-20 01:26:07,092] Trial 37 finished with value: 1.1454280733989082 and parameters: {'learning_rate': 0.0005598691726265752, 'batch_size': 128, 'rnn_units': 64, 'rnn_dropout': 0.2168165679905873}. Best is trial 24 with value: 1.0349547411270135.
[I 2026-03-20 01:26:13,052] Trial 38 pruned. 
[I 2026-03-20 01:26:55,072] Trial 39 finished with value: 1.0511111931934098 and parameters: {'learning_rate': 0.0014503002918325107, 'batch_size': 64, 'rnn_units': 32, 'rnn_dropout': 0.16725383593892185}. Best is trial 24 with value: 1.0349547411270135.
[I 2026-03-20 01:27:39,259] Trial 40 finished with value: 1.0377863238430827 and parameters: {'learning_rate': 0.0008439326492839781, 'batch_size': 128, 'rnn_units': 32, 'rnn_dropout': 0.18574630041639267}. Best is trial 24 with value: 1.0349547411270135.
[I 2026-03-20 01:28:24,641] Trial 41 finished with value: 1.0418345631514734 and parameters: {'learning_rate': 0.0008413956716884295, 'batch_size': 128, 'rnn_units': 32, 'rnn_dropout': 0.18771827856210732}. Best is trial 24 with value: 1.0349547411270135.
[I 2026-03-20 01:29:10,502] Trial 42 finished with value: 1.0376120833425788 and parameters: {'learning_rate': 0.0008580584886721521, 'batch_size': 128, 'rnn_units': 32, 'rnn_dropout': 0.1889938628080622}. Best is trial 24 with value: 1.0349547411270135.
[I 2026-03-20 01:29:56,778] Trial 43 finished with value: 1.050580018057825 and parameters: {'learning_rate': 0.0009069809835815022, 'batch_size': 128, 'rnn_units': 32, 'rnn_dropout': 0.18896136756123835}. Best is trial 24 with value: 1.0349547411270135.
[I 2026-03-20 01:30:44,930] Trial 44 finished with value: 1.043446077295441 and parameters: {'learning_rate': 0.0006979928546876319, 'batch_size': 128, 'rnn_units': 32, 'rnn_dropout': 0.1439955767340738}. Best is trial 24 with value: 1.0349547411270135.
[I 2026-03-20 01:30:50,226] Trial 45 pruned. 
[I 2026-03-20 01:30:54,344] Trial 46 pruned. 
[I 2026-03-20 01:30:58,162] Trial 47 pruned. 
[I 2026-03-20 01:31:01,614] Trial 48 pruned. 
[I 2026-03-20 01:31:07,035] Trial 49 pruned. 
{
  "study": "multiclass_gru",
  "best_logloss": 1.0349547411270135,
  "best_metrics": {
    "accuracy": 0.5754225853715692,
    "precision": 0.43483458495099014,
    "recall": 0.4591548534527969,
    "f1": 0.43642034851984546,
    "roc_auc": 0.8182264966752124,
    "pr_auc": 0.4982400956369745,
    "logloss": 1.0349547411270135
  },
  "best_params": {
    "learning_rate": 0.0008375958618273803,
    "batch_size": 128,
    "rnn_units": 32,
    "rnn_dropout": 0.16754040659127542
  },
  "n_trials": 50
}
