Job: tune-multiclass-meta_lr
Repo: /dcs/23/u5514578/cs310/y3p
PWD: /dcs/23/u5514578/cs310/y3p
Python: /dcs/23/u5514578/cs310/y3p/venv/bin/python
src import OK
Task=multiclass Model=meta_lr DataFile=data/processed/dataset2.csv NTrials=50
Running on tiger-02
Epoch 1/40
[1m 1/12[0m [32m━[0m[37m━━━━━━━━━━━━━━━━━━━[0m [1m6s[0m 636ms/step - acc: 0.2969 - loss: 1.6335[1m12/12[0m [32m━━━━━━━━━━━━━━━━━━━━[0m[37m[0m [1m1s[0m 13ms/step - acc: 0.3711 - loss: 1.4878 - val_acc: 0.3912 - val_loss: 1.3221
Epoch 2/40
[1m 1/12[0m [32m━[0m[37m━━━━━━━━━━━━━━━━━━━[0m [1m0s[0m 12ms/step - acc: 0.4453 - loss: 1.4583[1m12/12[0m [32m━━━━━━━━━━━━━━━━━━━━[0m[37m[0m [1m0s[0m 4ms/step - acc: 0.4582 - loss: 1.3557 - val_acc: 0.3941 - val_loss: 1.2863
Epoch 3/40
[1m 1/12[0m [32m━[0m[37m━━━━━━━━━━━━━━━━━━━[0m [1m0s[0m 12ms/step - acc: 0.4492 - loss: 1.3818[1m12/12[0m [32m━━━━━━━━━━━━━━━━━━━━[0m[37m[0m [1m0s[0m 5ms/step - acc: 0.4737 - loss: 1.2901 - val_acc: 0.3794 - val_loss: 1.2592
Epoch 4/40
[1m 1/12[0m [32m━[0m[37m━━━━━━━━━━━━━━━━━━━[0m [1m0s[0m 13ms/step - acc: 0.4375 - loss: 1.3492[1m12/12[0m [32m━━━━━━━━━━━━━━━━━━━━[0m[37m[0m [1m0s[0m 4ms/step - acc: 0.4834 - loss: 1.2507 - val_acc: 0.4529 - val_loss: 1.2259
Epoch 5/40
[1m 1/12[0m [32m━[0m[37m━━━━━━━━━━━━━━━━━━━[0m [1m0s[0m 16ms/step - acc: 0.4336 - loss: 1.3273[1m12/12[0m [32m━━━━━━━━━━━━━━━━━━━━[0m[37m[0m [1m0s[0m 4ms/step - acc: 0.4875 - loss: 1.2193 - val_acc: 0.4588 - val_loss: 1.1998
Epoch 6/40
[1m 1/12[0m [32m━[0m[37m━━━━━━━━━━━━━━━━━━━[0m [1m0s[0m 15ms/step - acc: 0.4570 - loss: 1.2894[1m12/12[0m [32m━━━━━━━━━━━━━━━━━━━━[0m[37m[0m [1m0s[0m 4ms/step - acc: 0.5039 - loss: 1.1853 - val_acc: 0.4706 - val_loss: 1.1761
Epoch 7/40
[1m 1/12[0m [32m━[0m[37m━━━━━━━━━━━━━━━━━━━[0m [1m0s[0m 14ms/step - acc: 0.4648 - loss: 1.2543[1m12/12[0m [32m━━━━━━━━━━━━━━━━━━━━[0m[37m[0m [1m0s[0m 4ms/step - acc: 0.5192 - loss: 1.1544 - val_acc: 0.4676 - val_loss: 1.1599
Epoch 8/40
[1m 1/12[0m [32m━[0m[37m━━━━━━━━━━━━━━━━━━━[0m [1m0s[0m 12ms/step - acc: 0.4648 - loss: 1.2245[1m12/12[0m [32m━━━━━━━━━━━━━━━━━━━━[0m[37m[0m [1m0s[0m 4ms/step - acc: 0.5279 - loss: 1.1279 - val_acc: 0.4706 - val_loss: 1.1478
Epoch 9/40
[1m 1/12[0m [32m━[0m[37m━━━━━━━━━━━━━━━━━━━[0m [1m0s[0m 15ms/step - acc: 0.4883 - loss: 1.1947[1m12/12[0m [32m━━━━━━━━━━━━━━━━━━━━[0m[37m[0m [1m0s[0m 4ms/step - acc: 0.5429 - loss: 1.1024 - val_acc: 0.4882 - val_loss: 1.1510
Epoch 10/40
[1m 1/12[0m [32m━[0m[37m━━━━━━━━━━━━━━━━━━━[0m [1m0s[0m 12ms/step - acc: 0.5000 - loss: 1.1743[1m12/12[0m [32m━━━━━━━━━━━━━━━━━━━━[0m[37m[0m [1m0s[0m 4ms/step - acc: 0.5542 - loss: 1.0816 - val_acc: 0.4882 - val_loss: 1.1347
Epoch 11/40
[1m 1/12[0m [32m━[0m[37m━━━━━━━━━━━━━━━━━━━[0m [1m0s[0m 14ms/step - acc: 0.5117 - loss: 1.1451[1m12/12[0m [32m━━━━━━━━━━━━━━━━━━━━[0m[37m[0m [1m0s[0m 4ms/step - acc: 0.5681 - loss: 1.0596 - val_acc: 0.5000 - val_loss: 1.1359
Epoch 12/40
[1m 1/12[0m [32m━[0m[37m━━━━━━━━━━━━━━━━━━━[0m [1m0s[0m 12ms/step - acc: 0.5000 - loss: 1.1256[1m12/12[0m [32m━━━━━━━━━━━━━━━━━━━━[0m[37m[0m [1m0s[0m 4ms/step - acc: 0.5663 - loss: 1.0428 - val_acc: 0.5000 - val_loss: 1.1348
Epoch 13/40
[1m 1/12[0m [32m━[0m[37m━━━━━━━━━━━━━━━━━━━[0m [1m0s[0m 12ms/step - acc: 0.5156 - loss: 1.1032[1m12/12[0m [32m━━━━━━━━━━━━━━━━━━━━[0m[37m[0m [1m0s[0m 4ms/step - acc: 0.5727 - loss: 1.0261 - val_acc: 0.4941 - val_loss: 1.1312
Epoch 14/40
[1m 1/12[0m [32m━[0m[37m━━━━━━━━━━━━━━━━━━━[0m [1m0s[0m 12ms/step - acc: 0.5312 - loss: 1.0895[1m12/12[0m [32m━━━━━━━━━━━━━━━━━━━━[0m[37m[0m [1m0s[0m 4ms/step - acc: 0.5797 - loss: 1.0125 - val_acc: 0.5000 - val_loss: 1.1343
Epoch 15/40
[1m 1/12[0m [32m━[0m[37m━━━━━━━━━━━━━━━━━━━[0m [1m0s[0m 11ms/step - acc: 0.5352 - loss: 1.0736[1m12/12[0m [32m━━━━━━━━━━━━━━━━━━━━[0m[37m[0m [1m0s[0m 4ms/step - acc: 0.5849 - loss: 1.0010 - val_acc: 0.5000 - val_loss: 1.1389
Epoch 16/40
[1m 1/12[0m [32m━[0m[37m━━━━━━━━━━━━━━━━━━━[0m [1m0s[0m 12ms/step - acc: 0.5586 - loss: 1.0579[1m12/12[0m [32m━━━━━━━━━━━━━━━━━━━━[0m[37m[0m [1m0s[0m 4ms/step - acc: 0.5968 - loss: 0.9867 - val_acc: 0.5000 - val_loss: 1.1473
Epoch 17/40
[1m 1/12[0m [32m━[0m[37m━━━━━━━━━━━━━━━━━━━[0m [1m0s[0m 12ms/step - acc: 0.5664 - loss: 1.0469[1m12/12[0m [32m━━━━━━━━━━━━━━━━━━━━[0m[37m[0m [1m0s[0m 4ms/step - acc: 0.5998 - loss: 0.9768 - val_acc: 0.5059 - val_loss: 1.1557
Epoch 18/40
[1m 1/12[0m [32m━[0m[37m━━━━━━━━━━━━━━━━━━━[0m [1m0s[0m 12ms/step - acc: 0.5820 - loss: 1.0359[1m12/12[0m [32m━━━━━━━━━━━━━━━━━━━━[0m[37m[0m [1m0s[0m 4ms/step - acc: 0.6081 - loss: 0.9668 - val_acc: 0.5029 - val_loss: 1.1815
[1m1/4[0m [32m━━━━━[0m[37m━━━━━━━━━━━━━━━[0m [1m0s[0m 28ms/step[1m4/4[0m [32m━━━━━━━━━━━━━━━━━━━━[0m[37m[0m [1m0s[0m 8ms/step 
Epoch 1/40
[1m 1/12[0m [32m━[0m[37m━━━━━━━━━━━━━━━━━━━[0m [1m4s[0m 437ms/step - acc: 0.2734 - loss: 1.5907[1m12/12[0m [32m━━━━━━━━━━━━━━━━━━━━[0m[37m[0m [1m1s[0m 13ms/step - acc: 0.3531 - loss: 1.4799 - val_acc: 0.4324 - val_loss: 1.2497
Epoch 2/40
[1m 1/12[0m [32m━[0m[37m━━━━━━━━━━━━━━━━━━━[0m [1m0s[0m 12ms/step - acc: 0.3672 - loss: 1.3583[1m12/12[0m [32m━━━━━━━━━━━━━━━━━━━━[0m[37m[0m [1m0s[0m 4ms/step - acc: 0.4360 - loss: 1.3209 - val_acc: 0.4412 - val_loss: 1.2343
Epoch 3/40
[1m 1/12[0m [32m━[0m[37m━━━━━━━━━━━━━━━━━━━[0m [1m0s[0m 12ms/step - acc: 0.3906 - loss: 1.2930[1m12/12[0m [32m━━━━━━━━━━━━━━━━━━━━[0m[37m[0m [1m0s[0m 4ms/step - acc: 0.4468 - loss: 1.2626 - val_acc: 0.4382 - val_loss: 1.2315
Epoch 4/40
[1m 1/12[0m [32m━[0m[37m━━━━━━━━━━━━━━━━━━━[0m [1m0s[0m 11ms/step - acc: 0.4297 - loss: 1.2578[1m12/12[0m [32m━━━━━━━━━━━━━━━━━━━━[0m[37m[0m [1m0s[0m 4ms/step - acc: 0.4557 - loss: 1.2237 - val_acc: 0.3824 - val_loss: 1.2286
Epoch 5/40
[1m 1/12[0m [32m━[0m[37m━━━━━━━━━━━━━━━━━━━[0m [1m0s[0m 11ms/step - acc: 0.4297 - loss: 1.2354[1m12/12[0m [32m━━━━━━━━━━━━━━━━━━━━[0m[37m[0m [1m0s[0m 4ms/step - acc: 0.4643 - loss: 1.1967 - val_acc: 0.3471 - val_loss: 1.2247
Epoch 6/40
[1m 1/12[0m [32m━[0m[37m━━━━━━━━━━━━━━━━━━━[0m [1m0s[0m 12ms/step - acc: 0.4336 - loss: 1.2138[1m12/12[0m [32m━━━━━━━━━━━━━━━━━━━━[0m[37m[0m [1m0s[0m 4ms/step - acc: 0.4709 - loss: 1.1732 - val_acc: 0.4176 - val_loss: 1.2104
Epoch 7/40
[1m 1/12[0m [32m━[0m[37m━━━━━━━━━━━━━━━━━━━[0m [1m0s[0m 12ms/step - acc: 0.4766 - loss: 1.1951[1m12/12[0m [32m━━━━━━━━━━━━━━━━━━━━[0m[37m[0m [1m0s[0m 4ms/step - acc: 0.4863 - loss: 1.1478 - val_acc: 0.4765 - val_loss: 1.1965
Epoch 8/40
[1m 1/12[0m [32m━[0m[37m━━━━━━━━━━━━━━━━━━━[0m [1m0s[0m 12ms/step - acc: 0.4922 - loss: 1.1796[1m12/12[0m [32m━━━━━━━━━━━━━━━━━━━━[0m[37m[0m [1m0s[0m 4ms/step - acc: 0.4967 - loss: 1.1261 - val_acc: 0.4794 - val_loss: 1.1769
Epoch 9/40
[1m 1/12[0m [32m━[0m[37m━━━━━━━━━━━━━━━━━━━[0m [1m0s[0m 11ms/step - acc: 0.5000 - loss: 1.1658[1m12/12[0m [32m━━━━━━━━━━━━━━━━━━━━[0m[37m[0m [1m0s[0m 4ms/step - acc: 0.5111 - loss: 1.1074 - val_acc: 0.5147 - val_loss: 1.1722
Epoch 10/40
[1m 1/12[0m [32m━[0m[37m━━━━━━━━━━━━━━━━━━━[0m [1m0s[0m 12ms/step - acc: 0.5117 - loss: 1.1564[1m12/12[0m [32m━━━━━━━━━━━━━━━━━━━━[0m[37m[0m [1m0s[0m 4ms/step - acc: 0.5209 - loss: 1.0916 - val_acc: 0.5353 - val_loss: 1.1723
Epoch 11/40
[1m 1/12[0m [32m━[0m[37m━━━━━━━━━━━━━━━━━━━[0m [1m0s[0m 12ms/step - acc: 0.5195 - loss: 1.1436[1m12/12[0m [32m━━━━━━━━━━━━━━━━━━━━[0m[37m[0m [1m0s[0m 4ms/step - acc: 0.5358 - loss: 1.0742 - val_acc: 0.5500 - val_loss: 1.1548
Epoch 12/40
[1m 1/12[0m [32m━[0m[37m━━━━━━━━━━━━━━━━━━━[0m [1m0s[0m 12ms/step - acc: 0.5312 - loss: 1.1378[1m12/12[0m [32m━━━━━━━━━━━━━━━━━━━━[0m[37m[0m [1m0s[0m 4ms/step - acc: 0.5593 - loss: 1.0576 - val_acc: 0.5500 - val_loss: 1.1718
Epoch 13/40
[1m 1/12[0m [32m━[0m[37m━━━━━━━━━━━━━━━━━━━[0m [1m0s[0m 12ms/step - acc: 0.5352 - loss: 1.1295[1m12/12[0m [32m━━━━━━━━━━━━━━━━━━━━[0m[37m[0m [1m0s[0m 4ms/step - acc: 0.5714 - loss: 1.0424 - val_acc: 0.5441 - val_loss: 1.1816
Epoch 14/40
[1m 1/12[0m [32m━[0m[37m━━━━━━━━━━━━━━━━━━━[0m [1m0s[0m 15ms/step - acc: 0.5352 - loss: 1.1223[1m12/12[0m [32m━━━━━━━━━━━━━━━━━━━━[0m[37m[0m [1m0s[0m 4ms/step - acc: 0.5704 - loss: 1.0331 - val_acc: 0.5059 - val_loss: 1.1962
Epoch 15/40
[1m 1/12[0m [32m━[0m[37m━━━━━━━━━━━━━━━━━━━[0m [1m0s[0m 14ms/step - acc: 0.5430 - loss: 1.1098[1m12/12[0m [32m━━━━━━━━━━━━━━━━━━━━[0m[37m[0m [1m0s[0m 5ms/step - acc: 0.5952 - loss: 1.0187 - val_acc: 0.5088 - val_loss: 1.2055
Epoch 16/40
[1m 1/12[0m [32m━[0m[37m━━━━━━━━━━━━━━━━━━━[0m [1m0s[0m 16ms/step - acc: 0.5508 - loss: 1.0970[1m12/12[0m [32m━━━━━━━━━━━━━━━━━━━━[0m[37m[0m [1m0s[0m 4ms/step - acc: 0.6035 - loss: 1.0056 - val_acc: 0.5059 - val_loss: 1.2104
[1m1/4[0m [32m━━━━━[0m[37m━━━━━━━━━━━━━━━[0m [1m0s[0m 32ms/step[1m4/4[0m [32m━━━━━━━━━━━━━━━━━━━━[0m[37m[0m [1m0s[0m 9ms/step 
Epoch 1/40
[1m 1/12[0m [32m━[0m[37m━━━━━━━━━━━━━━━━━━━[0m [1m5s[0m 464ms/step - acc: 0.2656 - loss: 1.6063[1m12/12[0m [32m━━━━━━━━━━━━━━━━━━━━[0m[37m[0m [1m1s[0m 14ms/step - acc: 0.3459 - loss: 1.4819 - val_acc: 0.3441 - val_loss: 1.2517
Epoch 2/40
[1m 1/12[0m [32m━[0m[37m━━━━━━━━━━━━━━━━━━━[0m [1m0s[0m 14ms/step - acc: 0.3594 - loss: 1.3575[1m12/12[0m [32m━━━━━━━━━━━━━━━━━━━━[0m[37m[0m [1m0s[0m 4ms/step - acc: 0.4301 - loss: 1.3176 - val_acc: 0.3529 - val_loss: 1.2244
Epoch 3/40
[1m 1/12[0m [32m━[0m[37m━━━━━━━━━━━━━━━━━━━[0m [1m0s[0m 13ms/step - acc: 0.3789 - loss: 1.2897[1m12/12[0m [32m━━━━━━━━━━━━━━━━━━━━[0m[37m[0m [1m0s[0m 4ms/step - acc: 0.4598 - loss: 1.2578 - val_acc: 0.3588 - val_loss: 1.2229
Epoch 4/40
[1m 1/12[0m [32m━[0m[37m━━━━━━━━━━━━━━━━━━━[0m [1m0s[0m 13ms/step - acc: 0.3867 - loss: 1.2407[1m12/12[0m [32m━━━━━━━━━━━━━━━━━━━━[0m[37m[0m [1m0s[0m 4ms/step - acc: 0.4584 - loss: 1.2229 - val_acc: 0.3676 - val_loss: 1.1966
Epoch 5/40
[1m 1/12[0m [32m━[0m[37m━━━━━━━━━━━━━━━━━━━[0m [1m0s[0m 13ms/step - acc: 0.3867 - loss: 1.2069[1m12/12[0m [32m━━━━━━━━━━━━━━━━━━━━[0m[37m[0m [1m0s[0m 4ms/step - acc: 0.4628 - loss: 1.1967 - val_acc: 0.4529 - val_loss: 1.1652
Epoch 6/40
[1m 1/12[0m [32m━[0m[37m━━━━━━━━━━━━━━━━━━━[0m [1m0s[0m 13ms/step - acc: 0.4336 - loss: 1.1773[1m12/12[0m [32m━━━━━━━━━━━━━━━━━━━━[0m[37m[0m [1m0s[0m 4ms/step - acc: 0.4818 - loss: 1.1710 - val_acc: 0.4529 - val_loss: 1.1576
Epoch 7/40
[1m 1/12[0m [32m━[0m[37m━━━━━━━━━━━━━━━━━━━[0m [1m0s[0m 14ms/step - acc: 0.4844 - loss: 1.1498[1m12/12[0m [32m━━━━━━━━━━━━━━━━━━━━[0m[37m[0m [1m0s[0m 4ms/step - acc: 0.5085 - loss: 1.1455 - val_acc: 0.4441 - val_loss: 1.1510
Epoch 8/40
[1m 1/12[0m [32m━[0m[37m━━━━━━━━━━━━━━━━━━━[0m [1m0s[0m 13ms/step - acc: 0.4844 - loss: 1.1277[1m12/12[0m [32m━━━━━━━━━━━━━━━━━━━━[0m[37m[0m [1m0s[0m 4ms/step - acc: 0.5146 - loss: 1.1226 - val_acc: 0.4000 - val_loss: 1.1580
Epoch 9/40
[1m 1/12[0m [32m━[0m[37m━━━━━━━━━━━━━━━━━━━[0m [1m0s[0m 13ms/step - acc: 0.4414 - loss: 1.1135[1m12/12[0m [32m━━━━━━━━━━━━━━━━━━━━[0m[37m[0m [1m0s[0m 4ms/step - acc: 0.5211 - loss: 1.1035 - val_acc: 0.4029 - val_loss: 1.1582
Epoch 10/40
[1m 1/12[0m [32m━[0m[37m━━━━━━━━━━━━━━━━━━━[0m [1m0s[0m 13ms/step - acc: 0.4414 - loss: 1.0978[1m12/12[0m [32m━━━━━━━━━━━━━━━━━━━━[0m[37m[0m [1m0s[0m 4ms/step - acc: 0.5167 - loss: 1.0888 - val_acc: 0.3882 - val_loss: 1.1477
Epoch 11/40
[1m 1/12[0m [32m━[0m[37m━━━━━━━━━━━━━━━━━━━[0m [1m0s[0m 13ms/step - acc: 0.4648 - loss: 1.0756[1m12/12[0m [32m━━━━━━━━━━━━━━━━━━━━[0m[37m[0m [1m0s[0m 4ms/step - acc: 0.5186 - loss: 1.0729 - val_acc: 0.3853 - val_loss: 1.1341
Epoch 12/40
[1m 1/12[0m [32m━[0m[37m━━━━━━━━━━━━━━━━━━━[0m [1m0s[0m 14ms/step - acc: 0.5000 - loss: 1.0569[1m12/12[0m [32m━━━━━━━━━━━━━━━━━━━━[0m[37m[0m [1m0s[0m 4ms/step - acc: 0.5380 - loss: 1.0549 - val_acc: 0.4412 - val_loss: 1.1188
Epoch 13/40
[1m 1/12[0m [32m━[0m[37m━━━━━━━━━━━━━━━━━━━[0m [1m0s[0m 14ms/step - acc: 0.5703 - loss: 1.0318[1m12/12[0m [32m━━━━━━━━━━━━━━━━━━━━[0m[37m[0m [1m0s[0m 4ms/step - acc: 0.5652 - loss: 1.0391 - val_acc: 0.4618 - val_loss: 1.1153
Epoch 14/40
[1m 1/12[0m [32m━[0m[37m━━━━━━━━━━━━━━━━━━━[0m [1m0s[0m 14ms/step - acc: 0.5859 - loss: 1.0134[1m12/12[0m [32m━━━━━━━━━━━━━━━━━━━━[0m[37m[0m [1m0s[0m 4ms/step - acc: 0.5817 - loss: 1.0240 - val_acc: 0.4794 - val_loss: 1.1099
Epoch 15/40
[1m 1/12[0m [32m━[0m[37m━━━━━━━━━━━━━━━━━━━[0m [1m0s[0m 14ms/step - acc: 0.5938 - loss: 0.9995[1m12/12[0m [32m━━━━━━━━━━━━━━━━━━━━[0m[37m[0m [1m0s[0m 4ms/step - acc: 0.5874 - loss: 1.0107 - val_acc: 0.4588 - val_loss: 1.1085
Epoch 16/40
[1m 1/12[0m [32m━[0m[37m━━━━━━━━━━━━━━━━━━━[0m [1m0s[0m 14ms/step - acc: 0.5938 - loss: 0.9899[1m12/12[0m [32m━━━━━━━━━━━━━━━━━━━━[0m[37m[0m [1m0s[0m 4ms/step - acc: 0.5978 - loss: 0.9971 - val_acc: 0.4588 - val_loss: 1.1110
Epoch 17/40
[1m 1/12[0m [32m━[0m[37m━━━━━━━━━━━━━━━━━━━[0m [1m0s[0m 14ms/step - acc: 0.6133 - loss: 0.9798[1m12/12[0m [32m━━━━━━━━━━━━━━━━━━━━[0m[37m[0m [1m0s[0m 4ms/step - acc: 0.6048 - loss: 0.9892 - val_acc: 0.4588 - val_loss: 1.1053
Epoch 18/40
[1m 1/12[0m [32m━[0m[37m━━━━━━━━━━━━━━━━━━━[0m [1m0s[0m 14ms/step - acc: 0.6172 - loss: 0.9674[1m12/12[0m [32m━━━━━━━━━━━━━━━━━━━━[0m[37m[0m [1m0s[0m 4ms/step - acc: 0.6071 - loss: 0.9804 - val_acc: 0.4735 - val_loss: 1.1023
Epoch 19/40
[1m 1/12[0m [32m━[0m[37m━━━━━━━━━━━━━━━━━━━[0m [1m0s[0m 13ms/step - acc: 0.6133 - loss: 0.9599[1m12/12[0m [32m━━━━━━━━━━━━━━━━━━━━[0m[37m[0m [1m0s[0m 4ms/step - acc: 0.6071 - loss: 0.9702 - val_acc: 0.4765 - val_loss: 1.1006
Epoch 20/40
[1m 1/12[0m [32m━[0m[37m━━━━━━━━━━━━━━━━━━━[0m [1m0s[0m 14ms/step - acc: 0.6328 - loss: 0.9482[1m12/12[0m [32m━━━━━━━━━━━━━━━━━━━━[0m[37m[0m [1m0s[0m 4ms/step - acc: 0.6115 - loss: 0.9621 - val_acc: 0.4794 - val_loss: 1.0968
Epoch 21/40
[1m 1/12[0m [32m━[0m[37m━━━━━━━━━━━━━━━━━━━[0m [1m0s[0m 14ms/step - acc: 0.6523 - loss: 0.9383[1m12/12[0m [32m━━━━━━━━━━━━━━━━━━━━[0m[37m[0m [1m0s[0m 4ms/step - acc: 0.6218 - loss: 0.9533 - val_acc: 0.4882 - val_loss: 1.0998
Epoch 22/40
[1m 1/12[0m [32m━[0m[37m━━━━━━━━━━━━━━━━━━━[0m [1m0s[0m 14ms/step - acc: 0.6523 - loss: 0.9283[1m12/12[0m [32m━━━━━━━━━━━━━━━━━━━━[0m[37m[0m [1m0s[0m 4ms/step - acc: 0.6284 - loss: 0.9449 - val_acc: 0.4912 - val_loss: 1.0963
Epoch 23/40
[1m 1/12[0m [32m━[0m[37m━━━━━━━━━━━━━━━━━━━[0m [1m0s[0m 14ms/step - acc: 0.6680 - loss: 0.9194[1m12/12[0m [32m━━━━━━━━━━━━━━━━━━━━[0m[37m[0m [1m0s[0m 4ms/step - acc: 0.6320 - loss: 0.9367 - val_acc: 0.4941 - val_loss: 1.0964
Epoch 24/40
[1m 1/12[0m [32m━[0m[37m━━━━━━━━━━━━━━━━━━━[0m [1m0s[0m 14ms/step - acc: 0.6641 - loss: 0.9117[1m12/12[0m [32m━━━━━━━━━━━━━━━━━━━━[0m[37m[0m [1m0s[0m 4ms/step - acc: 0.6374 - loss: 0.9287 - val_acc: 0.4941 - val_loss: 1.0916
Epoch 25/40
[1m 1/12[0m [32m━[0m[37m━━━━━━━━━━━━━━━━━━━[0m [1m0s[0m 14ms/step - acc: 0.6641 - loss: 0.9043[1m12/12[0m [32m━━━━━━━━━━━━━━━━━━━━[0m[37m[0m [1m0s[0m 4ms/step - acc: 0.6377 - loss: 0.9216 - val_acc: 0.4824 - val_loss: 1.0905
Epoch 26/40
[1m 1/12[0m [32m━[0m[37m━━━━━━━━━━━━━━━━━━━[0m [1m0s[0m 14ms/step - acc: 0.6719 - loss: 0.8988[1m12/12[0m [32m━━━━━━━━━━━━━━━━━━━━[0m[37m[0m [1m0s[0m 4ms/step - acc: 0.6443 - loss: 0.9160 - val_acc: 0.4824 - val_loss: 1.0905
Epoch 27/40
[1m 1/12[0m [32m━[0m[37m━━━━━━━━━━━━━━━━━━━[0m [1m0s[0m 13ms/step - acc: 0.6641 - loss: 0.8954[1m12/12[0m [32m━━━━━━━━━━━━━━━━━━━━[0m[37m[0m [1m0s[0m 4ms/step - acc: 0.6402 - loss: 0.9101 - val_acc: 0.4618 - val_loss: 1.0907
Epoch 28/40
[1m 1/12[0m [32m━[0m[37m━━━━━━━━━━━━━━━━━━━[0m [1m0s[0m 13ms/step - acc: 0.6680 - loss: 0.8878[1m12/12[0m [32m━━━━━━━━━━━━━━━━━━━━[0m[37m[0m [1m0s[0m 4ms/step - acc: 0.6453 - loss: 0.9050 - val_acc: 0.4794 - val_loss: 1.0910
Epoch 29/40
[1m 1/12[0m [32m━[0m[37m━━━━━━━━━━━━━━━━━━━[0m [1m0s[0m 14ms/step - acc: 0.6680 - loss: 0.8803[1m12/12[0m [32m━━━━━━━━━━━━━━━━━━━━[0m[37m[0m [1m0s[0m 4ms/step - acc: 0.6433 - loss: 0.8988 - val_acc: 0.4824 - val_loss: 1.0915
Epoch 30/40
[1m 1/12[0m [32m━[0m[37m━━━━━━━━━━━━━━━━━━━[0m [1m0s[0m 14ms/step - acc: 0.6680 - loss: 0.8745[1m12/12[0m [32m━━━━━━━━━━━━━━━━━━━━[0m[37m[0m [1m0s[0m 4ms/step - acc: 0.6475 - loss: 0.8920 - val_acc: 0.4941 - val_loss: 1.0944
[1m1/4[0m [32m━━━━━[0m[37m━━━━━━━━━━━━━━━[0m [1m0s[0m 33ms/step[1m4/4[0m [32m━━━━━━━━━━━━━━━━━━━━[0m[37m[0m [1m0s[0m 9ms/step 
Epoch 1/40
[1m 1/12[0m [32m━[0m[37m━━━━━━━━━━━━━━━━━━━[0m [1m5s[0m 462ms/step - acc: 0.3125 - loss: 1.5372[1m12/12[0m [32m━━━━━━━━━━━━━━━━━━━━[0m[37m[0m [1m1s[0m 14ms/step - acc: 0.3687 - loss: 1.4540 - val_acc: 0.4441 - val_loss: 1.2284
Epoch 2/40
[1m 1/12[0m [32m━[0m[37m━━━━━━━━━━━━━━━━━━━[0m [1m0s[0m 13ms/step - acc: 0.4922 - loss: 1.3300[1m12/12[0m [32m━━━━━━━━━━━━━━━━