Job: tune-binary-lstm
Repo: /dcs/23/u5514578/cs310/y3p
PWD: /dcs/23/u5514578/cs310/y3p
Python: /dcs/23/u5514578/cs310/y3p/venv/bin/python
src import OK
Task=binary Model=lstm DataFile=data/processed/dataset1.csv NTrials=100
Running on tiger-02
[I 2026-03-20 01:27:10,315] Trial 0 finished with value: 0.34061418693605355 and parameters: {'learning_rate': 0.0003071057367777374, 'batch_size': 32, 'rnn_units': 16, 'rnn_dropout': 0.3464704583099741}. Best is trial 0 with value: 0.34061418693605355.
[I 2026-03-20 01:34:10,013] Trial 1 finished with value: 0.26516365132436326 and parameters: {'learning_rate': 0.0006054365855469249, 'batch_size': 128, 'rnn_units': 16, 'rnn_dropout': 0.07336180394137352}. Best is trial 1 with value: 0.26516365132436326.
[I 2026-03-20 01:54:20,059] Trial 2 finished with value: 0.29507999065723517 and parameters: {'learning_rate': 0.0002487873441981445, 'batch_size': 32, 'rnn_units': 16, 'rnn_dropout': 0.1465447373174767}. Best is trial 1 with value: 0.26516365132436326.
[I 2026-03-20 02:15:43,983] Trial 3 finished with value: 0.21282338215418148 and parameters: {'learning_rate': 0.0003920673972242139, 'batch_size': 32, 'rnn_units': 64, 'rnn_dropout': 0.06820964947491662}. Best is trial 3 with value: 0.21282338215418148.
[I 2026-03-20 02:32:13,263] Trial 4 finished with value: 0.28986594690297435 and parameters: {'learning_rate': 0.00012151617026673395, 'batch_size': 64, 'rnn_units': 64, 'rnn_dropout': 0.17606099749584053}. Best is trial 3 with value: 0.21282338215418148.
[I 2026-03-20 02:39:00,123] Trial 5 finished with value: 0.36607212699427677 and parameters: {'learning_rate': 0.00014413697528610416, 'batch_size': 128, 'rnn_units': 32, 'rnn_dropout': 0.20802720847112433}. Best is trial 3 with value: 0.21282338215418148.
[I 2026-03-20 02:51:01,102] Trial 6 finished with value: 0.3240905925589907 and parameters: {'learning_rate': 0.0005143828405076933, 'batch_size': 64, 'rnn_units': 16, 'rnn_dropout': 0.36874969400924673}. Best is trial 3 with value: 0.21282338215418148.
[I 2026-03-20 03:00:24,893] Trial 7 finished with value: 0.30974008159094085 and parameters: {'learning_rate': 0.00013035611225128884, 'batch_size': 128, 'rnn_units': 64, 'rnn_dropout': 0.1427013306774357}. Best is trial 3 with value: 0.21282338215418148.
[I 2026-03-20 03:08:28,981] Trial 8 finished with value: 0.2958324778653903 and parameters: {'learning_rate': 0.00023200867504756837, 'batch_size': 128, 'rnn_units': 32, 'rnn_dropout': 0.07948627261366897}. Best is trial 3 with value: 0.21282338215418148.
[I 2026-03-20 03:27:14,811] Trial 9 finished with value: 0.34582955454486863 and parameters: {'learning_rate': 0.0001016680374002288, 'batch_size': 32, 'rnn_units': 16, 'rnn_dropout': 0.04634762381005189}. Best is trial 3 with value: 0.21282338215418148.
[I 2026-03-20 03:44:23,953] Trial 10 finished with value: 0.18405593623250618 and parameters: {'learning_rate': 0.0015839470836995267, 'batch_size': 32, 'rnn_units': 64, 'rnn_dropout': 0.007184750245927851}. Best is trial 10 with value: 0.18405593623250618.
[I 2026-03-20 03:58:20,647] Trial 11 finished with value: 0.1886398893365576 and parameters: {'learning_rate': 0.0015292769564027608, 'batch_size': 32, 'rnn_units': 64, 'rnn_dropout': 0.004717591768151938}. Best is trial 10 with value: 0.18405593623250618.
[I 2026-03-20 04:14:08,528] Trial 12 finished with value: 0.19032539183649383 and parameters: {'learning_rate': 0.0017061837680423556, 'batch_size': 32, 'rnn_units': 64, 'rnn_dropout': 0.0034744442255727395}. Best is trial 10 with value: 0.18405593623250618.
[I 2026-03-20 04:27:58,474] Trial 13 finished with value: 0.1936410493364597 and parameters: {'learning_rate': 0.001735840365068579, 'batch_size': 32, 'rnn_units': 64, 'rnn_dropout': 0.004362225095548361}. Best is trial 10 with value: 0.18405593623250618.
[I 2026-03-20 04:45:54,493] Trial 14 finished with value: 0.26892541581385015 and parameters: {'learning_rate': 0.0009873895661272653, 'batch_size': 32, 'rnn_units': 64, 'rnn_dropout': 0.25834257628129653}. Best is trial 10 with value: 0.18405593623250618.
[I 2026-03-20 05:00:35,106] Trial 15 finished with value: 0.19678384826757356 and parameters: {'learning_rate': 0.0010182067851532178, 'batch_size': 64, 'rnn_units': 64, 'rnn_dropout': 0.11118076268311952}. Best is trial 10 with value: 0.18405593623250618.
[I 2026-03-20 05:16:34,225] Trial 16 finished with value: 0.24746000190852216 and parameters: {'learning_rate': 0.0010099416769827796, 'batch_size': 32, 'rnn_units': 32, 'rnn_dropout': 0.2706657623735775}. Best is trial 10 with value: 0.18405593623250618.
[I 2026-03-20 05:30:29,836] Trial 17 finished with value: 0.20592205422190374 and parameters: {'learning_rate': 0.0013372953249207802, 'batch_size': 32, 'rnn_units': 64, 'rnn_dropout': 0.031998238966448066}. Best is trial 10 with value: 0.18405593623250618.
[I 2026-03-20 05:51:24,976] Trial 18 finished with value: 0.22847732265783782 and parameters: {'learning_rate': 0.0007257425897945209, 'batch_size': 32, 'rnn_units': 64, 'rnn_dropout': 0.12401489084224054}. Best is trial 10 with value: 0.18405593623250618.
[I 2026-03-20 06:03:20,065] Trial 19 finished with value: 0.23650772942960901 and parameters: {'learning_rate': 0.001942045595178741, 'batch_size': 64, 'rnn_units': 64, 'rnn_dropout': 0.2164471047401318}. Best is trial 10 with value: 0.18405593623250618.
[I 2026-03-20 06:05:53,005] Trial 20 pruned. 
[I 2026-03-20 06:23:26,854] Trial 21 finished with value: 0.187821761734235 and parameters: {'learning_rate': 0.0014975235428647826, 'batch_size': 32, 'rnn_units': 64, 'rnn_dropout': 0.0008057439171646405}. Best is trial 10 with value: 0.18405593623250618.
[I 2026-03-20 06:42:40,222] Trial 22 finished with value: 0.1778276200720593 and parameters: {'learning_rate': 0.0014443117065363943, 'batch_size': 32, 'rnn_units': 64, 'rnn_dropout': 0.030440716239844835}. Best is trial 22 with value: 0.1778276200720593.
[I 2026-03-20 07:03:18,571] Trial 23 finished with value: 0.1655811271490127 and parameters: {'learning_rate': 0.0007454170873871039, 'batch_size': 32, 'rnn_units': 64, 'rnn_dropout': 0.03852451305608232}. Best is trial 23 with value: 0.1655811271490127.
[I 2026-03-20 07:18:44,119] Trial 24 finished with value: 0.20686373638886782 and parameters: {'learning_rate': 0.0008483709558640316, 'batch_size': 32, 'rnn_units': 64, 'rnn_dropout': 0.04418830483295742}. Best is trial 23 with value: 0.1655811271490127.
[I 2026-03-20 07:37:23,323] Trial 25 finished with value: 0.21092192153545705 and parameters: {'learning_rate': 0.0007369014841317596, 'batch_size': 32, 'rnn_units': 64, 'rnn_dropout': 0.10062272255028158}. Best is trial 23 with value: 0.1655811271490127.
[I 2026-03-20 07:53:19,860] Trial 26 finished with value: 0.21771996377195144 and parameters: {'learning_rate': 0.001305248451318993, 'batch_size': 32, 'rnn_units': 64, 'rnn_dropout': 0.04570901224841623}. Best is trial 23 with value: 0.1655811271490127.
[I 2026-03-20 08:09:39,052] Trial 27 finished with value: 0.1963252214595627 and parameters: {'learning_rate': 0.001992760264258249, 'batch_size': 32, 'rnn_units': 64, 'rnn_dropout': 0.08902346277367917}. Best is trial 23 with value: 0.1655811271490127.
[I 2026-03-20 08:10:47,623] Trial 28 pruned. 
[I 2026-03-20 08:12:47,550] Trial 29 pruned. 
[I 2026-03-20 08:15:02,764] Trial 30 pruned. 
[I 2026-03-20 08:31:54,920] Trial 31 finished with value: 0.1916865982251246 and parameters: {'learning_rate': 0.0013775518860163313, 'batch_size': 32, 'rnn_units': 64, 'rnn_dropout': 0.023053505288863577}. Best is trial 23 with value: 0.1655811271490127.
[I 2026-03-20 08:51:27,270] Trial 32 finished with value: 0.1919677268535287 and parameters: {'learning_rate': 0.0007807846938502097, 'batch_size': 32, 'rnn_units': 64, 'rnn_dropout': 0.0003820031916604138}. Best is trial 23 with value: 0.1655811271490127.
[I 2026-03-20 09:08:18,419] Trial 33 finished with value: 0.19197299160441975 and parameters: {'learning_rate': 0.0015459301582856403, 'batch_size': 32, 'rnn_units': 64, 'rnn_dropout': 0.06555131249902194}. Best is trial 23 with value: 0.1655811271490127.
[I 2026-03-20 09:23:17,008] Trial 34 finished with value: 0.18434595579792004 and parameters: {'learning_rate': 0.0008791598660185804, 'batch_size': 32, 'rnn_units': 64, 'rnn_dropout': 0.025674728310927576}. Best is trial 23 with value: 0.1655811271490127.
[I 2026-03-20 09:26:21,602] Trial 35 pruned. 
[I 2026-03-20 09:27:54,884] Trial 36 pruned. 
[I 2026-03-20 09:30:40,567] Trial 37 pruned. 
[I 2026-03-20 09:36:02,799] Trial 38 pruned. 
[I 2026-03-20 09:50:36,810] Trial 39 finished with value: 0.21356530644224053 and parameters: {'learning_rate': 0.000632494852425807, 'batch_size': 64, 'rnn_units': 64, 'rnn_dropout': 0.16833974129221593}. Best is trial 23 with value: 0.1655811271490127.
[I 2026-03-20 09:52:31,211] Trial 40 pruned. 
[I 2026-03-20 10:10:11,646] Trial 41 finished with value: 0.17147125671765012 and parameters: {'learning_rate': 0.0011484568466276794, 'batch_size': 32, 'rnn_units': 64, 'rnn_dropout': 0.021031727503764492}. Best is trial 23 with value: 0.1655811271490127.
[I 2026-03-20 10:29:30,832] Trial 42 finished with value: 0.1804161968980807 and parameters: {'learning_rate': 0.0011471249888888016, 'batch_size': 32, 'rnn_units': 64, 'rnn_dropout': 0.0639046667859374}. Best is trial 23 with value: 0.1655811271490127.
[I 2026-03-20 10:44:15,689] Trial 43 finished with value: 0.1945957207341557 and parameters: {'learning_rate': 0.0011802190664413055, 'batch_size': 32, 'rnn_units': 64, 'rnn_dropout': 0.07932942089501256}. Best is trial 23 with value: 0.1655811271490127.
[I 2026-03-20 10:59:38,279] Trial 44 finished with value: 0.1893969872386328 and parameters: {'learning_rate': 0.0016425451233412674, 'batch_size': 32, 'rnn_units': 64, 'rnn_dropout': 0.05720576355925244}. Best is trial 23 with value: 0.1655811271490127.
[I 2026-03-20 11:14:50,384] Trial 45 finished with value: 0.2071542472797776 and parameters: {'learning_rate': 0.0010632189308449073, 'batch_size': 32, 'rnn_units': 64, 'rnn_dropout': 0.0433794392698061}. Best is trial 23 with value: 0.1655811271490127.
[I 2026-03-20 11:31:06,248] Trial 46 finished with value: 0.2013771534279823 and parameters: {'learning_rate': 0.0012768462784887068, 'batch_size': 32, 'rnn_units': 64, 'rnn_dropout': 0.019030780179862462}. Best is trial 23 with value: 0.1655811271490127.
[I 2026-03-20 11:34:04,468] Trial 47 pruned. 
[I 2026-03-20 11:43:08,569] Trial 48 finished with value: 0.1849108127800791 and parameters: {'learning_rate': 0.0009403741329241795, 'batch_size': 128, 'rnn_units': 64, 'rnn_dropout': 0.017086575662962355}. Best is trial 23 with value: 0.1655811271490127.
[I 2026-03-20 11:54:51,693] Trial 49 finished with value: 0.19330777921438164 and parameters: {'learning_rate': 0.0014431923559431598, 'batch_size': 64, 'rnn_units': 64, 'rnn_dropout': 0.11297327975401464}. Best is trial 23 with value: 0.1655811271490127.
[I 2026-03-20 11:58:12,054] Trial 50 pruned. 
[I 2026-03-20 12:19:09,761] Trial 51 finished with value: 0.17495664516697557 and parameters: {'learning_rate': 0.0008926271521475136, 'batch_size': 32, 'rnn_units': 64, 'rnn_dropout': 0.03378174812873637}. Best is trial 23 with value: 0.1655811271490127.
[I 2026-03-20 12:23:21,310] Trial 52 pruned. 
[I 2026-03-20 12:42:33,760] Trial 53 finished with value: 0.19450017745495593 and parameters: {'learning_rate': 0.0009600134143045321, 'batch_size': 32, 'rnn_units': 64, 'rnn_dropout': 0.05659880181685399}. Best is trial 23 with value: 0.1655811271490127.
[I 2026-03-20 12:45:45,809] Trial 54 pruned. 
[I 2026-03-20 12:49:03,768] Trial 55 pruned. 
[I 2026-03-20 13:07:54,114] Trial 56 finished with value: 0.17409829491426956 and parameters: {'learning_rate': 0.0015718867654809239, 'batch_size': 32, 'rnn_units': 64, 'rnn_dropout': 0.06327976008796009}. Best is trial 23 with value: 0.1655811271490127.
[I 2026-03-20 13:23:25,001] Trial 57 finished with value: 0.19834744261266005 and parameters: {'learning_rate': 0.0017815434387873667, 'batch_size': 32, 'rnn_units': 64, 'rnn_dropout': 0.06992204659203653}. Best is trial 23 with value: 0.1655811271490127.
[I 2026-03-20 13:28:51,023] Trial 58 pruned. 
[I 2026-03-20 13:50:02,125] Trial 59 finished with value: 0.22224363402793373 and parameters: {'learning_rate': 0.0006870423238004473, 'batch_size': 32, 'rnn_units': 64, 'rnn_dropout': 0.0960364994340762}. Best is trial 23 with value: 0.1655811271490127.
[I 2026-03-20 13:52:32,768] Trial 60 pruned. 
[I 2026-03-20 14:07:42,200] Trial 61 finished with value: 0.19675099861366854 and parameters: {'learning_rate': 0.0015799129270250487, 'batch_size': 32, 'rnn_units': 64, 'rnn_dropout': 0.011582034091022531}. Best is trial 23 with value: 0.1655811271490127.
[I 2026-03-20 14:22:59,492] Trial 62 finished with value: 0.20315251171418777 and parameters: {'learning_rate': 0.0011866436836741314, 'batch_size': 32, 'rnn_units': 64, 'rnn_dropout': 0.05493888630887919}. Best is trial 23 with value: 0.1655811271490127.
[I 2026-03-20 14:40:43,849] Trial 63 finished with value: 0.18539535637665233 and parameters: {'learning_rate': 0.0010369443983867337, 'batch_size': 32, 'rnn_units': 64, 'rnn_dropout': 0.03559418924252962}. Best is trial 23 with value: 0.1655811271490127.
[I 2026-03-20 14:44:03,052] Trial 64 pruned. 
[I 2026-03-20 14:47:11,590] Trial 65 pruned. 
[I 2026-03-20 14:50:18,565] Trial 66 pruned. 
[I 2026-03-20 14:51:33,888] Trial 67 pruned. 
[I 2026-03-20 14:54:26,954] Trial 68 pruned. 
[I 2026-03-20 15:11:52,328] Trial 69 finished with value: 0.18917741309164732 and parameters: {'learning_rate': 0.0010942513824460402, 'batch_size': 32, 'rnn_units': 64, 'rnn_dropout': 0.031129197479151768}. Best is trial 23 with value: 0.1655811271490127.
[I 2026-03-20 15:14:40,341] Trial 70 pruned. 
[I 2026-03-20 15:33:59,076] Trial 71 finished with value: 0.20083830787328988 and parameters: {'learning_rate': 0.0005696209626484167, 'batch_size': 32, 'rnn_units': 64, 'rnn_dropout': 0.02359222974174264}. Best is trial 23 with value: 0.1655811271490127.
[I 2026-03-20 15:49:14,300] Trial 72 finished with value: 0.18767607779182205 and parameters: {'learning_rate': 0.0008689331103280488, 'batch_size': 32, 'rnn_units': 64, 'rnn_dropout': 0.002673553976073481}. Best is trial 23 with value: 0.1655811271490127.
[I 2026-03-20 16:08:45,890] Trial 73 finished with value: 0.1948881614933921 and parameters: {'learning_rate': 0.0009801538867912874, 'batch_size': 32, 'rnn_units': 64, 'rnn_dropout': 0.04444490223681433}. Best is trial 23 with value: 0.1655811271490127.
[I 2026-03-20 16:26:11,982] Trial 74 finished with value: 0.17841884866899546 and parameters: {'learning_rate': 0.001511136028432621, 'batch_size': 32, 'rnn_units': 64, 'rnn_dropout': 0.027787786541166818}. Best is trial 23 with value: 0.1655811271490127.
[I 2026-03-20 16:28:53,862] Trial 75 pruned. 
[I 2026-03-20 16:46:00,913] Trial 76 finished with value: 0.22388665021932336 and parameters: {'learning_rate': 0.0016900057500128733, 'batch_size': 32, 'rnn_units': 64, 'rnn_dropout': 0.08672076860310339}. Best is trial 23 with value: 0.1655811271490127.
[I 2026-03-20 16:55:48,448] Trial 77 finished with value: 0.19491846393749387 and parameters: {'learning_rate': 0.0013387617971685455, 'batch_size': 64, 'rnn_units': 64, 'rnn_dropout': 0.05937872292788762}. Best is trial 23 with value: 0.1655811271490127.
[I 2026-03-20 17:10:15,619] Trial 78 finished with value: 0.207296893694542 and parameters: {'learning_rate': 0.001995509466859085, 'batch_size': 32, 'rnn_units': 32, 'rnn_dropout': 0.012997400179121918}. Best is trial 23 with value: 0.1655811271490127.
[I 2026-03-20 17:11:32,093] Trial 79 pruned. 
[I 2026-03-20 17:26:59,801] Trial 80 finished with value: 0.19204555681441376 and parameters: {'learning_rate': 0.0011828205699271795, 'batch_size': 32, 'rnn_units': 64, 'rnn_dropout': 0.01887990926956795}. Best is trial 23 with value: 0.1655811271490127.
[I 2026-03-20 17:48:30,592] Trial 81 finished with value: 0.1835874130615313 and parameters: {'learning_rate': 0.0008293173103807585, 'batch_size': 32, 'rnn_units': 64, 'rnn_dropout': 0.027118033696135746}. Best is trial 23 with value: 0.1655811271490127.
[I 2026-03-20 18:06:24,272] Trial 82 finished with value: 0.19194439102186833 and parameters: {'learning_rate': 0.0008018375624742624, 'batch_size': 32, 'rnn_units': 64, 'rnn_dropout': 0.030755842703967032}. Best is trial 23 with value: 0.1655811271490127.
[I 2026-03-20 18:26:08,176] Trial 83 finished with value: 0.2105202286639502 and parameters: {'learning_rate': 0.001051987295416835, 'batch_size': 32, 'rnn_units': 64, 'rnn_dropout': 0.07035943607314034}. Best is trial 23 with value: 0.1655811271490127.
[I 2026-03-20 18:29:07,380] Trial 84 pruned. 
[I 2026-03-20 18:31:56,146] Trial 85 pruned. 
[I 2026-03-20 18:52:46,938] Trial 86 finished with value: 0.19685360469588825 and parameters: {'learning_rate': 0.0009132516879786624, 'batch_size': 32, 'rnn_units': 64, 'rnn_dropout': 0.024079763758936744}. Best is trial 23 with value: 0.1655811271490127.
[I 2026-03-20 18:56:22,917] Trial 87 pruned. 
[I 2026-03-20 19:00:43,221] Trial 88 pruned. 
[I 2026-03-20 19:03:36,939] Trial 89 pruned. 
[I 2026-03-20 19:14:39,215] Trial 90 finished with value: 0.1934854333912447 and parameters: {'learning_rate': 0.0018409408109114702, 'batch_size': 64, 'rnn_units': 64, 'rnn_dropout': 0.019411589101588266}. Best is trial 23 with value: 0.1655811271490127.
[I 2026-03-20 19:17:38,002] Trial 91 pruned. 
[I 2026-03-20 19:33:52,466] Trial 92 finished with value: 0.19322604191017723 and parameters: {'learning_rate': 0.0014126880481557021, 'batch_size': 32, 'rnn_units': 64, 'rnn_dropout': 0.026118874769832007}. Best is trial 23 with value: 0.1655811271490127.
[I 2026-03-20 19:52:39,752] Trial 93 finished with value: 0.17137634782634023 and parameters: {'learning_rate': 0.0006300413302273113, 'batch_size': 32, 'rnn_units': 64, 'rnn_dropout': 0.012778133062414833}. Best is trial 23 with value: 0.1655811271490127.
[I 2026-03-20 19:54:31,538] Trial 94 pruned. 
[I 2026-03-20 19:58:30,508] Trial 95 pruned. 
[I 2026-03-20 20:18:06,432] Trial 96 finished with value: 0.19073261785405787 and parameters: {'learning_rate': 0.00069523843901526, 'batch_size': 32, 'rnn_units': 32, 'rnn_dropout': 0.03744750413722757}. Best is trial 23 with value: 0.1655811271490127.
[I 2026-03-20 20:23:18,100] Trial 97 pruned. 
[I 2026-03-20 20:30:38,007] Trial 98 finished with value: 0.20139492813843435 and parameters: {'learning_rate': 0.0010013692117046577, 'batch_size': 128, 'rnn_units': 16, 'rnn_dropout': 0.012622875218913615}. Best is trial 23 with value: 0.1655811271490127.
[I 2026-03-20 20:48:50,490] Trial 99 finished with value: 0.18965559229573786 and parameters: {'learning_rate': 0.0006540946284874907, 'batch_size': 32, 'rnn_units': 64, 'rnn_dropout': 0.05068382357200172}. Best is trial 23 with value: 0.1655811271490127.
{
  "study": "binary_lstm",
  "best_logloss": 0.1655811271490127,
  "best_metrics": {
    "accuracy": 0.9312483378124684,
    "precision": 0.22721234104840998,
    "recall": 0.6618719184397819,
    "f1": 0.33541174936012796,
    "roc_auc": 0.9031032282402751,
    "pr_auc": 0.38428528060604383,
    "logloss": 0.1655811271490127
  },
  "best_params": {
    "learning_rate": 0.0007454170873871039,
    "batch_size": 32,
    "rnn_units": 64,
    "rnn_dropout": 0.03852451305608232
  },
  "n_trials": 100
}
