[I 2026-03-21 00:12:47,047] Trial 0 finished with value: 0.9639144725134303 and parameters: {'C': 0.05753773794117188, 'class_weight': None}. Best is trial 0 with value: 0.9639144725134303.
[I 2026-03-21 00:12:47,187] Trial 1 finished with value: 0.9675309859666938 and parameters: {'C': 0.6502468545951017, 'class_weight': None}. Best is trial 0 with value: 0.9639144725134303.
[I 2026-03-21 00:12:47,248] Trial 2 finished with value: 1.1011372256111804 and parameters: {'C': 0.0018747059221802516, 'class_weight': None}. Best is trial 0 with value: 0.9639144725134303.
[I 2026-03-21 00:12:47,442] Trial 3 finished with value: 1.0536828770940971 and parameters: {'C': 2.124280213720889, 'class_weight': 'balanced'}. Best is trial 0 with value: 0.9639144725134303.
[I 2026-03-21 00:12:47,657] Trial 4 finished with value: 0.9780530961311913 and parameters: {'C': 8.158738235092015, 'class_weight': None}. Best is trial 0 with value: 0.9639144725134303.
[I 2026-03-21 00:12:47,722] Trial 5 finished with value: 1.159741698189446 and parameters: {'C': 0.0072746531356694235, 'class_weight': 'balanced'}. Best is trial 0 with value: 0.9639144725134303.
[I 2026-03-21 00:12:47,828] Trial 6 finished with value: 1.0570679523303501 and parameters: {'C': 0.10707712109770776, 'class_weight': 'balanced'}. Best is trial 0 with value: 0.9639144725134303.
[I 2026-03-21 00:12:47,890] Trial 7 finished with value: 1.210047319966271 and parameters: {'C': 0.004523529917658778, 'class_weight': 'balanced'}. Best is trial 0 with value: 0.9639144725134303.
[I 2026-03-21 00:12:47,989] Trial 8 finished with value: 0.963988524845723 and parameters: {'C': 0.1390142035054592, 'class_weight': None}. Best is trial 0 with value: 0.9639144725134303.
[I 2026-03-21 00:12:48,105] Trial 9 finished with value: 0.9653142347343016 and parameters: {'C': 0.2608388046560993, 'class_weight': None}. Best is trial 0 with value: 0.9639144725134303.
[I 2026-03-21 00:12:48,181] Trial 10 finished with value: 0.9674279998685746 and parameters: {'C': 0.029040386310721044, 'class_weight': None}. Best is trial 0 with value: 0.9639144725134303.
[I 2026-03-21 00:12:48,262] Trial 11 finished with value: 0.9651631781903399 and parameters: {'C': 0.03930187244739324, 'class_weight': None}. Best is trial 0 with value: 0.9639144725134303.
[I 2026-03-21 00:12:48,421] Trial 12 finished with value: 0.9686653964656535 and parameters: {'C': 1.0180208508780253, 'class_weight': None}. Best is trial 0 with value: 0.9639144725134303.
[I 2026-03-21 00:12:48,438] Trial 13 pruned. 
[I 2026-03-21 00:12:48,499] Trial 14 pruned. 
[I 2026-03-21 00:12:48,602] Trial 15 finished with value: 0.9641132502233137 and parameters: {'C': 0.14692281248452174, 'class_weight': None}. Best is trial 0 with value: 0.9639144725134303.
[I 2026-03-21 00:12:48,618] Trial 16 pruned. 
[I 2026-03-21 00:12:48,710] Trial 17 finished with value: 0.9635290997201282 and parameters: {'C': 0.08693627144040189, 'class_weight': None}. Best is trial 17 with value: 0.9635290997201282.
[I 2026-03-21 00:12:48,723] Trial 18 pruned. 
[I 2026-03-21 00:12:48,766] Trial 19 pruned. 
[I 2026-03-21 00:12:48,848] Trial 20 finished with value: 0.9642108177432289 and parameters: {'C': 0.0503727349667838, 'class_weight': None}. Best is trial 17 with value: 0.9635290997201282.
[I 2026-03-21 00:12:48,963] Trial 21 finished with value: 0.9653458413876171 and parameters: {'C': 0.25468589662467656, 'class_weight': None}. Best is trial 17 with value: 0.9635290997201282.
[I 2026-03-21 00:12:49,095] Trial 22 finished with value: 0.9667700798936251 and parameters: {'C': 0.47205280247182235, 'class_weight': None}. Best is trial 17 with value: 0.9635290997201282.
[I 2026-03-21 00:12:49,185] Trial 23 finished with value: 0.963629649949425 and parameters: {'C': 0.08144957727406127, 'class_weight': None}. Best is trial 17 with value: 0.9635290997201282.
[I 2026-03-21 00:12:49,202] Trial 24 pruned. 
[I 2026-03-21 00:12:49,291] Trial 25 finished with value: 0.9636176582059317 and parameters: {'C': 0.07886694779082161, 'class_weight': None}. Best is trial 17 with value: 0.9635290997201282.
[I 2026-03-21 00:12:49,380] Trial 26 finished with value: 0.9636989867748369 and parameters: {'C': 0.06647695391639026, 'class_weight': None}. Best is trial 17 with value: 0.9635290997201282.
[I 2026-03-21 00:12:49,396] Trial 27 pruned. 
[I 2026-03-21 00:12:49,520] Trial 28 finished with value: 0.9661360546775913 and parameters: {'C': 0.3680217993012459, 'class_weight': None}. Best is trial 17 with value: 0.9635290997201282.
[I 2026-03-21 00:12:49,610] Trial 29 finished with value: 0.9636931311111002 and parameters: {'C': 0.06760768764849043, 'class_weight': None}. Best is trial 17 with value: 0.9635290997201282.
[I 2026-03-21 00:12:49,649] Trial 30 pruned. 
[I 2026-03-21 00:12:49,741] Trial 31 finished with value: 0.9634371726805199 and parameters: {'C': 0.08933948320060756, 'class_weight': None}. Best is trial 31 with value: 0.9634371726805199.
[I 2026-03-21 00:12:49,838] Trial 32 finished with value: 0.9637108698093468 and parameters: {'C': 0.10884168918514045, 'class_weight': None}. Best is trial 31 with value: 0.9634371726805199.
[I 2026-03-21 00:12:49,872] Trial 33 pruned. 
[I 2026-03-21 00:12:49,887] Trial 34 pruned. 
[I 2026-03-21 00:12:49,903] Trial 35 pruned. 
[I 2026-03-21 00:12:50,012] Trial 36 finished with value: 0.9645773267661648 and parameters: {'C': 0.183507944826051, 'class_weight': None}. Best is trial 31 with value: 0.9634371726805199.
[I 2026-03-21 00:12:50,035] Trial 37 pruned. 
[I 2026-03-21 00:12:50,053] Trial 38 pruned. 
[I 2026-03-21 00:12:50,067] Trial 39 pruned. 
[I 2026-03-21 00:12:50,206] Trial 40 finished with value: 0.9673073548620608 and parameters: {'C': 0.5755103546907563, 'class_weight': None}. Best is trial 31 with value: 0.9634371726805199.
[I 2026-03-21 00:12:50,225] Trial 41 pruned. 
[I 2026-03-21 00:12:50,341] Trial 42 finished with value: 0.9652223074514727 and parameters: {'C': 0.24522233958892545, 'class_weight': None}. Best is trial 31 with value: 0.9634371726805199.
[I 2026-03-21 00:12:50,430] Trial 43 finished with value: 0.9635301407991932 and parameters: {'C': 0.08365505301631324, 'class_weight': None}. Best is trial 31 with value: 0.9634371726805199.
[I 2026-03-21 00:12:50,447] Trial 44 pruned. 
[I 2026-03-21 00:12:50,463] Trial 45 pruned. 
[I 2026-03-21 00:12:50,558] Trial 46 finished with value: 0.9636435730695967 and parameters: {'C': 0.11310147880492302, 'class_weight': None}. Best is trial 31 with value: 0.9634371726805199.
[I 2026-03-21 00:12:50,587] Trial 47 pruned. 
[I 2026-03-21 00:12:50,605] Trial 48 pruned. 
[I 2026-03-21 00:12:50,710] Trial 49 finished with value: 0.9643217850704368 and parameters: {'C': 0.15265143643920256, 'class_weight': None}. Best is trial 31 with value: 0.9634371726805199.
{
  "study": "multiclass_meta_lr",
  "best_logloss": 0.9634371726805199,
  "best_metrics": {
    "accuracy": 0.5989844339392514,
    "precision": 0.45864056784753815,
    "recall": 0.4660348893274563,
    "f1": 0.445997945329608,
    "roc_auc": 0.8486290688414286,
    "pr_auc": 0.5375445882902748,
    "logloss": 0.9634371726805199
  },
  "best_params": {
    "C": 0.08933948320060756,
    "class_weight": null
  },
  "n_trials": 50
}
