number,value,datetime_start,datetime_complete,duration,params_colsample_bytree,params_gamma,params_learning_rate,params_max_delta_step,params_max_depth,params_min_child_weight,params_n_estimators,params_reg_alpha,params_reg_lambda,params_scale_pos_weight,params_subsample,state
84,0.1507432653525981,2026-02-26 11:42:16.569959,2026-02-26 11:42:40.074548,0 days 00:00:23.504589,0.9301543919634286,0.151388098999511,0.19956895796657165,8,10,6,1285,1.2837002885748428,3.8146062942014427,12.015843644788028,0.6649891193720221,PRUNED
85,0.33798326800375833,2026-02-26 11:42:40.101041,2026-02-26 11:44:01.542271,0 days 00:01:21.441230,0.8953082558131006,0.035227570073908025,0.03161304664079261,9,10,5,1371,0.07149816079580869,0.0029124087137465866,15.499801555120548,0.6712234566499485,COMPLETE
86,0.30001808743036007,2026-02-26 11:44:01.573439,2026-02-26 11:44:43.975744,0 days 00:00:42.402305,0.8394049850599896,0.0521169791405243,0.13673733384654285,9,9,6,840,0.002521107584874265,7.858485481410124,13.578834859375458,0.6491519768285415,COMPLETE
87,0.14831305785408103,2026-02-26 11:44:44.003441,2026-02-26 11:46:12.110790,0 days 00:01:28.107349,0.8719804008320117,0.02002423809669655,0.10071906080846087,3,5,7,1672,0.005015495126961933,5.683004206038017,14.921854535338491,0.6168890812653031,PRUNED
88,0.2981811861858925,2026-02-26 11:46:12.144318,2026-02-26 11:46:46.792257,0 days 00:00:34.647939,0.7949479509163235,0.5277194929303504,0.12314799914156256,10,10,4,1935,0.0012082480180900374,2.983626071578218,13.167929921329208,0.6868085396444419,COMPLETE
89,0.15704317457915934,2026-02-26 11:46:46.820773,2026-02-26 11:47:24.293473,0 days 00:00:37.472700,0.822933450366114,0.0866604633208354,0.1565304112367437,8,7,5,1169,0.0030527907887401657,9.99533498043537,12.52062860716706,0.6292829681595364,PRUNED
90,0.30552965342982863,2026-02-26 11:47:24.317625,2026-02-26 11:47:51.913367,0 days 00:00:27.595742,0.8060636856201536,0.03192889450880431,0.17752278318559486,1,8,4,1603,0.0024091424065718096,0.012109880645910552,14.082954447492911,0.655317530000645,COMPLETE
91,0.2844508747550471,2026-02-26 11:47:51.941485,2026-02-26 11:48:20.812270,0 days 00:00:28.870785,0.7602533072646399,0.05666718706050824,0.1652145261806232,9,10,5,1319,0.0029615108514527756,3.3452028696378004,12.579941188922747,0.6921283470726167,COMPLETE
92,0.14888573286343695,2026-02-26 11:48:20.839873,2026-02-26 11:48:51.145071,0 days 00:00:30.305198,0.7799147583266843,0.04773497786902679,0.1899820273176184,9,10,6,1473,0.001678509994859224,4.048779956914546,12.515472257219546,0.7169052888881522,PRUNED
93,0.2929162886358137,2026-02-26 11:48:51.177767,2026-02-26 11:49:23.080926,0 days 00:00:31.903159,0.6868084621149808,0.06587578135764095,0.16363700842865794,8,10,5,1329,0.004303962462437014,1.671258398426891,13.25820601469627,0.6720478943511246,COMPLETE
94,0.28140257533827284,2026-02-26 11:49:23.120699,2026-02-26 11:49:54.929461,0 days 00:00:31.808762,0.7110746223918643,0.04110791371258853,0.1442029753201156,10,10,5,1244,0.006417226654393512,2.4551383109879175,12.022633485523453,0.7585945224631175,COMPLETE
95,0.30360320489553827,2026-02-26 11:49:54.966670,2026-02-26 11:50:23.661089,0 days 00:00:28.694419,0.6582158480847476,0.024321019743360553,0.14312879440554285,10,10,5,1248,0.006149141429896761,1.3488418074444593,13.964096706358035,0.769878837003536,COMPLETE
96,0.27945899042310823,2026-02-26 11:50:23.700878,2026-02-26 11:50:47.700659,0 days 00:00:23.999781,0.7150477559810079,0.04265846015410605,0.17888171458272537,10,10,2,1883,0.009144554227397463,0.8845846642900055,12.414215528778518,0.7563662522923691,COMPLETE
97,0.28504690719806985,2026-02-26 11:50:47.737099,2026-02-26 11:51:11.481312,0 days 00:00:23.744213,0.7163806600438529,0.011499960628827115,0.18014886541909866,10,10,1,1998,0.011599395698355365,0.8655962368522695,13.11295305112425,0.7851247877450761,COMPLETE
98,0.30177025642481886,2026-02-26 11:51:11.523530,2026-02-26 11:51:30.116408,0 days 00:00:18.592878,0.6156414988763927,0.04225039664154325,0.1917236030486685,10,10,2,1899,0.008727198451284637,0.33665613228876845,14.69466791864044,0.821271547874337,COMPLETE
99,0.15264223512289132,2026-02-26 11:51:30.158843,2026-02-26 11:51:47.723343,0 days 00:00:17.564500,0.7434820849970434,4.768525595678489,0.1723863983943554,10,9,1,1962,0.0176691067178115,0.23680929262278802,12.003710937620694,0.7652365745429145,PRUNED
100,0.2966483250626661,2026-02-26 11:51:47.756980,2026-02-26 11:52:10.633555,0 days 00:00:22.876575,0.6686988390202743,0.016260532691959526,0.15296996180196273,10,10,2,1877,0.007446664482615419,0.47614373296830037,13.732834177777066,0.7555647621539002,COMPLETE
101,0.2835981022977764,2026-02-26 11:52:10.674914,2026-02-26 11:52:33.485635,0 days 00:00:22.810721,0.7604805656170149,0.03405215477791272,0.167076024583941,9,10,3,1789,0.003396980053839423,2.255722214937169,12.546184817552954,0.7373442827705909,COMPLETE
102,0.2905154595106458,2026-02-26 11:52:33.524619,2026-02-26 11:52:59.139160,0 days 00:00:25.614541,0.736618695333482,0.02839935968260942,0.15861308485217565,9,10,3,1841,0.005878135789571648,2.2065204155011227,13.068612350294659,0.7440095623617373,COMPLETE
103,0.2794811908701161,2026-02-26 11:52:59.167873,2026-02-26 11:53:24.402943,0 days 00:00:25.235070,0.7065272417989343,0.03856653641851621,0.18330452409746256,10,10,3,1873,0.0038462423842457088,1.5808842605126514,12.404817478606208,0.7808045518282841,COMPLETE
104,0.2793552990745313,2026-02-26 11:53:24.435938,2026-02-26 11:53:42.023712,0 days 00:00:17.587774,0.6970140924812148,0.03302837255938234,0.18292117017995255,10,10,3,1812,0.0021841316684847747,0.66162475544122,12.284044752111505,0.7374902677408308,COMPLETE
105,0.27752107841869617,2026-02-26 11:53:42.061788,2026-02-26 11:53:58.887161,0 days 00:00:16.825373,0.6943705264897005,0.03659407887570106,0.18503649651069837,10,10,3,1777,0.004118442575283972,0.5524230671097183,12.33047731424567,0.7912038608494114,COMPLETE
106,0.2769016425268268,2026-02-26 11:53:58.923298,2026-02-26 11:54:16.767133,0 days 00:00:17.843835,0.6519892824204212,0.02224003002485551,0.18409888224776155,10,9,2,1847,0.0022045881724995775,0.629944283705991,12.013152678548987,0.7803278720783754,COMPLETE
107,0.29298603842873183,2026-02-26 11:54:16.829847,2026-02-26 11:54:38.990794,0 days 00:00:22.160947,0.639102165136547,0.02398979491225478,0.1877876552494212,10,9,2,1853,0.002232146744382109,0.5522628671636732,13.468565368764107,0.8058384720236093,COMPLETE
108,0.15940278140374847,2026-02-26 11:54:39.036345,2026-02-26 11:55:07.457975,0 days 00:00:28.421630,0.6509999650333156,0.019523372571247744,0.19283697282452894,10,9,3,1741,0.004136153596938187,0.3281824901357043,24.28575395552893,0.7793386808418962,PRUNED
109,0.32187529726000214,2026-02-26 11:55:07.493003,2026-02-26 11:56:33.854530,0 days 00:01:26.361527,0.6006440852374969,0.008222220501666195,0.03610499117545118,10,9,3,1696,0.011870867652087105,0.41760920838384585,14.35005307507439,0.78902060729157,COMPLETE
110,0.14293986625643665,2026-02-26 11:56:33.893645,2026-02-26 11:56:52.304605,0 days 00:00:18.410960,0.6928906503251276,0.014388034540532417,0.18344576522908373,10,10,2,1774,0.005233995063506149,0.625712096679356,12.336438162702471,0.8092107270400731,PRUNED
111,0.27648092984335576,2026-02-26 11:56:52.336699,2026-02-26 11:57:20.493239,0 days 00:00:28.156540,0.7038187536221601,0.04013736043044675,0.1772506132975076,10,8,1,1816,0.0022035125907103,0.7611503203013373,12.002797383121814,0.7567349620968693,COMPLETE
112,0.1533729138471085,2026-02-26 11:57:20.546911,2026-02-26 11:57:54.414637,0 days 00:00:33.867726,0.6735287942696163,0.03936308873385737,0.17305662885242395,10,8,2,1813,0.001377387856440008,1.0101418618335776,37.30691368780608,0.8185753513351224,PRUNED
113,0.2822544595018813,2026-02-26 11:57:54.446830,2026-02-26 11:58:27.395577,0 days 00:00:32.948747,0.7104173724684618,0.03196693379347708,0.18135038358591962,10,8,3,1927,0.0071012765502778295,0.8220994736579413,12.358158197879398,0.7788101202986333,COMPLETE
114,0.2786151585987044,2026-02-26 11:58:27.438024,2026-02-26 11:58:49.672034,0 days 00:00:22.234010,0.7046379762992446,0.0304608817478864,0.19970579966653754,10,8,2,1922,0.0065626819839303,0.8683578153469526,12.383198920793589,0.7518425956078159,COMPLETE
115,0.15958486546868214,2026-02-26 11:58:49.710396,2026-02-26 11:59:23.487127,0 days 00:00:33.776731,0.7062334576134732,0.021680199818384326,0.19645638629897463,10,8,2,1920,0.007086267722515912,0.8089700200005095,34.30352516313829,0.7635358984978425,PRUNED
116,0.1652544572974067,2026-02-26 11:59:23.511280,2026-02-26 12:00:09.555113,0 days 00:00:46.043833,0.6773639147873346,0.03237628352576591,0.18484556991374587,10,8,2,1874,0.015249247308805449,0.6054209112955612,40.83709774004822,0.7508956200012985,PRUNED
117,0.28801108046905555,2026-02-26 12:00:09.589596,2026-02-26 12:00:32.301546,0 days 00:00:22.711950,0.7125052562259263,0.02680681845136915,0.17901200894304398,10,8,1,1958,0.009154392924290421,0.7467140381134804,13.078703141838606,0.7736306482149615,COMPLETE
118,0.27876085632858205,2026-02-26 12:00:32.335324,2026-02-26 12:00:58.733467,0 days 00:00:26.398143,0.6187208894678105,0.0696866743794083,0.1976775341919453,10,8,3,1827,0.00999932560337786,1.0514719445657756,12.008997243150214,0.799277430628639,COMPLETE
119,0.2826037214193592,2026-02-26 12:00:58.771342,2026-02-26 12:01:16.661834,0 days 00:00:17.890492,0.5725210472733067,0.06543522593429404,0.18970901826506784,10,8,3,1824,0.010312821510548404,1.1202184895931473,12.324576922961176,0.7782627363350767,COMPLETE
120,0.3013529153479403,2026-02-26 12:01:16.700855,2026-02-26 12:01:48.018678,0 days 00:00:31.317823,0.6215147955771687,0.042192871374096726,0.1919748953167362,10,8,3,1892,0.004381638522493164,1.3940557117464025,13.91931256714199,0.8443293676664334,COMPLETE
121,0.29058228463235325,2026-02-26 12:01:48.055812,2026-02-26 12:02:17.101783,0 days 00:00:29.045971,0.6434242030757767,0.07209680609011061,0.1826207513726849,10,8,3,1859,0.007779993167820228,0.9688013624887942,12.869034479047858,0.7913918802311757,COMPLETE
122,0.28048405302973567,2026-02-26 12:02:17.130528,2026-02-26 12:02:46.343747,0 days 00:00:29.213219,0.6648992802317222,0.03581661931419625,0.19734708423330677,10,7,2,1731,0.0063781988252963,0.5473486994643537,12.045006246336442,0.7538725832848977,COMPLETE
123,0.28150999945165267,2026-02-26 12:02:46.383375,2026-02-26 12:03:19.954698,0 days 00:00:33.571323,0.689599059581684,0.03123581334681873,0.19818643648522047,10,7,2,1724,0.0060830953165387554,0.5243589373297549,12.38629378530648,0.757414350805224,COMPLETE
124,0.29298199686945814,2026-02-26 12:03:19.983246,2026-02-26 12:03:43.067668,0 days 00:00:23.084422,0.6590471051755449,0.017212229485158836,0.19835121659053842,2,7,1,1757,0.005323051456471304,0.5123005771497752,13.252964504793269,0.7595942402034487,COMPLETE
125,0.1397827226616607,2026-02-26 12:03:43.095267,2026-02-26 12:04:16.506620,0 days 00:00:33.411353,0.6852564766600385,0.05469113250446907,0.19735574369191713,10,7,2,1708,0.022079201104004405,0.6370246910469916,13.616516823697582,0.8006540216131264,PRUNED
126,0.2779130176480558,2026-02-26 12:04:16.532428,2026-02-26 12:04:34.859781,0 days 00:00:18.327353,0.6286274563519099,0.03939499356143808,0.1993922992244422,10,8,2,1796,0.029825216965526466,0.4092926282023618,12.051046637565959,0.7488232085357319,COMPLETE
127,0.28851255859169944,2026-02-26 12:04:34.888522,2026-02-26 12:05:11.387603,0 days 00:00:36.499081,0.6306058459639345,0.03893452827789963,0.17432511144429952,10,8,2,1820,0.01226870700404302,0.419429222859417,12.757527936165134,0.749622002461382,COMPLETE
128,0.2820089777083325,2026-02-26 12:05:11.425682,2026-02-26 12:05:37.368833,0 days 00:00:25.943151,0.5949043346018185,0.04829392932455222,0.1884052639117341,10,8,1,1776,0.030784944731531143,0.18982925705129317,12.286425115568226,0.8296602956435866,COMPLETE
129,0.279614488976918,2026-02-26 12:05:37.411743,2026-02-26 12:06:15.896154,0 days 00:00:38.484411,0.6158291678933275,0.025629765018782013,0.1995424576854742,10,7,1,1797,0.015443995169163883,0.3391616174706413,12.024851454740675,0.8628739653177465,COMPLETE
130,0.1429796888831591,2026-02-26 12:06:15.924622,2026-02-26 12:06:57.012844,0 days 00:00:41.088222,0.6049369570469358,0.022384137761158097,0.19074123179517394,10,7,1,1836,0.0185080234388044,0.0834495910209883,15.007530185224711,0.8707573512782556,PRUNED
131,0.2824975391840257,2026-02-26 12:06:57.045762,2026-02-26 12:07:24.798746,0 days 00:00:27.752984,0.6271212208785661,0.03661684880682174,0.17695862812248828,10,7,2,1799,0.04491961685857814,0.055603441885472796,12.119765939379864,0.862479111189537,COMPLETE
132,0.2795031755414466,2026-02-26 12:07:24.828898,2026-02-26 12:07:49.793413,0 days 00:00:24.964515,0.6660980735882722,0.08329449103276447,0.18525028226523396,10,8,2,1883,0.008776493798452347,0.3041930854378776,12.050829929809924,0.9315622043337358,COMPLETE
133,0.2876392701300404,2026-02-26 12:07:49.823714,2026-02-26 12:08:15.419140,0 days 00:00:25.595426,0.6666728173627426,0.0909793871230782,0.18808172598500866,10,8,1,1896,0.02609403426017516,0.12823520322460333,12.779319892690111,0.9317491674353133,COMPLETE
134,0.29659250960175787,2026-02-26 12:08:15.454009,2026-02-26 12:08:48.300538,0 days 00:00:32.846529,0.5848242712170995,0.058777477527020505,0.16911696124911046,10,8,2,1852,0.01567151825446211,0.32041476028734034,13.293970436260436,0.9305884910145783,COMPLETE
135,0.14519024761597013,2026-02-26 12:08:48.335956,2026-02-26 12:09:14.582027,0 days 00:00:26.246071,0.5532583064982707,0.027029554174305564,0.19791073085718813,10,7,2,1738,0.009814940118016932,0.6859157017447495,12.880835866265834,0.7937421275800559,PRUNED
136,0.13987292533921047,2026-02-26 12:09:14.608612,2026-02-26 12:09:41.548624,0 days 00:00:26.940012,0.648804448937045,0.07643973100787067,0.18223615562284992,10,8,1,1943,0.013664605103346914,0.2693757217945132,14.108102843728474,0.7664265668580473,PRUNED
137,0.2961202590519786,2026-02-26 12:09:41.574466,2026-02-26 12:10:06.478905,0 days 00:00:24.904439,0.6159084203611436,0.1183817807596738,0.19883618516001356,10,8,3,1792,0.0038052108037114666,0.37903611028170187,13.458157355257908,0.7451221590027782,COMPLETE
138,0.14269077947548314,2026-02-26 12:10:06.515224,2026-02-26 12:10:41.450161,0 days 00:00:34.934937,0.6575178328781874,0.048272909953516796,0.08088983104402317,4,7,2,1667,0.0017779943466707023,0.44502978733213355,12.010211162904758,0.7338833503119102,PRUNED
139,0.14509070744574215,2026-02-26 12:10:41.481631,2026-02-26 12:11:19.310384,0 days 00:00:37.828753,0.7251347585260596,0.018669986967827578,0.06922252681904865,10,8,2,1961,0.002170261287144722,1.1647616493475346,12.673990124305027,0.9574260320675673,PRUNED
140,0.14401067499932932,2026-02-26 12:11:19.337649,2026-02-26 12:11:45.950902,0 days 00:00:26.613253,0.694165659068518,0.023058304794825363,0.17538916981472005,9,7,1,1911,0.009126862986189418,0.13835936122510542,13.042288758832177,0.7848491945077185,PRUNED
141,0.2858615091188382,2026-02-26 12:11:45.975810,2026-02-26 12:12:11.460347,0 days 00:00:25.484537,0.6785712219063028,0.04004797170808858,0.18534261518588643,10,8,3,1872,0.011174597929863602,1.5476439636619082,12.460464880234408,0.811795163530297,COMPLETE
142,0.28694815561243703,2026-02-26 12:12:11.502546,2026-02-26 12:12:45.057599,0 days 00:00:33.555053,0.7013468247723461,0.06339861702259564,0.09422644089057108,10,8,2,1823,0.0065604497695876856,0.9082365095642503,12.059269090591709,0.7248323397535422,COMPLETE
143,0.27725781764787333,2026-02-26 12:12:45.095598,2026-02-26 12:13:06.031807,0 days 00:00:20.936209,0.6432505016876487,0.027843382508536296,0.19138625556362102,10,9,1,1781,0.008099022458630766,0.7640937967868021,12.005084544937255,0.7527663485514298,COMPLETE
144,0.13946580224245947,2026-02-26 12:13:06.061700,2026-02-26 12:13:27.682115,0 days 00:00:21.620415,0.6383074999183864,0.027896346928584857,0.19991222043828044,10,9,1,1744,0.016339229705337736,0.7051673320277755,12.002102082971703,0.7753861686780055,PRUNED
145,0.15912382545088674,2026-02-26 12:13:27.709504,2026-02-26 12:14:01.126204,0 days 00:00:33.416700,0.612336967625453,0.03507570317921187,0.190949882066508,10,9,1,1776,0.008588140742124675,0.5622847938364964,49.00859046514195,0.7515745590624604,PRUNED
146,0.29642152364965757,2026-02-26 12:14:01.161816,2026-02-26 12:14:27.494143,0 days 00:00:26.332327,0.6512853633148119,0.013174162973089732,0.179161445287987,10,9,1,1848,0.002800293485351798,0.36400074238928787,13.607847472249048,0.8989946973307459,COMPLETE
147,0.2857858578050616,2026-02-26 12:14:27.535518,2026-02-26 12:14:45.400479,0 days 00:00:17.864961,0.5734520352025102,0.04849152300101614,0.17032041412821186,9,9,2,1887,0.004856518012680612,0.2090665743177093,12.6781088933349,0.8008506942206148,COMPLETE
148,0.2932674070138207,2026-02-26 12:14:45.438066,2026-02-26 12:15:05.308072,0 days 00:00:19.870006,0.6339949016413449,0.02987263345344473,0.16185631606092624,6,9,3,1799,0.012844393030875987,0.2982526391785056,13.15619239631664,0.7711260152879656,COMPLETE
149,0.1469762163693947,2026-02-26 12:15:05.336510,2026-02-26 12:15:43.001063,0 days 00:00:37.664553,0.6655693664171303,0.023775988051650886,0.1858719770939888,10,8,2,1689,4.57216985917839,0.4685344093959202,14.33803183683471,0.7431315643507268,PRUNED
150,0.14292299070543033,2026-02-26 12:15:43.026880,2026-02-26 12:16:26.463616,0 days 00:00:43.436736,0.679430812389395,0.10348556147773168,0.1911613071074106,9,6,1,1637,0.008341271370242972,0.7918366145480111,12.469319778031622,0.8829878317774529,PRUNED
151,0.1442340798674886,2026-02-26 12:16:26.589236,2026-02-26 12:16:51.834790,0 days 00:00:25.245554,0.7219510645266471,0.043319101626762536,0.1782077551158471,10,7,3,1923,0.006645736629275187,1.2575469510814903,12.004829779982119,0.7620932622283394,PRUNED
152,0.14928459592712853,2026-02-26 12:16:51.869745,2026-02-26 12:17:19.378366,0 days 00:00:27.508621,0.7006101485377789,0.03801317763668974,0.19273609774870146,10,7,2,1824,0.005610817193386397,0.9753293571932102,12.812333299587888,0.7835660347104281,PRUNED
153,0.28586267401479476,2026-02-26 12:17:19.417971,2026-02-26 12:17:44.886344,0 days 00:00:25.468373,0.6251715220741819,0.05697231453345393,0.18448101971888367,10,7,1,1974,0.004072841851317399,0.6063784743891365,12.401537364408489,0.7357449285716366,COMPLETE
154,0.27930080100353316,2026-02-26 12:17:44.922347,2026-02-26 12:18:07.499815,0 days 00:00:22.577468,0.44781149794298686,0.031838587005307235,0.1696857368878477,10,9,2,1866,0.010273798647046514,1.7915703865322405,12.016309679907648,0.7571558071340547,COMPLETE
155,0.29381162913605435,2026-02-26 12:18:07.529762,2026-02-26 12:18:25.065203,0 days 00:00:17.535441,0.4973058687022847,0.019870139770442597,0.17051958839582146,10,9,2,1870,0.009971110544151313,0.6853777647771904,13.323951728983708,0.7499759520483508,COMPLETE
156,0.29930855097881026,2026-02-26 12:18:25.093859,2026-02-26 12:18:50.301362,0 days 00:00:25.207503,0.5189969753921886,0.029187919638495992,0.176536125753649,10,9,3,1757,0.011300685225914098,1.841966764981108,13.830681802313235,0.997650765060011,COMPLETE
157,0.28970976183267316,2026-02-26 12:18:50.334911,2026-02-26 12:19:18.399051,0 days 00:00:28.064140,0.4458896191591847,0.03458316904480993,0.1641387440375329,10,9,2,1895,0.00765492737893209,0.8870554213763964,12.907485760232882,0.7679612289830218,COMPLETE
158,0.28331893438274147,2026-02-26 12:19:18.427162,2026-02-26 12:19:36.572240,0 days 00:00:18.145078,0.4313271916488161,0.01755426337904512,0.18495785814456786,10,9,2,1721,0.003158911694695652,1.2046742101390129,12.482384140624218,0.7951898579515749,COMPLETE
159,0.15221101201429407,2026-02-26 12:19:36.608695,2026-02-26 12:19:54.826615,0 days 00:00:18.217920,0.64496594825918,0.08196478993220464,0.19254263852018977,9,8,3,1791,0.013283353199400475,0.10054134439701105,12.479011639339872,0.7558925859793291,PRUNED
160,0.2813722480730191,2026-02-26 12:19:54.860773,2026-02-26 12:20:22.470532,0 days 00:00:27.609759,0.48002888606988164,0.051686478047276496,0.17276395697538197,10,8,2,1844,0.00461214368771603,0.49913929818285185,12.022336165980958,0.7295954244488819,COMPLETE
161,0.2824774890533669,2026-02-26 12:20:22.509798,2026-02-26 12:20:57.256385,0 days 00:00:34.746587,0.45297692962636127,0.05318090259430713,0.18084574118814634,10,8,2,1841,0.004423012791264212,0.5275882911837038,12.082518839572764,0.7293946547179218,COMPLETE
162,0.13687530590268204,2026-02-26 12:20:57.294424,2026-02-26 12:21:26.089707,0 days 00:00:28.795283,0.4224810416567143,0.04540172044722736,0.19919221671795315,10,8,2,1863,0.0026302548497456717,0.3793547987300922,13.190316730035434,0.7457956029430838,PRUNED
163,0.28954887047069167,2026-02-26 12:21:26.132384,2026-02-26 12:21:50.464819,0 days 00:00:24.332435,0.6674373173697351,0.025687430702926627,0.17263960185231209,10,8,1,1918,0.005367066310982601,0.2553582883642569,12.794108821671498,0.7391448923109489,COMPLETE
164,0.2883447637077598,2026-02-26 12:21:50.494674,2026-02-26 12:22:17.903807,0 days 00:00:27.409133,0.40454410246634015,0.06066005510279706,0.18753319459431791,5,8,2,1801,0.003462995230785899,0.4643470840543748,12.394240535674305,0.7659705498174072,COMPLETE
165,0.278091224609641,2026-02-26 12:22:17.941976,2026-02-26 12:22:45.197303,0 days 00:00:27.255327,0.4667360809448067,0.03409157458057835,0.16927443667985567,10,9,1,1766,0.0019226424590978453,0.7667616225379267,12.066962337334262,0.7171535519680432,COMPLETE
166,0.3114027996057291,2026-02-26 12:22:45.227194,2026-02-26 12:24:08.981373,0 days 00:01:23.754179,0.4695386178963663,0.032141422210739595,0.05650052912639422,10,7,1,1762,0.002190179643518273,1.0420797710795884,13.504058513783047,0.723303840537912,COMPLETE
167,0.28314173866371645,2026-02-26 12:24:09.043578,2026-02-26 12:24:43.716807,0 days 00:00:34.673229,0.47312729781050533,0.0461840099583377,0.16033718837038713,10,8,1,1831,0.001783476440564165,0.7320673991599872,12.036142278029473,0.7535743134975775,COMPLETE
