number,value,datetime_start,datetime_complete,duration,params_colsample_bytree,params_gamma,params_learning_rate,params_max_delta_step,params_max_depth,params_min_child_weight,params_n_estimators,params_reg_alpha,params_reg_lambda,params_scale_pos_weight,params_subsample,state
0,0.6067010049813011,2026-02-26 10:29:46.065804,2026-02-26 10:30:22.517245,0 days 00:00:36.451441,0.49359671220172163,0.0016854099948805522,0.18214744423753768,0,9,8,937,2.9154431891537547,0.2537815508265665,45.97994337748131,0.6624074561769746,COMPLETE
1,0.5916894671302458,2026-02-26 10:30:22.566011,2026-02-26 10:32:09.993403,0 days 00:01:47.427392,0.5825453457757226,0.11173045668925521,0.14553854298843344,1,5,3,1949,0.05342937261279776,0.014618962793704957,38.30823952215971,0.6733618039413735,COMPLETE
2,0.3484612352399286,2026-02-26 10:32:10.040275,2026-02-26 10:33:44.449133,0 days 00:01:34.408858,0.708540663048167,0.20523308429139814,0.060113218328857784,0,7,10,796,0.0015339162591163618,0.26926469100861794,16.583552198357626,0.6798695128633439,COMPLETE
3,0.2901716627453722,2026-02-26 10:33:44.496406,2026-02-26 10:34:05.414532,0 days 00:00:20.918126,0.8105398159072941,0.052234181173353204,0.18737598432676741,10,9,4,1914,0.003077180271250686,0.09565499215943825,12.808971200242858,0.6390688456025535,COMPLETE
4,0.804944805595847,2026-02-26 10:34:05.461499,2026-02-26 10:35:27.459890,0 days 00:01:21.998391,0.5109126733153162,6.086618086298003,0.1054336291901036,6,6,7,740,1.2604664585649468,5.727904470799623,65.5295705345216,0.8186841117373118,COMPLETE
5,0.40820744540424003,2026-02-26 10:35:27.492158,2026-02-26 10:37:57.860715,0 days 00:02:30.368557,0.6332063738136893,0.011457759151494855,0.03548387173121614,5,5,1,1868,2.0651425578959257,0.026730883107816707,20.44775553263531,0.7301321323053057,COMPLETE
6,0.6055260359797289,2026-02-26 10:37:57.895812,2026-02-26 10:39:16.747834,0 days 00:01:18.852022,0.5192294089205034,0.0010508804676992358,0.13742266268435005,8,4,12,539,1.8274508859816028,0.6720930050156113,47.842803877461456,0.908897907718663,COMPLETE
7,0.6507778868658489,2026-02-26 10:39:16.775313,2026-02-26 10:40:20.896792,0 days 00:01:04.121479,0.5985388149115896,0.001770410434524687,0.05921944075896897,7,4,11,425,0.017535949529764425,0.01998634077852888,47.89720307576063,0.8493192507310232,COMPLETE
8,0.48457295373590475,2026-02-26 10:40:20.925063,2026-02-26 10:42:26.844747,0 days 00:02:05.919684,0.7367663185416977,1.0213022304586261,0.07348238762452992,0,4,9,1809,0.09444574254983566,0.12329098365270515,27.004493013688755,0.9043140194467589,COMPLETE
9,0.3438561409630398,2026-02-26 10:42:26.873516,2026-02-26 10:43:42.908004,0 days 00:01:16.034488,0.9445398843556558,0.009397449561556744,0.031843150945538586,0,8,4,483,0.04380580767905655,1.0524574681335637,18.52209274542997,0.8034282764658811,COMPLETE
10,0.28542528949265833,2026-02-26 10:43:42.934606,2026-02-26 10:44:18.507521,0 days 00:00:35.572915,0.8727055573922242,0.025717765705988056,0.10935846007206476,10,10,5,1418,0.0011082662189295662,0.002442728047335309,12.283567770845156,0.6058694368028292,COMPLETE
11,0.3017597339211685,2026-02-26 10:44:18.552025,2026-02-26 10:44:53.807717,0 days 00:00:35.255692,0.8677710604717518,0.022965807548542275,0.10102030747918664,10,10,5,1448,0.0010762082896295078,0.0010626301757801235,13.461619906650913,0.6044023461243514,COMPLETE
12,0.28252233125870213,2026-02-26 10:44:53.835463,2026-02-26 10:45:11.518552,0 days 00:00:17.683089,0.8271866813280468,0.04397598555773198,0.1791236125783941,10,10,6,1467,0.0053555343956804,0.001032356005617281,12.056247752035626,0.6012835728128687,COMPLETE
13,0.4440862483463599,2026-02-26 10:45:11.567387,2026-02-26 10:45:49.389783,0 days 00:00:37.822396,0.990569964941715,0.36505296387966435,0.11070304465236816,3,10,6,1365,0.006472626908959856,0.001200695200407433,26.37992804227719,0.9861351784261821,COMPLETE
14,0.2924301203047126,2026-02-26 10:45:49.417059,2026-02-26 10:46:26.772350,0 days 00:00:37.355291,0.8373586055478868,0.03884792751326031,0.13390203891867758,9,9,2,1499,0.008228997340933535,0.003684147136494577,12.920151782262826,0.7495910822966338,COMPLETE
15,0.322618518460923,2026-02-26 10:46:26.800300,2026-02-26 10:46:49.010247,0 days 00:00:22.209947,0.8998205682078344,0.006208833693110951,0.19620216668267537,8,8,6,1193,0.302409639970028,0.00449803967649685,15.955814199214892,0.6045608408717322,COMPLETE
16,0.3982241096298271,2026-02-26 10:46:49.036768,2026-02-26 10:47:34.842314,0 days 00:00:45.805546,0.7829191477493624,0.7061166766166465,0.08345124322551382,4,10,8,1623,0.003779551123964298,0.004601808415015351,21.536347333662416,0.7307694773762466,COMPLETE
17,0.173320953325129,2026-02-26 10:47:34.869998,2026-02-26 10:48:39.740409,0 days 00:01:04.870411,0.40735355067611023,0.004471097878739296,0.1481873568025126,9,8,5,1152,9.228025470857187,0.0021927772854842,77.05789829321506,0.7093607961740002,PRUNED
18,0.3306735316006426,2026-02-26 10:48:39.765253,2026-02-26 10:49:36.028051,0 days 00:00:56.262798,0.7635307961687846,0.1045378628027831,0.08750902744768387,7,7,7,1292,0.0181799157056173,0.01096217979111254,15.338485015735952,0.632383167447272,COMPLETE
19,0.42042733955071654,2026-02-26 10:49:36.064136,2026-02-26 10:50:57.245847,0 days 00:01:21.181711,0.9103702795847813,0.021667324800232663,0.04675255793888606,10,9,3,1618,0.002127584570684558,0.007546005805343813,22.545618704143774,0.7719898235665422,COMPLETE
20,0.16750119459501284,2026-02-26 10:50:57.272029,2026-02-26 10:51:31.179676,0 days 00:00:33.907647,0.998481897088584,2.8307185177542165,0.11569463631777338,8,10,5,969,0.013372501428914562,0.04714963436309331,36.45318334444363,0.6962831044441021,PRUNED
21,0.2863667571579342,2026-02-26 10:51:31.203910,2026-02-26 10:52:08.344809,0 days 00:00:37.140899,0.8200653814084076,0.051356024794405195,0.17043595972029904,10,9,4,1723,0.0032624237165700463,3.55300680006998,12.384475536046725,0.6382406434173492,COMPLETE
22,0.2825784678039255,2026-02-26 10:52:08.373328,2026-02-26 10:52:43.260856,0 days 00:00:34.887528,0.8428082400527196,0.0407295934171467,0.16967072118422677,9,10,4,1690,0.005206595722578578,9.605232552239205,12.320591707405157,0.6407938839219325,COMPLETE
23,0.31512822263905876,2026-02-26 10:52:43.296812,2026-02-26 10:53:09.203421,0 days 00:00:25.906609,0.660689243684231,0.024819894595976673,0.15785757712880755,9,10,2,1558,0.0010586434386867412,0.0020571802176131363,15.364913893468021,0.6022227024435685,COMPLETE
24,0.28459531971684277,2026-02-26 10:53:09.231727,2026-02-26 10:53:45.550940,0 days 00:00:36.319213,0.8702600966931244,0.16093646995820615,0.12463633087296666,9,10,6,1330,0.2741409294197116,8.726317095919438,12.053139465980754,0.6500996621222943,COMPLETE
25,0.3567628413392037,2026-02-26 10:53:45.577434,2026-02-26 10:54:33.348489,0 days 00:00:47.771055,0.9330330870602792,0.19607346155068428,0.12245970464164278,7,8,8,1265,0.5013666866792805,2.530139825014599,18.055554841884828,0.6554290405124678,COMPLETE
26,0.15472974205396894,2026-02-26 10:54:33.374911,2026-02-26 10:55:03.747287,0 days 00:00:30.372376,0.8480043753244176,0.28223810205081923,0.16555301418311277,6,9,6,1718,0.18022974349126536,1.9068375992974727,14.354460873009302,0.7051207915900207,PRUNED
27,0.35345226164386045,2026-02-26 10:55:03.770231,2026-02-26 10:55:46.028431,0 days 00:00:42.258200,0.7771161366410292,0.07959961561332553,0.12499856488523865,9,10,7,1059,0.03741725143791219,9.86249395889305,18.049053811706823,0.6343714885887238,COMPLETE
28,0.4175593828594196,2026-02-26 10:55:46.075086,2026-02-26 10:56:27.359390,0 days 00:00:41.284304,0.7100220474076737,0.6594482479797515,0.16860746767512133,8,9,3,1748,0.651314535535419,9.97280892715561,24.868692578435187,0.7706476334490638,COMPLETE
29,0.1584869796191196,2026-02-26 10:56:27.386347,2026-02-26 10:57:00.349756,0 days 00:00:32.963409,0.9481280967041278,1.4936734379244763,0.18735646462780575,3,9,9,1342,0.10869909188513636,0.6370625355273827,32.154619193497965,0.6678572979434835,PRUNED
30,0.2898561490873297,2026-02-26 10:57:00.374664,2026-02-26 10:58:03.514478,0 days 00:01:03.139814,0.8883441267079264,0.13048005831381493,0.09073750752071844,6,8,6,1573,0.007368035755624997,4.778774735739693,12.060891280765665,0.6522578501413139,COMPLETE
31,0.30982188890141416,2026-02-26 10:58:03.542322,2026-02-26 10:58:28.395641,0 days 00:00:24.853319,0.856786287684435,0.0125429525848164,0.13087769037430483,10,10,5,1414,0.004920764023188296,1.1327423841908557,14.395750145601788,0.6127424135932626,COMPLETE
32,0.282802731347935,2026-02-26 10:58:28.422918,2026-02-26 10:58:57.889939,0 days 00:00:29.467021,0.8111019488711122,0.03398789789313784,0.1498768761551306,9,10,4,1998,0.0025988274925821367,0.2661594286082551,12.115775245680979,0.6810655972587536,COMPLETE
33,0.3036294054815273,2026-02-26 10:58:57.917065,2026-02-26 10:59:20.904687,0 days 00:00:22.987622,0.803033732634467,0.06617865018596433,0.1586001675165505,9,10,4,1988,0.02578204736464162,0.21834009065692783,14.110327546084346,0.6815430695982025,COMPLETE
34,0.14877127728271142,2026-02-26 10:59:20.935857,2026-02-26 11:00:24.744284,0 days 00:01:03.808427,0.7334483175680713,0.038861497957407266,0.15016485821061945,8,6,2,1865,0.011185728899132006,0.3899975861735757,16.875856402597265,0.679553761790163,PRUNED
35,0.29647461754652016,2026-02-26 11:00:24.771932,2026-02-26 11:00:47.470752,0 days 00:00:22.698820,0.6728206925307042,0.16985642010110763,0.194719078406973,9,9,3,1703,0.002412560604410537,0.05135436062013421,13.844106694743362,0.6292215459748021,COMPLETE
36,0.1523687829160127,2026-02-26 11:00:47.496992,2026-02-26 11:01:25.131784,0 days 00:00:37.634792,0.8085218425723382,0.08654589598077891,0.14065942185634273,7,10,7,1960,0.0673232524127918,5.858828838176713,19.694122687891337,0.6668406595935172,PRUNED
37,0.2835421976318876,2026-02-26 11:12:03.503089,2026-02-26 11:12:46.282779,0 days 00:00:42.779690,0.7600732107110671,0.4115658932404453,0.17688107099687028,9,6,1,813,0.001985685890464884,1.9526307671304435,12.055441701781868,0.7225546882949233,COMPLETE
38,0.33322993595379063,2026-02-26 11:12:46.313247,2026-02-26 11:13:23.826705,0 days 00:00:37.513458,0.7400726897011416,0.3136324105634704,0.1803611724800372,10,6,1,770,0.002000655427806067,1.7155345596442801,16.604690828530543,0.7273145000499233,COMPLETE
39,0.21953802396692257,2026-02-26 11:13:23.860343,2026-02-26 11:14:29.369563,0 days 00:01:05.509220,0.6820194519608159,0.004658265330128061,0.1722493739585046,8,5,1,617,0.004243254564939244,0.15607612535478566,59.98339765499073,0.6908004539767705,PRUNED
40,0.1627402115441477,2026-02-26 11:14:29.395793,2026-02-26 11:15:36.666983,0 days 00:01:07.271190,0.6382205934527685,7.343764369438607,0.06419074008168847,6,6,3,886,0.0016471928091266862,0.402635185327836,15.055934482134782,0.7586622090161587,PRUNED
41,0.29629449291809057,2026-02-26 11:15:36.691532,2026-02-26 11:16:27.907183,0 days 00:00:51.215651,0.7666693521466093,0.5554095854717577,0.15118067783009928,9,7,4,1083,0.0048974946636154626,6.2268833937624795,13.056658373562394,0.651129729713056,COMPLETE
42,0.16122721904935208,2026-02-26 11:16:27.935841,2026-02-26 11:17:22.370829,0 days 00:00:54.434988,0.8152168634442463,0.13771385828918808,0.09886288922647758,9,5,9,335,0.19862304254300384,2.345482746524757,12.034937496075237,0.6209761531904523,PRUNED
43,0.2998126774646021,2026-02-26 11:17:22.394654,2026-02-26 11:17:56.458182,0 days 00:00:34.063528,0.8419567534170533,0.014393911773071366,0.13591147143634427,10,7,2,1822,0.8556206552812652,3.913450552030503,13.293657469407075,0.7166747297286397,COMPLETE
44,0.29166505510802865,2026-02-26 11:17:56.486191,2026-02-26 11:18:17.741643,0 days 00:00:21.255452,0.717794217329414,0.06050662284213024,0.1977310608880335,7,10,6,1498,0.002780272497890192,1.1265052363369326,13.622318810773946,0.839814514046141,COMPLETE
45,0.2813916539720262,2026-02-26 11:18:17.770141,2026-02-26 11:18:38.860020,0 days 00:00:21.089879,0.8761100125851727,0.03780132455246613,0.17873593567092272,1,9,5,1229,0.01014592092074389,0.07131940991757789,12.04435302036413,0.652450227529522,COMPLETE
46,0.3416732134610845,2026-02-26 11:18:38.908110,2026-02-26 11:19:08.226763,0 days 00:00:29.318653,0.9180436917346161,0.03767369769031395,0.1820681872231091,1,9,4,685,0.009488041778555237,0.0757284969526157,17.159319425905096,0.6744748522631034,COMPLETE
47,0.15954696851046526,2026-02-26 11:19:08.256837,2026-02-26 11:19:59.273741,0 days 00:00:51.016904,0.7903059859579732,0.018085293145787808,0.17398409340648238,1,6,5,881,0.0234193930113889,0.7289720001248001,15.336903464531742,0.6227688862388974,PRUNED
48,0.1570067904524342,2026-02-26 11:19:59.300180,2026-02-26 11:20:42.260728,0 days 00:00:42.960548,0.95397136556667,0.008441197783384258,0.14520402780053496,2,7,3,1196,0.0015126137842358903,0.03063565779250299,19.59931572345984,0.9004353003929652,PRUNED
49,0.3109114446286531,2026-02-26 11:20:42.284702,2026-02-26 11:22:12.170469,0 days 00:01:29.885767,0.8325844628668236,0.03381127202901754,0.04098683586307505,5,9,12,992,0.005913034446843235,0.017546264076352732,13.39994841630903,0.7423468509125428,COMPLETE
50,0.16931322384412784,2026-02-26 11:22:12.201114,2026-02-26 11:22:42.553378,0 days 00:00:30.352264,0.8858437923534824,0.09625528094310176,0.16137413457537467,4,10,4,1907,0.014677960018045742,0.28696281314788435,42.648045958623996,0.7939275602754168,PRUNED
51,0.2775203634077322,2026-02-26 11:22:42.578560,2026-02-26 11:23:11.270324,0 days 00:00:28.691764,0.8653459838176767,0.04888880802822821,0.1865555674856767,9,10,5,1241,0.0030808409540961537,7.330424103662094,12.030652233665382,0.6527648118172327,COMPLETE
52,0.2838959349477893,2026-02-26 11:23:11.318394,2026-02-26 11:23:36.767712,0 days 00:00:25.449318,0.7487055874260808,0.0492603057401847,0.18046078678565453,8,10,5,1258,0.003375374461210219,2.8500730556688314,12.860528426625041,0.6890165446147091,COMPLETE
53,0.30010711236318827,2026-02-26 11:23:36.795322,2026-02-26 11:24:05.085999,0 days 00:00:28.290677,0.8631413128032677,0.030678679092019826,0.1922913902996467,4,10,5,1124,0.0015866050010068845,1.621254371389144,14.502885723413858,0.6616872026825705,COMPLETE
54,0.2916227483207648,2026-02-26 11:24:05.126919,2026-02-26 11:24:32.039485,0 days 00:00:26.912566,0.5499793738500008,0.016828297954244193,0.15794322488454332,10,9,7,1463,0.007717800781578787,0.010368983094948622,12.872753677710092,0.6216125177518831,COMPLETE
55,0.151497121266318,2026-02-26 11:24:32.066390,2026-02-26 11:25:14.127550,0 days 00:00:42.061160,0.9687682034522554,0.04808612827556948,0.14378611382592704,2,10,4,1392,0.002558018028878806,7.044662503932498,15.839159436675267,0.6439371474512358,PRUNED
56,0.1565891120903466,2026-02-26 11:25:14.152261,2026-02-26 11:25:36.982697,0 days 00:00:22.830436,0.9203016377609514,0.009702496762895576,0.17929292025696883,10,10,5,1657,0.004236865944050027,0.11608827244354147,12.03322234571845,0.7068402962937973,PRUNED
57,0.14513234664398117,2026-02-26 11:25:37.010772,2026-02-26 11:26:05.258770,0 days 00:00:28.247998,0.830703040399449,0.0021498148628609727,0.19697125733481247,0,9,11,1208,0.0012927388005608226,3.202404065561638,14.02433215421895,0.6012097221778112,PRUNED
58,0.1747968456414091,2026-02-26 11:26:05.283926,2026-02-26 11:26:43.222311,0 days 00:00:37.938385,0.7954223623429559,0.023017101264310273,0.11680167291414227,8,5,8,1024,0.010659696082817758,4.913898612780786,12.969744053376917,0.9803352379816824,PRUNED
59,0.14869804697535258,2026-02-26 11:26:43.294376,2026-02-26 11:27:19.343638,0 days 00:00:36.049262,0.8976591214436191,0.245620446317521,0.1549521516345561,9,8,1,1802,0.006146736398120482,0.766191977092415,14.85019312317375,0.6419166845262331,PRUNED
60,0.34229400644914715,2026-02-26 11:27:19.369735,2026-02-26 11:28:13.827033,0 days 00:00:54.457298,0.46436433658735066,0.43156407092197735,0.07279699133465829,8,10,6,1570,0.0010097450929039094,0.006295461269032428,16.36691837261284,0.6978556852852531,COMPLETE
61,0.2840601862349018,2026-02-26 11:28:13.854876,2026-02-26 11:28:42.928191,0 days 00:00:29.073315,0.7507367353747414,0.05119793009252495,0.16792977711188878,9,10,5,1320,0.003330730501367384,2.9473962764487185,12.672541622882402,0.6886769855861483,COMPLETE
62,0.14768020980513688,2026-02-26 11:28:42.955356,2026-02-26 11:29:06.623179,0 days 00:00:23.667823,0.7673570420963046,0.07927827556337451,0.18292760976760028,8,10,5,1222,0.003340966976325532,4.2137667106732195,12.845142193168023,0.7220738252737545,PRUNED
63,0.1430364524151629,2026-02-26 11:29:06.648644,2026-02-26 11:29:42.318283,0 days 00:00:35.669639,0.8761894388632749,0.029816995269586876,0.16683166391594897,9,10,6,1261,0.002085285827568476,7.978528494999944,13.662137207065289,0.6623383777461022,PRUNED
64,0.1711446782579427,2026-02-26 11:29:42.362503,2026-02-26 11:30:03.846579,0 days 00:00:21.484076,0.8503175362678538,0.04450922955380406,0.19889309351433498,10,9,4,1123,0.005348388668451526,0.0015585377960827726,12.059730451610587,0.6142998354972087,PRUNED
65,0.1750291947947545,2026-02-26 11:30:03.871071,2026-02-26 11:30:40.343617,0 days 00:00:36.472546,0.6975013162809004,2.316562699764262,0.18353929277065203,10,10,5,1270,0.0034748926636300453,1.4258557216712455,54.7499932323648,0.6769699648508252,PRUNED
66,0.14762367143582616,2026-02-26 11:30:40.372864,2026-02-26 11:31:05.312839,0 days 00:00:24.939975,0.8206791223692349,0.06719725945543338,0.1752380545675601,8,9,7,1516,0.0019989765432356734,0.029714896776817715,12.762067921892768,0.6340519139248579,PRUNED
67,0.1568570837465516,2026-02-26 11:31:05.335959,2026-02-26 11:32:12.134166,0 days 00:01:06.798207,0.7911493857229794,0.10944132692805644,0.15080472340462306,9,10,3,1359,8.241384588392696,0.49234765560683763,31.09106485026892,0.7408774226021915,PRUNED
68,0.16380626154973887,2026-02-26 11:32:12.157544,2026-02-26 11:34:21.416895,0 days 00:02:09.259351,0.7288632203506699,0.02036792745964579,0.05277096136286145,7,4,2,935,0.007940035057859701,2.0193984437462715,14.695342461840092,0.6497758529259539,PRUNED
69,0.1504955531482449,2026-02-26 11:34:21.441012,2026-02-26 11:34:54.931479,0 days 00:00:33.490467,0.7770135675655993,1.0551491394949235,0.1353033264118494,9,10,6,1450,0.020333174138504197,0.17424015419996638,17.611641009335397,0.6885730435552179,PRUNED
70,0.14600112659386702,2026-02-26 11:34:54.955111,2026-02-26 11:35:21.717339,0 days 00:00:26.762228,0.7459751294569225,0.027150969529983308,0.12802727797326086,10,9,5,1144,0.03199090023880332,0.07740465063441003,15.816092719054982,0.6661894678417711,PRUNED
71,0.2850911399191416,2026-02-26 11:35:21.745027,2026-02-26 11:35:49.279664,0 days 00:00:27.534637,0.7623589305813866,0.05455306532536324,0.1642220150431039,9,10,5,1314,0.0029887728097890967,3.4214708508166036,12.667814092750918,0.6891069130201419,COMPLETE
72,0.29699484610995847,2026-02-26 11:35:49.307704,2026-02-26 11:36:16.639208,0 days 00:00:27.331504,0.7492730746272311,0.04342227182524667,0.16842567629278532,9,10,4,1262,0.0047306488272382775,2.724481237373246,13.66392415928592,0.7119766188692859,COMPLETE
73,0.14900151262014869,2026-02-26 11:36:16.667931,2026-02-26 11:36:51.309807,0 days 00:00:34.641876,0.8057518633556173,0.07808656098331763,0.18522979303377013,8,10,5,1636,0.003821322461460135,5.417378295269296,12.53068939336701,0.6968236718660046,PRUNED
74,0.30635643477815716,2026-02-26 11:36:51.342470,2026-02-26 11:37:20.693040,0 days 00:00:29.350570,0.7014704210910988,0.05677284294379093,0.15989717877429171,5,10,6,1390,0.013794922605510738,2.702244779993404,14.43014617506109,0.6784105808644397,COMPLETE
75,0.2943848352356341,2026-02-26 11:37:20.722357,2026-02-26 11:37:59.213268,0 days 00:00:38.490911,0.8336675836213893,0.12718394465672708,0.17595181512037927,9,9,5,1081,0.0013815327495349593,8.306993160860708,13.448835298030577,0.6589046527856709,COMPLETE
76,0.1537590490154135,2026-02-26 11:37:59.245558,2026-02-26 11:38:26.049417,0 days 00:00:26.803859,0.8520010784801527,0.014752449420165256,0.18829609264114272,10,10,6,1320,0.002664366619785659,1.2241719949635819,12.652863507375717,0.6265991264029388,PRUNED
77,0.19449784586999008,2026-02-26 11:38:26.073815,2026-02-26 11:39:00.733973,0 days 00:00:34.660158,0.877621943599612,0.03860489119570234,0.1417969563576349,8,10,3,1183,0.0018352493977151474,0.9489103202793292,76.19614438147207,0.6112719353249645,PRUNED
78,0.1452183709613308,2026-02-26 11:39:00.758368,2026-02-26 11:39:19.818261,0 days 00:00:19.059893,0.9040813128358475,0.21934611948841023,0.15352801494835736,9,10,4,1229,0.006633614653909404,6.285252567193352,12.043837285239544,0.636892998454352,PRUNED
79,0.16326746795163977,2026-02-26 11:39:19.842262,2026-02-26 11:40:06.386998,0 days 00:00:46.544736,0.8189761377820265,0.026682115850173972,0.17406124901224426,10,6,4,546,0.009367390643813778,2.119992217169659,22.24937544957206,0.7018868986771729,PRUNED
80,0.3009773084620533,2026-02-26 11:40:06.411889,2026-02-26 11:40:30.783997,0 days 00:00:24.372108,0.724426475987509,0.06931094798476527,0.18865563232387794,7,9,7,1764,0.0037557956861359494,0.04328195510576294,14.08813432867538,0.7325666399544324,COMPLETE
81,0.14556187385407504,2026-02-26 11:40:30.812312,2026-02-26 11:41:06.597659,0 days 00:00:35.785347,0.8603452845755626,0.16506998683739413,0.16387434607956733,9,10,6,1343,0.3655153690122696,9.701277261479033,12.543901794709063,0.6519050963317232,PRUNED
82,0.14291875236541934,2026-02-26 11:41:06.622895,2026-02-26 11:41:37.053993,0 days 00:00:30.431098,0.753402992370325,0.3900325700165114,0.14823572186726489,9,10,5,1423,0.14935786476008836,4.756538007933774,13.150387513898927,0.6830991877736896,PRUNED
83,0.16272164762551355,2026-02-26 11:41:37.079577,2026-02-26 11:42:16.543837,0 days 00:00:39.464260,0.7774187933937518,0.10245809984760895,0.17064480987387623,10,10,8,1524,0.27408335704078124,7.195321044628212,28.80470802016266,0.6426972615374702,PRUNED
