number,value,datetime_start,datetime_complete,duration,params_colsample_bynode,params_colsample_bytree,params_gamma,params_learning_rate,params_max_delta_step,params_max_depth,params_min_child_weight,params_n_estimators,params_reg_alpha,params_reg_lambda,params_subsample,state
169,1.2617094792005483,2026-02-26 10:31:59.039801,2026-02-26 10:31:59.610952,0 days 00:00:00.571151,0.6544599559027552,0.7440283854869822,0.057868236598402026,0.22399563954259072,6,10,10,3163,0.004516145073890141,0.24739581347398346,0.6419813515782121,PRUNED
170,1.2850770354605652,2026-02-26 10:31:59.636352,2026-02-26 10:32:00.082229,0 days 00:00:00.445877,0.7076984879460282,0.4289657348594951,0.02039275669985054,0.23713012104176126,5,7,8,2902,0.003748552062666753,0.7461652079443677,0.6280194220216467,PRUNED
171,1.4480741483993416,2026-02-26 10:32:00.121821,2026-02-26 10:32:00.557598,0 days 00:00:00.435777,0.7198463990674943,0.44275776765848934,5.817411463684852,0.2375874929380603,5,9,9,2796,0.0027368323014853656,2.142371160397123,0.6500222901287562,COMPLETE
172,1.2532613634831362,2026-02-26 10:32:00.598295,2026-02-26 10:32:01.037153,0 days 00:00:00.438858,0.5488193216236215,0.43692717721376423,0.04624765244769974,0.22505294628471148,5,9,10,3266,0.0020721772344524836,1.277428036031436,0.6627259519706321,PRUNED
173,1.2599929220341453,2026-02-26 10:32:01.071744,2026-02-26 10:32:01.665822,0 days 00:00:00.594078,0.7019945501336305,0.7822519058343709,0.05965062999477204,0.24781110702204193,5,9,10,3074,0.007540648729135205,1.726884160320279,0.6346466777110743,PRUNED
174,1.2312279082196167,2026-02-26 10:32:01.699981,2026-02-26 10:32:02.181375,0 days 00:00:00.481394,0.7483853516144608,0.45666372079087414,0.032747664118884995,0.2116569268442604,5,9,9,2981,0.00275944689938647,0.002740304548686538,0.6185585289351485,PRUNED
175,1.2513436054365707,2026-02-26 10:32:02.227739,2026-02-26 10:32:02.668434,0 days 00:00:00.440695,0.7368687630927626,0.4192438019186144,0.003441104171613428,0.23369157997180495,8,9,10,4433,0.04251621015252409,2.5380985089139867,0.6560086345300408,PRUNED
176,1.2873669589182075,2026-02-26 10:32:02.697964,2026-02-26 10:32:03.177023,0 days 00:00:00.479059,0.6798077715494094,0.47547038913206935,0.0020070155486071276,0.2489408697323269,3,9,9,5146,0.35402597457657914,1.0122537949280856,0.6420370266169306,PRUNED
177,1.23763014030541,2026-02-26 10:32:03.202937,2026-02-26 10:32:03.530228,0 days 00:00:00.327291,0.720596067228266,0.4300108657501262,0.001241852863392234,0.21995755531929836,5,3,8,2935,0.001498787043740419,1.933814609835783,0.6763104869125596,PRUNED
178,1.246944482005198,2026-02-26 10:32:03.556626,2026-02-26 10:32:04.032792,0 days 00:00:00.476166,0.5886737170463463,0.49225561411258856,0.017030112032826453,0.23758830912808293,6,9,7,4605,0.011184586790001606,0.428009132515199,0.7766666637831819,PRUNED
179,1.4557944795610933,2026-02-26 10:32:04.058371,2026-02-26 10:32:04.632850,0 days 00:00:00.574479,0.5555067880053199,0.4470499737291249,0.00427121390142476,0.2011469446332636,5,9,10,1286,0.0017212070999642862,1.4817667790763498,0.6518606997163127,COMPLETE
180,1.3182694629755058,2026-02-26 10:32:04.663197,2026-02-26 10:32:05.322344,0 days 00:00:00.659147,0.887906804266752,0.40870674493728076,0.0062081696083777175,0.24943421440037405,5,8,1,3409,0.0038788458297772193,2.311348373991635,0.7247659419207624,PRUNED
181,1.266870451118915,2026-02-26 10:32:05.353455,2026-02-26 10:32:05.919788,0 days 00:00:00.566333,0.7924409351394929,0.46654512912578316,0.004988364619007713,0.21999383471241038,5,9,5,1933,0.0011295532834591582,3.496092462890762,0.7935329756179049,PRUNED
182,1.4466163577565625,2026-02-26 10:32:05.946437,2026-02-26 10:32:06.564055,0 days 00:00:00.617618,0.7322477595971314,0.46152225823377135,0.0032629507402141752,0.21060382069983505,6,9,10,3147,0.0012813911876402963,2.9075029251457423,0.6278003604721337,COMPLETE
183,1.442653300387053,2026-02-26 10:32:06.628213,2026-02-26 10:32:07.240647,0 days 00:00:00.612434,0.8408703834759209,0.4704503158302483,0.002985631329541146,0.22561383112174319,5,9,11,5529,0.0020418200610624513,3.2110522688251963,0.647772287963641,COMPLETE
184,1.2264567343829285,2026-02-26 10:32:07.277487,2026-02-26 10:32:07.782728,0 days 00:00:00.505241,0.7588273190940359,0.45342117639637247,0.003815076054544402,0.2315265509853521,5,9,10,2002,0.001008911180123701,4.716165478540882,0.6617302768024345,PRUNED
185,1.4204121138596406,2026-02-26 10:32:07.811068,2026-02-26 10:32:08.309664,0 days 00:00:00.498596,0.7726138998282159,0.6349519534703061,0.005730095189879357,0.2075107519565609,5,4,11,2355,0.001494063740991843,0.16006525616387018,0.8121180071847814,COMPLETE
186,1.2326553279569223,2026-02-26 10:32:08.351920,2026-02-26 10:32:08.760049,0 days 00:00:00.408129,0.5391993422238585,0.7209169255807085,0.008524825816038284,0.17446131095487932,6,4,12,2347,0.0016032509949603692,0.16503647405222296,0.8122474675660541,PRUNED
187,1.3222003755550684,2026-02-26 10:32:08.797566,2026-02-26 10:32:09.177809,0 days 00:00:00.380243,0.6626205184412342,0.6323306397984565,0.025134611526503273,0.19756973835760783,6,4,8,3276,0.0031713949865276006,0.19760870358872157,0.6384168518747166,PRUNED
188,1.307825396547831,2026-02-26 10:32:09.204430,2026-02-26 10:32:09.722677,0 days 00:00:00.518247,0.7007079447324462,0.4259464987944009,0.0015933521425041976,0.2058995535304065,4,9,6,2530,0.12354701456572444,0.14068951111845876,0.6696328495434201,PRUNED
189,1.2384403983063306,2026-02-26 10:32:09.748978,2026-02-26 10:32:10.183810,0 days 00:00:00.434832,0.7400010059206612,0.6568468180267731,0.0021485823436446184,0.23881475802278715,0,5,11,5835,0.2356718470592594,0.11230822537537474,0.8281869268167243,PRUNED
190,1.25805692992969,2026-02-26 10:32:10.219486,2026-02-26 10:32:10.574246,0 days 00:00:00.354760,0.769763593442201,0.6877718785661924,0.07609247610617098,0.2495046878773139,5,3,3,2866,5.2238708812653805,0.06453323029472942,0.6233075857602794,PRUNED
191,1.424311528564881,2026-02-26 10:32:10.610998,2026-02-26 10:32:11.201346,0 days 00:00:00.590348,0.563641862810555,0.6202395242678803,0.005584269621136246,0.21651247513252664,5,9,11,1889,0.0014594318037944262,2.5586498317584274,0.8160921599293148,COMPLETE
192,1.313852260281734,2026-02-26 10:32:11.243032,2026-02-26 10:32:11.629440,0 days 00:00:00.386408,0.5724553348530407,0.6409151426828394,0.006028086442890174,0.22545532331078647,5,4,4,1935,0.0022605256938493115,2.110769964711227,0.8146649341644835,PRUNED
193,1.4352204526717007,2026-02-26 10:32:11.671269,2026-02-26 10:32:12.169656,0 days 00:00:00.498387,0.5642944270834975,0.668715614203578,0.004516270251198545,0.18808885340167977,5,5,11,2177,0.0015560535464081012,0.29855896629058726,0.8750219799807202,COMPLETE
194,1.2284453756108977,2026-02-26 10:32:12.205726,2026-02-26 10:32:12.675863,0 days 00:00:00.470137,0.568071702459861,0.6196639207872452,0.00695639775553747,0.19505904124982956,5,6,10,3044,0.0014833809073227743,0.31815301602498414,0.8254118970202778,PRUNED
195,1.257288756390856,2026-02-26 10:32:12.701272,2026-02-26 10:32:13.122736,0 days 00:00:00.421464,0.5573556905325056,0.6640678247939741,0.002684728059496806,0.1834302624850471,5,5,11,1834,0.0017409368125921936,0.27119672461682726,0.8734174811539844,PRUNED
196,1.4330040696721105,2026-02-26 10:32:13.149871,2026-02-26 10:32:13.625925,0 days 00:00:00.476054,0.5646388250460551,0.6075854121206945,0.005094485684159366,0.2117143991908967,9,4,12,5049,0.0013967738356355226,1.613208155872966,0.8410984580479502,COMPLETE
197,1.2694216052201566,2026-02-26 10:32:13.655542,2026-02-26 10:32:14.021088,0 days 00:00:00.365546,0.5658234775335248,0.6400342589738275,0.004232459779184091,0.1880022137154744,4,4,12,5192,0.0013595331797101073,0.22779342995704113,0.8279587603994198,PRUNED
198,1.2629119130516129,2026-02-26 10:32:14.046037,2026-02-26 10:32:14.420612,0 days 00:00:00.374575,0.5464520097145491,0.6070230556737832,0.005348137033817565,0.16155278466805717,10,4,12,5289,0.00187411462260478,0.15570979974284577,0.8867723914299553,PRUNED
199,1.2610440719079081,2026-02-26 10:32:14.447423,2026-02-26 10:32:14.816541,0 days 00:00:00.369118,0.5849222275669107,0.5809597018599549,0.00768150750607086,0.20501935382549877,9,4,12,4717,0.0014221607102274595,0.5305783396575308,0.8449585319943168,PRUNED
200,1.2312239850927003,2026-02-26 10:32:14.843801,2026-02-26 10:32:15.226865,0 days 00:00:00.383064,0.5384044287017261,0.619119068288021,0.0038149194009602645,0.17006654949661026,7,4,12,2028,0.0012357668428802325,1.3388823347112344,0.9008316827649091,PRUNED
201,1.2615960493750653,2026-02-26 10:32:15.252110,2026-02-26 10:32:15.672520,0 days 00:00:00.420410,0.5609240198775718,0.6700751079182008,0.002847187688145213,0.2167030664184207,8,5,11,4946,0.08231899527098957,1.6995204462032658,0.6494166814988428,PRUNED
202,1.2702863483475078,2026-02-26 10:32:15.698196,2026-02-26 10:32:16.140850,0 days 00:00:00.442654,0.5811927706249853,0.6548697149547678,0.004846997358727682,0.23120568006070222,5,6,10,5034,0.0022757421901981787,1.1467377252903024,0.8182493145322348,PRUNED
203,1.4254028328114476,2026-02-26 10:32:16.175635,2026-02-26 10:32:16.666320,0 days 00:00:00.490685,0.5756779342479654,0.5922741243873564,0.002323068771415409,0.21187631999064344,10,4,11,3110,0.0017040217243419267,1.8192521717569656,0.8547678834593917,COMPLETE
204,1.27435315984538,2026-02-26 10:32:16.703392,2026-02-26 10:32:17.097085,0 days 00:00:00.393693,0.6000397118716366,0.6492892644683128,0.0033816573193657935,0.20911919377677446,10,5,11,5995,0.0016705584585965509,0.3737750890550386,0.8565785005136894,PRUNED
205,1.271934946781571,2026-02-26 10:32:17.125664,2026-02-26 10:32:17.488337,0 days 00:00:00.362673,0.576152492766786,0.6263156439391354,0.005679139461382838,0.19587199779272693,10,4,11,1613,0.8801407718146576,1.518873796458997,0.8506253121014767,PRUNED
206,1.2432406657396053,2026-02-26 10:32:17.521218,2026-02-26 10:32:17.901470,0 days 00:00:00.380252,0.5622519104538509,0.627720295421045,0.002418255609103864,0.2157039365087243,10,4,12,3174,0.0010126523633932068,2.2581589187862723,0.8640557376177259,PRUNED
207,1.2341742216890115,2026-02-26 10:32:17.926393,2026-02-26 10:32:18.308822,0 days 00:00:00.382429,0.5506216465999594,0.6123490334027238,0.0036109311310522333,0.1861774029404732,9,4,11,2749,0.0019013788074976777,0.093153744940034,0.8316245417827023,PRUNED
208,1.2631624954684153,2026-02-26 10:32:18.345832,2026-02-26 10:32:18.709135,0 days 00:00:00.363303,0.5892365997676862,0.5951488481678449,0.00296224903067104,0.22331321998986323,3,4,11,1751,0.0014330786835685843,1.8250356365796896,0.8354273690169491,PRUNED
209,1.2355510685365865,2026-02-26 10:32:18.735965,2026-02-26 10:32:19.101748,0 days 00:00:00.365783,0.5693960055611753,0.5890904202580375,0.006111630793775128,0.20541798122217328,2,4,12,2196,0.0025113588144769967,0.8183273958700594,0.8781443790574835,PRUNED
210,1.2833707125951075,2026-02-26 10:32:19.127801,2026-02-26 10:32:19.554703,0 days 00:00:00.426902,0.6860249814008812,0.6014116472372328,0.012306561887626924,0.23554904769124607,5,5,7,2959,0.4722073722919903,2.5634071504337874,0.915123286716428,PRUNED
211,1.2723720166579393,2026-02-26 10:32:19.592605,2026-02-26 10:32:20.074630,0 days 00:00:00.482025,0.5265218469002193,0.6327606716628875,0.001993119914474907,0.22755072620606678,9,9,6,3041,6.77086528406232,2.001224528897401,0.8472387005252846,PRUNED
212,1.249420050176109,2026-02-26 10:32:20.108193,2026-02-26 10:32:20.606792,0 days 00:00:00.498599,0.7134518851283904,0.6113610468780581,0.0023349749439518577,0.23791078462459755,5,9,11,3104,4.549625239147929,1.397106423919704,0.6321427415638612,PRUNED
213,1.2576651670686645,2026-02-26 10:32:20.632736,2026-02-26 10:32:21.238519,0 days 00:00:00.605783,0.7235920213011175,0.5563633335536189,0.3159441964245488,0.10751257241412678,9,9,10,2845,0.631396488235695,1.7747263724901503,0.6568587742083639,PRUNED
214,1.2402089421181404,2026-02-26 10:32:21.275005,2026-02-26 10:32:21.738726,0 days 00:00:00.463721,0.5780261633777449,0.5421042578406472,0.0017250857404860827,0.21583125456291344,8,7,11,5383,0.0012484566095327077,2.217345024372628,0.6405152100565781,PRUNED
215,1.2454770798381425,2026-02-26 10:32:21.766122,2026-02-26 10:32:22.327983,0 days 00:00:00.561861,0.9307799473640499,0.6507017411670678,0.0013787880724023763,0.23629366645046537,5,8,11,5077,0.0015564667986444462,1.450713041800263,0.6463604668961762,PRUNED
216,1.2734745190456063,2026-02-26 10:32:22.356121,2026-02-26 10:32:22.829739,0 days 00:00:00.473618,0.7471914798362281,0.6750727195687454,0.6430021112970679,0.22269809294785067,5,9,9,3291,0.021915182552433392,1.0425507365414335,0.8566494560926015,PRUNED
217,1.256620863280165,2026-02-26 10:32:22.871618,2026-02-26 10:32:23.390809,0 days 00:00:00.519191,0.5609165525061586,0.5671044344343834,0.004429343845607205,0.1956234757783494,5,9,10,3145,0.002026126013477206,2.5886014970222537,0.6586389289379977,PRUNED
218,1.2962526994953294,2026-02-26 10:32:23.416958,2026-02-26 10:32:23.754343,0 days 00:00:00.337385,0.5397428443244153,0.6484199715337813,0.0025513447844114005,0.24983206832794727,5,3,8,1481,0.0011682619660392825,3.6202068241251877,0.9346135366814989,PRUNED
219,1.2338838599039383,2026-02-26 10:32:23.780291,2026-02-26 10:32:24.733514,0 days 00:00:00.953223,0.6700833976898047,0.7966979530599658,0.002001203790832077,0.033610211263128895,5,8,12,3258,0.0022949316780601645,1.7337490613260274,0.6327227584591549,PRUNED
220,1.2494312867880653,2026-02-26 10:32:24.764311,2026-02-26 10:32:25.294062,0 days 00:00:00.529751,0.5948925942673904,0.6842851607317078,0.003064766950332168,0.2284983253484796,5,9,10,1844,0.0017483913555634849,0.12446122361059574,0.6105106184354171,PRUNED
221,1.252029679962595,2026-02-26 10:32:25.319553,2026-02-26 10:32:25.961281,0 days 00:00:00.641728,0.7755051093426839,0.7041182988614431,0.00408386938745037,0.2396806883464815,5,9,11,2212,0.0031210482868981545,2.9741798909469632,0.801507319134902,PRUNED
222,1.2786718698649286,2026-02-26 10:32:25.994166,2026-02-26 10:32:26.483342,0 days 00:00:00.489176,0.7520937406077829,0.44093360655067965,0.00465658504872618,0.23973692487915438,5,9,11,2400,0.003564101464107113,2.496024561763565,0.8069341411136252,PRUNED
223,1.438596629861697,2026-02-26 10:32:26.526647,2026-02-26 10:32:27.090555,0 days 00:00:00.563908,0.7303808665636277,0.4000495630249783,0.006898877385241212,0.24847678878659268,5,9,11,2075,0.002732101269997991,1.9265036155172175,0.7927786813938181,COMPLETE
224,1.2499421159405315,2026-02-26 10:32:27.119533,2026-02-26 10:32:27.538891,0 days 00:00:00.419358,0.7305025951065567,0.4049138794106442,0.009207182225343707,0.2149418554835929,4,9,11,2091,5.939906628353954,2.0756562780932146,0.7706120348722462,PRUNED
225,1.2952019869075293,2026-02-26 10:32:27.572956,2026-02-26 10:32:28.167410,0 days 00:00:00.594454,0.713517021220288,0.8296443386429596,0.0073780530111058965,0.2498244803424669,5,9,12,2008,0.004973462070160367,1.5894047321540035,0.783054274661418,PRUNED
226,1.2489458355352765,2026-02-26 10:32:28.194127,2026-02-26 10:32:28.882754,0 days 00:00:00.688627,0.7235477013727744,0.41292568481630865,0.006357954979444234,0.0915931368202506,5,9,4,1900,0.00245752726174708,0.3000074178531105,0.7586515088928664,PRUNED
227,1.2727816128198475,2026-02-26 10:32:28.925189,2026-02-26 10:32:29.383453,0 days 00:00:00.458264,0.7400083504257379,0.42064679954084955,0.004912860168544849,0.22821378829907452,5,8,11,4839,0.3350767262939095,1.2965855264472157,0.7948368913205858,PRUNED
228,1.4499432724977983,2026-02-26 10:32:29.409956,2026-02-26 10:32:29.991673,0 days 00:00:00.581717,0.7029145729893125,0.4007522015896178,0.14780931754577722,0.20443465110245287,6,9,10,4249,0.0014752841727259912,1.9003983708433487,0.7896009469350028,COMPLETE
229,1.2598549777361652,2026-02-26 10:32:30.022101,2026-02-26 10:32:30.359851,0 days 00:00:00.337750,0.6803922797653439,0.4306871336307218,2.551465759068563,0.22001269313664562,6,9,5,2963,0.16257501084921225,0.17484098423053376,0.6441383635435142,PRUNED
230,1.2867098102413341,2026-02-26 10:32:30.386716,2026-02-26 10:32:30.907204,0 days 00:00:00.520488,0.6950136459995052,0.8667998543152112,0.002263827465459518,0.23352281688639664,4,6,9,3480,0.0019651617688977306,2.2404101699854455,0.6540819856482614,PRUNED
231,1.3226723998299375,2026-02-26 10:32:30.943748,2026-02-26 10:32:31.430904,0 days 00:00:00.487156,0.6476743614044218,0.4574247286135933,0.00396473480032834,0.24929433775559706,5,9,11,2075,0.002820835898857997,3.1488272907346504,0.8115776772088106,PRUNED
232,1.2547169732903127,2026-02-26 10:32:31.464655,2026-02-26 10:32:31.938097,0 days 00:00:00.473442,0.5549178085140688,0.4426395850209941,0.005349092579712821,0.24080169843470794,5,9,11,2165,0.0028485323998602326,2.600222779914489,0.8050986475194649,PRUNED
233,1.2587244205650903,2026-02-26 10:32:31.975477,2026-02-26 10:32:32.505541,0 days 00:00:00.530064,0.7593661978727418,0.43571109140291314,0.0029468375965441265,0.24000966663355608,5,9,11,2312,0.001247492123607825,1.722424085791252,0.8166378345037608,PRUNED
234,1.4422320628387906,2026-02-26 10:32:32.534350,2026-02-26 10:32:33.097648,0 days 00:00:00.563298,0.7369571678737205,0.42003453066715934,0.0035381486389555973,0.22842606683395375,5,9,11,1992,0.003686646561133743,3.927025915605075,0.6638906740800148,COMPLETE
235,1.440067344265364,2026-02-26 10:32:33.128809,2026-02-26 10:32:33.608845,0 days 00:00:00.480036,0.5682253111310235,0.45163184549710134,0.004643258625954322,0.2491524344934074,5,4,11,2151,0.0024085430693277948,2.8638383160814596,0.7875308307676303,COMPLETE
236,1.2289501786667845,2026-02-26 10:32:33.646082,2026-02-26 10:32:34.031839,0 days 00:00:00.385757,0.5750110120468617,0.47662389117788356,0.005773743347665721,0.21466612084618408,5,4,12,3076,0.0021378550934041687,2.118687798867803,0.7762322366133623,PRUNED
237,1.250890627850634,2026-02-26 10:32:34.059745,2026-02-26 10:32:34.419658,0 days 00:00:00.359913,0.5641400732217414,0.44936362070010666,0.0016464668329083977,0.22776958832510596,5,4,11,5214,0.0016035816270789257,3.128189520369276,0.7884877717832053,PRUNED
238,1.3035683876932163,2026-02-26 10:32:34.447453,2026-02-26 10:32:34.921821,0 days 00:00:00.474368,0.6320219754481144,0.6421734569308651,0.006733977342077577,0.053335309425121054,5,4,2,3181,0.002330060750520306,1.1769943931664117,0.7661658264093463,PRUNED
239,1.2949071880675527,2026-02-26 10:32:34.950099,2026-02-26 10:32:35.302579,0 days 00:00:00.352480,0.5822867898706984,0.599228514806613,0.0026656196439854,0.23850785374034406,5,4,10,1762,0.42968739372564707,1.5068869288613722,0.8382802229856707,PRUNED
240,1.2743373646046114,2026-02-26 10:32:35.329305,2026-02-26 10:32:35.745396,0 days 00:00:00.416091,0.57126379571226,0.817408848477053,0.0034673915411444316,0.2068788606603552,10,4,9,2986,0.0010027502259854538,2.4503317183761375,0.6374879616486698,PRUNED
241,1.2603026808034539,2026-02-26 10:32:35.772267,2026-02-26 10:32:36.384833,0 days 00:00:00.612566,0.9663289439563298,0.5710046141880458,0.004642625931621493,0.23989021353528667,5,9,11,2258,0.0027002706921753785,2.776270342164144,0.7901285969081208,PRUNED
242,1.4299364698513757,2026-02-26 10:32:36.414483,2026-02-26 10:32:37.039583,0 days 00:00:00.625100,0.7693011432921125,0.4545049312664423,0.0043368384932817305,0.24671216724001252,5,9,11,2137,0.003246698969637518,3.6540798861399226,0.8225821403839786,COMPLETE
243,1.4385010811199672,2026-02-26 10:32:37.082021,2026-02-26 10:32:37.645793,0 days 00:00:00.563772,0.5525446092628838,0.46325431523563837,0.0052073084559705225,0.22603850528364264,5,9,11,2072,0.11336385472679776,3.3444242173945495,0.820556501190744,COMPLETE
244,1.4410993879833944,2026-02-26 10:32:37.678178,2026-02-26 10:32:38.253183,0 days 00:00:00.575005,0.5540876172959777,0.46451899800434343,0.005392948213170452,0.21995372122465628,6,9,11,1907,0.2821432390637985,4.272484468822321,0.8158936253360758,COMPLETE
245,1.2525277409097961,2026-02-26 10:32:38.283697,2026-02-26 10:32:38.787267,0 days 00:00:00.503570,0.7503363656694253,0.4842585654732323,0.007651309755669749,0.22902925811564037,5,9,11,2073,4.897092730537808,4.930812567247208,0.8193203038322363,PRUNED
246,1.458562714374886,2026-02-26 10:32:38.821104,2026-02-26 10:32:39.407641,0 days 00:00:00.586537,0.5439870898257345,0.45744905607579983,0.003921299636023074,0.1766233529198602,5,9,10,1029,0.03517680699558639,3.493728197694787,0.8214369457463834,COMPLETE
247,1.246160397987137,2026-02-26 10:32:39.437752,2026-02-26 10:32:40.117763,0 days 00:00:00.680011,0.7205304812407001,0.759402152962366,4.271315565715282,0.020149241443013784,7,9,12,1972,0.06286020338640401,5.89221701158699,0.834250568723677,PRUNED
248,1.2472058602717773,2026-02-26 10:32:40.155525,2026-02-26 10:32:40.810441,0 days 00:00:00.654916,0.9964729803759389,0.6261711317262002,0.04634505837944111,0.22048066407501402,4,9,11,5474,0.20585784810804075,3.7968326687668434,0.842607100934342,PRUNED
249,1.435431521495755,2026-02-26 10:32:40.836710,2026-02-26 10:32:41.392522,0 days 00:00:00.555812,0.771509655578558,0.4001892689912283,0.0019693715438555883,0.23324214893375275,5,9,11,3353,0.11975329389986845,1.9240363807058158,0.8276350166075325,COMPLETE
250,1.2549241164584466,2026-02-26 10:32:41.578124,2026-02-26 10:32:42.027147,0 days 00:00:00.449023,0.5165482968453156,0.40146103483961987,0.0031907734705767512,0.20619727939145058,5,8,11,3689,0.11254485809331985,0.23321071303186033,0.8237326571841155,PRUNED
251,1.4606582725471227,2026-02-26 10:32:42.063573,2026-02-26 10:32:42.666853,0 days 00:00:00.603280,0.7689289041930122,0.4118435088321868,0.002203557931560226,0.19043512953196412,6,9,11,879,0.13357120428025535,1.8123930136749442,0.8279981967728334,COMPLETE
252,1.2535320013943778,2026-02-26 10:32:42.707061,2026-02-26 10:32:43.191282,0 days 00:00:00.484221,0.7811886363930414,0.41289225268206386,0.005969186564823954,0.23135039639237095,5,9,12,1343,0.1021080628400659,0.6153891898640858,0.8265956415928509,PRUNED
