number,value,datetime_start,datetime_complete,duration,params_colsample_bynode,params_colsample_bytree,params_gamma,params_learning_rate,params_max_delta_step,params_max_depth,params_min_child_weight,params_n_estimators,params_reg_alpha,params_reg_lambda,params_subsample,state
84,1.273163314273656,2026-02-26 10:31:11.219576,2026-02-26 10:31:11.648860,0 days 00:00:00.429284,0.5851667326639136,0.41614076570498054,0.008610395523683312,0.21726304599947133,5,9,12,3491,0.0049759221653874275,4.221231102317093,0.9913649970320101,PRUNED
85,1.2457318736049616,2026-02-26 10:31:11.673872,2026-02-26 10:31:12.311452,0 days 00:00:00.637580,0.7427284350149392,0.5547704300906997,0.0012863979287311175,0.1888501438498093,8,10,10,4048,0.0013537487382246354,1.6069252054967424,0.953327823807037,PRUNED
86,1.289684274402305,2026-02-26 10:31:12.335249,2026-02-26 10:31:12.861796,0 days 00:00:00.526547,0.8420346808884343,0.512855721816518,0.022318464207500405,0.23637183037765921,6,9,8,3103,0.5717190336707596,2.7559875357646333,0.664107933032664,PRUNED
87,1.3831767398250085,2026-02-26 10:31:12.887113,2026-02-26 10:31:14.072982,0 days 00:00:01.185869,0.9283501827635801,0.9846076307592495,0.01272827756783613,0.1469715302856464,7,8,3,4826,0.0019095513737111256,0.022399434619336783,0.9161332321810313,PRUNED
88,1.2669690877968514,2026-02-26 10:31:14.097785,2026-02-26 10:31:14.695674,0 days 00:00:00.597889,0.61769995014539,0.8286662760252959,0.01686128098092121,0.20316398938029623,3,9,11,3842,0.0031667314046552367,5.358034526167609,0.9998491734493935,PRUNED
89,1.4261879159507695,2026-02-26 10:31:14.723165,2026-02-26 10:31:15.190700,0 days 00:00:00.467535,0.7614198863981231,0.7642484191616401,2.96650998865862,0.18115366055653648,5,8,11,5172,0.0011008805564734245,1.3744242019401078,0.6287272097746596,COMPLETE
90,1.2727633850456985,2026-02-26 10:31:15.218938,2026-02-26 10:31:15.586947,0 days 00:00:00.368009,0.871922226040335,0.7602156701671883,2.6330660603196447,0.22189135028115867,5,7,10,5481,0.0010090017649914689,0.6899348764059381,0.6251515440475415,PRUNED
91,1.2536382959201655,2026-02-26 10:31:15.612679,2026-02-26 10:31:16.010672,0 days 00:00:00.397993,0.7657840451846685,0.7715953693822413,1.593319349841739,0.18148426247715854,6,8,11,5065,0.00120186111270403,1.3432808435261627,0.6486296834116339,PRUNED
92,1.2583819043265962,2026-02-26 10:31:16.034566,2026-02-26 10:31:16.509547,0 days 00:00:00.474981,0.8177984978196342,0.7445018914416662,0.6883637418717413,0.23627805552213865,6,9,12,4480,0.0017807670997868881,2.350611827894282,0.6352326753599554,PRUNED
93,1.2445348562866447,2026-02-26 10:31:16.535045,2026-02-26 10:31:17.407093,0 days 00:00:00.872048,0.7082132550897816,0.8087535510260884,0.4089585772342394,0.030222122635959865,4,6,10,5191,3.859862487930853,3.6093647594596643,0.6084542493968909,PRUNED
94,1.2599111884271461,2026-02-26 10:31:17.433546,2026-02-26 10:31:17.775671,0 days 00:00:00.342125,0.6915663459644668,0.4568235647386822,4.249783103231152,0.16609164130099205,5,9,11,3263,0.004329904213832122,1.794649132905176,0.6394102356875401,PRUNED
95,1.3071551921417575,2026-02-26 10:31:17.800561,2026-02-26 10:31:18.421683,0 days 00:00:00.621122,0.6431546545349652,0.7897776330695656,0.005912134770394877,0.12936446409628427,5,8,11,5549,0.0015523026315284378,1.0022788244687857,0.9797942631297278,PRUNED
96,1.331557307803492,2026-02-26 10:31:18.446152,2026-02-26 10:31:19.015753,0 days 00:00:00.569601,0.749995145273246,0.7195764552445464,0.27005353632811696,0.20647041478723385,6,7,7,4915,0.002212671105239153,2.9409727693212075,0.6605106214004409,PRUNED
97,1.2511381861437532,2026-02-26 10:31:19.040624,2026-02-26 10:31:19.386027,0 days 00:00:00.345403,0.6742223624069164,0.429492248291739,1.0115992674309902,0.24699939118374892,1,9,1,4705,7.972733514086739,6.221592276646204,0.7691509639053651,PRUNED
98,1.2751604638399865,2026-02-26 10:31:19.410242,2026-02-26 10:31:20.011633,0 days 00:00:00.601391,0.7301889425410011,0.6951677963433434,0.051002717274417075,0.22139435880400166,4,10,9,3636,2.4657214501921145,8.437478725499204,0.6819247751360186,PRUNED
99,1.432885755206471,2026-02-26 10:31:20.036242,2026-02-26 10:31:20.572528,0 days 00:00:00.536286,0.6622723190877287,0.6441889874504019,0.0034598588097363827,0.18842536327480963,5,5,10,5214,0.0066721536482319335,0.19140964425978949,0.62042521107109,COMPLETE
100,1.4510656831010298,2026-02-26 10:31:20.600358,2026-02-26 10:31:21.136138,0 days 00:00:00.535780,0.6654496403353423,0.661116153059166,0.001527179638959293,0.15746405330810406,5,5,10,5309,0.006635136578825414,0.2187457195105857,0.6191356488394538,COMPLETE
101,1.4552295582600956,2026-02-26 10:31:21.165159,2026-02-26 10:31:21.636232,0 days 00:00:00.471073,0.7011947110597528,0.48943625862410783,0.0034375647950065005,0.1843087658499489,4,4,10,5938,0.0041829592733248835,0.012575042875303009,0.6283936456306526,COMPLETE
102,1.2608153078074533,2026-02-26 10:31:21.664112,2026-02-26 10:31:22.039710,0 days 00:00:00.375598,0.6824387220536309,0.638862136495974,0.0021260450221603413,0.19591054361453464,5,4,9,5636,0.0031727529984481016,0.14922605133352126,0.6429629524127146,PRUNED
103,1.4448861228004337,2026-02-26 10:31:22.064840,2026-02-26 10:31:22.498851,0 days 00:00:00.434011,0.6414218231039038,0.4439367793461631,0.003953573598664964,0.21260628967196155,5,5,11,5240,0.014880206381103482,1.5035782690323094,0.6535996179895956,COMPLETE
104,1.2384820147140163,2026-02-26 10:31:22.525625,2026-02-26 10:31:22.974531,0 days 00:00:00.448906,0.7926724275614927,0.4110230913023531,0.0028271706075477963,0.22922151567852236,6,7,10,4566,0.008700630454322284,0.0704131901673045,0.8920593032421823,PRUNED
105,1.2602223747317138,2026-02-26 10:31:23.010883,2026-02-26 10:31:23.592057,0 days 00:00:00.581174,0.712469311842876,0.46458092799360584,0.004951817782011729,0.16995593871148423,5,9,2,5428,5.327541400260849,0.47334309949027364,0.6057603611857716,PRUNED
106,1.2518347098944695,2026-02-26 10:31:23.617462,2026-02-26 10:31:24.014083,0 days 00:00:00.396621,0.620766482166298,0.850837081263947,0.0019163859062735873,0.23936440972565312,6,3,12,5812,1.4957343686794615,2.0427299303636244,0.6676527756384878,PRUNED
107,1.3228996111873812,2026-02-26 10:31:24.041254,2026-02-26 10:31:24.813046,0 days 00:00:00.771792,0.6548880170269503,0.8126759596431417,0.0383024116582821,0.11651848769906821,4,9,5,3054,0.023560548193855238,0.04245416543329031,0.628862132944873,PRUNED
108,1.268156172114531,2026-02-26 10:31:24.839234,2026-02-26 10:31:25.425884,0 days 00:00:00.586650,0.7458151003875544,0.7356101224560172,0.007607863785967508,0.20100196847318744,3,9,9,5062,3.290064848768785,2.4911057047230667,0.6166429520622226,PRUNED
109,1.2650100936884483,2026-02-26 10:31:25.450785,2026-02-26 10:31:26.151781,0 days 00:00:00.700996,0.7229968593152241,0.779754408051605,0.0713568447999039,0.13914310780748337,7,8,11,2774,0.0056112034624371315,0.10010434945982744,0.7336139565643668,PRUNED
110,1.2914781548335708,2026-02-26 10:31:26.181041,2026-02-26 10:31:26.799833,0 days 00:00:00.618792,0.5993969319097915,0.7575906255057201,0.0024889606457342644,0.22337074679723748,5,6,3,2898,4.2465501364300176,1.1705251915978834,0.6965367632224926,PRUNED
111,1.262206447176181,2026-02-26 10:31:26.823845,2026-02-26 10:31:27.216699,0 days 00:00:00.392854,0.7133781440628855,0.4498879178362758,0.17253869904601302,0.2183608677152726,5,8,6,2581,4.843193846022192,4.39103133037552,0.6381108648604136,PRUNED
112,1.4206629645241229,2026-02-26 10:31:27.239981,2026-02-26 10:31:27.788713,0 days 00:00:00.548732,0.7585761835691458,0.5221188789804629,0.0011219742357027333,0.24706413901834176,4,8,5,2969,5.488468304843989,3.470411619003025,0.6470407245744598,COMPLETE
113,1.2367434631438707,2026-02-26 10:31:27.814878,2026-02-26 10:31:28.267972,0 days 00:00:00.453094,0.7574255154603056,0.48472606653085143,0.0011201930271632604,0.24506591651910023,4,8,4,3233,6.740873056079556,3.477575257433048,0.6520987376247078,PRUNED
114,1.2799263404984182,2026-02-26 10:31:28.291690,2026-02-26 10:31:28.851930,0 days 00:00:00.560240,0.6989793704158316,0.5252233312205745,0.003559107149147027,0.23184406980507366,4,9,5,3452,0.002550844941744111,3.016926740461369,0.6449546715205984,PRUNED
115,1.2713795671900352,2026-02-26 10:31:28.878435,2026-02-26 10:31:29.520679,0 days 00:00:00.642244,0.985775692920205,0.6116395216667015,0.0015182666024695615,0.20868003627332304,5,8,7,2942,2.108391687207823,1.9315864296944274,0.6787648350667066,PRUNED
116,1.2433648566432434,2026-02-26 10:31:29.545187,2026-02-26 10:31:30.082775,0 days 00:00:00.537588,0.7757702411745641,0.5023302300637246,0.0018250663961257396,0.24861180164223406,0,7,4,3161,0.061533687708437416,5.165445766857217,0.6585540961407081,PRUNED
117,1.239660123138728,2026-02-26 10:31:30.108516,2026-02-26 10:31:30.695328,0 days 00:00:00.586812,0.7340748594163451,0.5847252871886068,0.0012892028295633643,0.08345577405992342,3,9,6,2295,7.907931613835628,1.684685941953856,0.6274671520937456,PRUNED
118,1.2369228557402983,2026-02-26 10:31:30.720700,2026-02-26 10:31:31.219415,0 days 00:00:00.498715,0.6712601164123208,0.4285912284045718,0.0026311731042366233,0.18918526703732946,4,9,8,2725,0.13508063697992356,3.80731262746137,0.6009881605303737,PRUNED
119,1.4172013717958154,2026-02-26 10:31:31.245082,2026-02-26 10:31:31.823447,0 days 00:00:00.578365,0.5522501931282466,0.4648745705684691,0.002226954231203431,0.23298496095498747,6,9,12,1780,0.0011948986659971405,0.7939597059219441,0.813391288041634,COMPLETE
120,1.2359236707514747,2026-02-26 10:31:31.852406,2026-02-26 10:31:32.585457,0 days 00:00:00.733051,0.5311367446166142,0.6788132732667271,0.0010638705373865452,0.04382488967598608,5,8,10,1196,0.001215999408983801,1.336821174628877,0.808743791639934,PRUNED
121,1.2568033662435867,2026-02-26 10:31:32.619541,2026-02-26 10:31:33.082665,0 days 00:00:00.463124,0.5543931741204334,0.47750015842746496,0.002047726808479828,0.2371709413584192,6,9,12,4286,0.0015812432049515104,0.8573659296606911,0.9297241382388459,PRUNED
122,1.2355669940675893,2026-02-26 10:31:33.106979,2026-02-26 10:31:33.533260,0 days 00:00:00.426281,0.5477630773272383,0.4691819658007615,0.0016118375469699872,0.24988827009386833,6,9,12,1633,0.0022100379110546672,2.9026725885712734,0.8615960817122403,PRUNED
123,1.438564212289858,2026-02-26 10:31:33.558670,2026-02-26 10:31:34.142038,0 days 00:00:00.583368,0.759710217631424,0.4386710379126596,0.002941171047041029,0.22445056391354645,6,9,12,1982,0.2807264555757244,2.2867953126559764,0.6703500949200947,COMPLETE
124,1.4311364652302223,2026-02-26 10:31:34.171091,2026-02-26 10:31:34.667691,0 days 00:00:00.496600,0.5822165681015803,0.4017197094329144,0.0030174648561156316,0.226131277072789,5,9,11,2014,0.22563204958279023,2.2735365116984205,0.6498256168626753,COMPLETE
125,1.4463969644169918,2026-02-26 10:31:34.698671,2026-02-26 10:31:35.197098,0 days 00:00:00.498427,0.57657615348758,0.42030512559598804,0.0028463670537667964,0.22597786623090774,7,9,11,1949,0.2131930596242535,0.2787496251788627,0.6358801515523169,COMPLETE
126,1.4523798622362671,2026-02-26 10:31:35.225671,2026-02-26 10:31:35.703339,0 days 00:00:00.477668,0.5234071160876141,0.40482031439871513,0.12003677898494107,0.21482292003504935,6,10,12,1824,0.09004375481162998,1.4638107186695766,0.656305454400692,COMPLETE
127,1.2342747113346222,2026-02-26 10:31:35.737083,2026-02-26 10:31:36.191037,0 days 00:00:00.453954,0.5873457855974676,0.4368427294001236,0.0046170742224543255,0.19889087793452667,5,9,11,2113,0.3101689450374678,2.4298187016076582,0.6451186466973113,PRUNED
128,1.4309481531271977,2026-02-26 10:31:36.224250,2026-02-26 10:31:36.766988,0 days 00:00:00.542738,0.5662573218417728,0.40204558548721825,0.0038334011939971805,0.22838186645026726,6,8,5,1446,0.48918967581100153,0.35519531421886724,0.7559427490194317,COMPLETE
129,1.3114521346487256,2026-02-26 10:31:36.795303,2026-02-26 10:31:37.258876,0 days 00:00:00.463573,0.608415034978469,0.4220037530498451,0.0038276119183252746,0.2078433703836785,6,8,5,1283,0.4945446020257834,0.32978047245086106,0.7561634605903749,PRUNED
130,1.2460251555064883,2026-02-26 10:31:37.283771,2026-02-26 10:31:37.708437,0 days 00:00:00.424666,0.5701822598103806,0.4046832494087599,0.0890566508420288,0.2235407109166535,6,8,6,1445,0.31195264140326845,0.5866590407395449,0.7547997097950844,PRUNED
131,1.2432261420752029,2026-02-26 10:31:37.734586,2026-02-26 10:31:38.253929,0 days 00:00:00.519343,0.5449086355957451,0.8294911434480452,0.0013820891914295484,0.23534910220608588,6,7,12,1656,0.5228693934853476,0.3995236109676064,0.7695453938212143,PRUNED
132,1.2703048442693388,2026-02-26 10:31:38.278638,2026-02-26 10:31:38.756381,0 days 00:00:00.477743,0.5599394946250684,0.4001725678153312,0.0031591510776653228,0.2296992042596295,5,9,5,1950,0.4197597763541722,0.11028781861211494,0.7808497804440001,PRUNED
133,1.2474136397593958,2026-02-26 10:31:38.781240,2026-02-26 10:31:39.297089,0 days 00:00:00.515849,0.5712678612337084,0.4511605880729821,0.002370176752370735,0.21893304561743762,2,8,4,1450,0.23890015886521784,0.20980679632653837,0.7949137223014698,PRUNED
134,1.458941486982902,2026-02-26 10:31:39.323507,2026-02-26 10:31:39.884754,0 days 00:00:00.561247,0.6368969433437929,0.43265171396926666,0.001738007118372565,0.17998448276383341,7,9,10,1784,0.5882228338812923,0.18633030286142332,0.6209956155642864,COMPLETE
135,1.2729138967714722,2026-02-26 10:31:39.912706,2026-02-26 10:31:40.311364,0 days 00:00:00.398658,0.5790611982977371,0.4603948425653352,0.51919818851839,0.20161104184310152,6,8,5,1832,0.14392728105133326,0.7402348760818256,0.6623128925296032,PRUNED
136,1.2562120866508948,2026-02-26 10:31:40.336808,2026-02-26 10:31:40.922868,0 days 00:00:00.586060,0.5005723657337993,0.800026088100695,0.003033393873745466,0.2387260003747478,5,9,7,2259,0.17816801542258112,0.1384721451901125,0.8216589567186172,PRUNED
137,1.24787779285626,2026-02-26 10:31:40.947517,2026-02-26 10:31:41.385466,0 days 00:00:00.437949,0.5981122050769926,0.41755191621665166,0.0056271224874589855,0.21225965912866868,5,9,9,1517,0.3751561643396932,1.0761772139155492,0.648986664864227,PRUNED
138,1.2585889385338638,2026-02-26 10:31:41.410184,2026-02-26 10:31:41.758753,0 days 00:00:00.348569,0.9559294762431371,0.4397895708987993,3.4051190977940045,0.22841240997143422,6,7,10,2044,0.283996977405445,2.2864229706083523,0.7793555296253928,PRUNED
139,1.2658499494497713,2026-02-26 10:31:41.783884,2026-02-26 10:31:42.277222,0 days 00:00:00.493338,0.5232945281023319,0.5469275064672953,0.004308783558569029,0.24073424976709576,5,9,4,1049,0.8377885109994437,3.283302861323188,0.6313639487060003,PRUNED
140,1.2439979933072725,2026-02-26 10:31:42.301332,2026-02-26 10:31:42.780817,0 days 00:00:00.479485,0.8093681368193195,0.7714438182391884,0.0021464007340018477,0.2494268100883257,5,5,11,1591,0.0010094294524834223,4.337414109377585,0.6747908570661673,PRUNED
141,1.4449968218621234,2026-02-26 10:31:42.805515,2026-02-26 10:31:43.340162,0 days 00:00:00.534647,0.7430982235444188,0.4465579402208551,0.002363808599282448,0.2276881142489093,4,9,11,662,5.502597376611098,1.8796472563796136,0.669371240535522,COMPLETE
142,1.2400920950623766,2026-02-26 10:31:43.369667,2026-02-26 10:31:43.979318,0 days 00:00:00.609651,0.7595469781784626,0.7105554573200425,0.0018099716436299476,0.23839509845021772,4,9,11,3088,1.1025788729454074,1.5520896950462317,0.7411397882831524,PRUNED
143,1.4634378272651187,2026-02-26 10:31:44.004385,2026-02-26 10:31:44.555000,0 days 00:00:00.550615,0.7244658222943542,0.4137708051598535,0.00330542970883937,0.21462037486618635,5,9,11,2421,3.374151423535684,2.771409682148513,0.7095520711364511,COMPLETE
144,1.2697490641178808,2026-02-26 10:31:44.583503,2026-02-26 10:31:44.959598,0 days 00:00:00.376095,0.6862442875176576,0.42563632248401156,1.7964730872160561,0.20075318146556564,4,9,2,3320,6.301808705532662,1.9322898784800755,0.8426804603592243,PRUNED
145,1.2285294175619754,2026-02-26 10:31:44.984118,2026-02-26 10:31:45.400832,0 days 00:00:00.416714,0.6250051009109013,0.4583554691991863,0.0027541172019941995,0.2214660063777108,7,6,12,5660,0.1806121044705462,1.2941101654526108,0.6430559691191161,PRUNED
146,1.4440339973816623,2026-02-26 10:31:45.425091,2026-02-26 10:31:46.008637,0 days 00:00:00.583546,0.6969699744843901,0.4361639240857682,0.02594465551318776,0.2410843723866881,5,8,10,3000,0.0013761588308330583,0.07604710828039866,0.6125350798305679,COMPLETE
147,1.4468098773390377,2026-02-26 10:31:46.037215,2026-02-26 10:31:46.594208,0 days 00:00:00.556993,0.6094735500155474,0.48356613177824476,0.0014457161010883197,0.20801983379734593,6,10,12,4099,4.187156038437593,1.0796352011969839,0.6862004707272805,COMPLETE
148,1.2482882692885835,2026-02-26 10:31:46.621116,2026-02-26 10:31:47.112153,0 days 00:00:00.491037,0.7790390662223365,0.49582243387616953,0.0038492231701091387,0.1937399204697354,5,8,11,5356,0.6920741218612766,2.3137814726467556,0.6527458196100236,PRUNED
149,1.4479854258691702,2026-02-26 10:31:47.158286,2026-02-26 10:31:47.653566,0 days 00:00:00.495280,0.7327874867525697,0.41315231750157444,0.0010222476519151397,0.24869527768688693,4,9,8,2530,8.684589225195635,3.873563702711898,0.6371071876858732,COMPLETE
150,1.2808187426174178,2026-02-26 10:31:47.682952,2026-02-26 10:31:48.278099,0 days 00:00:00.595147,0.7528755824140443,0.5139954684833281,0.002171291475717589,0.22985309678869867,1,9,3,4930,2.6919799674316196,1.6544559548000808,0.6679273852926394,PRUNED
151,1.2693507120296628,2026-02-26 10:31:48.302281,2026-02-26 10:31:48.812196,0 days 00:00:00.509915,0.7087806222383904,0.47443133588534775,0.006898674684988267,0.18229496122288383,6,9,12,4814,0.001993809528866972,2.221528618644884,0.9610584079698989,PRUNED
152,1.5093061281459348,2026-02-26 10:31:48.838001,2026-02-26 10:31:49.584214,0 days 00:00:00.746213,0.7415932287313718,0.44922838304174134,0.009604578749650055,0.06492474447701749,6,9,12,2850,0.0017662422176611744,2.654864011379064,0.6242525054243317,COMPLETE
153,1.441824521871976,2026-02-26 10:31:49.615081,2026-02-26 10:31:50.220082,0 days 00:00:00.605001,0.7637607835403463,0.4654197748577131,0.005323620087636111,0.21624812700949736,5,9,11,2202,0.0011940664701927184,2.992566472697258,0.8014377614753677,COMPLETE
154,1.4450623578556399,2026-02-26 10:31:50.248615,2026-02-26 10:31:50.810827,0 days 00:00:00.562212,0.6657610881603053,0.46735586119169764,0.00532623016105211,0.2157439908713694,5,9,11,1890,0.0013486770182909978,3.5156808852091874,0.7978677864874912,COMPLETE
155,1.255181596508318,2026-02-26 10:31:50.839952,2026-02-26 10:31:51.341038,0 days 00:00:00.501086,0.7644153305135009,0.45765023808322186,0.0025411894966094325,0.23282352012207358,5,10,10,2262,0.001136577850413428,5.4276664622322635,0.7871054297016031,PRUNED
156,1.440177944682163,2026-02-26 10:31:51.367986,2026-02-26 10:31:51.962439,0 days 00:00:00.594453,0.7901031249304736,0.439753751237593,0.0044551718667040306,0.24925442644142604,5,9,11,2159,0.002869025357966672,2.6703037612680545,0.8036412413495628,COMPLETE
157,1.2294798589687417,2026-02-26 10:31:51.991293,2026-02-26 10:31:52.497430,0 days 00:00:00.506137,0.7809527262435245,0.40064658443394857,0.004525479352016767,0.22176588429494284,5,8,10,1697,0.0030339576106008085,3.0880155060159526,0.8132897966242848,PRUNED
158,1.230958597561404,2026-02-26 10:31:52.524880,2026-02-26 10:31:52.879824,0 days 00:00:00.354944,0.7528466730286918,0.426473894011294,1.2624224473242316,0.20405256338056812,5,9,11,2150,0.004078333685685418,4.104692555790185,0.8364526643011537,PRUNED
159,1.276861062521246,2026-02-26 10:31:52.904528,2026-02-26 10:31:53.552428,0 days 00:00:00.647900,0.7874429199586528,0.8196037673745183,0.012533787654419558,0.23642836567147824,5,9,11,2107,0.005042193353386007,2.6910743205385503,0.8189805122771594,PRUNED
160,1.2933086933645874,2026-02-26 10:31:53.577977,2026-02-26 10:31:54.262171,0 days 00:00:00.684194,0.7647222462473243,0.8444342038378646,0.0038467642565571166,0.1917351793684407,5,9,11,1753,0.009070196431023669,0.08909071303605377,0.8056385368530548,PRUNED
161,1.2720652313501424,2026-02-26 10:31:54.291804,2026-02-26 10:31:54.741563,0 days 00:00:00.449759,0.7288141107639468,0.43890034691421886,0.003207875976222933,0.24602357120924853,4,9,11,2054,0.002669891271813128,1.976054698270617,0.8016640504122501,PRUNED
162,1.425803840986236,2026-02-26 10:31:54.767558,2026-02-26 10:31:55.404820,0 days 00:00:00.637262,0.7166008889977227,0.4481174102294478,0.002058573661916339,0.24782540694640454,5,9,10,3181,0.0016220474136096385,1.7751818255070582,0.6578376338941385,COMPLETE
163,1.437225598062607,2026-02-26 10:31:55.434138,2026-02-26 10:31:56.003336,0 days 00:00:00.569198,0.7174544481392182,0.45425028623939856,0.00577410270298993,0.23011092389330012,5,9,9,3168,0.0034094690161040916,1.5384009252333997,0.6577405515609199,COMPLETE
164,1.259744514924135,2026-02-26 10:31:56.031614,2026-02-26 10:31:56.532819,0 days 00:00:00.501205,0.7130114480295845,0.4808767433870118,0.0017714495190456318,0.24953301405681416,6,8,9,3176,0.003360412367031688,1.5128170218209447,0.6544053646167802,PRUNED
165,1.2490368707250783,2026-02-26 10:31:56.565524,2026-02-26 10:31:57.066400,0 days 00:00:00.500876,0.6767405839317323,0.451283987370849,0.002609645578385003,0.22772093861411977,5,9,8,3378,0.0016826940264536194,0.9517372256643795,0.6606073869076715,PRUNED
166,1.430297447049578,2026-02-26 10:31:57.099541,2026-02-26 10:31:57.855008,0 days 00:00:00.755467,0.6930909695743721,0.43196490428637396,0.0354586855208411,0.23382829125419957,5,9,9,2971,0.0027218156216655557,1.2842592031422284,0.6411575924154305,COMPLETE
167,1.2365086465675077,2026-02-26 10:31:57.893918,2026-02-26 10:31:58.337574,0 days 00:00:00.443656,0.6905154495798784,0.4159028927358983,0.04134337543459005,0.23363503961464618,6,8,9,3024,0.0023825029571878232,1.247684438380821,0.6453290327003126,PRUNED
168,1.3098369353815533,2026-02-26 10:31:58.371781,2026-02-26 10:31:59.012982,0 days 00:00:00.641201,0.6928845897436238,0.8022283346766608,0.03560147463216843,0.21224701254379116,5,9,9,2673,0.006281878488846799,1.6828493607315922,0.6357092520972528,PRUNED
