number,value,datetime_start,datetime_complete,duration,params_colsample_bynode,params_colsample_bytree,params_gamma,params_learning_rate,params_max_delta_step,params_max_depth,params_min_child_weight,params_n_estimators,params_reg_alpha,params_reg_lambda,params_subsample,state
590,1.2273157753671236,2026-02-26 10:35:55.560588,2026-02-26 10:35:56.037153,0 days 00:00:00.476565,0.7653486150160821,0.5048352476008323,0.04618247231108434,0.1617416872494029,0,7,12,4788,3.406424552053419,0.03381465301958318,0.8324931540067619,PRUNED
591,1.234767390271116,2026-02-26 10:35:56.066100,2026-02-26 10:35:56.412764,0 days 00:00:00.346664,0.5561442723784338,0.49218913426752164,0.0763699925419371,0.17569243436979687,7,3,11,3762,0.002927038407193815,6.2372536631527495,0.6075607763314983,PRUNED
592,1.2712269325645904,2026-02-26 10:35:56.442093,2026-02-26 10:35:56.906516,0 days 00:00:00.464423,0.7817927116951955,0.7210064472530722,0.002003396535502401,0.21346150076319553,5,4,12,2980,0.001355050909852747,0.047665592480798304,0.6328312353024794,PRUNED
593,1.238727485327281,2026-02-26 10:35:56.936423,2026-02-26 10:35:57.360057,0 days 00:00:00.423634,0.8057407985528573,0.5276377529999061,0.8449296046722047,0.23008714920225207,8,7,12,5641,0.013376691887688934,2.26137841032017,0.8181407130248551,PRUNED
594,1.28899782723337,2026-02-26 10:35:57.393112,2026-02-26 10:35:57.839924,0 days 00:00:00.446812,0.5047809310822031,0.7919580588736157,0.680378743293508,0.23827435495693208,7,8,11,4312,0.0022846545877811208,0.09806476638052916,0.6194599152327934,PRUNED
595,1.2382349483032198,2026-02-26 10:35:57.870791,2026-02-26 10:35:58.245324,0 days 00:00:00.374533,0.542807098186889,0.6190325078527427,0.022290274600053513,0.22067681441720566,5,4,11,3164,0.29892521124163157,0.02396902512491176,0.7946975285639799,PRUNED
596,1.2380958514819531,2026-02-26 10:35:58.289723,2026-02-26 10:35:59.120726,0 days 00:00:00.831003,0.7555083589159349,0.7572448660375762,0.026786591894052834,0.044890506482792226,10,7,12,2786,0.0019832839334007657,3.3530256321342184,0.627980083139657,PRUNED
597,1.2744921279490777,2026-02-26 10:35:59.150365,2026-02-26 10:35:59.587508,0 days 00:00:00.437143,0.7182376020776615,0.48050103684721185,0.0016675678963071548,0.2090304427100078,5,7,12,5800,0.0014931269164759032,7.892929993929915,0.6418187790378045,PRUNED
598,1.2437624390572222,2026-02-26 10:35:59.617143,2026-02-26 10:36:00.122955,0 days 00:00:00.505812,0.567454726480107,0.5459564406557535,0.014693782259358973,0.19124187276754365,9,8,12,5546,0.0011119556089632544,4.555897626677658,0.8245338867116607,PRUNED
599,1.2233367700018007,2026-02-26 10:36:00.155105,2026-02-26 10:36:00.765125,0 days 00:00:00.610020,0.7689522287858099,0.6004748226116808,0.039555713820726326,0.23842922374677641,6,10,11,3001,0.0890701097856108,9.953102563898826,0.8102548853068567,PRUNED
