number,value,datetime_start,datetime_complete,duration,params_colsample_bytree,params_gamma,params_learning_rate,params_max_delta_step,params_max_depth,params_min_child_weight,params_n_estimators,params_reg_alpha,params_reg_lambda,params_scale_pos_weight,params_subsample,state
504,0.13904404350344177,2026-02-26 14:40:57.737361,2026-02-26 14:41:15.458667,0 days 00:00:17.721306,0.69154745701642,0.004765287248558007,0.18820662375101563,10,9,1,1921,0.10267033760569731,1.7428599656724513,12.834362046254903,0.7657248016834095,PRUNED
505,0.14335507519658777,2026-02-26 14:41:15.495217,2026-02-26 14:41:34.658784,0 days 00:00:19.163567,0.736195102170084,0.028845395760274926,0.17929346091870746,9,10,1,1952,0.043616589680535306,0.7687891417776487,13.197201678500168,0.8069639979829765,PRUNED
506,0.13519590567173204,2026-02-26 14:41:34.688892,2026-02-26 14:41:53.524475,0 days 00:00:18.835583,0.679241291282858,0.0038450555911119285,0.19273381210763527,10,10,1,1898,0.03392852579555192,1.1269534264788108,12.413848635746158,0.785797515372502,PRUNED
507,0.2826306326977474,2026-02-26 14:41:53.552378,2026-02-26 14:42:11.552426,0 days 00:00:18.000048,0.7215704212895399,0.02069855984388786,0.17008355311825593,9,10,1,1865,0.06762151022132662,0.9041386418253701,12.765669993983979,0.8362521187638509,COMPLETE
508,0.1435139283893738,2026-02-26 14:42:11.588046,2026-02-26 14:42:29.458609,0 days 00:00:17.870563,0.7058342477136994,0.18817893983009404,0.18740463091734094,10,10,1,1976,0.08604878088526646,1.4109295485704358,12.00808258917564,0.758594248142078,PRUNED
509,0.13474364660709226,2026-02-26 14:42:29.500853,2026-02-26 14:42:52.081884,0 days 00:00:22.581031,0.668562522746373,0.017810057547194422,0.19348685719130576,10,9,2,1936,0.05778392606710302,4.261972787765908,12.006069124966809,0.7434913732846735,PRUNED
510,0.2932694696659107,2026-02-26 14:42:52.111506,2026-02-26 14:43:10.586403,0 days 00:00:18.474897,0.6136914700279045,0.00730057905820693,0.18103697759983453,9,10,1,1910,0.07188808719880646,0.7431533666271206,13.63532230245357,0.7783858289710313,COMPLETE
511,0.27967993440405625,2026-02-26 14:43:10.618249,2026-02-26 14:43:33.119985,0 days 00:00:22.501736,0.696938196189307,0.13748539112933328,0.1939996506802622,10,9,1,1972,0.0459237309926218,1.0369434169413634,12.740084810083479,0.7696321851591703,COMPLETE
512,0.14356634044760036,2026-02-26 14:43:33.151941,2026-02-26 14:43:52.299064,0 days 00:00:19.147123,0.6286449934646573,0.009894918031427821,0.18429259114442645,9,10,1,1871,0.09614167516789024,1.5633120791596942,12.410452652722514,0.7902239823508066,PRUNED
513,0.15247285915070025,2026-02-26 14:43:52.333105,2026-02-26 14:44:21.896135,0 days 00:00:29.563030,0.7502054585396764,0.024206962556878004,0.1735903344328599,9,9,3,1943,0.0204254042448785,1.2680616686398345,14.075443692414405,0.7516922594988065,PRUNED
514,0.2855971077143796,2026-02-26 14:44:21.925794,2026-02-26 14:44:45.152812,0 days 00:00:23.227018,0.7172088747471486,0.011842655001609845,0.18844750826679513,10,10,1,1091,0.135619838447006,2.948950743535589,13.229363349024997,0.8205197244512548,COMPLETE
515,0.13221649401024627,2026-02-26 14:44:45.185964,2026-02-26 14:45:05.707817,0 days 00:00:20.521853,0.6765117313320236,0.006324485533529975,0.19978487484754726,10,10,2,1905,0.1115538047386625,0.8730142942943016,12.441142022733583,0.7602048157638923,PRUNED
516,0.13645220702998864,2026-02-26 14:45:05.737970,2026-02-26 14:45:55.179330,0 days 00:00:49.441360,0.767470802228331,0.005075857286654856,0.05489624872106775,10,9,1,1997,0.0543587091025589,0.721936841440601,12.942765700699509,0.7739147299319292,PRUNED
517,0.27970554750993243,2026-02-26 14:45:55.208771,2026-02-26 14:46:15.430660,0 days 00:00:20.221889,0.6403815935554739,0.015890259203152516,0.18030780827228585,9,10,1,1859,0.03783393031078396,1.0839405264742372,12.399329202272533,0.7132421474777775,COMPLETE
518,0.13536481355379584,2026-02-26 14:46:15.465199,2026-02-26 14:46:33.254268,0 days 00:00:17.789069,0.6879079197091852,0.003557218340552634,0.19978138778540924,10,9,1,1945,0.08027104723115902,1.8372934687316385,12.00517608910474,0.7361344434345445,PRUNED
519,0.13515395157275903,2026-02-26 14:46:33.290103,2026-02-26 14:46:54.842359,0 days 00:00:21.552256,0.6641678150353952,0.02044186727545596,0.1892738563146745,10,10,1,1897,0.06358855283605325,0.8913716460959029,12.780976158991358,0.7486841877202043,PRUNED
520,0.27805524530119163,2026-02-26 14:46:54.871169,2026-02-26 14:47:17.863530,0 days 00:00:22.992361,0.7258755627463872,0.029083798422924995,0.16744298559944853,9,10,1,1841,0.0258895785802686,0.5462898773158085,12.4830249789949,0.7989820556383439,COMPLETE
521,0.13615128322986816,2026-02-26 14:47:17.897070,2026-02-26 14:47:48.049442,0 days 00:00:30.152372,0.7117648614896004,0.004111065158490801,0.17628315970482325,10,9,3,1928,0.047961800482004845,1.2109901563217063,13.355804461450896,0.7643239523500763,PRUNED
522,0.13543542733900776,2026-02-26 14:47:48.078824,2026-02-26 14:48:06.697047,0 days 00:00:18.618223,0.700161347560189,0.013899600874059007,0.19382121416306833,10,10,2,1968,0.2139130930556418,0.693439570595715,12.402381234677943,0.7790836834937909,PRUNED
523,0.14569161464089325,2026-02-26 14:48:06.742118,2026-02-26 14:48:24.139560,0 days 00:00:17.397442,0.7427720227197341,0.022923958464310244,0.19995537180699302,9,10,1,2000,0.005760771699316,1.0024830927600439,12.009407171429244,0.7852391415212457,PRUNED
524,0.27506550521081174,2026-02-26 14:48:24.170431,2026-02-26 14:48:52.805432,0 days 00:00:28.635001,0.6819565336670121,0.041200818587214465,0.1845968086060269,10,9,2,1010,0.030957057104774772,1.4297292077702637,12.004956622087557,0.7246596645564094,COMPLETE
525,0.1381939486898287,2026-02-26 14:48:52.838004,2026-02-26 14:49:19.778022,0 days 00:00:26.940018,0.6823554777509004,0.045991624815539804,0.16880694949029112,8,10,2,914,0.028761697939870014,1.615431029829137,12.914207324680012,0.7166133593941566,PRUNED
526,0.2745985913030567,2026-02-26 14:49:19.808597,2026-02-26 14:49:46.011695,0 days 00:00:26.203098,0.6924363428967367,0.042578629347018185,0.1820529434698025,10,9,2,1018,0.031594455301700755,2.2706877477648524,12.004933871571435,0.7298867800243862,COMPLETE
527,0.13462831562915914,2026-02-26 14:49:46.097766,2026-02-26 14:50:08.758056,0 days 00:00:22.660290,0.6982923377280408,0.061684736399630714,0.17291807234757883,8,9,2,972,0.02301180455822783,3.034508630127242,12.48165716212648,0.7195091182630756,PRUNED
528,0.14944553608250727,2026-02-26 14:50:08.827675,2026-02-26 14:50:36.546035,0 days 00:00:27.718360,0.7067045956770959,0.04115413880885339,0.18044926967314984,10,10,2,1000,0.031215481412689615,2.5034710042777304,28.168094340742034,0.7096066655499239,PRUNED
529,0.1400454736747339,2026-02-26 14:50:36.575249,2026-02-26 14:50:54.194310,0 days 00:00:17.619061,0.6892458629025978,0.052618711147810894,0.17339689096713726,10,10,2,930,0.017774080277716892,1.8580141937190577,12.82460782628243,0.7254831856209739,PRUNED
530,0.13516299977811416,2026-02-26 14:50:54.233202,2026-02-26 14:51:29.161250,0 days 00:00:34.928048,0.7285883660096351,0.03640011407133198,0.16466662165864387,9,9,2,993,0.032715873151233435,2.0124012892837055,12.007762840309416,0.6974210724732592,PRUNED
531,0.13654133342451422,2026-02-26 14:51:29.190961,2026-02-26 14:51:52.941070,0 days 00:00:23.750109,0.7120899799155049,0.0491986760818661,0.18234991810236198,10,10,2,1032,0.0367736257602217,2.5242789359853566,15.343336547839058,0.7254663157278548,PRUNED
532,0.13370861716650184,2026-02-26 14:51:52.970877,2026-02-26 14:52:16.102550,0 days 00:00:23.131673,0.6943678174189208,0.039581834193996204,0.1761517846288769,9,9,2,1054,0.02808942410172085,2.236114691587429,13.34256629455801,0.7312544768491881,PRUNED
533,0.13947800230796153,2026-02-26 14:52:16.133201,2026-02-26 14:52:38.150402,0 days 00:00:22.017201,0.7180175029078615,0.04304165229162247,0.18568644297399275,10,10,3,949,0.023583238586457923,2.8233200943031784,12.417300503331527,0.7458343206799845,PRUNED
534,0.2810442062760269,2026-02-26 14:52:38.180747,2026-02-26 14:53:13.452366,0 days 00:00:35.271619,0.7035861518358175,0.08608113344514955,0.10439994641350829,10,10,2,1018,0.03814066856363106,1.6830218754777553,12.008407459805882,0.7214025316325217,COMPLETE
535,0.14327180145178348,2026-02-26 14:53:13.485489,2026-02-26 14:53:39.646490,0 days 00:00:26.161001,0.6846870129518356,0.07150326286242376,0.1819636717262601,10,9,2,1018,0.030396465863865997,2.3462044991450495,12.7891009178131,0.7355494668098168,PRUNED
536,0.13650079005254634,2026-02-26 14:53:39.675861,2026-02-26 14:54:02.323296,0 days 00:00:22.647435,0.7347484299203187,0.03252071882314395,0.1687284758555033,9,10,2,1081,0.04045751538185847,2.0980015145629314,12.466805808666187,0.7244658237963693,PRUNED
537,0.13343859496564184,2026-02-26 14:54:02.352098,2026-02-26 14:54:31.234082,0 days 00:00:28.881984,0.6970500179987232,0.05097179059435731,0.18652189137174888,10,9,2,1042,0.021251053067408904,1.4303153082750075,13.322598055940356,0.7253674168976539,PRUNED
538,0.15897792344105766,2026-02-26 14:54:31.264988,2026-02-26 14:55:05.742826,0 days 00:00:34.477838,0.7213730670503686,0.03486129419984986,0.17790391494806387,9,5,2,1066,0.033510846232431585,0.01944318126268843,12.438598429608664,0.7331924951012121,PRUNED
539,0.13390740769805123,2026-02-26 14:55:05.775821,2026-02-26 14:55:49.505146,0 days 00:00:43.729325,0.6765552383073524,0.029428457719953113,0.18747044150050887,10,6,2,978,0.0417315275881731,3.9033267833591476,12.008637096968894,0.7338430257939983,PRUNED
540,0.1334877526823794,2026-02-26 14:55:49.535000,2026-02-26 14:56:22.937925,0 days 00:00:33.402925,0.7039127812645947,0.041709894408719556,0.14595114202819892,10,9,3,1108,0.048355644675979165,1.4053732378173525,13.842018307490044,0.7158095106502687,PRUNED
541,0.14065353379563245,2026-02-26 14:56:22.968040,2026-02-26 14:56:45.651646,0 days 00:00:22.683606,0.711719785904918,0.02638834783454748,0.1639297816181491,9,9,2,980,0.02765883005835045,0.765852657453535,12.864528094659306,0.741393366072529,PRUNED
542,0.28043266066094963,2026-02-26 14:56:45.683257,2026-02-26 14:57:08.694666,0 days 00:00:23.011409,0.6850553368309241,0.03499530778783176,0.15591125715651696,10,10,2,1048,0.03617167510664236,0.6049785078075843,12.426423745880623,0.7071880670824243,COMPLETE
543,0.1312290172690843,2026-02-26 14:57:08.728536,2026-02-26 14:57:33.595096,0 days 00:00:24.866560,0.7310466270634579,0.06368539214426482,0.17263521677329144,10,9,2,1008,0.018552391511173057,0.374165615944038,12.006376065206736,0.740101096093922,PRUNED
544,0.28337433535505474,2026-02-26 14:57:33.628031,2026-02-26 14:57:51.326836,0 days 00:00:17.698805,0.753811947602792,0.03091899189729647,0.18958964315740712,9,10,2,684,0.05126811499343755,1.921285039071207,13.107681060411808,0.8137995827278514,COMPLETE
545,0.2754838980068654,2026-02-26 14:57:51.361272,2026-02-26 14:58:10.903645,0 days 00:00:19.542373,0.6690928115811648,0.018655370380188857,0.1819655450386678,8,10,1,1107,0.024117264938652426,0.036860546848172936,12.001401143622012,0.8264924519155996,COMPLETE
546,0.13273865642369567,2026-02-26 14:58:10.938814,2026-02-26 14:58:28.751648,0 days 00:00:17.812834,0.667321578481644,0.01790406332165065,0.181496586527393,8,10,1,1171,0.024828087964726523,0.04224616803436807,12.731374930046728,0.8316654821032827,PRUNED
547,0.13878715413111845,2026-02-26 14:58:28.782390,2026-02-26 14:58:50.947216,0 days 00:00:22.164826,0.6743948121423894,0.020488931738301183,0.19153265749543175,7,8,1,1105,0.014844591353588057,1.2917301799074512,12.371702016562603,0.8439507919208986,PRUNED
548,0.2763224061298726,2026-02-26 14:58:50.989352,2026-02-26 14:59:16.411644,0 days 00:00:25.422292,0.6546593132514137,0.016036243504208465,0.1859804836366328,10,9,2,1122,0.020830449914949853,1.6045086532289226,12.004262194546175,0.826015838747416,COMPLETE
549,0.2732640733320101,2026-02-26 14:59:16.457605,2026-02-26 14:59:33.942938,0 days 00:00:17.485333,0.6652841500110709,0.011986934530977633,0.19989391974973109,10,10,1,890,0.02531003633193633,0.035812224851131336,12.000741367307539,0.8246956595534388,COMPLETE
550,0.13275416281005467,2026-02-26 14:59:33.978518,2026-02-26 14:59:51.771362,0 days 00:00:17.792844,0.6468422881482452,0.012987917005667891,0.19972355119420945,3,10,3,944,0.03060480580475899,0.03226645821186287,12.76612230890337,0.8390967485797493,PRUNED
551,0.2806034970348387,2026-02-26 14:59:51.802262,2026-02-26 15:00:09.142396,0 days 00:00:17.340134,0.6615469639225244,0.01149874359754313,0.19376063244923356,10,9,1,964,0.03342163183534058,1.736349033517207,12.472429423992661,0.8097845705790591,COMPLETE
552,0.13920169734726118,2026-02-26 15:00:09.178375,2026-02-26 15:00:27.340672,0 days 00:00:18.162297,0.6820876171029067,0.008604096052992817,0.1933127547684902,10,10,1,815,0.04084607917474602,0.012499454607096987,13.12223197857297,0.8273277099695037,PRUNED
553,0.13281017325565808,2026-02-26 15:00:27.370348,2026-02-26 15:00:49.268032,0 days 00:00:21.897684,0.6882694579478527,0.009841915832444956,0.19978721359606574,10,9,1,1021,0.027328094386701297,3.2853972871764445,12.39858352335929,0.8206496398813073,PRUNED
554,0.30034086032484614,2026-02-26 15:00:49.298763,2026-02-26 15:01:57.905334,0 days 00:01:08.606571,0.6624741617883785,0.014558311409956342,0.04976875798501413,10,9,2,893,0.04366962750412851,0.0240883101363391,12.731806029625863,0.7418164856785872,COMPLETE
555,0.14807912462448664,2026-02-26 15:01:57.952923,2026-02-26 15:02:23.188262,0 days 00:00:25.235339,0.67416749284758,0.01174442966073206,0.19184819816723553,10,10,4,890,0.034321509555948246,2.6105327746333473,19.933013083365672,0.7497312664613965,PRUNED
556,0.13776204051502763,2026-02-26 15:02:23.218509,2026-02-26 15:02:59.326971,0 days 00:00:36.108462,0.7429912062613343,0.014442884932761923,0.06264683943731117,10,10,8,909,0.004181541134006554,0.0825176756518949,12.016843158842514,0.7290607065824443,PRUNED
557,0.2915818786623352,2026-02-26 15:02:59.360336,2026-02-26 15:03:25.505466,0 days 00:00:26.145130,0.6415594370026872,0.016953153187805714,0.19285320703062847,10,9,1,867,0.01169423546435592,0.10181909489576794,13.63414470503943,0.8202778718464697,COMPLETE
558,0.2752078945533504,2026-02-26 15:03:25.539785,2026-02-26 15:03:42.971721,0 days 00:00:17.431936,0.6938761253726766,0.024436466040493755,0.19996117052663162,10,10,1,801,0.023478015392688685,1.1323238025228328,12.405129109880445,0.7365513329541594,COMPLETE
559,0.14047835043540255,2026-02-26 15:03:43.011634,2026-02-26 15:04:00.567423,0 days 00:00:17.555789,0.6888029835498207,0.026012843245338046,0.19442209360007867,10,10,1,915,0.02057775681437203,1.3441508461054792,13.201456581756034,0.7285944949385571,PRUNED
560,0.2873901475829877,2026-02-26 15:04:00.604455,2026-02-26 15:04:18.312645,0 days 00:00:17.708190,0.6753416568148859,0.02351877103117441,0.1955993043809381,10,10,3,852,0.018117508193972124,1.175353467783797,13.036263254169612,0.8513096641912619,COMPLETE
561,0.13671238468631644,2026-02-26 15:04:18.345355,2026-02-26 15:04:39.134045,0 days 00:00:20.788690,0.6949498191346717,0.008258425107487548,0.199678635717176,10,10,1,731,0.026811992904453713,1.5101986089504829,14.464662290324261,0.7349873102051978,PRUNED
562,0.1313203812749027,2026-02-26 15:04:39.164811,2026-02-26 15:04:56.821345,0 days 00:00:17.656534,0.6584873938497063,0.024564194667930115,0.1883812622838587,10,10,1,1223,0.5928946350181047,0.24173966725305462,18.15769606946856,0.7175665903696178,PRUNED
563,0.13471056519712324,2026-02-26 15:04:56.850966,2026-02-26 15:05:13.881933,0 days 00:00:17.030967,0.6795544969452303,0.0197280924750543,0.19896828651916507,10,10,2,1064,0.006998883688237177,0.016337207482814406,12.000544698364013,0.7384412187700286,PRUNED
564,0.28013778871949035,2026-02-26 15:05:13.934885,2026-02-26 15:05:36.326631,0 days 00:00:22.391746,0.6938073729162424,0.027391591956105302,0.18938038489853615,10,10,1,747,0.052980167437361926,0.04953761786711093,12.769930005742715,0.7469287819916028,COMPLETE
565,0.27965021255094624,2026-02-26 15:05:36.361237,2026-02-26 15:05:53.339206,0 days 00:00:16.977969,0.6658298674746129,0.022265801113918286,0.18775936856367087,10,10,1,610,0.04235045741464347,0.05843854091378886,12.414545735987272,0.7275376208520679,COMPLETE
566,0.14646968292680948,2026-02-26 15:05:53.373837,2026-02-26 15:06:11.015668,0 days 00:00:17.641831,0.7669125816263226,0.01002856334554538,0.19439754698164002,10,10,1,825,0.03202141357446247,0.13082657533319123,12.706637389549236,0.7401804812932175,PRUNED
567,0.14212325991533103,2026-02-26 15:06:11.044549,2026-02-26 15:06:28.836505,0 days 00:00:17.791956,0.6854858061283928,0.033247866331474675,0.1990777326573407,10,10,2,972,0.057394340990208584,5.536349477343976,13.662037393601402,0.752349354880078,PRUNED
568,0.2833383195089417,2026-02-26 15:06:28.875908,2026-02-26 15:06:52.954612,0 days 00:00:24.078704,0.624927247634851,0.007521374966911392,0.18621897090221728,1,10,1,818,0.02428870204239614,0.007639379362650006,12.458357068776394,0.7557224288859985,COMPLETE
569,0.13888235186620948,2026-02-26 15:06:52.988282,2026-02-26 15:07:15.187001,0 days 00:00:22.198719,0.7957547786351903,0.0123934015648346,0.19263687507918661,10,10,2,645,0.06243068705661485,2.095341639243574,12.407154608964655,0.7225216013939046,PRUNED
570,0.15700792676996753,2026-02-26 15:07:15.218321,2026-02-26 15:07:36.504891,0 days 00:00:21.286570,0.6466169763410822,0.02876330554490611,0.19946253226344915,10,10,1,722,0.008471683828199891,1.0350977998228577,38.22585932577526,0.7329382681229887,PRUNED
571,0.284685796653919,2026-02-26 15:07:36.533697,2026-02-26 15:07:58.189132,0 days 00:00:21.655435,0.6989306066127872,0.02175930279785175,0.18427831558849123,6,10,1,792,0.04744450299796484,1.2159700374728213,13.219655034154684,0.7451001316319729,COMPLETE
572,0.1313336385880715,2026-02-26 15:07:58.223956,2026-02-26 15:08:20.475429,0 days 00:00:22.251473,0.6730517620931246,0.01591068218096851,0.19970275543112864,10,10,1,763,0.0380723238683167,1.8235352024200457,12.3846015214419,0.7583559659829296,PRUNED
573,0.13315910781829668,2026-02-26 15:08:20.512319,2026-02-26 15:08:37.758217,0 days 00:00:17.245898,0.6892103359383166,0.02626724790848691,0.18897701243614906,10,10,2,854,0.01542412322516974,0.9615716493606471,12.882597809335289,0.8807728766687752,PRUNED
574,0.13195353112766217,2026-02-26 15:08:37.798150,2026-02-26 15:09:19.398385,0 days 00:00:41.600235,0.6585426787982201,0.01937836812743488,0.07581019025906124,10,10,1,776,5.37589661028202,0.07101635725217079,12.403060803284003,0.8332043319843522,PRUNED
575,0.13200828734533956,2026-02-26 15:09:19.429524,2026-02-26 15:09:42.774878,0 days 00:00:23.345354,0.7102759183391884,0.006687725824503515,0.18171168103045757,10,10,1,1138,0.02956871057534668,1.494481432858473,13.929634962952512,0.7136472556719394,PRUNED
576,0.27087044309547414,2026-02-26 15:09:42.803489,2026-02-26 15:10:01.109894,0 days 00:00:18.306405,0.6996118216804207,0.013974684437574918,0.19241712210723816,10,10,1,1303,0.06121252624670928,1.1969921281909872,12.01997957291519,0.7432549178631793,COMPLETE
577,0.272921440924632,2026-02-26 15:10:01.142121,2026-02-26 15:10:18.871410,0 days 00:00:17.729289,0.7035095197633372,0.011198637180177962,0.1824382760104508,9,10,1,1401,0.056639362885679674,2.2453226577212724,12.01416621701674,0.7529953243404482,COMPLETE
578,0.1327362897204839,2026-02-26 15:10:18.909724,2026-02-26 15:10:42.574274,0 days 00:00:23.664550,0.703395813718792,0.009840569623103026,0.17936863494075148,10,10,1,1369,0.29257266785444197,2.4834484565050636,12.870494807296637,0.7466573811630426,PRUNED
579,0.13701835942708576,2026-02-26 15:10:42.606533,2026-02-26 15:11:16.553240,0 days 00:00:33.946707,0.7187119578180852,0.009526156489602845,0.18220815073912164,10,10,6,1388,0.07073801647263604,3.0946099705447763,12.03415186586142,0.7545412164374092,PRUNED
580,0.14611807997424558,2026-02-26 15:11:16.587417,2026-02-26 15:11:42.662450,0 days 00:00:26.075033,0.7068781837744196,0.008718454721297078,0.18482470748976731,9,10,2,1044,0.05067304440702353,2.2977788938307446,21.683094924589895,0.7475491717706643,PRUNED
581,0.1354383152904153,2026-02-26 15:11:42.695906,2026-02-26 15:12:00.728100,0 days 00:00:18.032194,0.723671726585364,0.011821448133614696,0.175994196495762,10,10,1,1281,0.06329327189384362,2.29905994382265,12.40172418755603,0.8161164038979913,PRUNED
582,0.29136746899850885,2026-02-26 15:12:00.778854,2026-02-26 15:13:10.906867,0 days 00:01:10.128013,0.7021278886713738,0.23709166176909147,0.042692283441887344,10,10,1,1211,0.04684713213112823,1.9145441384250075,12.005524837027963,0.7409498549534677,COMPLETE
583,0.1445349444625141,2026-02-26 15:13:10.939238,2026-02-26 15:13:34.458186,0 days 00:00:23.518948,0.7328064059433977,0.012334846980581193,0.18767858547788505,9,10,2,1559,0.05775370143541899,1.7861115810413093,12.00710682659356,0.750304677502731,PRUNED
584,0.1356661940524087,2026-02-26 15:13:34.494588,2026-02-26 15:13:58.752068,0 days 00:00:24.257480,0.7171902786418424,0.011629971922078193,0.17861285973216595,4,10,1,1339,0.07045232499411098,2.6042719850846088,34.14059905572286,0.7569177495066033,PRUNED
585,0.27319555714143207,2026-02-26 15:13:58.786018,2026-02-26 15:14:23.483354,0 days 00:00:24.697336,0.6959242204107372,0.010540358580259226,0.17053755449322539,9,10,1,1426,0.003507312000950061,2.0698479371226433,12.00713919163295,0.7304228422645196,COMPLETE
586,0.2848697065464534,2026-02-26 15:14:23.514769,2026-02-26 15:14:44.223383,0 days 00:00:20.708614,0.7087090929601703,0.010257938576376335,0.15811319047741818,9,10,1,1131,0.003403311050761828,2.0620626150171666,12.95146550205292,0.7417451119096532,COMPLETE
587,0.14867212312029998,2026-02-26 15:14:44.257473,2026-02-26 15:15:10.497977,0 days 00:00:26.240504,0.6958514025573763,0.008018231214481185,0.16670937166640631,9,10,1,1653,0.07303256316561743,0.009817092500525466,25.288516465688627,0.7540452792587263,PRUNED
