number,value,datetime_start,datetime_complete,duration,params_colsample_bynode,params_colsample_bytree,params_gamma,params_learning_rate,params_max_delta_step,params_max_depth,params_min_child_weight,params_n_estimators,params_reg_alpha,params_reg_lambda,params_subsample,state
0,1.4504644017158648,2026-02-26 10:30:16.670564,2026-02-26 10:30:17.310731,0 days 00:00:00.640167,0.5102922471479012,0.49359671220172163,0.0016574814321404089,0.22073847501468546,7,8,8,2622,2.9154431891537547,0.2537815508265665,0.6624074561769746,COMPLETE
1,1.4718847349942963,2026-02-26 10:30:17.359456,2026-02-26 10:30:17.781425,0 days 00:00:00.421969,0.569746930326021,0.5825453457757226,0.09607472904504577,0.16373618362840212,6,4,3,5838,0.05342937261279776,0.014618962793704957,0.6733618039413735,COMPLETE
2,1.5099425706317642,2026-02-26 10:30:17.809737,2026-02-26 10:30:18.432403,0 days 00:00:00.622666,0.5325257964926398,0.708540663048167,0.1730740052206907,0.05045404264694894,1,6,10,2177,0.0015339162591163618,0.26926469100861794,0.6798695128633439,COMPLETE
3,1.424556257755368,2026-02-26 10:30:18.459822,2026-02-26 10:30:19.378456,0 days 00:00:00.918634,0.954660201039391,0.8105398159072941,0.046021703974597504,0.2292141591553546,0,9,4,5724,0.003077180271250686,0.09565499215943825,0.6390688456025535,COMPLETE
4,1.4915212722943374,2026-02-26 10:30:19.428444,2026-02-26 10:30:19.827889,0 days 00:00:00.399445,0.7989499894055425,0.5109126733153162,4.605082062688904,0.10660002909195823,9,5,7,1997,1.2604664585649468,5.727904470799623,0.8186841117373118,COMPLETE
5,1.530554133557993,2026-02-26 10:30:19.854935,2026-02-26 10:30:20.619812,0 days 00:00:00.764877,0.7713480415791243,0.6332063738136893,0.010597359897577168,0.025009114059038544,3,4,1,5579,2.0651425578959257,0.026730883107816707,0.7301321323053057,COMPLETE
6,1.4724597025648476,2026-02-26 10:30:20.648015,2026-02-26 10:30:21.080555,0 days 00:00:00.432540,0.8856351733429728,0.5192294089205034,0.00104921234952132,0.1516938228816794,8,3,12,1361,1.8274508859816028,0.6720930050156113,0.908897907718663,COMPLETE
7,1.512329884939091,2026-02-26 10:30:21.107882,2026-02-26 10:30:21.605379,0 days 00:00:00.497497,0.8187787356776066,0.5985388149115896,0.0017383333435904498,0.04945778276026482,8,3,11,999,0.017535949529764425,0.01998634077852888,0.8493192507310232,COMPLETE
8,1.5166261211441865,2026-02-26 10:30:21.632542,2026-02-26 10:30:22.074311,0 days 00:00:00.441769,0.5127095633720475,0.7367663185416977,0.8181456298845706,0.06591849379162813,4,3,9,5391,0.09444574254983566,0.12329098365270515,0.9043140194467589,COMPLETE
9,1.5347104975962007,2026-02-26 10:30:22.102445,2026-02-26 10:30:23.561493,0 days 00:00:01.459048,0.5384899549143964,0.9445398843556558,0.00874709306557587,0.02165234728301358,2,8,4,1182,0.04380580767905655,1.0524574681335637,0.8034282764658811,COMPLETE
10,1.474840361909794,2026-02-26 10:30:23.589484,2026-02-26 10:30:24.749388,0 days 00:00:01.159904,0.9961645382030901,0.8727055573922242,0.023178822574896823,0.11191547212190461,0,10,5,4151,0.0011082662189295662,0.002442728047335309,0.6058694368028292,COMPLETE
11,1.4487724080321205,2026-02-26 10:30:24.776658,2026-02-26 10:30:25.304876,0 days 00:00:00.528218,0.6608835888001323,0.40688387123157765,0.0038886972837983385,0.2331612163593209,6,9,7,3616,0.3923317253983244,3.2019557753781323,0.6058494238249794,COMPLETE
12,1.4514997432106518,2026-02-26 10:30:25.331985,2026-02-26 10:30:25.868236,0 days 00:00:00.536251,0.6623109940799718,0.4109879894174396,0.03962286020471568,0.22296988125041078,5,10,6,3930,0.43996983454557703,9.941450502972586,0.6012833640851888,COMPLETE
13,1.4111112677552213,2026-02-26 10:30:25.895308,2026-02-26 10:30:26.495844,0 days 00:00:00.600536,0.6852173781514894,0.8068343901937017,0.389548304435648,0.24830862266081682,5,8,2,4629,0.008138797193848312,2.950153473585313,0.9861351784261821,COMPLETE
14,1.4647443925599632,2026-02-26 10:30:26.543079,2026-02-26 10:30:27.456747,0 days 00:00:00.913668,0.9897970344339229,0.8166201542486172,0.3838755285125211,0.13574788544155358,10,7,1,4602,0.005200241533691493,1.5346439219996872,0.9750244637464092,COMPLETE
15,1.3554715793995238,2026-02-26 10:30:27.486002,2026-02-26 10:30:27.889976,0 days 00:00:00.403974,0.6819045430610241,0.7992586345992553,1.256257266939165,0.2449033854892936,0,8,3,4803,0.00585623299739553,0.05444235109506556,0.7471035706853821,PRUNED
16,1.37523058448637,2026-02-26 10:30:27.924399,2026-02-26 10:30:29.312886,0 days 00:00:01.388487,0.9095336881172503,0.9967843558615458,0.18933617741905154,0.0921483634794451,3,9,2,4992,0.007272615664828961,0.00541030094608756,0.9990821294012937,PRUNED
17,1.311473985742235,2026-02-26 10:30:29.337203,2026-02-26 10:30:29.708349,0 days 00:00:00.371146,0.7203975139424706,0.8676569213870072,2.103231277919205,0.17537691585948356,2,7,5,3149,9.22802547085717,0.29934769830217006,0.9189991401785472,PRUNED
18,1.316711817343827,2026-02-26 10:30:29.733172,2026-02-26 10:30:30.628636,0 days 00:00:00.895464,0.6056838903648984,0.7635307961687846,0.04337993957618944,0.082616540021539,4,9,3,5990,0.01741723707487805,0.05020357017117321,0.743367171576041,PRUNED
19,1.2826595483017924,2026-02-26 10:30:30.658572,2026-02-26 10:30:31.530089,0 days 00:00:00.871517,0.8666308315717826,0.6561447892754574,0.38220421249228115,0.03021345694294405,1,6,5,4347,0.0026465747469632214,2.3084513669689963,0.867324066366202,PRUNED
20,1.4059187739783234,2026-02-26 10:30:31.553886,2026-02-26 10:30:32.857654,0 days 00:00:01.303768,0.9453861731338347,0.9093978833523597,0.0852525071220933,0.17968304219145542,6,10,2,5156,0.017835202159982307,0.006584096875390881,0.9530035525559158,PRUNED
21,1.2973471743205656,2026-02-26 10:30:32.899328,2026-02-26 10:30:33.485317,0 days 00:00:00.585989,0.6339351509558141,0.8200653814084076,0.005548567661161322,0.249304272719658,6,9,7,3617,0.35482992172539135,3.55300680006998,0.6382406434173492,PRUNED
22,1.4752621412439826,2026-02-26 10:30:33.512231,2026-02-26 10:30:34.190147,0 days 00:00:00.677916,0.7208889696810122,0.42349034083321246,0.003907035323986749,0.13435048371575364,5,9,6,3521,0.43811211521475035,0.7263933365825801,0.7007696599630043,COMPLETE
23,1.3789867681055237,2026-02-26 10:30:34.218861,2026-02-26 10:30:34.781295,0 days 00:00:00.562434,0.7001695086539517,0.6726510922828237,0.5028158673430752,0.20163783077066613,7,8,4,2817,0.1844745858293252,0.1322886703717382,0.6315536357344026,PRUNED
24,1.4300426903821664,2026-02-26 10:30:34.808332,2026-02-26 10:30:35.462992,0 days 00:00:00.654660,0.6235622205633345,0.7521060457555294,0.01544129113557836,0.18951697747697188,4,7,8,4425,0.0025803783051645715,3.7198941686836196,0.7737014117604041,COMPLETE
25,1.265045056158576,2026-02-26 10:30:35.493237,2026-02-26 10:30:36.059630,0 days 00:00:00.566393,0.5849723158073615,0.7661981102981441,0.01908345056897743,0.12630752837326412,4,7,9,4406,0.0021978975985776157,0.47457808583286293,0.7869761114504635,PRUNED
26,1.3253773132372613,2026-02-26 10:30:36.085187,2026-02-26 10:30:36.730682,0 days 00:00:00.645495,0.7554378125322863,0.8574452817544924,0.14981530744963015,0.1826437903832286,3,6,2,5284,0.003674628070634474,5.282427095081417,0.7818188261601787,PRUNED
27,1.289044550963479,2026-02-26 10:30:36.754317,2026-02-26 10:30:37.340508,0 days 00:00:00.586191,0.6291430289617619,0.7203102715372958,0.03903753686722125,0.15601547529505347,2,7,4,4727,0.010396844974425194,9.86249395889305,0.8389042065105683,PRUNED
28,1.2962990623417299,2026-02-26 10:30:37.364924,2026-02-26 10:30:38.218372,0 days 00:00:00.853448,0.833039676093771,0.7727688827083856,0.020371310587542105,0.05937452194704538,1,8,8,5631,0.0010515605902381823,1.5555387652754873,0.8722849256902541,PRUNED
29,1.2938286158740846,2026-02-26 10:30:38.242565,2026-02-26 10:30:38.903773,0 days 00:00:00.661208,0.7863716560575621,0.9337922853291007,0.05162032954325828,0.20386967031685704,7,8,9,4002,0.034410435136985267,0.07953213985462491,0.7042256138489096,PRUNED
30,1.3257228024234828,2026-02-26 10:30:38.927574,2026-02-26 10:30:39.577930,0 days 00:00:00.650356,0.949505708295669,0.8232590104150003,0.010421167639525896,0.1927798123533577,5,7,8,4852,0.002831185473695894,0.18467261911894137,0.7658781983016548,PRUNED
31,1.434722607340486,2026-02-26 10:30:39.601490,2026-02-26 10:30:40.192417,0 days 00:00:00.590927,0.6784597648255047,0.4702108436067257,0.003925818699534383,0.2469422076405499,6,9,8,3202,0.7401294177445195,3.0096361338449817,0.6458230359485808,COMPLETE
32,1.4380370606984552,2026-02-26 10:30:40.221616,2026-02-26 10:30:40.752984,0 days 00:00:00.531368,0.7324846575587126,0.46065502617682524,0.0023169436095525314,0.24956398793111212,5,9,10,2982,4.935066335447134,1.9060406253699949,0.6507090183735171,COMPLETE
33,1.2900327412943495,2026-02-26 10:30:40.781279,2026-02-26 10:30:41.357411,0 days 00:00:00.576132,0.6294032759171017,0.5648779131652664,0.014713870511565466,0.15543697644606225,8,10,8,2551,0.010879230654381879,0.3694810344223633,0.6737777300850628,PRUNED
34,1.2788090198187176,2026-02-26 10:30:41.388868,2026-02-26 10:30:41.818339,0 days 00:00:00.429471,0.559057300200795,0.6948796504220902,0.005703001684298562,0.20694473080733236,6,5,6,2406,0.7648226846537608,0.9977832459820094,0.7070063916051883,PRUNED
35,1.2585335028021025,2026-02-26 10:30:41.859767,2026-02-26 10:30:42.798823,0 days 00:00:00.939056,0.6918863347442601,0.7335172607789177,0.13114941453587872,0.036876448829210706,4,8,10,1707,0.0017038504442763891,4.560291621478695,0.6897551936745813,PRUNED
36,1.3240148338663449,2026-02-26 10:30:42.823982,2026-02-26 10:30:43.433509,0 days 00:00:00.609527,0.606433176105078,0.6066475921943538,0.22399992126854004,0.21317787378668845,7,9,1,5714,0.14398056247934338,6.7731570632387035,0.6568096477208566,PRUNED
37,1.2972185882064706,2026-02-26 10:30:43.460766,2026-02-26 10:30:43.789709,0 days 00:00:00.328943,0.6668881295435852,0.7821504349984598,5.709828547620313,0.1620414513718229,9,5,7,3338,0.004340353727436267,2.8985233057281805,0.7177957736028768,PRUNED
38,1.2723180878779177,2026-02-26 10:30:43.816376,2026-02-26 10:30:44.406238,0 days 00:00:00.589862,0.7503800898830996,0.8417503625739059,0.057423482133281335,0.10609813583730594,3,6,12,3780,0.023933288416170723,0.0338612441250434,0.6349446502363327,PRUNED
39,1.2671508169221903,2026-02-26 10:30:44.430264,2026-02-26 10:30:45.034132,0 days 00:00:00.603868,0.8162856286978646,0.5286022674032342,0.0011249507534995744,0.14396733210518037,6,8,9,4214,0.07214439423427575,0.23678071607911666,0.8101534076146533,PRUNED
40,1.3829612922454015,2026-02-26 10:30:45.058909,2026-02-26 10:30:45.917618,0 days 00:00:00.858709,0.5933906579474496,0.8922097349826245,0.030760562977530662,0.17176766422574674,4,10,3,656,0.009161649752229125,0.013155978354524178,0.8322518033879251,PRUNED
41,1.4365581999661436,2026-02-26 10:30:45.939719,2026-02-26 10:30:46.421200,0 days 00:00:00.481481,0.7176376251831728,0.4346273480765725,0.002194140256500076,0.24870102346196865,5,9,11,2949,5.157299228210223,1.8700048361552566,0.6473898673451278,COMPLETE
42,1.4473222382809305,2026-02-26 10:30:46.450152,2026-02-26 10:30:46.950867,0 days 00:00:00.500715,0.6467862448470988,0.46679668166565513,0.0025233991924397915,0.22073619154680646,5,9,11,1976,4.591618287042977,1.1452043430832783,0.675340847804414,COMPLETE
43,1.4488504188803608,2026-02-26 10:30:46.977657,2026-02-26 10:30:47.526694,0 days 00:00:00.549037,0.7070066577053904,0.5491056822986606,0.0064687325232452965,0.19265715522245763,5,8,11,2854,1.0570157500329909,0.5611729461677453,0.6312863606679596,COMPLETE
44,1.274051773134251,2026-02-26 10:30:47.555938,2026-02-26 10:30:48.157750,0 days 00:00:00.601812,0.7828288824025794,0.4873315908024605,0.0014687301581267683,0.22491375045790543,8,9,4,3345,2.1622128936249,7.064393239651715,0.6594054432656586,PRUNED
45,1.2639867952343773,2026-02-26 10:30:48.182322,2026-02-26 10:30:48.616780,0 days 00:00:00.434458,0.6717341655783762,0.4479668188046604,0.0028042716813371747,0.24933224812693122,6,10,11,5497,9.439531292584244,3.926130495109713,0.9317874729767939,PRUNED
46,1.2771503585062889,2026-02-26 10:30:48.642039,2026-02-26 10:30:49.121282,0 days 00:00:00.479243,0.5649605632256954,0.74832915166367,0.014845137886046193,0.22026490922645567,0,8,7,2442,3.592996400176789,2.2698335587463294,0.7310866533364405,PRUNED
47,1.2658230997259923,2026-02-26 10:30:49.144834,2026-02-26 10:30:49.697229,0 days 00:00:00.552395,0.761982673009093,0.625743854716112,0.008250489684828301,0.12143838382785167,3,7,10,5129,0.001474738404850673,0.837022464396942,0.6112973452626226,PRUNED
48,1.3439786287800777,2026-02-26 10:30:49.720735,2026-02-26 10:30:50.075020,0 days 00:00:00.354285,0.735108529470057,0.704938468543174,2.572214566096164,0.18837713515420698,7,9,2,3122,0.2147107601226063,1.4073960883179764,0.8799440277197816,PRUNED
49,1.4652071681413297,2026-02-26 10:30:50.099980,2026-02-26 10:30:50.551341,0 days 00:00:00.451361,0.5084416146429471,0.4998038672604251,0.003922079566234863,0.16816686086575158,4,4,5,4508,1.4268278520262836,0.0015323092480055778,0.6172939029239481,COMPLETE
50,1.2467532235110257,2026-02-26 10:30:50.578684,2026-02-26 10:30:51.323998,0 days 00:00:00.745314,0.855384839818619,0.4340404532159588,0.06740543248269312,0.04671377959627994,9,10,9,2109,0.0037203284763789642,2.630821249174383,0.6879246755780514,PRUNED
51,1.4400342442251444,2026-02-26 10:30:51.348507,2026-02-26 10:30:51.878666,0 days 00:00:00.530159,0.7308111072330226,0.45788052679844715,0.0017512636529786634,0.24594231484350865,5,9,10,3041,5.2820192277077345,1.9490971761863223,0.6496885926560036,COMPLETE
52,1.4460579428026983,2026-02-26 10:30:51.907664,2026-02-26 10:30:52.403368,0 days 00:00:00.495704,0.6811074962337395,0.47921266107921384,0.0023454331028573455,0.22718577656982344,5,9,12,2855,2.755812746974285,4.898934997467605,0.6523007187144775,COMPLETE
53,1.2660546919509608,2026-02-26 10:30:52.430356,2026-02-26 10:30:52.979996,0 days 00:00:00.549640,0.6493143623494342,0.7950851322305833,0.001017067127799443,0.22986138480722698,4,8,8,3699,0.7265384804221641,1.6114340814764885,0.6183226280929138,PRUNED
54,1.4525885535160614,2026-02-26 10:30:53.003716,2026-02-26 10:30:53.494701,0 days 00:00:00.490985,0.7051181676734298,0.5117912139223142,0.004462861392574662,0.21374613632822717,6,9,10,3427,7.618576098960526,2.9920556773351974,0.6427832609763536,COMPLETE
55,1.282910941671129,2026-02-26 10:30:53.523055,2026-02-26 10:30:53.917765,0 days 00:00:00.394710,0.74156838356632,0.41129268891879023,0.10025332664602403,0.24917259916766793,5,9,8,4007,4.775413622344384,0.08738464546201251,0.6686647979165261,PRUNED
56,1.4651692760113675,2026-02-26 10:30:53.943313,2026-02-26 10:30:54.499983,0 days 00:00:00.556670,0.7188994903496446,0.44619212120934304,0.002985241348413189,0.19850324540382408,6,10,11,2748,6.0423693604149875,9.945885370569876,0.9896482441455315,COMPLETE
57,1.2507402157362821,2026-02-26 10:30:54.529089,2026-02-26 10:30:55.171256,0 days 00:00:00.642167,0.6162393673387195,0.5328992613633361,0.0018270681321664534,0.1446585219299879,3,8,1,3114,2.4234971880490512,0.47314798568234795,0.7462459102946987,PRUNED
58,1.2858070782496573,2026-02-26 10:30:55.196053,2026-02-26 10:30:55.724200,0 days 00:00:00.528147,0.6866206527633943,0.6788232629752643,0.7957789033889855,0.07653520271114118,2,7,6,5917,0.005926943066255081,7.053485158079359,0.6275909603986098,PRUNED
59,1.241102661101575,2026-02-26 10:30:55.749537,2026-02-26 10:30:56.315344,0 days 00:00:00.565807,0.6527644903377237,0.8374118129457617,0.256497640457902,0.177446616679793,0,9,10,3892,1.6488276384994092,0.16687981202245605,0.6007095009256744,PRUNED
60,1.2462113530456957,2026-02-26 10:30:56.340295,2026-02-26 10:30:56.920914,0 days 00:00:00.580619,0.8013789748089334,0.40103694605926027,0.014325422942372292,0.09874646797935027,5,8,7,5345,3.58689636742549,1.1888225908613599,0.8956200545444426,PRUNED
61,1.446792183434157,2026-02-26 10:30:56.945811,2026-02-26 10:30:57.437786,0 days 00:00:00.491975,0.7351847439576674,0.46552239664053957,0.0016206507825591776,0.23816737788988657,5,9,10,2985,6.335031321785844,2.0107471659080622,0.6469405585836563,COMPLETE
62,1.4420791568748077,2026-02-26 10:30:57.464798,2026-02-26 10:30:57.963031,0 days 00:00:00.498233,0.7216457335334429,0.4442395540843936,0.002202055311385926,0.24601526202710952,4,9,11,3234,3.6612681568881618,1.8792251915926614,0.6702429573303458,COMPLETE
63,1.2596767446876738,2026-02-26 10:30:57.991967,2026-02-26 10:30:58.667469,0 days 00:00:00.675502,0.783115023290262,0.7987732721908002,0.028700787887621218,0.2063956084824284,5,10,9,2647,1.0749794028935655,3.8791577901445136,0.6886729379414913,PRUNED
64,1.4438203378357295,2026-02-26 10:30:58.692909,2026-02-26 10:30:59.302586,0 days 00:00:00.609677,0.7689608928109108,0.4696849514085738,0.007480817219019704,0.19004367239270978,6,9,12,3506,0.0020086839135317253,2.209053955466352,0.9472988755968577,COMPLETE
65,1.275791141493457,2026-02-26 10:30:59.330730,2026-02-26 10:30:59.798263,0 days 00:00:00.467533,0.7013196967740911,0.4206561684092499,0.0033069944894407047,0.22744140420218695,1,8,9,3013,0.2615828431109124,0.04942831999135275,0.7613906461756894,PRUNED
66,1.2852077837331208,2026-02-26 10:30:59.822161,2026-02-26 10:31:00.506550,0 days 00:00:00.684389,0.9142678703177431,0.7513597418704101,0.0012795698136396543,0.2058636085502752,6,9,10,2304,0.0026178239675319903,0.8360179977289386,0.6223771822825752,PRUNED
67,1.2793942946340204,2026-02-26 10:31:00.532231,2026-02-26 10:31:01.249299,0 days 00:00:00.717068,0.9742318880284666,0.5045905101500736,0.0016720855984392168,0.23449754200184522,7,10,4,4194,0.0013337906528331812,3.414477445803609,0.72078675902154,PRUNED
68,1.2559079708035321,2026-02-26 10:31:01.275006,2026-02-26 10:31:01.919322,0 days 00:00:00.644316,0.7179591876807757,0.7254331465726025,0.00495527055264642,0.17998162506087226,4,8,8,4974,0.7796155415805848,5.679688048975603,0.6451675511328173,PRUNED
69,1.5223433361833856,2026-02-26 10:31:01.945780,2026-02-26 10:31:03.136089,0 days 00:00:01.190309,0.5323691182787437,0.5801371053271225,0.010722996033783154,0.02249224585585945,5,9,10,4650,0.10519961150860485,0.3485301535490607,0.6873724599639205,COMPLETE
70,1.2521423848806346,2026-02-26 10:31:03.165301,2026-02-26 10:31:03.613656,0 days 00:00:00.448355,0.6733692804319258,0.4562515256218562,0.002008905613416259,0.16101836469970476,6,7,11,2642,0.007412701808093166,1.3635664276659447,0.6623432744144422,PRUNED
71,1.4442124100437475,2026-02-26 10:31:03.639463,2026-02-26 10:31:04.142931,0 days 00:00:00.503468,0.7377298825768512,0.43670616596021483,0.002019185088831612,0.24951683759938081,4,9,11,3196,4.34350987245995,1.8296322575775943,0.6687161144742741,COMPLETE
72,1.2549602982862575,2026-02-26 10:31:04.171627,2026-02-26 10:31:04.552904,0 days 00:00:00.381277,0.7246840384428215,0.48703676674158064,0.003025249693751993,0.2342782792623905,5,9,12,3229,9.889796910325476,0.6243384433195542,0.6532648159383107,PRUNED
73,1.2425845221489709,2026-02-26 10:31:04.578588,2026-02-26 10:31:05.021543,0 days 00:00:00.442955,0.6945985876555556,0.42835879972579716,0.0012929857219093927,0.21257336469910862,3,10,5,2987,6.615517916410332,2.6581623226974145,0.7905464625061724,PRUNED
74,1.334030787524325,2026-02-26 10:31:05.046693,2026-02-26 10:31:05.841887,0 days 00:00:00.795194,0.7544293194693323,0.7853724429437221,0.0023126284858396187,0.194278729031648,4,9,3,3575,1.8732145206900417,0.912024077273344,0.6984618790178406,PRUNED
75,1.2530244295004707,2026-02-26 10:31:05.867716,2026-02-26 10:31:06.408653,0 days 00:00:00.540937,0.6327936617249674,0.8089390631131551,0.004266182424018665,0.23798714228134588,4,8,11,3329,2.8290584348974885,1.8411301727079226,0.6757145174481305,PRUNED
76,1.3070150786174637,2026-02-26 10:31:06.445243,2026-02-26 10:31:07.085727,0 days 00:00:00.640484,0.6581231510734198,0.8575131780392397,0.006358514915629472,0.21222081778679744,4,9,9,3760,3.3971739977376334,0.1166885740411624,0.8539068458171699,PRUNED
77,1.4440608496141105,2026-02-26 10:31:07.110440,2026-02-26 10:31:07.599006,0 days 00:00:00.488566,0.7135530572505282,0.4574545928291554,0.10740692501893483,0.21950873557342174,5,8,6,2904,5.399717746198599,4.510369802916315,0.6357033456296837,COMPLETE
78,1.3584564950234956,2026-02-26 10:31:07.627739,2026-02-26 10:31:08.282040,0 days 00:00:00.654301,0.8005559285195454,0.8827018254062484,0.02946932524806078,0.2493693071820094,7,6,2,2457,0.012652190355567883,7.613093082043909,0.6125285848005608,PRUNED
79,1.2413015180474423,2026-02-26 10:31:08.305111,2026-02-26 10:31:09.013986,0 days 00:00:00.708875,0.6831539225797403,0.5318779249439938,0.0034016315533471385,0.05797787723520321,6,10,12,4358,0.032966339527776584,0.059794294508398085,0.7154660850217611,PRUNED
80,1.2387183843081795,2026-02-26 10:31:09.040936,2026-02-26 10:31:09.517684,0 days 00:00:00.476748,0.7705871440891271,0.4426239655716996,0.01048620099201952,0.19801123386688804,2,8,11,5758,7.486696860280341,3.2783045640885238,0.8270092816870854,PRUNED
81,1.2884059321499024,2026-02-26 10:31:09.543929,2026-02-26 10:31:10.109728,0 days 00:00:00.565799,0.8963567257753098,0.4720555550566114,0.007363106190199514,0.18951966004854795,6,9,12,3542,0.0024542611652406568,2.319107635395124,0.9430310219168475,PRUNED
82,1.2456882813164967,2026-02-26 10:31:10.137958,2026-02-26 10:31:10.673264,0 days 00:00:00.535306,0.7723765133595734,0.49479856769312797,0.0048939464229265164,0.1729111345648942,5,9,11,3383,0.001998043196013189,1.1842067854834102,0.967789332078157,PRUNED
83,1.2749545084770006,2026-02-26 10:31:10.698167,2026-02-26 10:31:11.196192,0 days 00:00:00.498025,0.727416626155541,0.4748698939402269,0.0025167009475528654,0.23074958389558572,10,9,12,2740,0.003342797208082216,2.108737850340955,0.9674945036487133,PRUNED
