number,value,datetime_start,datetime_complete,duration,params_colsample_bytree,params_gamma,params_learning_rate,params_max_delta_step,params_max_depth,params_min_child_weight,params_n_estimators,params_reg_alpha,params_reg_lambda,params_scale_pos_weight,params_subsample,state
420,0.15186085384027137,2026-02-26 14:06:10.625760,2026-02-26 14:06:25.940403,0 days 00:00:15.314643,0.7443905799631301,0.03827631238386173,0.1999155320812558,9,10,1,1874,0.07637250524899726,0.6996225986646467,12.754347688364163,0.7434711237913926,PRUNED
421,0.2879443486233832,2026-02-26 14:06:25.968553,2026-02-26 14:06:49.118455,0 days 00:00:23.149902,0.7167052158991631,0.05607587767646195,0.18677947677764611,9,10,1,1917,0.05798241688732256,2.3771548146538937,13.549331168769104,0.7672192379444532,COMPLETE
422,0.1481073312465612,2026-02-26 14:06:49.149310,2026-02-26 14:07:06.615268,0 days 00:00:17.465958,0.727810260034934,0.03439907920979602,0.19948195151404358,9,10,9,1961,0.102295439102081,0.4579837808205298,12.015015070782125,0.7560921969640909,PRUNED
423,0.27567807377393955,2026-02-26 14:07:06.642891,2026-02-26 14:07:30.537504,0 days 00:00:23.894613,0.7078714742651592,0.048243840231847614,0.17512207669030777,9,10,1,1889,0.08000099028734216,0.7825512732988282,12.41029882140259,0.7953157866856763,COMPLETE
424,0.2839364466502613,2026-02-26 14:07:30.570663,2026-02-26 14:07:54.621712,0 days 00:00:24.051049,0.7154892761416234,0.045881852586796924,0.1647366633103927,9,10,1,1801,0.12257916169989502,0.5585541079086737,13.070509970413427,0.8011848520118566,COMPLETE
425,0.2794615315770406,2026-02-26 14:07:54.665842,2026-02-26 14:08:13.339206,0 days 00:00:18.673364,0.7082043925855246,0.05541274403179166,0.16959522950331773,8,10,2,1860,0.08326674566242302,0.7018336777419164,12.668765244508432,0.7945128402024729,COMPLETE
426,0.13425136248036576,2026-02-26 14:08:13.370977,2026-02-26 14:08:36.321185,0 days 00:00:22.950208,0.7330622280237492,0.039044975613935724,0.1743552307105729,9,10,1,1889,0.03572178205868216,0.7828704873559774,12.500286155316815,0.7921947958951605,PRUNED
427,0.2943165500119348,2026-02-26 14:08:36.348258,2026-02-26 14:08:58.205751,0 days 00:00:21.857493,0.7109733341809364,0.0325799024871286,0.15940828489138734,9,10,1,1845,0.1551490698682754,0.604718186638674,13.813672548790382,0.843310635238726,COMPLETE
428,0.1324849337418331,2026-02-26 14:08:58.236165,2026-02-26 14:09:16.095559,0 days 00:00:17.859394,0.6960330355189414,0.048517398644388685,0.17601593579235056,9,10,1,1896,0.10145071622144021,0.8241408422795538,12.431623256326278,0.7182227750093899,PRUNED
429,0.13564327680792473,2026-02-26 14:09:16.125816,2026-02-26 14:09:32.878251,0 days 00:00:16.752435,0.7023202758978322,0.04485527020170071,0.18168915844931308,9,10,1,1815,0.01917882880993169,1.1113359734765507,13.261672976518925,0.7790881904724393,PRUNED
430,0.14012518200318894,2026-02-26 14:09:32.906570,2026-02-26 14:09:50.757837,0 days 00:00:17.851267,0.7556037147326891,0.03985989727623599,0.19345336548578682,9,10,2,1924,0.04427121578560296,1.4472978731183699,12.784824256793668,0.8025306071510204,PRUNED
431,0.1378712256679571,2026-02-26 14:09:50.787002,2026-02-26 14:10:09.107211,0 days 00:00:18.320209,0.7269382985204471,0.028595092077498965,0.19987348038484745,9,10,1,1431,0.06232567143069044,0.7999879189939129,12.377312175127175,0.7852616040579762,PRUNED
432,0.1370413622114408,2026-02-26 14:10:09.134537,2026-02-26 14:10:32.087034,0 days 00:00:22.952497,0.7181105665819109,0.024468125612712843,0.166532730055894,9,10,1,1866,0.08118823800064551,0.005246639197664764,13.029530361556613,0.7806955377793293,PRUNED
433,0.28985507576840497,2026-02-26 14:10:32.115784,2026-02-26 14:11:18.993539,0 days 00:00:46.877755,0.7025457244720563,0.03234874404581659,0.04641900786041108,8,10,1,1895,0.09335278954052231,0.16993847576119678,12.018638053152303,0.7885632262713425,COMPLETE
434,0.15468796622173142,2026-02-26 14:11:19.028859,2026-02-26 14:11:31.892297,0 days 00:00:12.863438,0.6889172696846095,7.248171697059441,0.18313726533299765,9,10,1,1934,0.027485113998376436,0.6389415280912512,12.009682744448366,0.7678237171958888,PRUNED
435,0.16330403242820568,2026-02-26 14:11:31.923218,2026-02-26 14:12:00.805244,0 days 00:00:28.882026,0.7397338845555579,0.021916532860967643,0.1890269311799161,9,10,1,1847,0.05148481346247402,0.00241038702154415,51.22293392558524,0.775137856118585,PRUNED
436,0.2773670031613048,2026-02-26 14:12:00.833476,2026-02-26 14:12:23.631976,0 days 00:00:22.798500,0.7101848865912533,0.06651151288059047,0.1743100795541499,9,10,1,1915,0.06710290817838621,1.0919612280500068,12.455974453494457,0.7938494603923649,COMPLETE
437,0.14343052440913392,2026-02-26 14:12:23.662689,2026-02-26 14:12:47.082128,0 days 00:00:23.419439,0.7008352442437924,0.0012517137271541837,0.1934934596448668,9,10,1,1792,0.1271515703175799,0.4593341551313946,12.897928813011127,0.7716893363195831,PRUNED
438,0.13636563486788775,2026-02-26 14:12:47.112066,2026-02-26 14:13:10.104831,0 days 00:00:22.992765,0.7235945537079831,0.02777453075298997,0.1803927320955976,8,10,1,1968,0.19807604608305182,0.9299605700346631,13.495320909820988,0.7353282871490063,PRUNED
439,0.14059534600945153,2026-02-26 14:13:10.144740,2026-02-26 14:13:32.181980,0 days 00:00:22.037240,0.6832447543894978,0.038884342566670074,0.18662509233332863,9,10,2,1890,0.5505105434242017,0.7332584265511142,12.373399701575895,0.7475098993650219,PRUNED
440,0.2819689004088034,2026-02-26 14:13:32.209495,2026-02-26 14:14:02.072171,0 days 00:00:29.862676,0.692257228133872,0.04799119067618871,0.11616401973381221,7,10,1,1936,0.040530194513837485,1.2795418936693668,12.000275595823368,0.9626025872233678,COMPLETE
441,0.1431475685742242,2026-02-26 14:14:02.105116,2026-02-26 14:14:19.767087,0 days 00:00:17.661971,0.7138760099613325,0.019657256812264046,0.19997041346204456,9,10,1,1481,0.2562106969421498,0.8861426723640856,12.775766153987298,0.7615278987884019,PRUNED
442,0.13530765150195312,2026-02-26 14:14:19.796095,2026-02-26 14:14:37.289154,0 days 00:00:17.493059,0.6813800445114938,0.01311396077483047,0.17610801669429027,10,10,2,1744,0.05491475250514429,0.605134983098121,12.44150240701091,0.8036434566194289,PRUNED
443,0.13895551025824054,2026-02-26 14:14:37.317882,2026-02-26 14:15:00.465295,0 days 00:00:23.147413,0.697939655305648,0.01608943326402748,0.1920328824879043,9,10,1,1869,0.07155005994441875,0.9889420956102531,13.235139251968953,0.7820551841954715,PRUNED
444,0.28156960982006146,2026-02-26 14:15:00.497103,2026-02-26 14:15:24.212195,0 days 00:00:23.715092,0.6644390320743658,0.032959290216927783,0.16954199634039607,10,10,1,1830,0.11040879626928449,1.2712045069718159,12.430934955660138,0.7714845813289397,COMPLETE
445,0.14205151059035342,2026-02-26 14:15:24.244519,2026-02-26 14:15:52.684252,0 days 00:00:28.439733,0.7222100720280061,0.024200826787717965,0.18294246669938552,6,10,1,1947,0.03199243962883832,0.7876021714814577,25.8977860037054,0.7575296238280558,PRUNED
446,0.27998848492122075,2026-02-26 14:15:52.713610,2026-02-26 14:16:10.505869,0 days 00:00:17.792259,0.7019942821378369,0.02110870565651967,0.18875965475958967,9,10,1,1971,0.08999920810767453,1.5370250938201304,12.837937288604815,0.7482451320910027,COMPLETE
447,0.13599442697175876,2026-02-26 14:16:10.538634,2026-02-26 14:16:27.838728,0 days 00:00:17.300094,0.7362911527101051,0.02866032931842294,0.1615660313447532,10,10,1,1901,0.15427881155685577,1.0048587737971597,12.388423249092783,0.7656550437849095,PRUNED
448,0.29148991042828826,2026-02-26 14:16:27.868037,2026-02-26 14:17:14.524744,0 days 00:00:46.656707,0.668651672423542,0.0558306689872272,0.05185540532299462,10,10,1,1868,0.060883968223438285,0.49531404781863453,12.01342250477596,0.7876393664904381,COMPLETE
449,0.3154638741447898,2026-02-26 14:17:14.557088,2026-02-26 14:18:28.492085,0 days 00:01:13.934997,0.6920969068407034,0.01257651304768317,0.03390552250732572,9,10,1,2000,0.07844845303877232,0.6965141401377063,13.923853074090532,0.7231482777218944,COMPLETE
450,0.14121860310373655,2026-02-26 14:18:28.524642,2026-02-26 14:18:51.236946,0 days 00:00:22.712304,0.6742175235791303,0.018164333676517923,0.1934445607154202,10,8,1,1916,0.05220350544506319,1.1299709542862892,13.103772239946025,0.7770725725351751,PRUNED
451,0.16856961812849028,2026-02-26 14:18:51.265897,2026-02-26 14:19:15.059380,0 days 00:00:23.793483,0.7089472010865314,0.03522358483413167,0.17937044203183736,10,5,1,1936,9.464615596183855,0.8536435643875415,12.399968702262802,0.7404422051026209,PRUNED
452,0.13593833812491377,2026-02-26 14:19:15.090950,2026-02-26 14:19:33.124161,0 days 00:00:18.033211,0.6564081266778148,0.02385224294701662,0.1854644556990791,7,10,2,1814,0.11048285854838065,0.6196480199007421,12.794729668610474,0.7519343029500197,PRUNED
453,0.14871432274908447,2026-02-26 14:19:33.152893,2026-02-26 14:20:08.988647,0 days 00:00:35.835754,0.6873801520115974,0.016133367836195626,0.19228341888356126,9,10,12,849,0.0869426401108677,0.8234742769787793,16.045099246287652,0.7624802594700032,PRUNED
454,0.2764415108844972,2026-02-26 14:20:09.019731,2026-02-26 14:20:33.515441,0 days 00:00:24.495710,0.7188722419000331,0.008703865135037772,0.17068390266164157,10,10,1,595,0.014718649573441975,1.260143005878335,12.413798221594714,0.7974110204376673,COMPLETE
455,0.1481709306742108,2026-02-26 14:20:33.545724,2026-02-26 14:21:06.502086,0 days 00:00:32.956362,0.7285240965922533,0.004989886629060891,0.17034493479529494,9,6,1,1971,0.02154581840473902,1.9255913348859086,13.526141826812173,0.8055213836018164,PRUNED
456,0.13876088510521248,2026-02-26 14:21:06.530156,2026-02-26 14:21:25.411957,0 days 00:00:18.881801,0.7143565207891297,0.00892375266510945,0.19995020963086657,10,10,1,1947,0.02151693406118668,1.590589813611774,12.797837785803315,0.7871024501985473,PRUNED
457,0.2747663004469486,2026-02-26 14:21:25.439335,2026-02-26 14:21:52.037535,0 days 00:00:26.598200,0.7494192738964279,0.006551101946257533,0.15726537906968985,10,10,2,1017,0.03917614379949485,1.5304358120767796,12.010622850460702,0.8084591047447668,COMPLETE
458,0.14856673960945463,2026-02-26 14:21:52.069548,2026-02-26 14:22:19.180713,0 days 00:00:27.111165,0.7414354113858179,0.005304603713258153,0.15357440530676125,9,10,2,364,0.03735276602084306,2.0081596032443656,44.112744073207246,0.8243653068106465,PRUNED
459,0.27505011072306884,2026-02-26 14:22:19.210593,2026-02-26 14:22:45.627388,0 days 00:00:26.416795,0.7581861488739675,0.006837781476086262,0.15603141311973526,10,10,2,1084,0.030107868532760082,2.3209843866573228,12.005057716618804,0.8289148816742583,COMPLETE
460,0.27670686148788715,2026-02-26 14:22:45.658117,2026-02-26 14:23:11.218637,0 days 00:00:25.560520,0.7523732563587292,0.0074969445240291085,0.14404274611624715,10,10,2,1972,0.03025200684103685,2.370841103121719,12.016491599602787,0.7683630300093828,COMPLETE
461,0.13201000819438174,2026-02-26 14:23:11.253611,2026-02-26 14:23:37.794176,0 days 00:00:26.540565,0.7399351492913308,0.006278978108897302,0.15662695304336977,10,10,2,1140,0.0241280788597498,2.748759915266449,12.0122887585642,0.8214428049326479,PRUNED
462,0.13223089492249876,2026-02-26 14:23:37.823638,2026-02-26 14:24:01.483986,0 days 00:00:23.660348,0.7741936030732517,0.005800943604444276,0.16173456477499634,9,10,1,1063,0.028899271638447396,1.718257235703116,13.123803118814477,0.8327566424608958,PRUNED
463,0.13242226993527326,2026-02-26 14:24:01.511866,2026-02-26 14:24:28.285215,0 days 00:00:26.773349,0.7669207701424702,0.0064917393376414355,0.16649719581811567,10,10,1,997,0.039843914032187615,2.41229119074539,12.48441676889701,0.8114665613323807,PRUNED
464,0.13343485668996616,2026-02-26 14:24:28.314286,2026-02-26 14:24:52.353198,0 days 00:00:24.038912,0.7881593031153954,0.005792976304691322,0.1589351316949921,5,10,1,944,0.040903223795461206,1.7037618613569645,12.765128210224457,0.8393947163020566,PRUNED
465,0.13420440267926312,2026-02-26 14:24:52.382546,2026-02-26 14:25:17.616553,0 days 00:00:25.234007,0.7630678762552129,0.007515285535399432,0.1490982575507186,10,10,2,1071,0.03476205197334928,2.014460859464771,12.004146235731275,0.8483120528503314,PRUNED
466,0.28273871353157165,2026-02-26 14:25:17.645363,2026-02-26 14:25:44.983739,0 days 00:00:27.338376,0.763312966745285,0.004575705384828349,0.1387297629266791,8,10,1,997,0.04660071675421082,2.403642130613958,12.433256004207816,0.8316765727445035,COMPLETE
467,0.13611905855676226,2026-02-26 14:25:45.026876,2026-02-26 14:26:12.288944,0 days 00:00:27.262068,0.7816838247901554,0.010067140834391551,0.13355593967776608,9,10,1,1043,0.028058319044636442,3.4675419495987243,13.324161140460731,0.8133370534185387,PRUNED
468,0.13504776329145324,2026-02-26 14:26:12.318567,2026-02-26 14:26:35.816295,0 days 00:00:23.497728,0.7360997415811663,0.011853191635646554,0.1453116919440092,10,10,1,1011,0.03334263861731617,1.5085620857375335,17.30095777107235,0.8241806800367432,PRUNED
469,0.14186263440024183,2026-02-26 14:26:35.844803,2026-02-26 14:27:02.975226,0 days 00:00:27.130423,0.7488136353954418,0.006694417574470536,0.15030528625196923,9,10,1,1915,0.045157703762673154,1.4198378443619701,12.837625929294505,0.8051723866623084,PRUNED
470,0.27576699412212025,2026-02-26 14:27:03.008029,2026-02-26 14:27:27.688812,0 days 00:00:24.680783,0.7577117251337375,0.00540774944502033,0.16128907460590625,10,10,2,1027,0.06144835082728893,2.1766093508026407,12.005519995317293,0.8229758262854849,COMPLETE
471,0.2803248247492456,2026-02-26 14:27:27.722122,2026-02-26 14:27:53.260822,0 days 00:00:25.538700,0.7735697666489938,0.005077447452429256,0.16566728584150292,10,10,2,2000,0.05657226506551206,2.686946256271503,12.453355227792777,0.8190851308563968,COMPLETE
472,0.28078982595387636,2026-02-26 14:27:53.294704,2026-02-26 14:28:12.279214,0 days 00:00:18.984510,0.7038194047749018,0.00558310631658236,0.1570570288577532,10,10,2,1890,0.04674880956900624,1.9773565491565703,12.454743216769081,0.8295508819296242,COMPLETE
473,0.2878443257602493,2026-02-26 14:28:12.309636,2026-02-26 14:28:38.062584,0 days 00:00:25.752948,0.7573676287451514,0.007742333824358495,0.15867914986637527,10,9,2,956,0.07050732884678466,2.2257784591870986,13.007559730297423,0.8158232484191732,COMPLETE
474,0.27606992897127147,2026-02-26 14:28:38.095200,2026-02-26 14:29:01.689160,0 days 00:00:23.593960,0.7487626011742693,0.004269466593021086,0.15133162555852023,2,10,2,1160,0.025765269135389846,3.479765817260478,12.004159539315424,0.8177851323510527,COMPLETE
475,0.18995035755618495,2026-02-26 14:29:01.722265,2026-02-26 14:29:25.375018,0 days 00:00:23.652753,0.7608017328690992,0.006710815700182774,0.15072606375712677,10,4,2,1118,0.09662686213572451,3.0695462876889237,14.037754958740136,0.8130370466692367,PRUNED
476,0.2829620342493208,2026-02-26 14:29:25.403214,2026-02-26 14:29:51.882941,0 days 00:00:26.479727,0.7813623933295852,0.004741327718919829,0.16077187486900477,10,10,2,1097,0.016580011889431753,1.7300076025462312,12.704253383358157,0.8241558205781662,COMPLETE
477,0.13744452132420906,2026-02-26 14:29:51.920759,2026-02-26 14:30:21.189447,0 days 00:00:29.268688,0.7549530296693127,0.004664559193720717,0.16368677313619728,10,9,2,1034,0.055362790430179214,2.116539963023617,13.549643232662396,0.8045149325156823,PRUNED
478,0.1420717013831508,2026-02-26 14:30:21.219922,2026-02-26 14:30:47.910572,0 days 00:00:26.690650,0.7496970859185627,0.003907597717960536,0.15383670064509777,0,10,1,1026,0.03652640958304494,1.7091801011344316,31.1678095969584,0.8306081038700245,PRUNED
479,0.27490558896796546,2026-02-26 14:30:47.940858,2026-02-26 14:31:13.980640,0 days 00:00:26.039782,0.7329418788396544,0.00570910781220904,0.1997353247770702,10,9,2,1087,0.0761842507955051,1.3390677928710244,12.418027228892914,0.8100998329839868,COMPLETE
480,0.13535731935396586,2026-02-26 14:31:14.014995,2026-02-26 14:31:40.320798,0 days 00:00:26.305803,0.7353935623048872,0.007092026580269214,0.1996920820272164,10,9,1,1193,0.08164927712911316,1.3423430556183031,13.154496347002691,0.855587221381714,PRUNED
481,0.13959286555983894,2026-02-26 14:31:40.356078,2026-02-26 14:32:03.404555,0 days 00:00:23.048477,0.7288837673471756,0.014133127533742395,0.1945111714599433,10,9,1,956,0.13766455141959266,1.3472949219179862,14.519363002587495,0.8086427124179196,PRUNED
482,0.13955952395325924,2026-02-26 14:32:03.434794,2026-02-26 14:32:31.767671,0 days 00:00:28.332877,0.7262705168680929,0.008586249090521192,0.1996575408908899,10,9,1,1088,0.11165984822636395,1.15861283244099,12.481075950778088,0.7999915277194162,PRUNED
483,0.1314708566008534,2026-02-26 14:32:31.797207,2026-02-26 14:33:06.788054,0 days 00:00:34.990847,0.7411601470499978,0.005414678358129958,0.12322655486152401,10,9,1,1132,0.07565353655416004,1.4983656527445826,12.752425384356366,0.796877648784438,PRUNED
484,0.2854467389741185,2026-02-26 14:33:06.817863,2026-02-26 14:33:31.907186,0 days 00:00:25.089323,0.7276750265024309,0.004064537370548898,0.18709708646139595,10,9,1,1077,0.10822367808748562,1.1371082697105905,13.197062601066822,0.809449064360476,COMPLETE
485,0.17486209395732144,2026-02-26 14:33:31.941822,2026-02-26 14:33:57.864334,0 days 00:00:25.922512,0.7168017442538852,0.0061390889268768565,0.192788049266639,10,9,2,1045,0.08912562249099046,1.279581365770667,71.19881187507005,0.7951719289867322,PRUNED
486,0.13302780408201365,2026-02-26 14:33:57.897845,2026-02-26 14:34:15.879125,0 days 00:00:17.981280,0.7082411036906615,0.01049007541755999,0.18742919734387273,10,9,1,1115,0.16094777928332168,1.0753999399302594,12.439455772551977,0.7927681225418924,PRUNED
487,0.14923263747368207,2026-02-26 14:34:15.908955,2026-02-26 14:34:33.202688,0 days 00:00:17.293733,0.74327009332937,2.663577493558571,0.19228419129790877,10,9,7,1079,0.07336698932898328,0.0032100398009905547,12.419246583406386,0.7817771595662659,PRUNED
488,0.13590287591720884,2026-02-26 14:34:33.245398,2026-02-26 14:34:52.509366,0 days 00:00:19.263968,0.6854228496469972,0.020960037618519042,0.19977517976601544,10,9,1,1052,0.04944388123658106,1.4647368283404014,12.004403066575646,0.8018974219384096,PRUNED
489,0.15090981007247667,2026-02-26 14:34:52.542061,2026-02-26 14:35:18.444057,0 days 00:00:25.901996,0.6946626297540005,0.007501311467633798,0.18318985370104826,10,9,10,1110,6.930574648001322,1.0651483351933562,13.592537089967562,0.8417845895847016,PRUNED
490,0.13503639251425126,2026-02-26 14:35:18.473258,2026-02-26 14:35:44.390982,0 days 00:00:25.917724,0.7181435432497169,0.016845105782615215,0.1872649652921526,10,9,1,1169,0.03100024282584632,0.9941283394747428,12.801417678574142,0.9148387998610448,PRUNED
491,0.13686398762333357,2026-02-26 14:35:44.452079,2026-02-26 14:36:02.884377,0 days 00:00:18.432298,0.6991329645675457,0.0037361905379362658,0.19995178967426253,10,9,1,1937,0.404519091561482,1.299783262404648,12.446449150371505,0.7337780023519976,PRUNED
492,0.13231592712314724,2026-02-26 14:36:02.925289,2026-02-26 14:36:24.854612,0 days 00:00:21.929323,0.6799242397927534,0.026520190500919083,0.1772262254910202,8,9,1,991,0.12933441346231966,1.5924754794790843,13.129300473336656,0.7873421055883947,PRUNED
493,0.14564427776724725,2026-02-26 14:36:24.897543,2026-02-26 14:36:48.305348,0 days 00:00:23.407805,0.7289798684720425,0.005636100161831126,0.19314838206613405,10,9,4,1966,0.09422267858252222,0.11243569979732823,12.425969775815163,0.775020845627578,PRUNED
494,0.14091243353457886,2026-02-26 14:36:48.336689,2026-02-26 14:37:11.341090,0 days 00:00:23.004401,0.714388368969011,0.012481626921705085,0.18365676450880714,9,9,2,1901,0.07004336990558932,0.9975196869899497,12.742472452156658,0.7053501572160086,PRUNED
495,0.27702539428473877,2026-02-26 14:37:11.375761,2026-02-26 14:37:29.618273,0 days 00:00:18.242512,0.6964682564628962,0.004512115862201612,0.19261621253610503,10,9,1,475,0.040355974448609985,1.1299432455341054,12.448571204247111,0.8132761149049021,COMPLETE
496,0.1368384549109203,2026-02-26 14:37:29.649094,2026-02-26 14:37:48.391052,0 days 00:00:18.741958,0.7466916637688668,0.008659399745120746,0.1743496713623212,9,10,1,1067,0.061774706509294786,1.849833516776663,13.616540955166629,0.7702899728500443,PRUNED
497,0.2976773842911192,2026-02-26 14:37:48.420282,2026-02-26 14:38:27.040624,0 days 00:00:38.620342,0.6790482391598518,0.02048643622062967,0.09009570622566783,10,9,1,1946,0.18380997797645662,1.2246586538821573,12.981842785670391,0.7421648103924642,COMPLETE
498,0.17076735355634207,2026-02-26 14:38:27.073325,2026-02-26 14:38:55.749894,0 days 00:00:28.676569,0.7316633034840958,0.0253770619234764,0.18681767946640973,10,10,1,1882,0.004743639023343187,0.9385347343618639,57.86723802718929,0.7295786221405272,PRUNED
499,0.13931529166387707,2026-02-26 14:38:55.779041,2026-02-26 14:39:16.748917,0 days 00:00:20.969876,0.706548749510904,0.014983484742449508,0.19407812045304948,9,10,1,1969,0.025122257688567247,0.9062464814107783,12.028501381868924,0.7620755123375516,PRUNED
500,0.13967347032906383,2026-02-26 14:39:16.783480,2026-02-26 14:39:42.639899,0 days 00:00:25.856419,0.7194998807173347,0.017994699776679154,0.1999190277680764,10,9,1,1917,0.01250798020254706,1.4348839323890623,12.337128395876304,0.7803182606582026,PRUNED
501,0.28665683365544065,2026-02-26 14:39:43.260988,2026-02-26 14:40:18.502500,0 days 00:00:35.241512,0.6690139280523643,0.022641808962772483,0.07995163962713038,10,10,2,1873,0.08257228521953239,1.2492358269724952,12.013359697124178,0.7949549282321592,COMPLETE
502,0.147380348594362,2026-02-26 14:40:18.535928,2026-02-26 14:40:36.199120,0 days 00:00:17.663192,0.6876230402315315,0.006116106226362058,0.182934965691271,9,10,2,1145,0.05206611257655675,1.0479785299454587,23.49952996708894,0.7717799246156978,PRUNED
503,0.13423529397850117,2026-02-26 14:40:36.228159,2026-02-26 14:40:57.706130,0 days 00:00:21.477971,0.7063292348035459,0.014510145753929135,0.17614662523406632,10,9,1,1999,0.12094214684968402,0.8785870297821295,12.006863972280364,0.751897135788012,PRUNED
