number,value,datetime_start,datetime_complete,duration,params_colsample_bynode,params_colsample_bytree,params_gamma,params_learning_rate,params_max_delta_step,params_max_depth,params_min_child_weight,params_n_estimators,params_reg_alpha,params_reg_lambda,params_subsample,state
422,1.2357789163038024,2026-02-26 10:34:13.990696,2026-02-26 10:34:14.478286,0 days 00:00:00.487590,0.5887497577210205,0.7533992509005701,0.013199117419507744,0.22721835351453223,8,7,12,1296,0.5137984405847567,8.852089393998849,0.6073485228722839,PRUNED
423,1.2622222976737054,2026-02-26 10:34:14.505945,2026-02-26 10:34:15.071769,0 days 00:00:00.565824,0.6104812340210202,0.8143905135119749,0.01934790537371133,0.2231405876625176,8,8,12,1403,0.6421104974420679,9.201189476853754,0.6159027867554016,PRUNED
424,1.2499147912038668,2026-02-26 10:34:15.099994,2026-02-26 10:34:15.555379,0 days 00:00:00.455385,0.5882469173942141,0.5529912885966777,0.014247611421972664,0.23923813229492272,8,7,12,1579,0.2583068251218932,6.70988607544727,0.9862589206980378,PRUNED
425,1.2710843908446574,2026-02-26 10:34:15.593947,2026-02-26 10:34:16.117696,0 days 00:00:00.523749,0.6308147447391294,0.5183689821206928,0.028586963294561268,0.22132962506080447,7,7,3,1701,0.45069325201481664,5.156192170218878,0.6246805908328428,PRUNED
426,1.245088100631545,2026-02-26 10:34:16.151334,2026-02-26 10:34:16.600510,0 days 00:00:00.449176,0.6011658880387174,0.4829528968626864,0.03971104921863984,0.23774278427483983,8,7,12,1615,0.478123713655263,9.954787033231975,0.7918779867849486,PRUNED
427,1.2594067160666782,2026-02-26 10:34:16.630460,2026-02-26 10:34:17.167027,0 days 00:00:00.536567,0.6249119521429968,0.5380263668958597,0.01998848090248114,0.23031699915189413,8,8,5,1494,0.0029806286719112457,4.732102138806682,0.7842126476050028,PRUNED
428,1.4107541144304596,2026-02-26 10:34:17.201265,2026-02-26 10:34:17.834297,0 days 00:00:00.633032,0.5958548665143979,0.7656699598092636,0.03416699386257854,0.21920807176939242,8,8,11,5998,0.30662847233856094,6.6999543370567,0.9726863923456692,COMPLETE
429,1.2898343201238334,2026-02-26 10:34:17.864494,2026-02-26 10:34:18.374017,0 days 00:00:00.509523,0.5959741760679734,0.759020271631706,0.034736235220836006,0.249886844860658,8,8,11,5793,0.36004614722096334,7.563900621163411,0.9775321816895278,PRUNED
430,1.2650675184370335,2026-02-26 10:34:18.410159,2026-02-26 10:34:19.383627,0 days 00:00:00.973468,0.5895814013551816,0.7688707312156603,0.02543234912545979,0.02538423290086595,8,8,11,5961,0.33325240369523,6.869396253993043,0.9543318055125581,PRUNED
431,1.2565033379970725,2026-02-26 10:34:19.410968,2026-02-26 10:34:20.013957,0 days 00:00:00.602989,0.750015892314801,0.7355379488069305,0.04713725380805069,0.22273601739274068,7,8,11,5996,0.44483787753295545,5.866820273792893,0.8108994436965345,PRUNED
432,1.2464710062963744,2026-02-26 10:34:20.047311,2026-02-26 10:34:20.583847,0 days 00:00:00.536536,0.5859072892115206,0.789283582892566,0.03990168556516609,0.2389798261347574,8,8,11,5894,0.3034225437043156,5.980735421756517,0.9904067816390514,PRUNED
433,1.3311874854507626,2026-02-26 10:34:20.630551,2026-02-26 10:34:21.346845,0 days 00:00:00.716294,0.6082425403242422,0.802136526483726,0.03000811816521156,0.24994391828141022,8,8,3,5746,0.25507726309643747,7.7027973218265675,0.9621457828564712,PRUNED
434,1.2844944109160068,2026-02-26 10:34:21.375036,2026-02-26 10:34:21.921588,0 days 00:00:00.546552,0.5799139407755837,0.7488118664622383,0.022492173063902214,0.23089237386062136,7,8,11,1761,0.40958145889805947,4.849063754675185,0.9704569560110067,PRUNED
435,1.2491672055715526,2026-02-26 10:34:21.951022,2026-02-26 10:34:22.500097,0 days 00:00:00.549075,0.599605175080737,0.7749315217157248,0.034249062172739854,0.21828871576281464,8,7,11,1821,0.5686483756218738,4.184987774540258,0.9561401798863017,PRUNED
436,1.261812100931101,2026-02-26 10:34:22.527937,2026-02-26 10:34:23.170923,0 days 00:00:00.642986,0.8333109315024427,0.7641799285064071,0.014217816924817531,0.23141202060218868,9,8,11,5554,0.39431722683957254,6.583621751383612,0.977118247436722,PRUNED
437,1.2576512491477099,2026-02-26 10:34:23.199191,2026-02-26 10:34:23.675952,0 days 00:00:00.476761,0.5927361315673318,0.4707995382023535,0.01726260315392832,0.21857002336614714,8,7,4,1292,0.49937624659210383,5.00487458071476,0.9817997655375309,PRUNED
438,1.2850389493176226,2026-02-26 10:34:23.709603,2026-02-26 10:34:24.500726,0 days 00:00:00.791123,0.7527200504046402,0.7927519105179145,0.05618611305826169,0.2383198578957705,7,8,2,1409,0.8336692623687914,4.548231537033376,0.9891182543289836,PRUNED
439,1.2573709366674108,2026-02-26 10:34:24.529166,2026-02-26 10:34:25.024358,0 days 00:00:00.495192,0.5778212461735968,0.7316999595015092,0.023688918928618415,0.22022208500951096,10,7,11,1896,0.7415056526017643,5.8698321892390855,0.76041884728913,PRUNED
440,1.2381905705348049,2026-02-26 10:34:25.051714,2026-02-26 10:34:25.492784,0 days 00:00:00.441070,0.5602888939668248,0.4625822095858219,0.001000004589344937,0.2495017541775988,8,8,11,1595,0.002181488546847982,0.07032755845497471,0.8044819815408008,PRUNED
441,1.4234877959141121,2026-02-26 10:34:25.521194,2026-02-26 10:34:26.111132,0 days 00:00:00.589938,0.7650542880402607,0.49852528306143723,0.031146422069570134,0.23051124958129374,4,7,11,5699,0.21720132139749204,8.05341976626411,0.6157943929256501,COMPLETE
442,1.2257798409165057,2026-02-26 10:34:26.142805,2026-02-26 10:34:26.740170,0 days 00:00:00.597365,0.7812662680705994,0.7468832042347047,0.03376419489421789,0.23749091160847607,4,8,11,5713,0.2058307262042897,8.403936048660674,0.6281005236969509,PRUNED
443,1.2789659518373966,2026-02-26 10:34:26.768615,2026-02-26 10:34:27.295569,0 days 00:00:00.526954,0.7486021182451102,0.762110134552753,0.23139664162798848,0.21331789760941197,4,7,11,5842,0.21731336227812773,0.054459772888165815,0.619018914897301,PRUNED
444,1.2805689596959826,2026-02-26 10:34:27.328944,2026-02-26 10:34:27.986364,0 days 00:00:00.657420,0.7603084352217016,0.7818404311790741,0.030658175402379136,0.20307502696354346,4,8,11,5710,0.14794559796551235,9.91919638149887,0.9718182979490684,PRUNED
445,1.2980473118799931,2026-02-26 10:34:28.023432,2026-02-26 10:34:28.680396,0 days 00:00:00.656964,0.7647018429902549,0.8262776199413356,0.026907078861650953,0.14072694111534514,4,7,11,5524,0.24853730482897965,8.320723337075393,0.8147238805701689,PRUNED
446,1.2821071417806968,2026-02-26 10:34:28.710741,2026-02-26 10:34:29.273640,0 days 00:00:00.562899,0.7678518646753809,0.7173036683215633,0.041780923875693696,0.227019755515902,4,7,10,5988,0.26708136777432495,0.08696523885384233,0.9321407317359778,PRUNED
447,1.2539027011566313,2026-02-26 10:34:29.302080,2026-02-26 10:34:29.848103,0 days 00:00:00.546023,0.7898381771326158,0.4540339891399363,0.026765910015571364,0.22004658016968984,4,8,6,5741,0.0012452066923939087,0.016644787086712125,0.7951888936788899,PRUNED
448,1.2234983495328344,2026-02-26 10:34:29.876673,2026-02-26 10:34:30.338491,0 days 00:00:00.461818,0.9604145441632861,0.4878832304693104,0.04054913810428597,0.24984227796500644,5,6,11,5871,0.0019305941308647874,7.189351771866636,0.999721455350835,PRUNED
449,1.2734169161425422,2026-02-26 10:34:30.367579,2026-02-26 10:34:30.900296,0 days 00:00:00.532717,0.7453301975248852,0.46852198493671254,0.03201037373855543,0.2388028764657302,5,8,5,5658,0.19434739201173673,3.6734424064480464,0.6283419283717065,PRUNED
450,1.2924870035847709,2026-02-26 10:34:30.928866,2026-02-26 10:34:31.430684,0 days 00:00:00.501818,0.8997859069694104,0.4455580938510649,0.03562328860536024,0.2075599229947382,5,7,11,5552,0.0016295872892029826,4.270733448104844,0.9195113133799864,PRUNED
451,1.231324364810155,2026-02-26 10:34:31.496191,2026-02-26 10:34:32.076844,0 days 00:00:00.580653,0.7709046333011151,0.7682791870461384,0.02152898464104138,0.2303829581653864,5,7,10,4417,0.32783421477496594,5.707785673736321,0.8106441787018229,PRUNED
452,1.2536026670637896,2026-02-26 10:34:32.493472,2026-02-26 10:34:33.087351,0 days 00:00:00.593879,0.5432386643063124,0.8339134806775638,0.0242706000252388,0.2151360365229741,4,10,11,5824,0.002521377972727182,4.381626700305686,0.6926841156796519,PRUNED
453,1.2239529104561842,2026-02-26 10:34:33.122214,2026-02-26 10:34:33.641776,0 days 00:00:00.519562,0.57213469974255,0.7424692830389675,0.0013422984437033508,0.23754253793754632,10,8,11,3935,0.0013471192905517764,0.09393374183603828,0.6201060068411531,PRUNED
454,1.2554039301120583,2026-02-26 10:34:33.669030,2026-02-26 10:34:34.148768,0 days 00:00:00.479738,0.7384489318994155,0.5098152619020068,0.027939209101253335,0.22500537658802913,5,7,10,5609,0.29879985169451806,7.780123671179018,0.9467837062721883,PRUNED
455,1.452456026092866,2026-02-26 10:34:34.177824,2026-02-26 10:34:34.775659,0 days 00:00:00.597835,0.8164919040284109,0.43606196911212747,0.04623491453183414,0.20599960363601785,4,7,11,2013,0.18145985654448227,3.6510672427887427,0.7360145291512172,COMPLETE
456,1.2731272495791712,2026-02-26 10:34:34.807521,2026-02-26 10:34:35.378484,0 days 00:00:00.570963,0.5239067821782116,0.8004475578043577,0.03699991139401335,0.23949579121670322,5,6,2,4572,0.002095342920592603,5.65468653249668,0.804428511689587,PRUNED
457,1.449260803377084,2026-02-26 10:34:35.406695,2026-02-26 10:34:35.827050,0 days 00:00:00.420355,0.5543111168273293,0.4777603985252639,0.0023940593455789474,0.21924096725984865,9,3,11,2896,0.003670288887367727,0.07117955755341403,0.8193429792666888,COMPLETE
458,1.3405252595368309,2026-02-26 10:34:35.858339,2026-02-26 10:34:36.768477,0 days 00:00:00.910138,0.7610878493939892,0.7811226620565608,0.10260372009918045,0.19896792496871363,5,8,1,1901,0.0011807450724167045,8.035611534095354,0.7855435369546735,PRUNED
459,1.2510141353481616,2026-02-26 10:34:36.796333,2026-02-26 10:34:37.290130,0 days 00:00:00.493797,0.8653048526874086,0.7573507412045235,0.7577235421757001,0.23200071694091862,5,7,11,5404,0.026005941099323734,9.765624214436581,0.6305556556855817,PRUNED
460,1.2487137218737938,2026-02-26 10:34:37.317985,2026-02-26 10:34:37.866875,0 days 00:00:00.548890,0.778990718134997,0.7276120993325967,0.052633874501037674,0.2490869028392658,0,7,10,3004,0.044985149112192695,4.815305775278685,0.7978202553177679,PRUNED
461,1.3466514196314119,2026-02-26 10:34:37.895941,2026-02-26 10:34:38.514023,0 days 00:00:00.618082,0.5782426477502166,0.8127591966363144,0.0015659536779799245,0.21377260953526003,5,8,6,2006,0.0017420878354586675,0.1027969478407313,0.7691300757929147,PRUNED
462,1.2765283655957147,2026-02-26 10:34:38.542908,2026-02-26 10:34:39.156466,0 days 00:00:00.613558,0.5374881947362038,0.49622395105789835,0.08572483449836193,0.06950425954948192,10,7,4,5880,0.0010074346954205913,6.891023083353919,0.8177873359553409,PRUNED
463,1.2322043240926037,2026-02-26 10:34:39.186120,2026-02-26 10:34:39.780204,0 days 00:00:00.594084,0.5677878762220414,0.4205117290667083,0.02029006491704345,0.0509324545631575,5,8,11,2789,0.001468131787598599,0.028740723592182223,0.9032920191718279,PRUNED
464,1.4290703923177641,2026-02-26 10:34:39.807812,2026-02-26 10:34:40.353973,0 days 00:00:00.546161,0.7537208228429256,0.46070882966703447,0.027082262629485748,0.22904719884526353,6,9,12,2509,0.0049355384884816255,0.05713251470624155,0.6128879686373878,COMPLETE
465,1.2551697035462641,2026-02-26 10:34:40.385580,2026-02-26 10:34:40.822541,0 days 00:00:00.436961,0.7577494124636606,0.4605567977039921,0.031953976715070415,0.22825978471353836,6,7,12,2957,0.0039029117347109087,0.08224348414658206,0.7079644270902967,PRUNED
466,1.2323601450138197,2026-02-26 10:34:40.851517,2026-02-26 10:34:41.312746,0 days 00:00:00.461229,0.7684424103425286,0.4547994380774208,0.026746952772717707,0.2410462368485928,6,9,12,2414,0.002930532794223866,0.07222633035309686,0.6002650131794638,PRUNED
467,1.222279230119741,2026-02-26 10:34:41.341979,2026-02-26 10:34:41.840268,0 days 00:00:00.498289,0.7365330341789376,0.4701152457549862,0.02265176026071248,0.21789485214677237,6,10,12,2576,0.004757366389263459,0.04935248953864109,0.6173644622905285,PRUNED
468,1.4286701689631085,2026-02-26 10:34:41.870163,2026-02-26 10:34:42.683209,0 days 00:00:00.813046,0.7464187271230777,0.4883899402899793,0.03790874825486065,0.23989983151950398,6,9,12,2493,0.004180714812954963,0.03664050850192603,0.6139931404306791,COMPLETE
469,1.2230664678095442,2026-02-26 10:34:42.724283,2026-02-26 10:34:43.184256,0 days 00:00:00.459973,0.7579277322709781,0.48251008102330023,0.03988362145159529,0.23920136280325544,6,9,12,2487,0.0049489847954994285,0.02858439249957678,0.6028296310244488,PRUNED
470,1.2256004868941948,2026-02-26 10:34:43.213773,2026-02-26 10:34:43.664302,0 days 00:00:00.450529,0.7541050699792649,0.47517218822750396,0.05025862226687353,0.24862668602559346,6,9,12,2620,0.002945030059755251,0.03678889217448158,0.6103258331937306,PRUNED
471,1.2361952394129216,2026-02-26 10:34:43.695509,2026-02-26 10:34:44.194643,0 days 00:00:00.499134,0.7421585071578038,0.4947097822099081,0.030390104296517385,0.23009542850594486,6,9,12,2257,0.005789111681462815,0.03712146565711108,0.6126832120177578,PRUNED
472,1.266300530684322,2026-02-26 10:34:44.225372,2026-02-26 10:34:44.729292,0 days 00:00:00.503920,0.7947072284268568,0.4829379936033653,0.011132955429901949,0.23994475017518727,7,9,12,2423,0.004248641408999569,0.050862482723552566,0.6174925979713488,PRUNED
473,1.2264548047714832,2026-02-26 10:34:44.759690,2026-02-26 10:34:45.293786,0 days 00:00:00.534096,0.9803026937879554,0.5134613049378969,0.033208372832304954,0.24966264128654383,7,9,12,2538,0.0036555407162397165,0.04582141767330347,0.6252470672674456,PRUNED
474,1.274923878162806,2026-02-26 10:34:45.338022,2026-02-26 10:34:45.831821,0 days 00:00:00.493799,0.746264464123824,0.4966900068438086,0.04495456523278351,0.20273539136520613,4,9,12,2461,0.004929515671054058,0.032916680418322665,0.6079518781321056,PRUNED
475,1.2278287730780082,2026-02-26 10:34:45.861612,2026-02-26 10:34:46.351004,0 days 00:00:00.489392,0.7280368901214661,0.46858384228087063,0.03758121014418275,0.22566537240989304,6,9,12,2628,0.0031817206200798987,0.04041240582443842,0.6205255532686575,PRUNED
476,1.2483333752666619,2026-02-26 10:34:46.378806,2026-02-26 10:34:46.849217,0 days 00:00:00.470411,0.771082591103085,0.48394538484269845,0.06076328605602506,0.21296153353234581,4,9,12,2388,0.004152557225584522,0.05638227237002303,0.6089243414459586,PRUNED
477,1.2651120100736102,2026-02-26 10:34:46.878575,2026-02-26 10:34:47.414291,0 days 00:00:00.535716,0.7829633941261195,0.5027612801736882,0.02739896304919106,0.2303086498745584,9,9,12,2646,0.0034509662082042774,0.0614676180071456,0.6252451194262972,PRUNED
478,1.4262497272995698,2026-02-26 10:34:47.443824,2026-02-26 10:34:47.997110,0 days 00:00:00.553286,0.748901268726983,0.5180791186854595,0.018822194047625345,0.22054580952297623,6,7,12,2733,0.002419599626999761,0.025637054003135578,0.6112297884732467,COMPLETE
479,1.2666725923641926,2026-02-26 10:34:48.029510,2026-02-26 10:34:48.537271,0 days 00:00:00.507761,0.7354750424515127,0.5215209479646659,0.018291529807838335,0.23735207289426363,6,9,12,2727,0.0027655806281844594,0.029167427979908546,0.9685973201399388,PRUNED
480,1.2345893689104614,2026-02-26 10:34:48.565608,2026-02-26 10:34:49.035203,0 days 00:00:00.469595,0.7506382901435881,0.516004894448802,0.019865716116863004,0.2230231380771594,6,7,12,2710,0.007247162092086054,0.021290943976232764,0.6006940429986123,PRUNED
481,1.2400735156062037,2026-02-26 10:34:49.064722,2026-02-26 10:34:49.573885,0 days 00:00:00.509163,0.7453277510022646,0.5041187872036669,0.015437751795360461,0.23937801184087806,10,9,12,2310,0.0023912745083724935,0.03435172564293002,0.611254183302308,PRUNED
482,1.269252831759577,2026-02-26 10:34:49.602814,2026-02-26 10:34:50.070362,0 days 00:00:00.467548,0.7642405044760002,0.5263349631935614,0.024391996561821765,0.2269781704023297,6,7,12,2560,0.00236985713647664,0.04259872344471245,0.6162450742641504,PRUNED
483,1.5169816915055283,2026-02-26 10:34:50.098920,2026-02-26 10:34:51.091534,0 days 00:00:00.992614,0.753158458659592,0.48980100975299923,0.018287272512867297,0.023591585542365682,6,6,12,2734,0.0034150379199042215,0.013528788904308395,0.611788875648468,COMPLETE
484,1.2716120900476546,2026-02-26 10:34:51.123983,2026-02-26 10:34:51.659944,0 days 00:00:00.535961,0.7354587777648894,0.534966317652906,0.02361081431540368,0.19916602206235526,6,9,12,2477,0.004369935959407852,0.015986961346441644,0.9833145567868172,PRUNED
485,1.2226876592901028,2026-02-26 10:34:51.687672,2026-02-26 10:34:52.134079,0 days 00:00:00.446407,0.7243243106357073,0.4567726509178412,0.030499672210634963,0.23943233415677265,7,7,12,2603,0.005399702499834162,0.021860348706886554,0.6320233538330806,PRUNED
486,1.4293980852476127,2026-02-26 10:34:52.163779,2026-02-26 10:34:52.766630,0 days 00:00:00.602851,0.7726309259385186,0.5051490127777245,0.026998772693510042,0.21067094830573385,6,9,12,2900,0.0025327507069068888,0.026486339715843348,0.617615461845339,COMPLETE
487,1.2301924970580582,2026-02-26 10:34:52.800772,2026-02-26 10:34:53.309284,0 days 00:00:00.508512,0.7761726048341928,0.5037500339987935,0.022019661297820778,0.1932141357085986,6,9,12,2865,0.0021422518513455205,0.04652135979742258,0.6184520323420134,PRUNED
488,1.4296017034867874,2026-02-26 10:34:53.337461,2026-02-26 10:34:53.896109,0 days 00:00:00.558648,0.790180827742849,0.5191602147297019,0.019222427336311174,0.19960732388421837,6,7,12,2770,0.0024413046603206016,0.008930371925333159,0.6118052578939226,COMPLETE
489,1.2525447280072883,2026-02-26 10:34:53.927533,2026-02-26 10:34:54.409414,0 days 00:00:00.481881,0.78241586009461,0.5175571554457693,0.352345158882875,0.20665552730144288,6,7,12,2936,0.0025054361405248073,0.009563866522045501,0.6123617315250213,PRUNED
490,1.2641751491864512,2026-02-26 10:34:54.438661,2026-02-26 10:34:54.924713,0 days 00:00:00.486052,0.7778261718782654,0.5316603920071886,0.0011787057536048209,0.2082463277614832,6,7,12,2758,0.0018696390135329501,0.03614457021746902,0.6038224958209172,PRUNED
491,1.235115534849897,2026-02-26 10:34:54.955412,2026-02-26 10:34:55.456854,0 days 00:00:00.501442,0.7618788549737,0.511769952296512,0.019762018432362232,0.2143958305109102,6,9,12,2831,0.003120926260638547,0.05765561561261169,0.6106020734378328,PRUNED
492,1.2446391008624447,2026-02-26 10:34:55.483845,2026-02-26 10:34:56.009502,0 days 00:00:00.525657,0.8029719013933233,0.5222817618708504,0.027246403943737615,0.22077454408866864,6,9,12,2677,0.0037327811911107714,0.002154067441408338,0.6009737983073229,PRUNED
493,1.4246789512468636,2026-02-26 10:34:56.037955,2026-02-26 10:34:56.632640,0 days 00:00:00.594685,0.7907299972277915,0.4958140998238396,0.02709231713978575,0.1980476682473716,6,7,12,2807,0.0021823364212846938,0.025771285057865568,0.6203919325634217,COMPLETE
494,1.2361325299633894,2026-02-26 10:34:56.666028,2026-02-26 10:34:57.163912,0 days 00:00:00.497884,0.7957041836900833,0.5133945451079124,0.025459380969320693,0.1940639026319938,6,7,12,2800,0.0020156290485319047,0.020227068183144806,0.6199008318215061,PRUNED
495,1.4393280065897927,2026-02-26 10:34:57.191729,2026-02-26 10:34:57.737843,0 days 00:00:00.546114,0.7898039292635388,0.4985480831675744,0.02800611416133709,0.19820116925799586,6,7,12,2798,0.002373761912239463,0.004058789266597004,0.6147094346334471,COMPLETE
496,1.2627385281036299,2026-02-26 10:34:57.770119,2026-02-26 10:34:58.236650,0 days 00:00:00.466531,0.80310695306731,0.49088521919111877,0.03406163974679962,0.20167940592997075,6,7,12,2886,0.0016853070144127584,0.021257090867263462,0.6220474313066157,PRUNED
497,1.2385993724669069,2026-02-26 10:34:58.265502,2026-02-26 10:34:58.732508,0 days 00:00:00.467006,0.7737691357167173,0.5072810150723018,0.021753564290813716,0.2090098015418721,6,7,12,3051,0.0020781661650485545,0.02491859969748903,0.6063991442241569,PRUNED
498,1.2282818344858686,2026-02-26 10:34:58.763738,2026-02-26 10:34:59.297723,0 days 00:00:00.533985,0.809596597949768,0.5290407223214809,0.01795222552219677,0.19193491274911662,6,7,12,2683,0.0018639808249548105,0.00746025802585886,0.6148075241206495,PRUNED
499,1.2277008347175795,2026-02-26 10:34:59.327258,2026-02-26 10:34:59.807883,0 days 00:00:00.480625,0.7900550428669436,0.4907643928720159,0.024601233646420664,0.20530363793243703,6,7,12,2852,0.0026048953972785988,0.032970198942361424,0.6248598211479638,PRUNED
500,1.247695052209373,2026-02-26 10:34:59.837557,2026-02-26 10:35:00.352973,0 days 00:00:00.515416,0.8104838358280038,0.5001259477550859,0.02985769260156242,0.2157307811084635,6,7,12,2995,0.0022241759188648025,0.006722262057351112,0.6103682781703613,PRUNED
501,1.244509780715746,2026-02-26 10:35:00.380776,2026-02-26 10:35:00.876120,0 days 00:00:00.495344,0.7846573542068096,0.5090578426970175,0.015878868415471214,0.19308100314454876,6,7,12,2739,0.0015840014925775573,0.025568214971041142,0.6283576969373993,PRUNED
502,1.4298079608489318,2026-02-26 10:35:00.905128,2026-02-26 10:35:01.408745,0 days 00:00:00.503617,0.79341443522281,0.5382287458712628,0.020879435100339648,0.21993205069445784,7,3,12,2517,0.0025677712890363378,0.03092257020457319,0.6192632410448319,COMPLETE
503,1.4296669590863957,2026-02-26 10:35:01.441766,2026-02-26 10:35:02.002224,0 days 00:00:00.560458,0.7663034425176903,0.47926506195816654,0.03512612689817906,0.20565985060130845,6,7,12,2913,0.0015852018722720721,0.016109384449121373,0.6051981580775068,COMPLETE
504,1.2411829142335038,2026-02-26 10:35:02.034172,2026-02-26 10:35:02.510625,0 days 00:00:00.476453,0.757241516542966,0.5187847874601319,0.02715503188601726,0.18394967947744484,6,6,12,2711,0.001827488397063662,0.02323565827008442,0.6294485653359055,PRUNED
505,1.2300600529404417,2026-02-26 10:35:02.545549,2026-02-26 10:35:03.841185,0 days 00:00:01.295636,0.7855011867073127,0.5448732756056625,0.01386946380490552,0.22020089251270195,6,7,12,2566,0.002959151172432341,0.011631903170839696,0.6174877027621661,PRUNED
