number,value,datetime_start,datetime_complete,duration,params_colsample_bytree,params_gamma,params_learning_rate,params_max_depth,params_min_child_weight,params_n_estimators,params_reg_alpha,params_reg_lambda,params_subsample,state
93,0.963152790534279,2026-01-30 15:18:12.644793,2026-01-30 15:18:18.952253,0 days 00:00:06.307460,0.8828122403044083,1.1041208840880912,0.21586443020984541,7,1,2906,8.631044621003069,0.002218135813538004,0.6625075525090056,PRUNED
94,0.9487551167940161,2026-01-30 15:18:18.953705,2026-01-30 15:18:24.161791,0 days 00:00:05.208086,0.9120391837523532,0.6278440553357476,0.24731057807959075,8,1,3045,8.218019364232829,0.005151714298685907,0.5790203674310982,PRUNED
95,0.940486981972024,2026-01-30 15:18:24.163255,2026-01-30 15:18:30.796888,0 days 00:00:06.633633,0.79734179853976,0.23597502633939116,0.19579003183489777,7,1,3813,9.51603609498399,0.023198943469758326,0.6258612765201503,COMPLETE
96,0.948253868649854,2026-01-30 15:18:30.798414,2026-01-30 15:18:38.817407,0 days 00:00:08.018993,0.860145851340316,1.4461351202630564,0.2639739570079844,8,1,2176,9.062396634592055,0.009850255878945387,0.6065467317233106,PRUNED
97,0.9431093341411947,2026-01-30 15:18:38.819020,2026-01-30 15:18:45.935760,0 days 00:00:07.116740,0.7690730475811647,0.886382011741803,0.22410684300475667,7,2,2585,9.742875465605882,0.0012919931101654345,0.6684307518103143,COMPLETE
98,0.9506167519583546,2026-01-30 15:18:45.937332,2026-01-30 15:18:51.857712,0 days 00:00:05.920380,0.8312025884015357,0.4034448389520921,0.2705455387935951,6,1,2372,7.228919700933575,0.0009307563571421969,0.649084019387643,PRUNED
99,0.9659072720381052,2026-01-30 15:18:51.859284,2026-01-30 15:18:58.581361,0 days 00:00:06.722077,0.8122507578500531,0.7536825267072622,0.13737420060189173,7,6,3371,9.34634070902682,0.003385607423904757,0.6799673654066314,PRUNED
